[0.019s] Invoking command in '/home/kargla/robot_movement/build/movement_info_msgs': CMAKE_PREFIX_PATH=${CMAKE_PREFIX_PATH}:/opt/ros/humble /usr/bin/cmake --build /home/kargla/robot_movement/build/movement_info_msgs -- -j12 -l12
[0.086s] [  3%] Built target movement_info_msgs__cpp
[0.091s] [ 12%] Built target movement_info_msgs__rosidl_generator_c
[0.103s] [ 12%] Built target ament_cmake_python_copy_movement_info_msgs
[0.126s] [ 32%] Built target movement_info_msgs__rosidl_typesupport_fastrtps_cpp
[0.128s] [ 32%] Built target movement_info_msgs__rosidl_typesupport_cpp
[0.130s] [ 61%] Built target movement_info_msgs__rosidl_typesupport_introspection_c
[0.131s] [ 61%] Built target movement_info_msgs__rosidl_typesupport_fastrtps_c
[0.131s] [ 61%] Built target movement_info_msgs__rosidl_typesupport_c
[0.132s] [ 70%] Built target movement_info_msgs__rosidl_typesupport_introspection_cpp
[0.164s] [ 70%] Built target movement_info_msgs
[0.197s] [ 74%] Built target movement_info_msgs__py
[0.232s] [ 80%] Built target movement_info_msgs__rosidl_generator_py
[0.264s] [ 93%] Built target movement_info_msgs__rosidl_typesupport_introspection_c__pyext
[0.264s] [ 93%] Built target movement_info_msgs__rosidl_typesupport_fastrtps_c__pyext
[0.265s] [100%] Built target movement_info_msgs__rosidl_typesupport_c__pyext
[0.365s] running egg_info
[0.366s] writing movement_info_msgs.egg-info/PKG-INFO
[0.366s] writing dependency_links to movement_info_msgs.egg-info/dependency_links.txt
[0.367s] writing top-level names to movement_info_msgs.egg-info/top_level.txt
[0.371s] reading manifest file 'movement_info_msgs.egg-info/SOURCES.txt'
[0.372s] writing manifest file 'movement_info_msgs.egg-info/SOURCES.txt'
[0.452s] [100%] Built target ament_cmake_python_build_movement_info_msgs_egg
