[0.096s] DEBUG:colcon:Command line arguments: ['/usr/bin/colcon', 'build']
[0.096s] DEBUG:colcon:Parsed command line arguments: Namespace(log_base=None, log_level=None, verb_name='build', build_base='build', install_base='install', merge_install=False, symlink_install=False, test_result_base=None, continue_on_error=False, executor='parallel', parallel_workers=12, event_handlers=None, ignore_user_meta=False, metas=['./colcon.meta'], base_paths=['.'], packages_ignore=None, packages_ignore_regex=None, paths=None, packages_up_to=None, packages_up_to_regex=None, packages_above=None, packages_above_and_dependencies=None, packages_above_depth=None, packages_select_by_dep=None, packages_skip_by_dep=None, packages_skip_up_to=None, packages_select_build_failed=False, packages_skip_build_finished=False, packages_select_test_failures=False, packages_skip_test_passed=False, packages_select=None, packages_skip=None, packages_select_regex=None, packages_skip_regex=None, packages_start=None, packages_end=None, allow_overriding=[], cmake_args=None, cmake_target=None, cmake_target_skip_unavailable=False, cmake_clean_cache=False, cmake_clean_first=False, cmake_force_configure=False, ament_cmake_args=None, catkin_cmake_args=None, catkin_skip_building_tests=False, mixin_files=None, mixin=None, verb_parser=<colcon_mixin.mixin.mixin_argument.MixinArgumentDecorator object at 0x716500a4a1a0>, verb_extension=<colcon_core.verb.build.BuildVerb object at 0x716500b570a0>, main=<bound method BuildVerb.main of <colcon_core.verb.build.BuildVerb object at 0x716500b570a0>>, mixin_verb=('build',))
[0.245s] Level 1:colcon.colcon_core.package_discovery:discover_packages(colcon_meta) check parameters
[0.245s] Level 1:colcon.colcon_core.package_discovery:discover_packages(recursive) check parameters
[0.245s] Level 1:colcon.colcon_core.package_discovery:discover_packages(ignore) check parameters
[0.245s] Level 1:colcon.colcon_core.package_discovery:discover_packages(path) check parameters
[0.245s] Level 1:colcon.colcon_core.package_discovery:discover_packages(colcon_meta) discover
[0.245s] Level 1:colcon.colcon_core.package_discovery:discover_packages(recursive) discover
[0.245s] INFO:colcon.colcon_core.package_discovery:Crawling recursively for packages in '/home/kargla/robot_movement'
[0.245s] Level 1:colcon.colcon_core.package_identification:_identify(.) by extensions ['ignore', 'ignore_ament_install']
[0.246s] Level 1:colcon.colcon_core.package_identification:_identify(.) by extension 'ignore'
[0.246s] Level 1:colcon.colcon_core.package_identification:_identify(.) by extension 'ignore_ament_install'
[0.246s] Level 1:colcon.colcon_core.package_identification:_identify(.) by extensions ['colcon_pkg']
[0.246s] Level 1:colcon.colcon_core.package_identification:_identify(.) by extension 'colcon_pkg'
[0.246s] Level 1:colcon.colcon_core.package_identification:_identify(.) by extensions ['colcon_meta']
[0.246s] Level 1:colcon.colcon_core.package_identification:_identify(.) by extension 'colcon_meta'
[0.246s] Level 1:colcon.colcon_core.package_identification:_identify(.) by extensions ['ros']
[0.246s] Level 1:colcon.colcon_core.package_identification:_identify(.) by extension 'ros'
[0.256s] Level 1:colcon.colcon_core.package_identification:_identify(.) by extensions ['cmake', 'python']
[0.256s] Level 1:colcon.colcon_core.package_identification:_identify(.) by extension 'cmake'
[0.257s] Level 1:colcon.colcon_core.package_identification:_identify(.) by extension 'python'
[0.257s] Level 1:colcon.colcon_core.package_identification:_identify(.) by extensions ['python_setup_py']
[0.257s] Level 1:colcon.colcon_core.package_identification:_identify(.) by extension 'python_setup_py'
[0.257s] Level 1:colcon.colcon_core.package_identification:_identify(build) by extensions ['ignore', 'ignore_ament_install']
[0.257s] Level 1:colcon.colcon_core.package_identification:_identify(build) by extension 'ignore'
[0.257s] Level 1:colcon.colcon_core.package_identification:_identify(build) ignored
[0.257s] Level 1:colcon.colcon_core.package_identification:_identify(install) by extensions ['ignore', 'ignore_ament_install']
[0.257s] Level 1:colcon.colcon_core.package_identification:_identify(install) by extension 'ignore'
[0.257s] Level 1:colcon.colcon_core.package_identification:_identify(install) ignored
[0.257s] Level 1:colcon.colcon_core.package_identification:_identify(log) by extensions ['ignore', 'ignore_ament_install']
[0.257s] Level 1:colcon.colcon_core.package_identification:_identify(log) by extension 'ignore'
[0.257s] Level 1:colcon.colcon_core.package_identification:_identify(log) ignored
[0.257s] Level 1:colcon.colcon_core.package_identification:_identify(src) by extensions ['ignore', 'ignore_ament_install']
[0.257s] Level 1:colcon.colcon_core.package_identification:_identify(src) by extension 'ignore'
[0.257s] Level 1:colcon.colcon_core.package_identification:_identify(src) by extension 'ignore_ament_install'
[0.257s] Level 1:colcon.colcon_core.package_identification:_identify(src) by extensions ['colcon_pkg']
[0.258s] Level 1:colcon.colcon_core.package_identification:_identify(src) by extension 'colcon_pkg'
[0.258s] Level 1:colcon.colcon_core.package_identification:_identify(src) by extensions ['colcon_meta']
[0.258s] Level 1:colcon.colcon_core.package_identification:_identify(src) by extension 'colcon_meta'
[0.258s] Level 1:colcon.colcon_core.package_identification:_identify(src) by extensions ['ros']
[0.258s] Level 1:colcon.colcon_core.package_identification:_identify(src) by extension 'ros'
[0.258s] Level 1:colcon.colcon_core.package_identification:_identify(src) by extensions ['cmake', 'python']
[0.258s] Level 1:colcon.colcon_core.package_identification:_identify(src) by extension 'cmake'
[0.258s] Level 1:colcon.colcon_core.package_identification:_identify(src) by extension 'python'
[0.258s] Level 1:colcon.colcon_core.package_identification:_identify(src) by extensions ['python_setup_py']
[0.258s] Level 1:colcon.colcon_core.package_identification:_identify(src) by extension 'python_setup_py'
[0.258s] Level 1:colcon.colcon_core.package_identification:_identify(src/movement_info) by extensions ['ignore', 'ignore_ament_install']
[0.258s] Level 1:colcon.colcon_core.package_identification:_identify(src/movement_info) by extension 'ignore'
[0.258s] Level 1:colcon.colcon_core.package_identification:_identify(src/movement_info) by extension 'ignore_ament_install'
[0.258s] Level 1:colcon.colcon_core.package_identification:_identify(src/movement_info) by extensions ['colcon_pkg']
[0.258s] Level 1:colcon.colcon_core.package_identification:_identify(src/movement_info) by extension 'colcon_pkg'
[0.258s] Level 1:colcon.colcon_core.package_identification:_identify(src/movement_info) by extensions ['colcon_meta']
[0.258s] Level 1:colcon.colcon_core.package_identification:_identify(src/movement_info) by extension 'colcon_meta'
[0.258s] Level 1:colcon.colcon_core.package_identification:_identify(src/movement_info) by extensions ['ros']
[0.258s] Level 1:colcon.colcon_core.package_identification:_identify(src/movement_info) by extension 'ros'
[0.261s] DEBUG:colcon.colcon_core.package_identification:Package 'src/movement_info' with type 'ros.ament_cmake' and name 'movement_info'
[0.261s] Level 1:colcon.colcon_core.package_identification:_identify(src/movement_info_msgs) by extensions ['ignore', 'ignore_ament_install']
[0.261s] Level 1:colcon.colcon_core.package_identification:_identify(src/movement_info_msgs) by extension 'ignore'
[0.261s] Level 1:colcon.colcon_core.package_identification:_identify(src/movement_info_msgs) by extension 'ignore_ament_install'
[0.261s] Level 1:colcon.colcon_core.package_identification:_identify(src/movement_info_msgs) by extensions ['colcon_pkg']
[0.261s] Level 1:colcon.colcon_core.package_identification:_identify(src/movement_info_msgs) by extension 'colcon_pkg'
[0.261s] Level 1:colcon.colcon_core.package_identification:_identify(src/movement_info_msgs) by extensions ['colcon_meta']
[0.261s] Level 1:colcon.colcon_core.package_identification:_identify(src/movement_info_msgs) by extension 'colcon_meta'
[0.261s] Level 1:colcon.colcon_core.package_identification:_identify(src/movement_info_msgs) by extensions ['ros']
[0.261s] Level 1:colcon.colcon_core.package_identification:_identify(src/movement_info_msgs) by extension 'ros'
[0.262s] DEBUG:colcon.colcon_core.package_identification:Package 'src/movement_info_msgs' with type 'ros.ament_cmake' and name 'movement_info_msgs'
[0.262s] Level 1:colcon.colcon_core.package_discovery:discover_packages(recursive) using defaults
[0.262s] Level 1:colcon.colcon_core.package_discovery:discover_packages(ignore) discover
[0.262s] Level 1:colcon.colcon_core.package_discovery:discover_packages(ignore) using defaults
[0.262s] Level 1:colcon.colcon_core.package_discovery:discover_packages(path) discover
[0.262s] Level 1:colcon.colcon_core.package_discovery:discover_packages(path) using defaults
[0.281s] Level 1:colcon.colcon_core.package_discovery:discover_packages(prefix_path) check parameters
[0.281s] Level 1:colcon.colcon_core.package_discovery:discover_packages(prefix_path) discover
[0.311s] DEBUG:colcon.colcon_installed_package_information.package_discovery:Found 270 installed packages in /opt/ros/humble
[0.312s] Level 1:colcon.colcon_core.package_discovery:discover_packages(prefix_path) using defaults
[0.343s] Level 5:colcon.colcon_core.verb:set package 'movement_info' build argument 'cmake_args' from command line to 'None'
[0.343s] Level 5:colcon.colcon_core.verb:set package 'movement_info' build argument 'cmake_target' from command line to 'None'
[0.343s] Level 5:colcon.colcon_core.verb:set package 'movement_info' build argument 'cmake_target_skip_unavailable' from command line to 'False'
[0.343s] Level 5:colcon.colcon_core.verb:set package 'movement_info' build argument 'cmake_clean_cache' from command line to 'False'
[0.343s] Level 5:colcon.colcon_core.verb:set package 'movement_info' build argument 'cmake_clean_first' from command line to 'False'
[0.343s] Level 5:colcon.colcon_core.verb:set package 'movement_info' build argument 'cmake_force_configure' from command line to 'False'
[0.343s] Level 5:colcon.colcon_core.verb:set package 'movement_info' build argument 'ament_cmake_args' from command line to 'None'
[0.343s] Level 5:colcon.colcon_core.verb:set package 'movement_info' build argument 'catkin_cmake_args' from command line to 'None'
[0.343s] Level 5:colcon.colcon_core.verb:set package 'movement_info' build argument 'catkin_skip_building_tests' from command line to 'False'
[0.343s] DEBUG:colcon.colcon_core.verb:Building package 'movement_info' with the following arguments: {'ament_cmake_args': None, 'build_base': '/home/kargla/robot_movement/build/movement_info', 'catkin_cmake_args': None, 'catkin_skip_building_tests': False, 'cmake_args': None, 'cmake_clean_cache': False, 'cmake_clean_first': False, 'cmake_force_configure': False, 'cmake_target': None, 'cmake_target_skip_unavailable': False, 'install_base': '/home/kargla/robot_movement/install/movement_info', 'merge_install': False, 'path': '/home/kargla/robot_movement/src/movement_info', 'symlink_install': False, 'test_result_base': None}
[0.344s] Level 5:colcon.colcon_core.verb:set package 'movement_info_msgs' build argument 'cmake_args' from command line to 'None'
[0.344s] Level 5:colcon.colcon_core.verb:set package 'movement_info_msgs' build argument 'cmake_target' from command line to 'None'
[0.344s] Level 5:colcon.colcon_core.verb:set package 'movement_info_msgs' build argument 'cmake_target_skip_unavailable' from command line to 'False'
[0.344s] Level 5:colcon.colcon_core.verb:set package 'movement_info_msgs' build argument 'cmake_clean_cache' from command line to 'False'
[0.344s] Level 5:colcon.colcon_core.verb:set package 'movement_info_msgs' build argument 'cmake_clean_first' from command line to 'False'
[0.344s] Level 5:colcon.colcon_core.verb:set package 'movement_info_msgs' build argument 'cmake_force_configure' from command line to 'False'
[0.344s] Level 5:colcon.colcon_core.verb:set package 'movement_info_msgs' build argument 'ament_cmake_args' from command line to 'None'
[0.344s] Level 5:colcon.colcon_core.verb:set package 'movement_info_msgs' build argument 'catkin_cmake_args' from command line to 'None'
[0.344s] Level 5:colcon.colcon_core.verb:set package 'movement_info_msgs' build argument 'catkin_skip_building_tests' from command line to 'False'
[0.344s] DEBUG:colcon.colcon_core.verb:Building package 'movement_info_msgs' with the following arguments: {'ament_cmake_args': None, 'build_base': '/home/kargla/robot_movement/build/movement_info_msgs', 'catkin_cmake_args': None, 'catkin_skip_building_tests': False, 'cmake_args': None, 'cmake_clean_cache': False, 'cmake_clean_first': False, 'cmake_force_configure': False, 'cmake_target': None, 'cmake_target_skip_unavailable': False, 'install_base': '/home/kargla/robot_movement/install/movement_info_msgs', 'merge_install': False, 'path': '/home/kargla/robot_movement/src/movement_info_msgs', 'symlink_install': False, 'test_result_base': None}
[0.344s] INFO:colcon.colcon_core.executor:Executing jobs using 'parallel' executor
[0.346s] DEBUG:colcon.colcon_parallel_executor.executor.parallel:run_until_complete
[0.346s] INFO:colcon.colcon_ros.task.ament_cmake.build:Building ROS package in '/home/kargla/robot_movement/src/movement_info' with build type 'ament_cmake'
[0.346s] INFO:colcon.colcon_cmake.task.cmake.build:Building CMake package in '/home/kargla/robot_movement/src/movement_info'
[0.348s] INFO:colcon.colcon_core.plugin_system:Skipping extension 'colcon_core.shell.bat': Not used on non-Windows systems
[0.348s] INFO:colcon.colcon_core.shell:Skip shell extension 'powershell' for command environment: Not usable outside of PowerShell
[0.348s] DEBUG:colcon.colcon_core.shell:Skip shell extension 'dsv' for command environment
[0.352s] INFO:colcon.colcon_ros.task.ament_cmake.build:Building ROS package in '/home/kargla/robot_movement/src/movement_info_msgs' with build type 'ament_cmake'
[0.352s] INFO:colcon.colcon_cmake.task.cmake.build:Building CMake package in '/home/kargla/robot_movement/src/movement_info_msgs'
[0.352s] INFO:colcon.colcon_core.shell:Skip shell extension 'powershell' for command environment: Not usable outside of PowerShell
[0.352s] DEBUG:colcon.colcon_core.shell:Skip shell extension 'dsv' for command environment
[0.362s] DEBUG:colcon.colcon_core.event_handler.log_command:Invoking command in '/home/kargla/robot_movement/build/movement_info': CMAKE_PREFIX_PATH=/opt/ros/humble /usr/bin/cmake --build /home/kargla/robot_movement/build/movement_info -- -j12 -l12
[0.367s] DEBUG:colcon.colcon_core.event_handler.log_command:Invoking command in '/home/kargla/robot_movement/build/movement_info_msgs': CMAKE_PREFIX_PATH=/opt/ros/humble /usr/bin/cmake --build /home/kargla/robot_movement/build/movement_info_msgs -- -j12 -l12
[0.820s] DEBUG:colcon.colcon_core.event_handler.log_command:Invoked command in '/home/kargla/robot_movement/build/movement_info_msgs' returned '0': CMAKE_PREFIX_PATH=/opt/ros/humble /usr/bin/cmake --build /home/kargla/robot_movement/build/movement_info_msgs -- -j12 -l12
[0.838s] DEBUG:colcon.colcon_core.event_handler.log_command:Invoking command in '/home/kargla/robot_movement/build/movement_info_msgs': CMAKE_PREFIX_PATH=/opt/ros/humble /usr/bin/cmake --install /home/kargla/robot_movement/build/movement_info_msgs
[0.915s] Level 1:colcon.colcon_core.environment:create_environment_scripts_only(movement_info_msgs)
[0.916s] DEBUG:colcon.colcon_core.event_handler.log_command:Invoked command in '/home/kargla/robot_movement/build/movement_info_msgs' returned '0': CMAKE_PREFIX_PATH=/opt/ros/humble /usr/bin/cmake --install /home/kargla/robot_movement/build/movement_info_msgs
[0.918s] Level 1:colcon.colcon_core.environment:checking '/home/kargla/robot_movement/install/movement_info_msgs' for CMake module files
[0.919s] Level 1:colcon.colcon_core.environment:checking '/home/kargla/robot_movement/install/movement_info_msgs' for CMake config files
[0.920s] Level 1:colcon.colcon_core.shell:create_environment_hook('movement_info_msgs', 'cmake_prefix_path')
[0.920s] INFO:colcon.colcon_core.shell:Creating environment hook '/home/kargla/robot_movement/install/movement_info_msgs/share/movement_info_msgs/hook/cmake_prefix_path.ps1'
[0.921s] INFO:colcon.colcon_core.shell:Creating environment descriptor '/home/kargla/robot_movement/install/movement_info_msgs/share/movement_info_msgs/hook/cmake_prefix_path.dsv'
[0.922s] INFO:colcon.colcon_core.shell:Creating environment hook '/home/kargla/robot_movement/install/movement_info_msgs/share/movement_info_msgs/hook/cmake_prefix_path.sh'
[0.923s] Level 1:colcon.colcon_core.environment:checking '/home/kargla/robot_movement/install/movement_info_msgs/lib'
[0.923s] Level 1:colcon.colcon_core.shell:create_environment_hook('movement_info_msgs', 'ld_library_path_lib')
[0.923s] INFO:colcon.colcon_core.shell:Creating environment hook '/home/kargla/robot_movement/install/movement_info_msgs/share/movement_info_msgs/hook/ld_library_path_lib.ps1'
[0.924s] INFO:colcon.colcon_core.shell:Creating environment descriptor '/home/kargla/robot_movement/install/movement_info_msgs/share/movement_info_msgs/hook/ld_library_path_lib.dsv'
[0.925s] INFO:colcon.colcon_core.shell:Creating environment hook '/home/kargla/robot_movement/install/movement_info_msgs/share/movement_info_msgs/hook/ld_library_path_lib.sh'
[0.925s] Level 1:colcon.colcon_core.environment:checking '/home/kargla/robot_movement/install/movement_info_msgs/bin'
[0.925s] Level 1:colcon.colcon_core.environment:checking '/home/kargla/robot_movement/install/movement_info_msgs/lib/pkgconfig/movement_info_msgs.pc'
[0.925s] Level 1:colcon.colcon_core.environment:checking '/home/kargla/robot_movement/install/movement_info_msgs/lib/python3.10/site-packages'
[0.926s] Level 1:colcon.colcon_core.environment:checking '/home/kargla/robot_movement/install/movement_info_msgs/bin'
[0.926s] INFO:colcon.colcon_core.shell:Creating package script '/home/kargla/robot_movement/install/movement_info_msgs/share/movement_info_msgs/package.ps1'
[0.927s] INFO:colcon.colcon_core.shell:Creating package descriptor '/home/kargla/robot_movement/install/movement_info_msgs/share/movement_info_msgs/package.dsv'
[0.928s] INFO:colcon.colcon_core.shell:Creating package script '/home/kargla/robot_movement/install/movement_info_msgs/share/movement_info_msgs/package.sh'
[0.929s] INFO:colcon.colcon_core.shell:Creating package script '/home/kargla/robot_movement/install/movement_info_msgs/share/movement_info_msgs/package.bash'
[0.930s] INFO:colcon.colcon_core.shell:Creating package script '/home/kargla/robot_movement/install/movement_info_msgs/share/movement_info_msgs/package.zsh'
[0.931s] Level 1:colcon.colcon_core.environment:create_file_with_runtime_dependencies(/home/kargla/robot_movement/install/movement_info_msgs/share/colcon-core/packages/movement_info_msgs)
[0.932s] Level 1:colcon.colcon_core.environment:create_environment_scripts_only(movement_info_msgs)
[0.932s] Level 1:colcon.colcon_core.environment:checking '/home/kargla/robot_movement/install/movement_info_msgs' for CMake module files
[0.933s] Level 1:colcon.colcon_core.environment:checking '/home/kargla/robot_movement/install/movement_info_msgs' for CMake config files
[0.934s] Level 1:colcon.colcon_core.shell:create_environment_hook('movement_info_msgs', 'cmake_prefix_path')
[0.935s] INFO:colcon.colcon_core.shell:Creating environment hook '/home/kargla/robot_movement/install/movement_info_msgs/share/movement_info_msgs/hook/cmake_prefix_path.ps1'
[0.936s] INFO:colcon.colcon_core.shell:Creating environment descriptor '/home/kargla/robot_movement/install/movement_info_msgs/share/movement_info_msgs/hook/cmake_prefix_path.dsv'
[0.936s] INFO:colcon.colcon_core.shell:Creating environment hook '/home/kargla/robot_movement/install/movement_info_msgs/share/movement_info_msgs/hook/cmake_prefix_path.sh'
[0.937s] Level 1:colcon.colcon_core.environment:checking '/home/kargla/robot_movement/install/movement_info_msgs/lib'
[0.937s] Level 1:colcon.colcon_core.shell:create_environment_hook('movement_info_msgs', 'ld_library_path_lib')
[0.937s] INFO:colcon.colcon_core.shell:Creating environment hook '/home/kargla/robot_movement/install/movement_info_msgs/share/movement_info_msgs/hook/ld_library_path_lib.ps1'
[0.938s] INFO:colcon.colcon_core.shell:Creating environment descriptor '/home/kargla/robot_movement/install/movement_info_msgs/share/movement_info_msgs/hook/ld_library_path_lib.dsv'
[0.938s] INFO:colcon.colcon_core.shell:Creating environment hook '/home/kargla/robot_movement/install/movement_info_msgs/share/movement_info_msgs/hook/ld_library_path_lib.sh'
[0.939s] Level 1:colcon.colcon_core.environment:checking '/home/kargla/robot_movement/install/movement_info_msgs/bin'
[0.939s] Level 1:colcon.colcon_core.environment:checking '/home/kargla/robot_movement/install/movement_info_msgs/lib/pkgconfig/movement_info_msgs.pc'
[0.939s] Level 1:colcon.colcon_core.environment:checking '/home/kargla/robot_movement/install/movement_info_msgs/lib/python3.10/site-packages'
[0.939s] Level 1:colcon.colcon_core.environment:checking '/home/kargla/robot_movement/install/movement_info_msgs/bin'
[0.940s] INFO:colcon.colcon_core.shell:Creating package script '/home/kargla/robot_movement/install/movement_info_msgs/share/movement_info_msgs/package.ps1'
[0.940s] INFO:colcon.colcon_core.shell:Creating package descriptor '/home/kargla/robot_movement/install/movement_info_msgs/share/movement_info_msgs/package.dsv'
[0.941s] INFO:colcon.colcon_core.shell:Creating package script '/home/kargla/robot_movement/install/movement_info_msgs/share/movement_info_msgs/package.sh'
[0.942s] INFO:colcon.colcon_core.shell:Creating package script '/home/kargla/robot_movement/install/movement_info_msgs/share/movement_info_msgs/package.bash'
[0.942s] INFO:colcon.colcon_core.shell:Creating package script '/home/kargla/robot_movement/install/movement_info_msgs/share/movement_info_msgs/package.zsh'
[0.943s] Level 1:colcon.colcon_core.environment:create_file_with_runtime_dependencies(/home/kargla/robot_movement/install/movement_info_msgs/share/colcon-core/packages/movement_info_msgs)
[4.314s] DEBUG:colcon.colcon_core.event_handler.log_command:Invoked command in '/home/kargla/robot_movement/build/movement_info' returned '2': CMAKE_PREFIX_PATH=/opt/ros/humble /usr/bin/cmake --build /home/kargla/robot_movement/build/movement_info -- -j12 -l12
[4.315s] Level 1:colcon.colcon_core.environment:create_environment_scripts_only(movement_info)
[4.315s] Level 1:colcon.colcon_core.environment:checking '/home/kargla/robot_movement/install/movement_info' for CMake module files
[4.315s] Level 1:colcon.colcon_core.environment:checking '/home/kargla/robot_movement/install/movement_info' for CMake config files
[4.316s] Level 1:colcon.colcon_core.shell:create_environment_hook('movement_info', 'cmake_prefix_path')
[4.316s] INFO:colcon.colcon_core.shell:Creating environment hook '/home/kargla/robot_movement/install/movement_info/share/movement_info/hook/cmake_prefix_path.ps1'
[4.316s] INFO:colcon.colcon_core.shell:Creating environment descriptor '/home/kargla/robot_movement/install/movement_info/share/movement_info/hook/cmake_prefix_path.dsv'
[4.317s] INFO:colcon.colcon_core.shell:Creating environment hook '/home/kargla/robot_movement/install/movement_info/share/movement_info/hook/cmake_prefix_path.sh'
[4.317s] Level 1:colcon.colcon_core.environment:checking '/home/kargla/robot_movement/install/movement_info/lib'
[4.317s] Level 1:colcon.colcon_core.environment:checking '/home/kargla/robot_movement/install/movement_info/bin'
[4.318s] Level 1:colcon.colcon_core.environment:checking '/home/kargla/robot_movement/install/movement_info/lib/pkgconfig/movement_info.pc'
[4.318s] Level 1:colcon.colcon_core.environment:checking '/home/kargla/robot_movement/install/movement_info/lib/python3.10/site-packages'
[4.318s] Level 1:colcon.colcon_core.environment:checking '/home/kargla/robot_movement/install/movement_info/bin'
[4.318s] INFO:colcon.colcon_core.shell:Creating package script '/home/kargla/robot_movement/install/movement_info/share/movement_info/package.ps1'
[4.319s] INFO:colcon.colcon_core.shell:Creating package descriptor '/home/kargla/robot_movement/install/movement_info/share/movement_info/package.dsv'
[4.319s] INFO:colcon.colcon_core.shell:Creating package script '/home/kargla/robot_movement/install/movement_info/share/movement_info/package.sh'
[4.320s] INFO:colcon.colcon_core.shell:Creating package script '/home/kargla/robot_movement/install/movement_info/share/movement_info/package.bash'
[4.320s] INFO:colcon.colcon_core.shell:Creating package script '/home/kargla/robot_movement/install/movement_info/share/movement_info/package.zsh'
[4.321s] Level 1:colcon.colcon_core.environment:create_file_with_runtime_dependencies(/home/kargla/robot_movement/install/movement_info/share/colcon-core/packages/movement_info)
[4.331s] DEBUG:colcon.colcon_parallel_executor.executor.parallel:closing loop
[4.332s] DEBUG:colcon.colcon_parallel_executor.executor.parallel:loop closed
[4.332s] DEBUG:colcon.colcon_parallel_executor.executor.parallel:run_until_complete finished with '2'
[4.332s] DEBUG:colcon.colcon_core.event_reactor:joining thread
[4.339s] INFO:colcon.colcon_core.plugin_system:Skipping extension 'colcon_notification.desktop_notification.terminal_notifier': Not used on non-Darwin systems
[4.339s] INFO:colcon.colcon_core.plugin_system:Skipping extension 'colcon_notification.desktop_notification.win32': Not used on non-Windows systems
[4.339s] INFO:colcon.colcon_notification.desktop_notification:Sending desktop notification using 'notify2'
[4.357s] DEBUG:colcon.colcon_core.event_reactor:joined thread
[4.358s] INFO:colcon.colcon_core.shell:Creating prefix script '/home/kargla/robot_movement/install/local_setup.ps1'
[4.359s] INFO:colcon.colcon_core.shell:Creating prefix util module '/home/kargla/robot_movement/install/_local_setup_util_ps1.py'
[4.361s] INFO:colcon.colcon_core.shell:Creating prefix chain script '/home/kargla/robot_movement/install/setup.ps1'
[4.362s] INFO:colcon.colcon_core.shell:Creating prefix script '/home/kargla/robot_movement/install/local_setup.sh'
[4.363s] INFO:colcon.colcon_core.shell:Creating prefix util module '/home/kargla/robot_movement/install/_local_setup_util_sh.py'
[4.364s] INFO:colcon.colcon_core.shell:Creating prefix chain script '/home/kargla/robot_movement/install/setup.sh'
[4.366s] INFO:colcon.colcon_core.shell:Creating prefix script '/home/kargla/robot_movement/install/local_setup.bash'
[4.367s] INFO:colcon.colcon_core.shell:Creating prefix chain script '/home/kargla/robot_movement/install/setup.bash'
[4.369s] INFO:colcon.colcon_core.shell:Creating prefix script '/home/kargla/robot_movement/install/local_setup.zsh'
[4.370s] INFO:colcon.colcon_core.shell:Creating prefix chain script '/home/kargla/robot_movement/install/setup.zsh'
