[0.018s] Invoking command in '/home/kargla/robot_movement/build/movement_info': CMAKE_PREFIX_PATH=${CMAKE_PREFIX_PATH}:/opt/ros/humble /usr/bin/cmake --build /home/kargla/robot_movement/build/movement_info -- -j12 -l12
[0.100s] [ 45%] Built target gmock
[0.100s] [ 40%] Built target gtest_main
[0.101s] [ 40%] Built target gmock_main
[0.102s] [ 45%] Built target gtest
[0.105s] [ 60%] Built target movement_info_library
[0.116s] [ 80%] Built target movement
[0.130s] [35m[1mConsolidate compiler generated dependencies of target movement_info_movement_gmock[0m
[0.132s] [35m[1mConsolidate compiler generated dependencies of target movement_info_movement_gtest[0m
[0.162s] [100%] Built target movement_info_movement_gtest
[0.162s] [100%] Built target movement_info_movement_gmock
[0.179s] Invoked command in '/home/kargla/robot_movement/build/movement_info' returned '0': CMAKE_PREFIX_PATH=${CMAKE_PREFIX_PATH}:/opt/ros/humble /usr/bin/cmake --build /home/kargla/robot_movement/build/movement_info -- -j12 -l12
[0.193s] Invoking command in '/home/kargla/robot_movement/build/movement_info': CMAKE_PREFIX_PATH=${CMAKE_PREFIX_PATH}:/opt/ros/humble /usr/bin/cmake --install /home/kargla/robot_movement/build/movement_info
[0.201s] -- Install configuration: ""
[0.202s] -- Up-to-date: /home/kargla/robot_movement/install/movement_info/share/movement_info/config
[0.202s] -- Up-to-date: /home/kargla/robot_movement/install/movement_info/share/movement_info/config/params.yaml
[0.202s] -- Up-to-date: /home/kargla/robot_movement/install/movement_info/include
[0.202s] -- Up-to-date: /home/kargla/robot_movement/install/movement_info/include/movement_info
[0.202s] -- Up-to-date: /home/kargla/robot_movement/install/movement_info/include/movement_info/MockPublisher.hpp
[0.202s] -- Up-to-date: /home/kargla/robot_movement/install/movement_info/include/movement_info/movement.hpp
[0.203s] -- Up-to-date: /home/kargla/robot_movement/install/movement_info/include/movement_info/movement_interface.hpp
[0.203s] -- Up-to-date: /home/kargla/robot_movement/install/movement_info/lib/movement_info/movement
[0.203s] -- Up-to-date: /home/kargla/robot_movement/install/movement_info/share/ament_index/resource_index/package_run_dependencies/movement_info
[0.203s] -- Up-to-date: /home/kargla/robot_movement/install/movement_info/share/ament_index/resource_index/parent_prefix_path/movement_info
[0.203s] -- Up-to-date: /home/kargla/robot_movement/install/movement_info/share/movement_info/environment/ament_prefix_path.sh
[0.203s] -- Up-to-date: /home/kargla/robot_movement/install/movement_info/share/movement_info/environment/ament_prefix_path.dsv
[0.203s] -- Up-to-date: /home/kargla/robot_movement/install/movement_info/share/movement_info/environment/path.sh
[0.203s] -- Up-to-date: /home/kargla/robot_movement/install/movement_info/share/movement_info/environment/path.dsv
[0.203s] -- Up-to-date: /home/kargla/robot_movement/install/movement_info/share/movement_info/local_setup.bash
[0.203s] -- Up-to-date: /home/kargla/robot_movement/install/movement_info/share/movement_info/local_setup.sh
[0.203s] -- Up-to-date: /home/kargla/robot_movement/install/movement_info/share/movement_info/local_setup.zsh
[0.204s] -- Up-to-date: /home/kargla/robot_movement/install/movement_info/share/movement_info/local_setup.dsv
[0.204s] -- Installing: /home/kargla/robot_movement/install/movement_info/share/movement_info/package.dsv
[0.204s] -- Up-to-date: /home/kargla/robot_movement/install/movement_info/share/ament_index/resource_index/packages/movement_info
[0.204s] -- Up-to-date: /home/kargla/robot_movement/install/movement_info/share/movement_info/cmake/movement_infoConfig.cmake
[0.204s] -- Up-to-date: /home/kargla/robot_movement/install/movement_info/share/movement_info/cmake/movement_infoConfig-version.cmake
[0.204s] -- Up-to-date: /home/kargla/robot_movement/install/movement_info/share/movement_info/package.xml
[0.206s] Invoked command in '/home/kargla/robot_movement/build/movement_info' returned '0': CMAKE_PREFIX_PATH=${CMAKE_PREFIX_PATH}:/opt/ros/humble /usr/bin/cmake --install /home/kargla/robot_movement/build/movement_info
