[0.015s] Invoking command in '/home/kargla/robot_movement/build/movement_info': CMAKE_PREFIX_PATH=${CMAKE_PREFIX_PATH}:/opt/ros/humble /usr/bin/cmake /home/kargla/robot_movement/src/movement_info -DCMAKE_INSTALL_PREFIX=/home/kargla/robot_movement/install/movement_info
[0.085s] -- The C compiler identification is GNU 11.4.0
[0.149s] -- The CXX compiler identification is GNU 11.4.0
[0.157s] -- Detecting C compiler ABI info
[0.245s] -- Detecting C compiler ABI info - done
[0.254s] -- Check for working C compiler: /usr/bin/cc - skipped
[0.254s] -- Detecting C compile features
[0.254s] -- Detecting C compile features - done
[0.257s] -- Detecting CXX compiler ABI info
[0.361s] -- Detecting CXX compiler ABI info - done
[0.368s] -- Check for working CXX compiler: /usr/bin/c++ - skipped
[0.368s] -- Detecting CXX compile features
[0.368s] -- Detecting CXX compile features - done
[0.370s] -- Found ament_cmake: 1.3.11 (/opt/ros/humble/share/ament_cmake/cmake)
[0.557s] -- Found Python3: /usr/bin/python3 (found version "3.10.12") found components: Interpreter 
[0.641s] -- Found rosidl_default_generators: 1.2.0 (/opt/ros/humble/share/rosidl_default_generators/cmake)
[0.643s] -- Using all available rosidl_typesupport_c: rosidl_typesupport_fastrtps_c;rosidl_typesupport_introspection_c
[0.649s] -- Found rosidl_adapter: 3.1.6 (/opt/ros/humble/share/rosidl_adapter/cmake)
[0.684s] -- Using all available rosidl_typesupport_cpp: rosidl_typesupport_fastrtps_cpp;rosidl_typesupport_introspection_cpp
[0.723s] [31mCMake Error at CMakeLists.txt:10 (find_package):
[0.723s]   By not providing "Findmovement_info_msgs.cmake" in CMAKE_MODULE_PATH this
[0.723s]   project has asked CMake to find a package configuration file provided by
[0.723s]   "movement_info_msgs", but CMake did not find one.
[0.723s] 
[0.724s]   Could not find a package configuration file provided by
[0.724s]   "movement_info_msgs" with any of the following names:
[0.724s] 
[0.724s]     movement_info_msgsConfig.cmake
[0.724s]     movement_info_msgs-config.cmake
[0.724s] 
[0.724s]   Add the installation prefix of "movement_info_msgs" to CMAKE_PREFIX_PATH or
[0.724s]   set "movement_info_msgs_DIR" to a directory containing one of the above
[0.724s]   files.  If "movement_info_msgs" provides a separate development package or
[0.725s]   SDK, be sure it has been installed.
[0.725s] 
[0.725s] [0m
[0.725s] -- Configuring incomplete, errors occurred!
[0.725s] See also "/home/kargla/robot_movement/build/movement_info/CMakeFiles/CMakeOutput.log".
[0.730s] Invoked command in '/home/kargla/robot_movement/build/movement_info' returned '1': CMAKE_PREFIX_PATH=${CMAKE_PREFIX_PATH}:/opt/ros/humble /usr/bin/cmake /home/kargla/robot_movement/src/movement_info -DCMAKE_INSTALL_PREFIX=/home/kargla/robot_movement/install/movement_info
