[0.018s] Invoking command in '/home/kargla/robot_movement/build/movement_info': CMAKE_PREFIX_PATH=${CMAKE_PREFIX_PATH}:/opt/ros/humble /usr/bin/cmake --build /home/kargla/robot_movement/build/movement_info -- -j12 -l12
[0.047s] -- Found ament_cmake: 1.3.11 (/opt/ros/humble/share/ament_cmake/cmake)
[0.199s] -- Found rosidl_default_generators: 1.2.0 (/opt/ros/humble/share/rosidl_default_generators/cmake)
[0.200s] -- Using all available rosidl_typesupport_c: rosidl_typesupport_fastrtps_c;rosidl_typesupport_introspection_c
[0.203s] -- Found rosidl_adapter: 3.1.6 (/opt/ros/humble/share/rosidl_adapter/cmake)
[0.231s] -- Using all available rosidl_typesupport_cpp: rosidl_typesupport_fastrtps_cpp;rosidl_typesupport_introspection_cpp
[0.256s] -- Found movement_info_msgs: 0.0.0 (/home/kargla/robot_movement/install/movement_info_msgs/share/movement_info_msgs/cmake)
[0.264s] -- Found rclcpp: 16.0.11 (/opt/ros/humble/share/rclcpp/cmake)
[0.296s] -- Found rmw_implementation_cmake: 6.1.2 (/opt/ros/humble/share/rmw_implementation_cmake/cmake)
[0.297s] -- Found rmw_fastrtps_cpp: 6.2.7 (/opt/ros/humble/share/rmw_fastrtps_cpp/cmake)
[0.418s] -- Using RMW implementation 'rmw_fastrtps_cpp' as default
[0.465s] -- Found geometry_msgs: 4.2.4 (/opt/ros/humble/share/geometry_msgs/cmake)
[0.475s] -- Found nav_msgs: 4.2.4 (/opt/ros/humble/share/nav_msgs/cmake)
[0.493s] -- Found ament_lint_auto: 0.12.11 (/opt/ros/humble/share/ament_lint_auto/cmake)
[0.580s] -- Added test 'cppcheck' to perform static code analysis on C / C++ code
[0.580s] -- Configured cppcheck include dirs: $<BUILD_INTERFACE:/home/kargla/robot_movement/src/movement_info/include>
[0.580s] -- Configured cppcheck exclude dirs and/or files: 
[0.580s] -- Added test 'lint_cmake' to check CMake code style
[0.582s] -- Added test 'uncrustify' to check C / C++ code style
[0.582s] -- Configured uncrustify additional arguments: 
[0.582s] -- Added test 'xmllint' to check XML markup files
[0.583s] -- Configuring done
[0.601s] -- Generating done
[0.607s] -- Build files have been written to: /home/kargla/robot_movement/build/movement_info
[0.642s] [35m[1mConsolidate compiler generated dependencies of target movement_info_library[0m
[0.656s] [ 25%] [32mBuilding CXX object CMakeFiles/movement.dir/src/main.cpp.o[0m
[0.667s] [ 50%] [32mBuilding CXX object CMakeFiles/movement_info_library.dir/src/movement.cpp.o[0m
[3.839s] [ 75%] [32m[1mLinking CXX executable movement[0m
[3.963s] /usr/bin/ld: CMakeFiles/movement.dir/src/main.cpp.o: in function `void __gnu_cxx::new_allocator<Movement>::construct<Movement>(Movement*)':
[3.963s] main.cpp:(.text._ZN9__gnu_cxx13new_allocatorI8MovementE9constructIS1_JEEEvPT_DpOT0_[_ZN9__gnu_cxx13new_allocatorI8MovementE9constructIS1_JEEEvPT_DpOT0_]+0x31): undefined reference to `Movement::Movement()'
[3.971s] collect2: error: ld returned 1 exit status
[3.973s] gmake[2]: *** [CMakeFiles/movement.dir/build.make:183: movement] Error 1
[3.974s] gmake[1]: *** [CMakeFiles/Makefile2:139: CMakeFiles/movement.dir/all] Error 2
[3.974s] gmake[1]: *** Waiting for unfinished jobs....
[10.942s] [100%] [32m[1mLinking CXX static library libmovement_info_library.a[0m
[11.234s] [100%] Built target movement_info_library
[11.237s] gmake: *** [Makefile:146: all] Error 2
[11.240s] Invoked command in '/home/kargla/robot_movement/build/movement_info' returned '2': CMAKE_PREFIX_PATH=${CMAKE_PREFIX_PATH}:/opt/ros/humble /usr/bin/cmake --build /home/kargla/robot_movement/build/movement_info -- -j12 -l12
