[0.022s] Invoking command in '/home/kargla/robot_movement/build/movement_info': CMAKE_PREFIX_PATH=/opt/ros/humble /usr/bin/cmake --build /home/kargla/robot_movement/build/movement_info -- -j12 -l12
[0.091s] [35m[1mConsolidate compiler generated dependencies of target movement_info_library[0m
[0.095s] [35m[1mConsolidate compiler generated dependencies of target movement[0m
[0.118s] [ 10%] Built target gtest
[0.118s] [ 21%] Built target gtest_main
[0.120s] [ 31%] Built target gmock_main
[0.132s] [ 47%] Built target gmock
[0.138s] [ 52%] [32mBuilding CXX object CMakeFiles/movement_info_library.dir/src/movement.cpp.o[0m
[0.152s] [ 57%] [32mBuilding CXX object CMakeFiles/movement.dir/src/movement.cpp.o[0m
[0.158s] [ 63%] [32mBuilding CXX object CMakeFiles/movement.dir/src/movement_interface.cpp.o[0m
[0.159s] [ 68%] [32mBuilding CXX object CMakeFiles/movement.dir/src/main.cpp.o[0m
[0.685s] In file included from [01m[K/home/kargla/robot_movement/src/movement_info/src/movement.cpp:1[m[K:
[0.685s] [01m[K/home/kargla/robot_movement/src/movement_info/include/movement_info/movement.hpp:9:10:[m[K [01;31m[Kfatal error: [m[Kmovement_info/movement_interface.hpp: No such file or directory
[0.686s]     9 | #include [01;31m[K"movement_info/movement_interface.hpp"[m[K
[0.686s]       |          [01;31m[K^~~~~~~~~~~~~~~~~~~~~~~~~~~~~~~~~~~~~~[m[K
[0.686s] compilation terminated.
[0.701s] gmake[2]: *** [CMakeFiles/movement.dir/build.make:76: CMakeFiles/movement.dir/src/movement.cpp.o] Error 1
[0.701s] gmake[2]: *** Waiting for unfinished jobs....
[0.749s] In file included from [01m[K/home/kargla/robot_movement/src/movement_info/src/movement.cpp:1[m[K:
[0.750s] [01m[K/home/kargla/robot_movement/src/movement_info/include/movement_info/movement.hpp:9:10:[m[K [01;31m[Kfatal error: [m[Kmovement_info/movement_interface.hpp: No such file or directory
[0.750s]     9 | #include [01;31m[K"movement_info/movement_interface.hpp"[m[K
[0.750s]       |          [01;31m[K^~~~~~~~~~~~~~~~~~~~~~~~~~~~~~~~~~~~~~[m[K
[0.750s] compilation terminated.
[0.760s] gmake[2]: *** [CMakeFiles/movement_info_library.dir/build.make:76: CMakeFiles/movement_info_library.dir/src/movement.cpp.o] Error 1
[0.760s] gmake[1]: *** [CMakeFiles/Makefile2:206: CMakeFiles/movement_info_library.dir/all] Error 2
[0.760s] gmake[1]: *** Waiting for unfinished jobs....
[0.786s] In file included from [01m[K/home/kargla/robot_movement/src/movement_info/src/main.cpp:1[m[K:
[0.786s] [01m[K/home/kargla/robot_movement/src/movement_info/include/movement_info/movement.hpp:9:10:[m[K [01;31m[Kfatal error: [m[Kmovement_info/movement_interface.hpp: No such file or directory
[0.786s]     9 | #include [01;31m[K"movement_info/movement_interface.hpp"[m[K
[0.786s]       |          [01;31m[K^~~~~~~~~~~~~~~~~~~~~~~~~~~~~~~~~~~~~~[m[K
[0.786s] compilation terminated.
[0.792s] gmake[2]: *** [CMakeFiles/movement.dir/build.make:90: CMakeFiles/movement.dir/src/main.cpp.o] Error 1
[3.932s] gmake[1]: *** [CMakeFiles/Makefile2:180: CMakeFiles/movement.dir/all] Error 2
[3.932s] gmake: *** [Makefile:146: all] Error 2
[3.935s] Invoked command in '/home/kargla/robot_movement/build/movement_info' returned '2': CMAKE_PREFIX_PATH=/opt/ros/humble /usr/bin/cmake --build /home/kargla/robot_movement/build/movement_info -- -j12 -l12
