[0.027s] Invoking command in '/home/kargla/robot_movement/build/movement_info': CMAKE_PREFIX_PATH=${CMAKE_PREFIX_PATH}:/opt/ros/humble /usr/bin/cmake /home/kargla/robot_movement/src/movement_info -DCMAKE_INSTALL_PREFIX=/home/kargla/robot_movement/install/movement_info
[0.139s] -- The C compiler identification is GNU 11.4.0
[0.253s] -- The CXX compiler identification is GNU 11.4.0
[0.265s] -- Detecting C compiler ABI info
[0.423s] -- Detecting C compiler ABI info - done
[0.434s] -- Check for working C compiler: /usr/bin/cc - skipped
[0.434s] -- Detecting C compile features
[0.434s] -- Detecting C compile features - done
[0.442s] -- Detecting CXX compiler ABI info
[0.600s] -- Detecting CXX compiler ABI info - done
[0.615s] -- Check for working CXX compiler: /usr/bin/c++ - skipped
[0.615s] -- Detecting CXX compile features
[0.616s] -- Detecting CXX compile features - done
[0.620s] -- Found ament_cmake: 1.3.11 (/opt/ros/humble/share/ament_cmake/cmake)
[0.906s] -- Found Python3: /usr/bin/python3 (found version "3.10.12") found components: Interpreter 
[1.059s] -- Found rosidl_default_generators: 1.2.0 (/opt/ros/humble/share/rosidl_default_generators/cmake)
[1.066s] -- Using all available rosidl_typesupport_c: rosidl_typesupport_fastrtps_c;rosidl_typesupport_introspection_c
[1.074s] -- Found rosidl_adapter: 3.1.6 (/opt/ros/humble/share/rosidl_adapter/cmake)
[1.125s] -- Using all available rosidl_typesupport_cpp: rosidl_typesupport_fastrtps_cpp;rosidl_typesupport_introspection_cpp
[1.168s] -- Found movement_info_msgs: 0.0.0 (/home/kargla/robot_movement/install/movement_info_msgs/share/movement_info_msgs/cmake)
[1.193s] -- Found rclcpp: 16.0.11 (/opt/ros/humble/share/rclcpp/cmake)
[1.311s] -- Found rmw_implementation_cmake: 6.1.2 (/opt/ros/humble/share/rmw_implementation_cmake/cmake)
[1.322s] -- Found rmw_fastrtps_cpp: 6.2.7 (/opt/ros/humble/share/rmw_fastrtps_cpp/cmake)
[1.557s] -- Found OpenSSL: /usr/lib/x86_64-linux-gnu/libcrypto.so (found version "3.0.2")  
[1.606s] -- Found FastRTPS: /opt/ros/humble/include  
[1.677s] -- Using RMW implementation 'rmw_fastrtps_cpp' as default
[1.691s] -- Looking for pthread.h
[1.839s] -- Looking for pthread.h - found
[1.839s] -- Performing Test CMAKE_HAVE_LIBC_PTHREAD
[1.996s] -- Performing Test CMAKE_HAVE_LIBC_PTHREAD - Success
[1.998s] -- Found Threads: TRUE  
[2.098s] -- Found geometry_msgs: 4.2.4 (/opt/ros/humble/share/geometry_msgs/cmake)
[2.117s] -- Found nav_msgs: 4.2.4 (/opt/ros/humble/share/nav_msgs/cmake)
[2.143s] -- Found ament_cmake_gtest: 1.3.11 (/opt/ros/humble/share/ament_cmake_gtest/cmake)
[2.151s] -- Found ament_cmake_gmock: 1.3.11 (/opt/ros/humble/share/ament_cmake_gmock/cmake)
[2.161s] -- Found gtest sources under '/opt/ros/humble/src/gtest_vendor': C++ tests using 'Google Test' will be built
[2.171s] -- Found gmock sources under '/opt/ros/humble/src/gmock_vendor': C++ tests using 'Google Mock' will be built
[2.317s] -- Configuring done
[2.357s] -- Generating done
[2.374s] -- Build files have been written to: /home/kargla/robot_movement/build/movement_info
[2.396s] Invoked command in '/home/kargla/robot_movement/build/movement_info' returned '0': CMAKE_PREFIX_PATH=${CMAKE_PREFIX_PATH}:/opt/ros/humble /usr/bin/cmake /home/kargla/robot_movement/src/movement_info -DCMAKE_INSTALL_PREFIX=/home/kargla/robot_movement/install/movement_info
[2.398s] Invoking command in '/home/kargla/robot_movement/build/movement_info': CMAKE_PREFIX_PATH=${CMAKE_PREFIX_PATH}:/opt/ros/humble /usr/bin/cmake --build /home/kargla/robot_movement/build/movement_info -- -j12 -l12
[2.495s] [ 16%] [32mBuilding CXX object CMakeFiles/movement.dir/src/main.cpp.o[0m
[2.495s] [ 16%] [32mBuilding CXX object gmock/CMakeFiles/gmock.dir/src/gmock-all.cc.o[0m
[2.495s] [ 16%] [32mBuilding CXX object gtest/CMakeFiles/gtest.dir/src/gtest-all.cc.o[0m
[2.500s] [ 22%] [32mBuilding CXX object gmock/CMakeFiles/gmock.dir/opt/ros/humble/src/gtest_vendor/src/gtest-all.cc.o[0m
[2.500s] [ 27%] [32mBuilding CXX object CMakeFiles/movement.dir/src/movement.cpp.o[0m
[2.500s] [ 33%] [32mBuilding CXX object CMakeFiles/movement_info_library.dir/src/movement.cpp.o[0m
[2.500s] [ 38%] [32mBuilding CXX object gmock/CMakeFiles/gmock_main.dir/src/gmock_main.cc.o[0m
[2.505s] [ 44%] [32mBuilding CXX object gtest/CMakeFiles/gtest_main.dir/src/gtest_main.cc.o[0m
[4.263s] [ 50%] [32m[1mLinking CXX static library libgtest_main.a[0m
[4.353s] [ 50%] Built target gtest_main
[5.272s] [ 55%] [32m[1mLinking CXX static library libgmock_main.a[0m
[5.366s] [ 55%] Built target gmock_main
[8.343s] [ 61%] [32m[1mLinking CXX static library libgmock.a[0m
[8.453s] [ 66%] [32m[1mLinking CXX static library libgtest.a[0m
[8.453s] [ 66%] Built target gmock
[8.551s] [ 66%] Built target gtest
[17.581s] [ 72%] [32m[1mLinking CXX executable movement[0m
[17.856s] [ 77%] [32m[1mLinking CXX static library libmovement_info_library.a[0m
[18.237s] [ 77%] Built target movement_info_library
[18.277s] [ 88%] [32mBuilding CXX object CMakeFiles/movement_info_movement_gtest.dir/test/movement_test.cpp.o[0m
[18.277s] [ 88%] [32mBuilding CXX object CMakeFiles/movement_info_movement_gmock.dir/test/movement_test.cpp.o[0m
[18.771s] [ 88%] Built target movement
[22.749s] [ 94%] [32m[1mLinking CXX executable movement_info_movement_gtest[0m
[22.841s] [100%] [32m[1mLinking CXX executable movement_info_movement_gmock[0m
[23.913s] [100%] Built target movement_info_movement_gtest
[24.040s] [100%] Built target movement_info_movement_gmock
[24.057s] Invoked command in '/home/kargla/robot_movement/build/movement_info' returned '0': CMAKE_PREFIX_PATH=${CMAKE_PREFIX_PATH}:/opt/ros/humble /usr/bin/cmake --build /home/kargla/robot_movement/build/movement_info -- -j12 -l12
[24.059s] Invoking command in '/home/kargla/robot_movement/build/movement_info': CMAKE_PREFIX_PATH=${CMAKE_PREFIX_PATH}:/opt/ros/humble /usr/bin/cmake --install /home/kargla/robot_movement/build/movement_info
[24.067s] -- Install configuration: ""
[24.067s] -- Installing: /home/kargla/robot_movement/install/movement_info/share/movement_info/config
[24.068s] -- Installing: /home/kargla/robot_movement/install/movement_info/share/movement_info/config/params.yaml
[24.068s] -- Installing: /home/kargla/robot_movement/install/movement_info/include
[24.068s] -- Installing: /home/kargla/robot_movement/install/movement_info/include/movement_info
[24.068s] -- Installing: /home/kargla/robot_movement/install/movement_info/include/movement_info/movement.hpp
[24.068s] -- Installing: /home/kargla/robot_movement/install/movement_info/lib/movement_info/movement
[24.075s] -- Set runtime path of "/home/kargla/robot_movement/install/movement_info/lib/movement_info/movement" to ""
[24.076s] -- Installing: /home/kargla/robot_movement/install/movement_info/share/ament_index/resource_index/package_run_dependencies/movement_info
[24.076s] -- Installing: /home/kargla/robot_movement/install/movement_info/share/ament_index/resource_index/parent_prefix_path/movement_info
[24.076s] -- Installing: /home/kargla/robot_movement/install/movement_info/share/movement_info/environment/ament_prefix_path.sh
[24.076s] -- Installing: /home/kargla/robot_movement/install/movement_info/share/movement_info/environment/ament_prefix_path.dsv
[24.076s] -- Installing: /home/kargla/robot_movement/install/movement_info/share/movement_info/environment/path.sh
[24.077s] -- Installing: /home/kargla/robot_movement/install/movement_info/share/movement_info/environment/path.dsv
[24.077s] -- Installing: /home/kargla/robot_movement/install/movement_info/share/movement_info/local_setup.bash
[24.077s] -- Installing: /home/kargla/robot_movement/install/movement_info/share/movement_info/local_setup.sh
[24.077s] -- Installing: /home/kargla/robot_movement/install/movement_info/share/movement_info/local_setup.zsh
[24.077s] -- Installing: /home/kargla/robot_movement/install/movement_info/share/movement_info/local_setup.dsv
[24.078s] -- Installing: /home/kargla/robot_movement/install/movement_info/share/movement_info/package.dsv
[24.078s] -- Installing: /home/kargla/robot_movement/install/movement_info/share/ament_index/resource_index/packages/movement_info
[24.078s] -- Installing: /home/kargla/robot_movement/install/movement_info/share/movement_info/cmake/movement_infoConfig.cmake
[24.078s] -- Installing: /home/kargla/robot_movement/install/movement_info/share/movement_info/cmake/movement_infoConfig-version.cmake
[24.078s] -- Installing: /home/kargla/robot_movement/install/movement_info/share/movement_info/package.xml
[24.081s] Invoked command in '/home/kargla/robot_movement/build/movement_info' returned '0': CMAKE_PREFIX_PATH=${CMAKE_PREFIX_PATH}:/opt/ros/humble /usr/bin/cmake --install /home/kargla/robot_movement/build/movement_info
