[0.105s] DEBUG:colcon:Command line arguments: ['/usr/bin/colcon', 'build']
[0.106s] DEBUG:colcon:Parsed command line arguments: Namespace(log_base=None, log_level=None, verb_name='build', build_base='build', install_base='install', merge_install=False, symlink_install=False, test_result_base=None, continue_on_error=False, executor='parallel', parallel_workers=12, event_handlers=None, ignore_user_meta=False, metas=['./colcon.meta'], base_paths=['.'], packages_ignore=None, packages_ignore_regex=None, paths=None, packages_up_to=None, packages_up_to_regex=None, packages_above=None, packages_above_and_dependencies=None, packages_above_depth=None, packages_select_by_dep=None, packages_skip_by_dep=None, packages_skip_up_to=None, packages_select_build_failed=False, packages_skip_build_finished=False, packages_select_test_failures=False, packages_skip_test_passed=False, packages_select=None, packages_skip=None, packages_select_regex=None, packages_skip_regex=None, packages_start=None, packages_end=None, allow_overriding=[], cmake_args=None, cmake_target=None, cmake_target_skip_unavailable=False, cmake_clean_cache=False, cmake_clean_first=False, cmake_force_configure=False, ament_cmake_args=None, catkin_cmake_args=None, catkin_skip_building_tests=False, mixin_files=None, mixin=None, verb_parser=<colcon_mixin.mixin.mixin_argument.MixinArgumentDecorator object at 0x71434bede3e0>, verb_extension=<colcon_core.verb.build.BuildVerb object at 0x71434bfdf2e0>, main=<bound method BuildVerb.main of <colcon_core.verb.build.BuildVerb object at 0x71434bfdf2e0>>, mixin_verb=('build',))
[0.274s] Level 1:colcon.colcon_core.package_discovery:discover_packages(colcon_meta) check parameters
[0.275s] Level 1:colcon.colcon_core.package_discovery:discover_packages(recursive) check parameters
[0.275s] Level 1:colcon.colcon_core.package_discovery:discover_packages(ignore) check parameters
[0.275s] Level 1:colcon.colcon_core.package_discovery:discover_packages(path) check parameters
[0.275s] Level 1:colcon.colcon_core.package_discovery:discover_packages(colcon_meta) discover
[0.275s] Level 1:colcon.colcon_core.package_discovery:discover_packages(recursive) discover
[0.275s] INFO:colcon.colcon_core.package_discovery:Crawling recursively for packages in '/home/kargla/robot_movement'
[0.275s] Level 1:colcon.colcon_core.package_identification:_identify(.) by extensions ['ignore', 'ignore_ament_install']
[0.275s] Level 1:colcon.colcon_core.package_identification:_identify(.) by extension 'ignore'
[0.275s] Level 1:colcon.colcon_core.package_identification:_identify(.) by extension 'ignore_ament_install'
[0.275s] Level 1:colcon.colcon_core.package_identification:_identify(.) by extensions ['colcon_pkg']
[0.275s] Level 1:colcon.colcon_core.package_identification:_identify(.) by extension 'colcon_pkg'
[0.275s] Level 1:colcon.colcon_core.package_identification:_identify(.) by extensions ['colcon_meta']
[0.275s] Level 1:colcon.colcon_core.package_identification:_identify(.) by extension 'colcon_meta'
[0.275s] Level 1:colcon.colcon_core.package_identification:_identify(.) by extensions ['ros']
[0.275s] Level 1:colcon.colcon_core.package_identification:_identify(.) by extension 'ros'
[0.287s] Level 1:colcon.colcon_core.package_identification:_identify(.) by extensions ['cmake', 'python']
[0.287s] Level 1:colcon.colcon_core.package_identification:_identify(.) by extension 'cmake'
[0.287s] Level 1:colcon.colcon_core.package_identification:_identify(.) by extension 'python'
[0.288s] Level 1:colcon.colcon_core.package_identification:_identify(.) by extensions ['python_setup_py']
[0.288s] Level 1:colcon.colcon_core.package_identification:_identify(.) by extension 'python_setup_py'
[0.288s] Level 1:colcon.colcon_core.package_identification:_identify(build) by extensions ['ignore', 'ignore_ament_install']
[0.288s] Level 1:colcon.colcon_core.package_identification:_identify(build) by extension 'ignore'
[0.288s] Level 1:colcon.colcon_core.package_identification:_identify(build) ignored
[0.288s] Level 1:colcon.colcon_core.package_identification:_identify(install) by extensions ['ignore', 'ignore_ament_install']
[0.288s] Level 1:colcon.colcon_core.package_identification:_identify(install) by extension 'ignore'
[0.288s] Level 1:colcon.colcon_core.package_identification:_identify(install) ignored
[0.288s] Level 1:colcon.colcon_core.package_identification:_identify(log) by extensions ['ignore', 'ignore_ament_install']
[0.288s] Level 1:colcon.colcon_core.package_identification:_identify(log) by extension 'ignore'
[0.289s] Level 1:colcon.colcon_core.package_identification:_identify(log) ignored
[0.289s] Level 1:colcon.colcon_core.package_identification:_identify(src) by extensions ['ignore', 'ignore_ament_install']
[0.289s] Level 1:colcon.colcon_core.package_identification:_identify(src) by extension 'ignore'
[0.289s] Level 1:colcon.colcon_core.package_identification:_identify(src) by extension 'ignore_ament_install'
[0.289s] Level 1:colcon.colcon_core.package_identification:_identify(src) by extensions ['colcon_pkg']
[0.289s] Level 1:colcon.colcon_core.package_identification:_identify(src) by extension 'colcon_pkg'
[0.289s] Level 1:colcon.colcon_core.package_identification:_identify(src) by extensions ['colcon_meta']
[0.289s] Level 1:colcon.colcon_core.package_identification:_identify(src) by extension 'colcon_meta'
[0.289s] Level 1:colcon.colcon_core.package_identification:_identify(src) by extensions ['ros']
[0.289s] Level 1:colcon.colcon_core.package_identification:_identify(src) by extension 'ros'
[0.289s] Level 1:colcon.colcon_core.package_identification:_identify(src) by extensions ['cmake', 'python']
[0.289s] Level 1:colcon.colcon_core.package_identification:_identify(src) by extension 'cmake'
[0.289s] Level 1:colcon.colcon_core.package_identification:_identify(src) by extension 'python'
[0.289s] Level 1:colcon.colcon_core.package_identification:_identify(src) by extensions ['python_setup_py']
[0.289s] Level 1:colcon.colcon_core.package_identification:_identify(src) by extension 'python_setup_py'
[0.289s] Level 1:colcon.colcon_core.package_identification:_identify(src/movement_info) by extensions ['ignore', 'ignore_ament_install']
[0.290s] Level 1:colcon.colcon_core.package_identification:_identify(src/movement_info) by extension 'ignore'
[0.290s] Level 1:colcon.colcon_core.package_identification:_identify(src/movement_info) by extension 'ignore_ament_install'
[0.290s] Level 1:colcon.colcon_core.package_identification:_identify(src/movement_info) by extensions ['colcon_pkg']
[0.290s] Level 1:colcon.colcon_core.package_identification:_identify(src/movement_info) by extension 'colcon_pkg'
[0.290s] Level 1:colcon.colcon_core.package_identification:_identify(src/movement_info) by extensions ['colcon_meta']
[0.290s] Level 1:colcon.colcon_core.package_identification:_identify(src/movement_info) by extension 'colcon_meta'
[0.290s] Level 1:colcon.colcon_core.package_identification:_identify(src/movement_info) by extensions ['ros']
[0.290s] Level 1:colcon.colcon_core.package_identification:_identify(src/movement_info) by extension 'ros'
[0.293s] DEBUG:colcon.colcon_core.package_identification:Package 'src/movement_info' with type 'ros.ament_cmake' and name 'movement_info'
[0.294s] Level 1:colcon.colcon_core.package_identification:_identify(src/movement_info_msgs) by extensions ['ignore', 'ignore_ament_install']
[0.294s] Level 1:colcon.colcon_core.package_identification:_identify(src/movement_info_msgs) by extension 'ignore'
[0.294s] Level 1:colcon.colcon_core.package_identification:_identify(src/movement_info_msgs) by extension 'ignore_ament_install'
[0.294s] Level 1:colcon.colcon_core.package_identification:_identify(src/movement_info_msgs) by extensions ['colcon_pkg']
[0.294s] Level 1:colcon.colcon_core.package_identification:_identify(src/movement_info_msgs) by extension 'colcon_pkg'
[0.294s] Level 1:colcon.colcon_core.package_identification:_identify(src/movement_info_msgs) by extensions ['colcon_meta']
[0.294s] Level 1:colcon.colcon_core.package_identification:_identify(src/movement_info_msgs) by extension 'colcon_meta'
[0.294s] Level 1:colcon.colcon_core.package_identification:_identify(src/movement_info_msgs) by extensions ['ros']
[0.294s] Level 1:colcon.colcon_core.package_identification:_identify(src/movement_info_msgs) by extension 'ros'
[0.295s] DEBUG:colcon.colcon_core.package_identification:Package 'src/movement_info_msgs' with type 'ros.ament_cmake' and name 'movement_info_msgs'
[0.295s] Level 1:colcon.colcon_core.package_discovery:discover_packages(recursive) using defaults
[0.295s] Level 1:colcon.colcon_core.package_discovery:discover_packages(ignore) discover
[0.295s] Level 1:colcon.colcon_core.package_discovery:discover_packages(ignore) using defaults
[0.295s] Level 1:colcon.colcon_core.package_discovery:discover_packages(path) discover
[0.295s] Level 1:colcon.colcon_core.package_discovery:discover_packages(path) using defaults
[0.316s] Level 1:colcon.colcon_core.package_discovery:discover_packages(prefix_path) check parameters
[0.316s] Level 1:colcon.colcon_core.package_discovery:discover_packages(prefix_path) discover
[0.332s] DEBUG:colcon.colcon_installed_package_information.package_discovery:Found 2 installed packages in /home/kargla/robot_movement/install
[0.334s] DEBUG:colcon.colcon_installed_package_information.package_discovery:Found 270 installed packages in /opt/ros/humble
[0.335s] Level 1:colcon.colcon_core.package_discovery:discover_packages(prefix_path) using defaults
[0.373s] Level 5:colcon.colcon_core.verb:set package 'movement_info' build argument 'cmake_args' from command line to 'None'
[0.373s] Level 5:colcon.colcon_core.verb:set package 'movement_info' build argument 'cmake_target' from command line to 'None'
[0.373s] Level 5:colcon.colcon_core.verb:set package 'movement_info' build argument 'cmake_target_skip_unavailable' from command line to 'False'
[0.373s] Level 5:colcon.colcon_core.verb:set package 'movement_info' build argument 'cmake_clean_cache' from command line to 'False'
[0.373s] Level 5:colcon.colcon_core.verb:set package 'movement_info' build argument 'cmake_clean_first' from command line to 'False'
[0.373s] Level 5:colcon.colcon_core.verb:set package 'movement_info' build argument 'cmake_force_configure' from command line to 'False'
[0.373s] Level 5:colcon.colcon_core.verb:set package 'movement_info' build argument 'ament_cmake_args' from command line to 'None'
[0.374s] Level 5:colcon.colcon_core.verb:set package 'movement_info' build argument 'catkin_cmake_args' from command line to 'None'
[0.374s] Level 5:colcon.colcon_core.verb:set package 'movement_info' build argument 'catkin_skip_building_tests' from command line to 'False'
[0.374s] DEBUG:colcon.colcon_core.verb:Building package 'movement_info' with the following arguments: {'ament_cmake_args': None, 'build_base': '/home/kargla/robot_movement/build/movement_info', 'catkin_cmake_args': None, 'catkin_skip_building_tests': False, 'cmake_args': None, 'cmake_clean_cache': False, 'cmake_clean_first': False, 'cmake_force_configure': False, 'cmake_target': None, 'cmake_target_skip_unavailable': False, 'install_base': '/home/kargla/robot_movement/install/movement_info', 'merge_install': False, 'path': '/home/kargla/robot_movement/src/movement_info', 'symlink_install': False, 'test_result_base': None}
[0.374s] Level 5:colcon.colcon_core.verb:set package 'movement_info_msgs' build argument 'cmake_args' from command line to 'None'
[0.374s] Level 5:colcon.colcon_core.verb:set package 'movement_info_msgs' build argument 'cmake_target' from command line to 'None'
[0.374s] Level 5:colcon.colcon_core.verb:set package 'movement_info_msgs' build argument 'cmake_target_skip_unavailable' from command line to 'False'
[0.374s] Level 5:colcon.colcon_core.verb:set package 'movement_info_msgs' build argument 'cmake_clean_cache' from command line to 'False'
[0.374s] Level 5:colcon.colcon_core.verb:set package 'movement_info_msgs' build argument 'cmake_clean_first' from command line to 'False'
[0.374s] Level 5:colcon.colcon_core.verb:set package 'movement_info_msgs' build argument 'cmake_force_configure' from command line to 'False'
[0.374s] Level 5:colcon.colcon_core.verb:set package 'movement_info_msgs' build argument 'ament_cmake_args' from command line to 'None'
[0.374s] Level 5:colcon.colcon_core.verb:set package 'movement_info_msgs' build argument 'catkin_cmake_args' from command line to 'None'
[0.374s] Level 5:colcon.colcon_core.verb:set package 'movement_info_msgs' build argument 'catkin_skip_building_tests' from command line to 'False'
[0.374s] DEBUG:colcon.colcon_core.verb:Building package 'movement_info_msgs' with the following arguments: {'ament_cmake_args': None, 'build_base': '/home/kargla/robot_movement/build/movement_info_msgs', 'catkin_cmake_args': None, 'catkin_skip_building_tests': False, 'cmake_args': None, 'cmake_clean_cache': False, 'cmake_clean_first': False, 'cmake_force_configure': False, 'cmake_target': None, 'cmake_target_skip_unavailable': False, 'install_base': '/home/kargla/robot_movement/install/movement_info_msgs', 'merge_install': False, 'path': '/home/kargla/robot_movement/src/movement_info_msgs', 'symlink_install': False, 'test_result_base': None}
[0.375s] INFO:colcon.colcon_core.executor:Executing jobs using 'parallel' executor
[0.376s] DEBUG:colcon.colcon_parallel_executor.executor.parallel:run_until_complete
[0.376s] INFO:colcon.colcon_ros.task.ament_cmake.build:Building ROS package in '/home/kargla/robot_movement/src/movement_info' with build type 'ament_cmake'
[0.376s] INFO:colcon.colcon_cmake.task.cmake.build:Building CMake package in '/home/kargla/robot_movement/src/movement_info'
[0.378s] INFO:colcon.colcon_core.plugin_system:Skipping extension 'colcon_core.shell.bat': Not used on non-Windows systems
[0.378s] INFO:colcon.colcon_core.shell:Skip shell extension 'powershell' for command environment: Not usable outside of PowerShell
[0.378s] DEBUG:colcon.colcon_core.shell:Skip shell extension 'dsv' for command environment
[0.383s] INFO:colcon.colcon_ros.task.ament_cmake.build:Building ROS package in '/home/kargla/robot_movement/src/movement_info_msgs' with build type 'ament_cmake'
[0.383s] INFO:colcon.colcon_cmake.task.cmake.build:Building CMake package in '/home/kargla/robot_movement/src/movement_info_msgs'
[0.384s] INFO:colcon.colcon_core.shell:Skip shell extension 'powershell' for command environment: Not usable outside of PowerShell
[0.384s] DEBUG:colcon.colcon_core.shell:Skip shell extension 'dsv' for command environment
[0.399s] DEBUG:colcon.colcon_core.event_handler.log_command:Invoking command in '/home/kargla/robot_movement/build/movement_info': CMAKE_PREFIX_PATH=${CMAKE_PREFIX_PATH}:/opt/ros/humble /usr/bin/cmake --build /home/kargla/robot_movement/build/movement_info -- -j12 -l12
[0.403s] DEBUG:colcon.colcon_core.event_handler.log_command:Invoking command in '/home/kargla/robot_movement/build/movement_info_msgs': CMAKE_PREFIX_PATH=${CMAKE_PREFIX_PATH}:/opt/ros/humble /usr/bin/cmake --build /home/kargla/robot_movement/build/movement_info_msgs -- -j12 -l12
[1.044s] DEBUG:colcon.colcon_core.event_handler.log_command:Invoked command in '/home/kargla/robot_movement/build/movement_info_msgs' returned '0': CMAKE_PREFIX_PATH=${CMAKE_PREFIX_PATH}:/opt/ros/humble /usr/bin/cmake --build /home/kargla/robot_movement/build/movement_info_msgs -- -j12 -l12
[1.062s] DEBUG:colcon.colcon_core.event_handler.log_command:Invoking command in '/home/kargla/robot_movement/build/movement_info_msgs': CMAKE_PREFIX_PATH=${CMAKE_PREFIX_PATH}:/opt/ros/humble /usr/bin/cmake --install /home/kargla/robot_movement/build/movement_info_msgs
[1.143s] Level 1:colcon.colcon_core.environment:create_environment_scripts_only(movement_info_msgs)
[1.144s] DEBUG:colcon.colcon_core.event_handler.log_command:Invoked command in '/home/kargla/robot_movement/build/movement_info_msgs' returned '0': CMAKE_PREFIX_PATH=${CMAKE_PREFIX_PATH}:/opt/ros/humble /usr/bin/cmake --install /home/kargla/robot_movement/build/movement_info_msgs
[1.147s] Level 1:colcon.colcon_core.environment:checking '/home/kargla/robot_movement/install/movement_info_msgs' for CMake module files
[1.148s] Level 1:colcon.colcon_core.environment:checking '/home/kargla/robot_movement/install/movement_info_msgs' for CMake config files
[1.149s] Level 1:colcon.colcon_core.shell:create_environment_hook('movement_info_msgs', 'cmake_prefix_path')
[1.149s] INFO:colcon.colcon_core.shell:Creating environment hook '/home/kargla/robot_movement/install/movement_info_msgs/share/movement_info_msgs/hook/cmake_prefix_path.ps1'
[1.150s] INFO:colcon.colcon_core.shell:Creating environment descriptor '/home/kargla/robot_movement/install/movement_info_msgs/share/movement_info_msgs/hook/cmake_prefix_path.dsv'
[1.151s] INFO:colcon.colcon_core.shell:Creating environment hook '/home/kargla/robot_movement/install/movement_info_msgs/share/movement_info_msgs/hook/cmake_prefix_path.sh'
[1.152s] Level 1:colcon.colcon_core.environment:checking '/home/kargla/robot_movement/install/movement_info_msgs/lib'
[1.153s] Level 1:colcon.colcon_core.shell:create_environment_hook('movement_info_msgs', 'ld_library_path_lib')
[1.153s] INFO:colcon.colcon_core.shell:Creating environment hook '/home/kargla/robot_movement/install/movement_info_msgs/share/movement_info_msgs/hook/ld_library_path_lib.ps1'
[1.154s] INFO:colcon.colcon_core.shell:Creating environment descriptor '/home/kargla/robot_movement/install/movement_info_msgs/share/movement_info_msgs/hook/ld_library_path_lib.dsv'
[1.155s] INFO:colcon.colcon_core.shell:Creating environment hook '/home/kargla/robot_movement/install/movement_info_msgs/share/movement_info_msgs/hook/ld_library_path_lib.sh'
[1.156s] Level 1:colcon.colcon_core.environment:checking '/home/kargla/robot_movement/install/movement_info_msgs/bin'
[1.156s] Level 1:colcon.colcon_core.environment:checking '/home/kargla/robot_movement/install/movement_info_msgs/lib/pkgconfig/movement_info_msgs.pc'
[1.156s] Level 1:colcon.colcon_core.environment:checking '/home/kargla/robot_movement/install/movement_info_msgs/lib/python3.10/site-packages'
[1.157s] Level 1:colcon.colcon_core.environment:checking '/home/kargla/robot_movement/install/movement_info_msgs/bin'
[1.157s] INFO:colcon.colcon_core.shell:Creating package script '/home/kargla/robot_movement/install/movement_info_msgs/share/movement_info_msgs/package.ps1'
[1.159s] INFO:colcon.colcon_core.shell:Creating package descriptor '/home/kargla/robot_movement/install/movement_info_msgs/share/movement_info_msgs/package.dsv'
[1.160s] INFO:colcon.colcon_core.shell:Creating package script '/home/kargla/robot_movement/install/movement_info_msgs/share/movement_info_msgs/package.sh'
[1.161s] INFO:colcon.colcon_core.shell:Creating package script '/home/kargla/robot_movement/install/movement_info_msgs/share/movement_info_msgs/package.bash'
[1.162s] INFO:colcon.colcon_core.shell:Creating package script '/home/kargla/robot_movement/install/movement_info_msgs/share/movement_info_msgs/package.zsh'
[1.163s] Level 1:colcon.colcon_core.environment:create_file_with_runtime_dependencies(/home/kargla/robot_movement/install/movement_info_msgs/share/colcon-core/packages/movement_info_msgs)
[1.164s] Level 1:colcon.colcon_core.environment:create_environment_scripts_only(movement_info_msgs)
[1.164s] Level 1:colcon.colcon_core.environment:checking '/home/kargla/robot_movement/install/movement_info_msgs' for CMake module files
[1.165s] Level 1:colcon.colcon_core.environment:checking '/home/kargla/robot_movement/install/movement_info_msgs' for CMake config files
[1.166s] Level 1:colcon.colcon_core.shell:create_environment_hook('movement_info_msgs', 'cmake_prefix_path')
[1.166s] INFO:colcon.colcon_core.shell:Creating environment hook '/home/kargla/robot_movement/install/movement_info_msgs/share/movement_info_msgs/hook/cmake_prefix_path.ps1'
[1.167s] INFO:colcon.colcon_core.shell:Creating environment descriptor '/home/kargla/robot_movement/install/movement_info_msgs/share/movement_info_msgs/hook/cmake_prefix_path.dsv'
[1.168s] INFO:colcon.colcon_core.shell:Creating environment hook '/home/kargla/robot_movement/install/movement_info_msgs/share/movement_info_msgs/hook/cmake_prefix_path.sh'
[1.168s] Level 1:colcon.colcon_core.environment:checking '/home/kargla/robot_movement/install/movement_info_msgs/lib'
[1.168s] Level 1:colcon.colcon_core.shell:create_environment_hook('movement_info_msgs', 'ld_library_path_lib')
[1.169s] INFO:colcon.colcon_core.shell:Creating environment hook '/home/kargla/robot_movement/install/movement_info_msgs/share/movement_info_msgs/hook/ld_library_path_lib.ps1'
[1.169s] INFO:colcon.colcon_core.shell:Creating environment descriptor '/home/kargla/robot_movement/install/movement_info_msgs/share/movement_info_msgs/hook/ld_library_path_lib.dsv'
[1.170s] INFO:colcon.colcon_core.shell:Creating environment hook '/home/kargla/robot_movement/install/movement_info_msgs/share/movement_info_msgs/hook/ld_library_path_lib.sh'
[1.170s] Level 1:colcon.colcon_core.environment:checking '/home/kargla/robot_movement/install/movement_info_msgs/bin'
[1.171s] Level 1:colcon.colcon_core.environment:checking '/home/kargla/robot_movement/install/movement_info_msgs/lib/pkgconfig/movement_info_msgs.pc'
[1.171s] Level 1:colcon.colcon_core.environment:checking '/home/kargla/robot_movement/install/movement_info_msgs/lib/python3.10/site-packages'
[1.171s] Level 1:colcon.colcon_core.environment:checking '/home/kargla/robot_movement/install/movement_info_msgs/bin'
[1.172s] INFO:colcon.colcon_core.shell:Creating package script '/home/kargla/robot_movement/install/movement_info_msgs/share/movement_info_msgs/package.ps1'
[1.173s] INFO:colcon.colcon_core.shell:Creating package descriptor '/home/kargla/robot_movement/install/movement_info_msgs/share/movement_info_msgs/package.dsv'
[1.174s] INFO:colcon.colcon_core.shell:Creating package script '/home/kargla/robot_movement/install/movement_info_msgs/share/movement_info_msgs/package.sh'
[1.174s] INFO:colcon.colcon_core.shell:Creating package script '/home/kargla/robot_movement/install/movement_info_msgs/share/movement_info_msgs/package.bash'
[1.176s] INFO:colcon.colcon_core.shell:Creating package script '/home/kargla/robot_movement/install/movement_info_msgs/share/movement_info_msgs/package.zsh'
[1.176s] Level 1:colcon.colcon_core.environment:create_file_with_runtime_dependencies(/home/kargla/robot_movement/install/movement_info_msgs/share/colcon-core/packages/movement_info_msgs)
[19.038s] DEBUG:colcon.colcon_core.event_handler.log_command:Invoked command in '/home/kargla/robot_movement/build/movement_info' returned '0': CMAKE_PREFIX_PATH=${CMAKE_PREFIX_PATH}:/opt/ros/humble /usr/bin/cmake --build /home/kargla/robot_movement/build/movement_info -- -j12 -l12
[19.041s] DEBUG:colcon.colcon_core.event_handler.log_command:Invoking command in '/home/kargla/robot_movement/build/movement_info': CMAKE_PREFIX_PATH=${CMAKE_PREFIX_PATH}:/opt/ros/humble /usr/bin/cmake --install /home/kargla/robot_movement/build/movement_info
[19.062s] Level 1:colcon.colcon_core.environment:create_environment_scripts_only(movement_info)
[19.062s] DEBUG:colcon.colcon_core.event_handler.log_command:Invoked command in '/home/kargla/robot_movement/build/movement_info' returned '0': CMAKE_PREFIX_PATH=${CMAKE_PREFIX_PATH}:/opt/ros/humble /usr/bin/cmake --install /home/kargla/robot_movement/build/movement_info
[19.063s] Level 1:colcon.colcon_core.environment:checking '/home/kargla/robot_movement/install/movement_info' for CMake module files
[19.064s] Level 1:colcon.colcon_core.environment:checking '/home/kargla/robot_movement/install/movement_info' for CMake config files
[19.064s] Level 1:colcon.colcon_core.shell:create_environment_hook('movement_info', 'cmake_prefix_path')
[19.064s] INFO:colcon.colcon_core.shell:Creating environment hook '/home/kargla/robot_movement/install/movement_info/share/movement_info/hook/cmake_prefix_path.ps1'
[19.065s] INFO:colcon.colcon_core.shell:Creating environment descriptor '/home/kargla/robot_movement/install/movement_info/share/movement_info/hook/cmake_prefix_path.dsv'
[19.065s] INFO:colcon.colcon_core.shell:Creating environment hook '/home/kargla/robot_movement/install/movement_info/share/movement_info/hook/cmake_prefix_path.sh'
[19.066s] Level 1:colcon.colcon_core.environment:checking '/home/kargla/robot_movement/install/movement_info/lib'
[19.066s] Level 1:colcon.colcon_core.environment:checking '/home/kargla/robot_movement/install/movement_info/bin'
[19.066s] Level 1:colcon.colcon_core.environment:checking '/home/kargla/robot_movement/install/movement_info/lib/pkgconfig/movement_info.pc'
[19.066s] Level 1:colcon.colcon_core.environment:checking '/home/kargla/robot_movement/install/movement_info/lib/python3.10/site-packages'
[19.066s] Level 1:colcon.colcon_core.environment:checking '/home/kargla/robot_movement/install/movement_info/bin'
[19.067s] INFO:colcon.colcon_core.shell:Creating package script '/home/kargla/robot_movement/install/movement_info/share/movement_info/package.ps1'
[19.067s] INFO:colcon.colcon_core.shell:Creating package descriptor '/home/kargla/robot_movement/install/movement_info/share/movement_info/package.dsv'
[19.067s] INFO:colcon.colcon_core.shell:Creating package script '/home/kargla/robot_movement/install/movement_info/share/movement_info/package.sh'
[19.068s] INFO:colcon.colcon_core.shell:Creating package script '/home/kargla/robot_movement/install/movement_info/share/movement_info/package.bash'
[19.068s] INFO:colcon.colcon_core.shell:Creating package script '/home/kargla/robot_movement/install/movement_info/share/movement_info/package.zsh'
[19.069s] Level 1:colcon.colcon_core.environment:create_file_with_runtime_dependencies(/home/kargla/robot_movement/install/movement_info/share/colcon-core/packages/movement_info)
[19.069s] Level 1:colcon.colcon_core.environment:create_environment_scripts_only(movement_info)
[19.069s] Level 1:colcon.colcon_core.environment:checking '/home/kargla/robot_movement/install/movement_info' for CMake module files
[19.070s] Level 1:colcon.colcon_core.environment:checking '/home/kargla/robot_movement/install/movement_info' for CMake config files
[19.070s] Level 1:colcon.colcon_core.shell:create_environment_hook('movement_info', 'cmake_prefix_path')
[19.070s] INFO:colcon.colcon_core.shell:Creating environment hook '/home/kargla/robot_movement/install/movement_info/share/movement_info/hook/cmake_prefix_path.ps1'
[19.070s] INFO:colcon.colcon_core.shell:Creating environment descriptor '/home/kargla/robot_movement/install/movement_info/share/movement_info/hook/cmake_prefix_path.dsv'
[19.071s] INFO:colcon.colcon_core.shell:Creating environment hook '/home/kargla/robot_movement/install/movement_info/share/movement_info/hook/cmake_prefix_path.sh'
[19.071s] Level 1:colcon.colcon_core.environment:checking '/home/kargla/robot_movement/install/movement_info/lib'
[19.071s] Level 1:colcon.colcon_core.environment:checking '/home/kargla/robot_movement/install/movement_info/bin'
[19.071s] Level 1:colcon.colcon_core.environment:checking '/home/kargla/robot_movement/install/movement_info/lib/pkgconfig/movement_info.pc'
[19.072s] Level 1:colcon.colcon_core.environment:checking '/home/kargla/robot_movement/install/movement_info/lib/python3.10/site-packages'
[19.072s] Level 1:colcon.colcon_core.environment:checking '/home/kargla/robot_movement/install/movement_info/bin'
[19.072s] INFO:colcon.colcon_core.shell:Creating package script '/home/kargla/robot_movement/install/movement_info/share/movement_info/package.ps1'
[19.073s] INFO:colcon.colcon_core.shell:Creating package descriptor '/home/kargla/robot_movement/install/movement_info/share/movement_info/package.dsv'
[19.073s] INFO:colcon.colcon_core.shell:Creating package script '/home/kargla/robot_movement/install/movement_info/share/movement_info/package.sh'
[19.074s] INFO:colcon.colcon_core.shell:Creating package script '/home/kargla/robot_movement/install/movement_info/share/movement_info/package.bash'
[19.074s] INFO:colcon.colcon_core.shell:Creating package script '/home/kargla/robot_movement/install/movement_info/share/movement_info/package.zsh'
[19.075s] Level 1:colcon.colcon_core.environment:create_file_with_runtime_dependencies(/home/kargla/robot_movement/install/movement_info/share/colcon-core/packages/movement_info)
[19.075s] DEBUG:colcon.colcon_parallel_executor.executor.parallel:closing loop
[19.075s] DEBUG:colcon.colcon_parallel_executor.executor.parallel:loop closed
[19.075s] DEBUG:colcon.colcon_parallel_executor.executor.parallel:run_until_complete finished with '0'
[19.075s] DEBUG:colcon.colcon_core.event_reactor:joining thread
[19.082s] INFO:colcon.colcon_core.plugin_system:Skipping extension 'colcon_notification.desktop_notification.terminal_notifier': Not used on non-Darwin systems
[19.082s] INFO:colcon.colcon_core.plugin_system:Skipping extension 'colcon_notification.desktop_notification.win32': Not used on non-Windows systems
[19.082s] INFO:colcon.colcon_notification.desktop_notification:Sending desktop notification using 'notify2'
[19.100s] DEBUG:colcon.colcon_core.event_reactor:joined thread
[19.101s] INFO:colcon.colcon_core.shell:Creating prefix script '/home/kargla/robot_movement/install/local_setup.ps1'
[19.102s] INFO:colcon.colcon_core.shell:Creating prefix util module '/home/kargla/robot_movement/install/_local_setup_util_ps1.py'
[19.104s] INFO:colcon.colcon_core.shell:Creating prefix chain script '/home/kargla/robot_movement/install/setup.ps1'
[19.105s] INFO:colcon.colcon_core.shell:Creating prefix script '/home/kargla/robot_movement/install/local_setup.sh'
[19.106s] INFO:colcon.colcon_core.shell:Creating prefix util module '/home/kargla/robot_movement/install/_local_setup_util_sh.py'
[19.107s] INFO:colcon.colcon_core.shell:Creating prefix chain script '/home/kargla/robot_movement/install/setup.sh'
[19.108s] INFO:colcon.colcon_core.shell:Creating prefix script '/home/kargla/robot_movement/install/local_setup.bash'
[19.109s] INFO:colcon.colcon_core.shell:Creating prefix chain script '/home/kargla/robot_movement/install/setup.bash'
[19.110s] INFO:colcon.colcon_core.shell:Creating prefix script '/home/kargla/robot_movement/install/local_setup.zsh'
[19.111s] INFO:colcon.colcon_core.shell:Creating prefix chain script '/home/kargla/robot_movement/install/setup.zsh'
