[0.014s] Invoking command in '/home/kargla/robot_movement/build/movement_info': CMAKE_PREFIX_PATH=/opt/ros/humble /usr/bin/cmake --build /home/kargla/robot_movement/build/movement_info -- -j12 -l12
[0.069s] [35m[1mConsolidate compiler generated dependencies of target movement[0m
[0.099s] [ 50%] [32mBuilding CXX object CMakeFiles/movement.dir/src/movement.cpp.o[0m
[3.130s] [01m[K/home/kargla/robot_movement/src/movement_info/src/movement.cpp:[m[K In constructor ‘[01m[KMovement::Movement()[m[K’:
[3.130s] [01m[K/home/kargla/robot_movement/src/movement_info/src/movement.cpp:13:28:[m[K [01;31m[Kerror: [m[Kno matching function for call to ‘[01m[KMovement::get_parameter(const char [9], float&, double)[m[K’
[3.130s]    13 |         [01;31m[Kthis->get_parameter("treshold", treshold, 0.1)[m[K;
[3.130s]       |         [01;31m[K~~~~~~~~~~~~~~~~~~~^~~~~~~~~~~~~~~~~~~~~~~~~~~[m[K
[3.130s] In file included from [01m[K/opt/ros/humble/include/rclcpp/rclcpp/executors/single_threaded_executor.hpp:28[m[K,
[3.131s]                  from [01m[K/opt/ros/humble/include/rclcpp/rclcpp/executors.hpp:22[m[K,
[3.131s]                  from [01m[K/opt/ros/humble/include/rclcpp/rclcpp/rclcpp.hpp:155[m[K,
[3.131s]                  from [01m[K/home/kargla/robot_movement/src/movement_info/src/movement.cpp:1[m[K:
[3.131s] [01m[K/opt/ros/humble/include/rclcpp/rclcpp/node.hpp:683:3:[m[K [01;36m[Knote: [m[Kcandidate: ‘[01m[Ktemplate<class ParameterT> bool rclcpp::Node::get_parameter(const string&, ParameterT&) const[m[K’
[3.131s]   683 |   [01;36m[Kget_parameter[m[K(const std::string & name, ParameterT & parameter) const;
[3.131s]       |   [01;36m[K^~~~~~~~~~~~~[m[K
[3.131s] [01m[K/opt/ros/humble/include/rclcpp/rclcpp/node.hpp:683:3:[m[K [01;36m[Knote: [m[K  template argument deduction/substitution failed:
[3.131s] [01m[K/home/kargla/robot_movement/src/movement_info/src/movement.cpp:13:28:[m[K [01;36m[Knote: [m[K  candidate expects 2 arguments, 3 provided
[3.131s]    13 |         [01;36m[Kthis->get_parameter("treshold", treshold, 0.1)[m[K;
[3.131s]       |         [01;36m[K~~~~~~~~~~~~~~~~~~~^~~~~~~~~~~~~~~~~~~~~~~~~~~[m[K
[3.131s] In file included from [01m[K/opt/ros/humble/include/rclcpp/rclcpp/executors/single_threaded_executor.hpp:28[m[K,
[3.131s]                  from [01m[K/opt/ros/humble/include/rclcpp/rclcpp/executors.hpp:22[m[K,
[3.131s]                  from [01m[K/opt/ros/humble/include/rclcpp/rclcpp/rclcpp.hpp:155[m[K,
[3.131s]                  from [01m[K/home/kargla/robot_movement/src/movement_info/src/movement.cpp:1[m[K:
[3.131s] [01m[K/opt/ros/humble/include/rclcpp/rclcpp/node.hpp:647:3:[m[K [01;36m[Knote: [m[Kcandidate: ‘[01m[Krclcpp::Parameter rclcpp::Node::get_parameter(const string&) const[m[K’
[3.131s]   647 |   [01;36m[Kget_parameter[m[K(const std::string & name) const;
[3.131s]       |   [01;36m[K^~~~~~~~~~~~~[m[K
[3.131s] [01m[K/opt/ros/humble/include/rclcpp/rclcpp/node.hpp:647:3:[m[K [01;36m[Knote: [m[K  candidate expects 1 argument, 3 provided
[3.132s] [01m[K/opt/ros/humble/include/rclcpp/rclcpp/node.hpp:666:3:[m[K [01;36m[Knote: [m[Kcandidate: ‘[01m[Kbool rclcpp::Node::get_parameter(const string&, rclcpp::Parameter&) const[m[K’
[3.132s]   666 |   [01;36m[Kget_parameter[m[K(const std::string & name, rclcpp::Parameter & parameter) const;
[3.132s]       |   [01;36m[K^~~~~~~~~~~~~[m[K
[3.132s] [01m[K/opt/ros/humble/include/rclcpp/rclcpp/node.hpp:666:3:[m[K [01;36m[Knote: [m[K  candidate expects 2 arguments, 3 provided
[3.132s] [01m[K/home/kargla/robot_movement/src/movement_info/src/movement.cpp:14:28:[m[K [01;31m[Kerror: [m[Kno matching function for call to ‘[01m[KMovement::get_parameter(const char [15], std::string&, const char [22])[m[K’
[3.132s]    14 |         [01;31m[Kthis->get_parameter("odometry_topic", odometry_topic, "/ibp3/diff_drive/odom")[m[K;
[3.132s]       |         [01;31m[K~~~~~~~~~~~~~~~~~~~^~~~~~~~~~~~~~~~~~~~~~~~~~~~~~~~~~~~~~~~~~~~~~~~~~~~~~~~~~~[m[K
[3.132s] In file included from [01m[K/opt/ros/humble/include/rclcpp/rclcpp/executors/single_threaded_executor.hpp:28[m[K,
[3.132s]                  from [01m[K/opt/ros/humble/include/rclcpp/rclcpp/executors.hpp:22[m[K,
[3.132s]                  from [01m[K/opt/ros/humble/include/rclcpp/rclcpp/rclcpp.hpp:155[m[K,
[3.132s]                  from [01m[K/home/kargla/robot_movement/src/movement_info/src/movement.cpp:1[m[K:
[3.132s] [01m[K/opt/ros/humble/include/rclcpp/rclcpp/node.hpp:683:3:[m[K [01;36m[Knote: [m[Kcandidate: ‘[01m[Ktemplate<class ParameterT> bool rclcpp::Node::get_parameter(const string&, ParameterT&) const[m[K’
[3.132s]   683 |   [01;36m[Kget_parameter[m[K(const std::string & name, ParameterT & parameter) const;
[3.132s]       |   [01;36m[K^~~~~~~~~~~~~[m[K
[3.132s] [01m[K/opt/ros/humble/include/rclcpp/rclcpp/node.hpp:683:3:[m[K [01;36m[Knote: [m[K  template argument deduction/substitution failed:
[3.132s] [01m[K/home/kargla/robot_movement/src/movement_info/src/movement.cpp:14:28:[m[K [01;36m[Knote: [m[K  candidate expects 2 arguments, 3 provided
[3.132s]    14 |         [01;36m[Kthis->get_parameter("odometry_topic", odometry_topic, "/ibp3/diff_drive/odom")[m[K;
[3.133s]       |         [01;36m[K~~~~~~~~~~~~~~~~~~~^~~~~~~~~~~~~~~~~~~~~~~~~~~~~~~~~~~~~~~~~~~~~~~~~~~~~~~~~~~[m[K
[3.133s] In file included from [01m[K/opt/ros/humble/include/rclcpp/rclcpp/executors/single_threaded_executor.hpp:28[m[K,
[3.133s]                  from [01m[K/opt/ros/humble/include/rclcpp/rclcpp/executors.hpp:22[m[K,
[3.133s]                  from [01m[K/opt/ros/humble/include/rclcpp/rclcpp/rclcpp.hpp:155[m[K,
[3.133s]                  from [01m[K/home/kargla/robot_movement/src/movement_info/src/movement.cpp:1[m[K:
[3.133s] [01m[K/opt/ros/humble/include/rclcpp/rclcpp/node.hpp:647:3:[m[K [01;36m[Knote: [m[Kcandidate: ‘[01m[Krclcpp::Parameter rclcpp::Node::get_parameter(const string&) const[m[K’
[3.133s]   647 |   [01;36m[Kget_parameter[m[K(const std::string & name) const;
[3.133s]       |   [01;36m[K^~~~~~~~~~~~~[m[K
[3.133s] [01m[K/opt/ros/humble/include/rclcpp/rclcpp/node.hpp:647:3:[m[K [01;36m[Knote: [m[K  candidate expects 1 argument, 3 provided
[3.133s] [01m[K/opt/ros/humble/include/rclcpp/rclcpp/node.hpp:666:3:[m[K [01;36m[Knote: [m[Kcandidate: ‘[01m[Kbool rclcpp::Node::get_parameter(const string&, rclcpp::Parameter&) const[m[K’
[3.133s]   666 |   [01;36m[Kget_parameter[m[K(const std::string & name, rclcpp::Parameter & parameter) const;
[3.133s]       |   [01;36m[K^~~~~~~~~~~~~[m[K
[3.133s] [01m[K/opt/ros/humble/include/rclcpp/rclcpp/node.hpp:666:3:[m[K [01;36m[Knote: [m[K  candidate expects 2 arguments, 3 provided
[3.133s] [01m[K/home/kargla/robot_movement/src/movement_info/src/movement.cpp:15:28:[m[K [01;31m[Kerror: [m[Kno matching function for call to ‘[01m[KMovement::get_parameter(const char [15], std::string&, const char [25])[m[K’
[3.133s]    15 |         [01;31m[Kthis->get_parameter("velocity_topic", velocity_topic, "/ibp3/diff_drive/cmd_vel")[m[K;
[3.133s]       |         [01;31m[K~~~~~~~~~~~~~~~~~~~^~~~~~~~~~~~~~~~~~~~~~~~~~~~~~~~~~~~~~~~~~~~~~~~~~~~~~~~~~~~~~[m[K
[3.133s] In file included from [01m[K/opt/ros/humble/include/rclcpp/rclcpp/executors/single_threaded_executor.hpp:28[m[K,
[3.134s]                  from [01m[K/opt/ros/humble/include/rclcpp/rclcpp/executors.hpp:22[m[K,
[3.134s]                  from [01m[K/opt/ros/humble/include/rclcpp/rclcpp/rclcpp.hpp:155[m[K,
[3.134s]                  from [01m[K/home/kargla/robot_movement/src/movement_info/src/movement.cpp:1[m[K:
[3.134s] [01m[K/opt/ros/humble/include/rclcpp/rclcpp/node.hpp:683:3:[m[K [01;36m[Knote: [m[Kcandidate: ‘[01m[Ktemplate<class ParameterT> bool rclcpp::Node::get_parameter(const string&, ParameterT&) const[m[K’
[3.134s]   683 |   [01;36m[Kget_parameter[m[K(const std::string & name, ParameterT & parameter) const;
[3.134s]       |   [01;36m[K^~~~~~~~~~~~~[m[K
[3.134s] [01m[K/opt/ros/humble/include/rclcpp/rclcpp/node.hpp:683:3:[m[K [01;36m[Knote: [m[K  template argument deduction/substitution failed:
[3.134s] [01m[K/home/kargla/robot_movement/src/movement_info/src/movement.cpp:15:28:[m[K [01;36m[Knote: [m[K  candidate expects 2 arguments, 3 provided
[3.134s]    15 |         [01;36m[Kthis->get_parameter("velocity_topic", velocity_topic, "/ibp3/diff_drive/cmd_vel")[m[K;
[3.134s]       |         [01;36m[K~~~~~~~~~~~~~~~~~~~^~~~~~~~~~~~~~~~~~~~~~~~~~~~~~~~~~~~~~~~~~~~~~~~~~~~~~~~~~~~~~[m[K
[3.134s] In file included from [01m[K/opt/ros/humble/include/rclcpp/rclcpp/executors/single_threaded_executor.hpp:28[m[K,
[3.134s]                  from [01m[K/opt/ros/humble/include/rclcpp/rclcpp/executors.hpp:22[m[K,
[3.134s]                  from [01m[K/opt/ros/humble/include/rclcpp/rclcpp/rclcpp.hpp:155[m[K,
[3.134s]                  from [01m[K/home/kargla/robot_movement/src/movement_info/src/movement.cpp:1[m[K:
[3.134s] [01m[K/opt/ros/humble/include/rclcpp/rclcpp/node.hpp:647:3:[m[K [01;36m[Knote: [m[Kcandidate: ‘[01m[Krclcpp::Parameter rclcpp::Node::get_parameter(const string&) const[m[K’
[3.134s]   647 |   [01;36m[Kget_parameter[m[K(const std::string & name) const;
[3.135s]       |   [01;36m[K^~~~~~~~~~~~~[m[K
[3.135s] [01m[K/opt/ros/humble/include/rclcpp/rclcpp/node.hpp:647:3:[m[K [01;36m[Knote: [m[K  candidate expects 1 argument, 3 provided
[3.135s] [01m[K/opt/ros/humble/include/rclcpp/rclcpp/node.hpp:666:3:[m[K [01;36m[Knote: [m[Kcandidate: ‘[01m[Kbool rclcpp::Node::get_parameter(const string&, rclcpp::Parameter&) const[m[K’
[3.135s]   666 |   [01;36m[Kget_parameter[m[K(const std::string & name, rclcpp::Parameter & parameter) const;
[3.135s]       |   [01;36m[K^~~~~~~~~~~~~[m[K
[3.135s] [01m[K/opt/ros/humble/include/rclcpp/rclcpp/node.hpp:666:3:[m[K [01;36m[Knote: [m[K  candidate expects 2 arguments, 3 provided
[3.135s] [01m[K/home/kargla/robot_movement/src/movement_info/src/movement.cpp:16:28:[m[K [01;31m[Kerror: [m[Kno matching function for call to ‘[01m[KMovement::get_parameter(const char [15], std::string&, const char [15])[m[K’
[3.135s]    16 |         [01;31m[Kthis->get_parameter("movement_topic", movement_topic, "/movement_info")[m[K;
[3.135s]       |         [01;31m[K~~~~~~~~~~~~~~~~~~~^~~~~~~~~~~~~~~~~~~~~~~~~~~~~~~~~~~~~~~~~~~~~~~~~~~~[m[K
[3.135s] In file included from [01m[K/opt/ros/humble/include/rclcpp/rclcpp/executors/single_threaded_executor.hpp:28[m[K,
[3.135s]                  from [01m[K/opt/ros/humble/include/rclcpp/rclcpp/executors.hpp:22[m[K,
[3.135s]                  from [01m[K/opt/ros/humble/include/rclcpp/rclcpp/rclcpp.hpp:155[m[K,
[3.135s]                  from [01m[K/home/kargla/robot_movement/src/movement_info/src/movement.cpp:1[m[K:
[3.135s] [01m[K/opt/ros/humble/include/rclcpp/rclcpp/node.hpp:683:3:[m[K [01;36m[Knote: [m[Kcandidate: ‘[01m[Ktemplate<class ParameterT> bool rclcpp::Node::get_parameter(const string&, ParameterT&) const[m[K’
[3.135s]   683 |   [01;36m[Kget_parameter[m[K(const std::string & name, ParameterT & parameter) const;
[3.135s]       |   [01;36m[K^~~~~~~~~~~~~[m[K
[3.135s] [01m[K/opt/ros/humble/include/rclcpp/rclcpp/node.hpp:683:3:[m[K [01;36m[Knote: [m[K  template argument deduction/substitution failed:
[3.136s] [01m[K/home/kargla/robot_movement/src/movement_info/src/movement.cpp:16:28:[m[K [01;36m[Knote: [m[K  candidate expects 2 arguments, 3 provided
[3.136s]    16 |         [01;36m[Kthis->get_parameter("movement_topic", movement_topic, "/movement_info")[m[K;
[3.136s]       |         [01;36m[K~~~~~~~~~~~~~~~~~~~^~~~~~~~~~~~~~~~~~~~~~~~~~~~~~~~~~~~~~~~~~~~~~~~~~~~[m[K
[3.136s] In file included from [01m[K/opt/ros/humble/include/rclcpp/rclcpp/executors/single_threaded_executor.hpp:28[m[K,
[3.136s]                  from [01m[K/opt/ros/humble/include/rclcpp/rclcpp/executors.hpp:22[m[K,
[3.136s]                  from [01m[K/opt/ros/humble/include/rclcpp/rclcpp/rclcpp.hpp:155[m[K,
[3.136s]                  from [01m[K/home/kargla/robot_movement/src/movement_info/src/movement.cpp:1[m[K:
[3.136s] [01m[K/opt/ros/humble/include/rclcpp/rclcpp/node.hpp:647:3:[m[K [01;36m[Knote: [m[Kcandidate: ‘[01m[Krclcpp::Parameter rclcpp::Node::get_parameter(const string&) const[m[K’
[3.136s]   647 |   [01;36m[Kget_parameter[m[K(const std::string & name) const;
[3.136s]       |   [01;36m[K^~~~~~~~~~~~~[m[K
[3.136s] [01m[K/opt/ros/humble/include/rclcpp/rclcpp/node.hpp:647:3:[m[K [01;36m[Knote: [m[K  candidate expects 1 argument, 3 provided
[3.136s] [01m[K/opt/ros/humble/include/rclcpp/rclcpp/node.hpp:666:3:[m[K [01;36m[Knote: [m[Kcandidate: ‘[01m[Kbool rclcpp::Node::get_parameter(const string&, rclcpp::Parameter&) const[m[K’
[3.136s]   666 |   [01;36m[Kget_parameter[m[K(const std::string & name, rclcpp::Parameter & parameter) const;
[3.136s]       |   [01;36m[K^~~~~~~~~~~~~[m[K
[3.136s] [01m[K/opt/ros/humble/include/rclcpp/rclcpp/node.hpp:666:3:[m[K [01;36m[Knote: [m[K  candidate expects 2 arguments, 3 provided
[4.229s] In file included from [01m[K/usr/include/x86_64-linux-gnu/c++/11/bits/c++allocator.h:33[m[K,
[4.230s]                  from [01m[K/usr/include/c++/11/bits/allocator.h:46[m[K,
[4.230s]                  from [01m[K/usr/include/c++/11/memory:64[m[K,
[4.230s]                  from [01m[K/opt/ros/humble/include/rclcpp/rclcpp/rclcpp.hpp:153[m[K,
[4.230s]                  from [01m[K/home/kargla/robot_movement/src/movement_info/src/movement.cpp:1[m[K:
[4.230s] /usr/include/c++/11/ext/new_allocator.h: In instantiation of ‘[01m[Kvoid __gnu_cxx::new_allocator<_Tp>::construct(_Up*, _Args&& ...) [with _Up = Movement; _Args = {rclcpp::NodeOptions&}; _Tp = Movement][m[K’:
[4.231s] [01m[K/usr/include/c++/11/bits/alloc_traits.h:516:17:[m[K   required from ‘[01m[Kstatic void std::allocator_traits<std::allocator<_Tp1> >::construct(std::allocator_traits<std::allocator<_Tp1> >::allocator_type&, _Up*, _Args&& ...) [with _Up = Movement; _Args = {rclcpp::NodeOptions&}; _Tp = Movement; std::allocator_traits<std::allocator<_Tp1> >::allocator_type = std::allocator<Movement>][m[K’
[4.231s] [01m[K/usr/include/c++/11/bits/shared_ptr_base.h:519:39:[m[K   required from ‘[01m[Kstd::_Sp_counted_ptr_inplace<_Tp, _Alloc, _Lp>::_Sp_counted_ptr_inplace(_Alloc, _Args&& ...) [with _Args = {rclcpp::NodeOptions&}; _Tp = Movement; _Alloc = std::allocator<Movement>; __gnu_cxx::_Lock_policy _Lp = __gnu_cxx::_S_atomic][m[K’
[4.231s] [01m[K/usr/include/c++/11/bits/shared_ptr_base.h:650:16:[m[K   required from ‘[01m[Kstd::__shared_count<_Lp>::__shared_count(_Tp*&, std::_Sp_alloc_shared_tag<_Alloc>, _Args&& ...) [with _Tp = Movement; _Alloc = std::allocator<Movement>; _Args = {rclcpp::NodeOptions&}; __gnu_cxx::_Lock_policy _Lp = __gnu_cxx::_S_atomic][m[K’
[4.231s] [01m[K/usr/include/c++/11/bits/shared_ptr_base.h:1342:14:[m[K   required from ‘[01m[Kstd::__shared_ptr<_Tp, _Lp>::__shared_ptr(std::_Sp_alloc_shared_tag<_Tp>, _Args&& ...) [with _Alloc = std::allocator<Movement>; _Args = {rclcpp::NodeOptions&}; _Tp = Movement; __gnu_cxx::_Lock_policy _Lp = __gnu_cxx::_S_atomic][m[K’
[4.231s] [01m[K/usr/include/c++/11/bits/shared_ptr.h:409:59:[m[K   required from ‘[01m[Kstd::shared_ptr<_Tp>::shared_ptr(std::_Sp_alloc_shared_tag<_Tp>, _Args&& ...) [with _Alloc = std::allocator<Movement>; _Args = {rclcpp::NodeOptions&}; _Tp = Movement][m[K’
[4.232s] [01m[K/usr/include/c++/11/bits/shared_ptr.h:862:14:[m[K   required from ‘[01m[Kstd::shared_ptr<_Tp> std::allocate_shared(const _Alloc&, _Args&& ...) [with _Tp = Movement; _Alloc = std::allocator<Movement>; _Args = {rclcpp::NodeOptions&}][m[K’
[4.232s] [01m[K/usr/include/c++/11/bits/shared_ptr.h:878:39:[m[K   required from ‘[01m[Kstd::shared_ptr<_Tp> std::make_shared(_Args&& ...) [with _Tp = Movement; _Args = {rclcpp::NodeOptions&}][m[K’
[4.232s] [01m[K/home/kargla/robot_movement/src/movement_info/src/movement.cpp:89:44:[m[K   required from here
[4.232s] [01m[K/usr/include/c++/11/ext/new_allocator.h:162:11:[m[K [01;31m[Kerror: [m[Kno matching function for call to ‘[01m[KMovement::Movement(rclcpp::NodeOptions&)[m[K’
[4.232s]   162 |         { [01;31m[K::new((void *)__p) _Up(std::forward<_Args>(__args)...)[m[K; }
[4.232s]       |           [01;31m[K^~~~~~~~~~~~~~~~~~~~~~~~~~~~~~~~~~~~~~~~~~~~~~~~~~~~~~[m[K
[4.232s] [01m[K/home/kargla/robot_movement/src/movement_info/src/movement.cpp:11:5:[m[K [01;36m[Knote: [m[Kcandidate: ‘[01m[KMovement::Movement()[m[K’
[4.232s]    11 |     [01;36m[KMovement[m[K() : Node("movement")
[4.232s]       |     [01;36m[K^~~~~~~~[m[K
[4.232s] [01m[K/home/kargla/robot_movement/src/movement_info/src/movement.cpp:11:5:[m[K [01;36m[Knote: [m[K  candidate expects 0 arguments, 1 provided
[5.730s] gmake[2]: *** [CMakeFiles/movement.dir/build.make:76: CMakeFiles/movement.dir/src/movement.cpp.o] Interrupt
[5.730s] gmake[1]: *** [CMakeFiles/Makefile2:137: CMakeFiles/movement.dir/all] Interrupt
[5.731s] gmake: *** [Makefile:146: all] Interrupt
[5.794s] Invoked command in '/home/kargla/robot_movement/build/movement_info' returned '-2': CMAKE_PREFIX_PATH=/opt/ros/humble /usr/bin/cmake --build /home/kargla/robot_movement/build/movement_info -- -j12 -l12
