[0.012s] Invoking command in '/home/kargla/robot_movement/build/movement_info_msgs': CMAKE_PREFIX_PATH=${CMAKE_PREFIX_PATH}:/opt/ros/humble /usr/bin/cmake --build /home/kargla/robot_movement/build/movement_info_msgs -- -j12 -l12
[0.053s] [  3%] [34m[1mGenerating C code for ROS interfaces[0m
[0.064s] [  6%] [34m[1mGenerating C++ code for ROS interfaces[0m
[0.073s] [  6%] Built target ament_cmake_python_copy_movement_info_msgs
[0.279s] running egg_info
[0.280s] creating movement_info_msgs.egg-info
[0.280s] writing movement_info_msgs.egg-info/PKG-INFO
[0.280s] writing dependency_links to movement_info_msgs.egg-info/dependency_links.txt
[0.280s] writing top-level names to movement_info_msgs.egg-info/top_level.txt
[0.280s] writing manifest file 'movement_info_msgs.egg-info/SOURCES.txt'
[0.282s] reading manifest file 'movement_info_msgs.egg-info/SOURCES.txt'
[0.282s] writing manifest file 'movement_info_msgs.egg-info/SOURCES.txt'
[0.325s] [  6%] Built target ament_cmake_python_build_movement_info_msgs_egg
[0.326s] [  6%] Built target movement_info_msgs__cpp
[0.336s] [  9%] [34m[1mGenerating C++ type support for eProsima Fast-RTPS[0m
[0.336s] [ 16%] [34m[1mGenerating C++ type support dispatch for ROS interfaces[0m
[0.336s] [ 16%] [34m[1mGenerating C++ introspection for ROS interfaces[0m
[0.348s] [ 19%] [32mBuilding C object CMakeFiles/movement_info_msgs__rosidl_generator_c.dir/rosidl_generator_c/movement_info_msgs/msg/detail/movement_info__functions.c.o[0m
[0.398s] [ 22%] [32m[1mLinking C shared library libmovement_info_msgs__rosidl_generator_c.so[0m
[0.441s] [ 22%] Built target movement_info_msgs__rosidl_generator_c
[0.451s] [ 29%] [34m[1mGenerating C type support for eProsima Fast-RTPS[0m
[0.452s] [ 29%] [34m[1mGenerating C type support dispatch for ROS interfaces[0m
[0.452s] [ 32%] [34m[1mGenerating C introspection for ROS interfaces[0m
[0.604s] [ 35%] [32mBuilding CXX object CMakeFiles/movement_info_msgs__rosidl_typesupport_cpp.dir/rosidl_typesupport_cpp/movement_info_msgs/msg/movement_info__type_support.cpp.o[0m
[0.621s] [ 38%] [32mBuilding CXX object CMakeFiles/movement_info_msgs__rosidl_typesupport_introspection_cpp.dir/rosidl_typesupport_introspection_cpp/movement_info_msgs/msg/detail/movement_info__type_support.cpp.o[0m
[0.621s] [ 41%] [32mBuilding CXX object CMakeFiles/movement_info_msgs__rosidl_typesupport_fastrtps_cpp.dir/rosidl_typesupport_fastrtps_cpp/movement_info_msgs/msg/detail/dds_fastrtps/movement_info__type_support.cpp.o[0m
[0.719s] [ 45%] [32mBuilding CXX object CMakeFiles/movement_info_msgs__rosidl_typesupport_c.dir/rosidl_typesupport_c/movement_info_msgs/msg/movement_info__type_support.cpp.o[0m
[0.751s] [ 51%] [32mBuilding CXX object CMakeFiles/movement_info_msgs__rosidl_typesupport_fastrtps_c.dir/rosidl_typesupport_fastrtps_c/movement_info_msgs/msg/detail/movement_info__type_support_c.cpp.o[0m
[0.751s] [ 51%] [32mBuilding C object CMakeFiles/movement_info_msgs__rosidl_typesupport_introspection_c.dir/rosidl_typesupport_introspection_c/movement_info_msgs/msg/detail/movement_info__type_support.c.o[0m
[0.757s] [ 54%] [32m[1mLinking CXX shared library libmovement_info_msgs__rosidl_typesupport_c.so[0m
[0.792s] [ 58%] [32m[1mLinking C shared library libmovement_info_msgs__rosidl_typesupport_introspection_c.so[0m
[0.806s] [ 58%] Built target movement_info_msgs__rosidl_typesupport_c
[0.830s] [ 58%] Built target movement_info_msgs__rosidl_typesupport_introspection_c
[0.867s] [ 61%] [32m[1mLinking CXX shared library libmovement_info_msgs__rosidl_typesupport_cpp.so[0m
[0.914s] [ 61%] Built target movement_info_msgs__rosidl_typesupport_cpp
[0.981s] [ 64%] [32m[1mLinking CXX shared library libmovement_info_msgs__rosidl_typesupport_introspection_cpp.so[0m
[0.995s] [ 67%] [32m[1mLinking CXX shared library libmovement_info_msgs__rosidl_typesupport_fastrtps_cpp.so[0m
[1.061s] [ 70%] [32m[1mLinking CXX shared library libmovement_info_msgs__rosidl_typesupport_fastrtps_c.so[0m
[1.071s] [ 70%] Built target movement_info_msgs__rosidl_typesupport_introspection_cpp
[1.104s] [ 70%] Built target movement_info_msgs__rosidl_typesupport_fastrtps_cpp
[1.155s] [ 70%] Built target movement_info_msgs__rosidl_typesupport_fastrtps_c
[1.178s] [ 70%] Built target movement_info_msgs
[1.202s] [ 74%] [34m[1mGenerating Python code for ROS interfaces[0m
[1.546s] [ 74%] Built target movement_info_msgs__py
[1.567s] [ 77%] [32mBuilding C object CMakeFiles/movement_info_msgs__rosidl_generator_py.dir/rosidl_generator_py/movement_info_msgs/msg/_movement_info_s.c.o[0m
[1.677s] [ 80%] [32m[1mLinking C shared library rosidl_generator_py/movement_info_msgs/libmovement_info_msgs__rosidl_generator_py.so[0m
[1.722s] [ 80%] Built target movement_info_msgs__rosidl_generator_py
[1.748s] [ 87%] [32mBuilding C object CMakeFiles/movement_info_msgs__rosidl_typesupport_fastrtps_c__pyext.dir/rosidl_generator_py/movement_info_msgs/_movement_info_msgs_s.ep.rosidl_typesupport_fastrtps_c.c.o[0m
[1.749s] [ 87%] [32mBuilding C object CMakeFiles/movement_info_msgs__rosidl_typesupport_introspection_c__pyext.dir/rosidl_generator_py/movement_info_msgs/_movement_info_msgs_s.ep.rosidl_typesupport_introspection_c.c.o[0m
[1.749s] [ 90%] [32mBuilding C object CMakeFiles/movement_info_msgs__rosidl_typesupport_c__pyext.dir/rosidl_generator_py/movement_info_msgs/_movement_info_msgs_s.ep.rosidl_typesupport_c.c.o[0m
[1.839s] [ 93%] [32m[1mLinking C shared library rosidl_generator_py/movement_info_msgs/movement_info_msgs_s__rosidl_typesupport_c.cpython-310-x86_64-linux-gnu.so[0m
[1.839s] [ 96%] [32m[1mLinking C shared library rosidl_generator_py/movement_info_msgs/movement_info_msgs_s__rosidl_typesupport_introspection_c.cpython-310-x86_64-linux-gnu.so[0m
[1.848s] [100%] [32m[1mLinking C shared library rosidl_generator_py/movement_info_msgs/movement_info_msgs_s__rosidl_typesupport_fastrtps_c.cpython-310-x86_64-linux-gnu.so[0m
[1.876s] [100%] Built target movement_info_msgs__rosidl_typesupport_introspection_c__pyext
[1.877s] [100%] Built target movement_info_msgs__rosidl_typesupport_c__pyext
[1.887s] [100%] Built target movement_info_msgs__rosidl_typesupport_fastrtps_c__pyext
[1.902s] Invoked command in '/home/kargla/robot_movement/build/movement_info_msgs' returned '0': CMAKE_PREFIX_PATH=${CMAKE_PREFIX_PATH}:/opt/ros/humble /usr/bin/cmake --build /home/kargla/robot_movement/build/movement_info_msgs -- -j12 -l12
[1.913s] Invoking command in '/home/kargla/robot_movement/build/movement_info_msgs': CMAKE_PREFIX_PATH=${CMAKE_PREFIX_PATH}:/opt/ros/humble /usr/bin/cmake --install /home/kargla/robot_movement/build/movement_info_msgs
[1.920s] -- Install configuration: ""
[1.920s] -- Installing: /home/kargla/robot_movement/install/movement_info_msgs/share/ament_index/resource_index/rosidl_interfaces/movement_info_msgs
[1.921s] -- Installing: /home/kargla/robot_movement/install/movement_info_msgs/include/movement_info_msgs/movement_info_msgs
[1.921s] -- Installing: /home/kargla/robot_movement/install/movement_info_msgs/include/movement_info_msgs/movement_info_msgs/msg
[1.921s] -- Installing: /home/kargla/robot_movement/install/movement_info_msgs/include/movement_info_msgs/movement_info_msgs/msg/rosidl_generator_c__visibility_control.h
[1.921s] -- Installing: /home/kargla/robot_movement/install/movement_info_msgs/include/movement_info_msgs/movement_info_msgs/msg/detail
[1.921s] -- Installing: /home/kargla/robot_movement/install/movement_info_msgs/include/movement_info_msgs/movement_info_msgs/msg/detail/movement_info__struct.h
[1.921s] -- Installing: /home/kargla/robot_movement/install/movement_info_msgs/include/movement_info_msgs/movement_info_msgs/msg/detail/movement_info__type_support.h
[1.921s] -- Installing: /home/kargla/robot_movement/install/movement_info_msgs/include/movement_info_msgs/movement_info_msgs/msg/detail/movement_info__functions.c
[1.921s] -- Installing: /home/kargla/robot_movement/install/movement_info_msgs/include/movement_info_msgs/movement_info_msgs/msg/detail/movement_info__functions.h
[1.921s] -- Installing: /home/kargla/robot_movement/install/movement_info_msgs/include/movement_info_msgs/movement_info_msgs/msg/movement_info.h
[1.922s] -- Installing: /home/kargla/robot_movement/install/movement_info_msgs/share/movement_info_msgs/environment/library_path.sh
[1.922s] -- Installing: /home/kargla/robot_movement/install/movement_info_msgs/share/movement_info_msgs/environment/library_path.dsv
[1.922s] -- Installing: /home/kargla/robot_movement/install/movement_info_msgs/lib/libmovement_info_msgs__rosidl_generator_c.so
[1.922s] -- Set runtime path of "/home/kargla/robot_movement/install/movement_info_msgs/lib/libmovement_info_msgs__rosidl_generator_c.so" to ""
[1.922s] -- Up-to-date: /home/kargla/robot_movement/install/movement_info_msgs/include/movement_info_msgs/movement_info_msgs
[1.922s] -- Up-to-date: /home/kargla/robot_movement/install/movement_info_msgs/include/movement_info_msgs/movement_info_msgs/msg
[1.923s] -- Installing: /home/kargla/robot_movement/install/movement_info_msgs/include/movement_info_msgs/movement_info_msgs/msg/rosidl_typesupport_fastrtps_c__visibility_control.h
[1.923s] -- Up-to-date: /home/kargla/robot_movement/install/movement_info_msgs/include/movement_info_msgs/movement_info_msgs/msg/detail
[1.923s] -- Installing: /home/kargla/robot_movement/install/movement_info_msgs/include/movement_info_msgs/movement_info_msgs/msg/detail/movement_info__rosidl_typesupport_fastrtps_c.h
[1.923s] -- Installing: /home/kargla/robot_movement/install/movement_info_msgs/lib/libmovement_info_msgs__rosidl_typesupport_fastrtps_c.so
[1.923s] -- Set runtime path of "/home/kargla/robot_movement/install/movement_info_msgs/lib/libmovement_info_msgs__rosidl_typesupport_fastrtps_c.so" to ""
[1.923s] -- Up-to-date: /home/kargla/robot_movement/install/movement_info_msgs/include/movement_info_msgs/movement_info_msgs
[1.923s] -- Up-to-date: /home/kargla/robot_movement/install/movement_info_msgs/include/movement_info_msgs/movement_info_msgs/msg
[1.923s] -- Installing: /home/kargla/robot_movement/install/movement_info_msgs/include/movement_info_msgs/movement_info_msgs/msg/rosidl_typesupport_introspection_c__visibility_control.h
[1.923s] -- Up-to-date: /home/kargla/robot_movement/install/movement_info_msgs/include/movement_info_msgs/movement_info_msgs/msg/detail
[1.923s] -- Installing: /home/kargla/robot_movement/install/movement_info_msgs/include/movement_info_msgs/movement_info_msgs/msg/detail/movement_info__rosidl_typesupport_introspection_c.h
[1.923s] -- Installing: /home/kargla/robot_movement/install/movement_info_msgs/include/movement_info_msgs/movement_info_msgs/msg/detail/movement_info__type_support.c
[1.924s] -- Installing: /home/kargla/robot_movement/install/movement_info_msgs/lib/libmovement_info_msgs__rosidl_typesupport_introspection_c.so
[1.924s] -- Set runtime path of "/home/kargla/robot_movement/install/movement_info_msgs/lib/libmovement_info_msgs__rosidl_typesupport_introspection_c.so" to ""
[1.924s] -- Installing: /home/kargla/robot_movement/install/movement_info_msgs/lib/libmovement_info_msgs__rosidl_typesupport_c.so
[1.924s] -- Set runtime path of "/home/kargla/robot_movement/install/movement_info_msgs/lib/libmovement_info_msgs__rosidl_typesupport_c.so" to ""
[1.924s] -- Up-to-date: /home/kargla/robot_movement/install/movement_info_msgs/include/movement_info_msgs/movement_info_msgs
[1.924s] -- Up-to-date: /home/kargla/robot_movement/install/movement_info_msgs/include/movement_info_msgs/movement_info_msgs/msg
[1.924s] -- Installing: /home/kargla/robot_movement/install/movement_info_msgs/include/movement_info_msgs/movement_info_msgs/msg/rosidl_generator_cpp__visibility_control.hpp
[1.925s] -- Up-to-date: /home/kargla/robot_movement/install/movement_info_msgs/include/movement_info_msgs/movement_info_msgs/msg/detail
[1.925s] -- Installing: /home/kargla/robot_movement/install/movement_info_msgs/include/movement_info_msgs/movement_info_msgs/msg/detail/movement_info__traits.hpp
[1.925s] -- Installing: /home/kargla/robot_movement/install/movement_info_msgs/include/movement_info_msgs/movement_info_msgs/msg/detail/movement_info__struct.hpp
[1.925s] -- Installing: /home/kargla/robot_movement/install/movement_info_msgs/include/movement_info_msgs/movement_info_msgs/msg/detail/movement_info__type_support.hpp
[1.925s] -- Installing: /home/kargla/robot_movement/install/movement_info_msgs/include/movement_info_msgs/movement_info_msgs/msg/detail/movement_info__builder.hpp
[1.925s] -- Installing: /home/kargla/robot_movement/install/movement_info_msgs/include/movement_info_msgs/movement_info_msgs/msg/movement_info.hpp
[1.925s] -- Up-to-date: /home/kargla/robot_movement/install/movement_info_msgs/include/movement_info_msgs/movement_info_msgs
[1.925s] -- Up-to-date: /home/kargla/robot_movement/install/movement_info_msgs/include/movement_info_msgs/movement_info_msgs/msg
[1.925s] -- Up-to-date: /home/kargla/robot_movement/install/movement_info_msgs/include/movement_info_msgs/movement_info_msgs/msg/detail
[1.925s] -- Installing: /home/kargla/robot_movement/install/movement_info_msgs/include/movement_info_msgs/movement_info_msgs/msg/detail/movement_info__rosidl_typesupport_fastrtps_cpp.hpp
[1.926s] -- Installing: /home/kargla/robot_movement/install/movement_info_msgs/include/movement_info_msgs/movement_info_msgs/msg/detail/dds_fastrtps
[1.926s] -- Installing: /home/kargla/robot_movement/install/movement_info_msgs/include/movement_info_msgs/movement_info_msgs/msg/rosidl_typesupport_fastrtps_cpp__visibility_control.h
[1.926s] -- Installing: /home/kargla/robot_movement/install/movement_info_msgs/lib/libmovement_info_msgs__rosidl_typesupport_fastrtps_cpp.so
[1.926s] -- Set runtime path of "/home/kargla/robot_movement/install/movement_info_msgs/lib/libmovement_info_msgs__rosidl_typesupport_fastrtps_cpp.so" to ""
[1.926s] -- Up-to-date: /home/kargla/robot_movement/install/movement_info_msgs/include/movement_info_msgs/movement_info_msgs
[1.926s] -- Up-to-date: /home/kargla/robot_movement/install/movement_info_msgs/include/movement_info_msgs/movement_info_msgs/msg
[1.926s] -- Up-to-date: /home/kargla/robot_movement/install/movement_info_msgs/include/movement_info_msgs/movement_info_msgs/msg/detail
[1.926s] -- Installing: /home/kargla/robot_movement/install/movement_info_msgs/include/movement_info_msgs/movement_info_msgs/msg/detail/movement_info__rosidl_typesupport_introspection_cpp.hpp
[1.926s] -- Installing: /home/kargla/robot_movement/install/movement_info_msgs/include/movement_info_msgs/movement_info_msgs/msg/detail/movement_info__type_support.cpp
[1.927s] -- Installing: /home/kargla/robot_movement/install/movement_info_msgs/lib/libmovement_info_msgs__rosidl_typesupport_introspection_cpp.so
[1.927s] -- Set runtime path of "/home/kargla/robot_movement/install/movement_info_msgs/lib/libmovement_info_msgs__rosidl_typesupport_introspection_cpp.so" to ""
[1.927s] -- Installing: /home/kargla/robot_movement/install/movement_info_msgs/lib/libmovement_info_msgs__rosidl_typesupport_cpp.so
[1.927s] -- Set runtime path of "/home/kargla/robot_movement/install/movement_info_msgs/lib/libmovement_info_msgs__rosidl_typesupport_cpp.so" to ""
[1.927s] -- Installing: /home/kargla/robot_movement/install/movement_info_msgs/share/movement_info_msgs/environment/pythonpath.sh
[1.927s] -- Installing: /home/kargla/robot_movement/install/movement_info_msgs/share/movement_info_msgs/environment/pythonpath.dsv
[1.928s] -- Installing: /home/kargla/robot_movement/install/movement_info_msgs/local/lib/python3.10/dist-packages/movement_info_msgs-0.0.0-py3.10.egg-info
[1.928s] -- Installing: /home/kargla/robot_movement/install/movement_info_msgs/local/lib/python3.10/dist-packages/movement_info_msgs-0.0.0-py3.10.egg-info/SOURCES.txt
[1.928s] -- Installing: /home/kargla/robot_movement/install/movement_info_msgs/local/lib/python3.10/dist-packages/movement_info_msgs-0.0.0-py3.10.egg-info/top_level.txt
[1.928s] -- Installing: /home/kargla/robot_movement/install/movement_info_msgs/local/lib/python3.10/dist-packages/movement_info_msgs-0.0.0-py3.10.egg-info/dependency_links.txt
[1.928s] -- Installing: /home/kargla/robot_movement/install/movement_info_msgs/local/lib/python3.10/dist-packages/movement_info_msgs-0.0.0-py3.10.egg-info/PKG-INFO
[1.928s] -- Installing: /home/kargla/robot_movement/install/movement_info_msgs/local/lib/python3.10/dist-packages/movement_info_msgs
[1.928s] -- Installing: /home/kargla/robot_movement/install/movement_info_msgs/local/lib/python3.10/dist-packages/movement_info_msgs/movement_info_msgs_s__rosidl_typesupport_c.cpython-310-x86_64-linux-gnu.so
[1.929s] -- Installing: /home/kargla/robot_movement/install/movement_info_msgs/local/lib/python3.10/dist-packages/movement_info_msgs/msg
[1.929s] -- Installing: /home/kargla/robot_movement/install/movement_info_msgs/local/lib/python3.10/dist-packages/movement_info_msgs/msg/_movement_info_s.c
[1.929s] -- Installing: /home/kargla/robot_movement/install/movement_info_msgs/local/lib/python3.10/dist-packages/movement_info_msgs/msg/_movement_info.py
[1.929s] -- Installing: /home/kargla/robot_movement/install/movement_info_msgs/local/lib/python3.10/dist-packages/movement_info_msgs/msg/__init__.py
[1.929s] -- Installing: /home/kargla/robot_movement/install/movement_info_msgs/local/lib/python3.10/dist-packages/movement_info_msgs/__init__.py
[1.929s] -- Installing: /home/kargla/robot_movement/install/movement_info_msgs/local/lib/python3.10/dist-packages/movement_info_msgs/movement_info_msgs_s__rosidl_typesupport_fastrtps_c.cpython-310-x86_64-linux-gnu.so
[1.929s] -- Installing: /home/kargla/robot_movement/install/movement_info_msgs/local/lib/python3.10/dist-packages/movement_info_msgs/_movement_info_msgs_s.ep.rosidl_typesupport_introspection_c.c
[1.929s] -- Installing: /home/kargla/robot_movement/install/movement_info_msgs/local/lib/python3.10/dist-packages/movement_info_msgs/_movement_info_msgs_s.ep.rosidl_typesupport_fastrtps_c.c
[1.930s] -- Installing: /home/kargla/robot_movement/install/movement_info_msgs/local/lib/python3.10/dist-packages/movement_info_msgs/movement_info_msgs_s__rosidl_typesupport_introspection_c.cpython-310-x86_64-linux-gnu.so
[1.930s] -- Installing: /home/kargla/robot_movement/install/movement_info_msgs/local/lib/python3.10/dist-packages/movement_info_msgs/libmovement_info_msgs__rosidl_generator_py.so
[1.930s] -- Installing: /home/kargla/robot_movement/install/movement_info_msgs/local/lib/python3.10/dist-packages/movement_info_msgs/_movement_info_msgs_s.ep.rosidl_typesupport_c.c
[1.961s] Listing '/home/kargla/robot_movement/install/movement_info_msgs/local/lib/python3.10/dist-packages/movement_info_msgs'...
[1.962s] Compiling '/home/kargla/robot_movement/install/movement_info_msgs/local/lib/python3.10/dist-packages/movement_info_msgs/__init__.py'...
[1.962s] Listing '/home/kargla/robot_movement/install/movement_info_msgs/local/lib/python3.10/dist-packages/movement_info_msgs/msg'...
[1.962s] Compiling '/home/kargla/robot_movement/install/movement_info_msgs/local/lib/python3.10/dist-packages/movement_info_msgs/msg/__init__.py'...
[1.962s] Compiling '/home/kargla/robot_movement/install/movement_info_msgs/local/lib/python3.10/dist-packages/movement_info_msgs/msg/_movement_info.py'...
[1.967s] -- Installing: /home/kargla/robot_movement/install/movement_info_msgs/local/lib/python3.10/dist-packages/movement_info_msgs/movement_info_msgs_s__rosidl_typesupport_fastrtps_c.cpython-310-x86_64-linux-gnu.so
[1.967s] -- Set runtime path of "/home/kargla/robot_movement/install/movement_info_msgs/local/lib/python3.10/dist-packages/movement_info_msgs/movement_info_msgs_s__rosidl_typesupport_fastrtps_c.cpython-310-x86_64-linux-gnu.so" to ""
[1.968s] -- Installing: /home/kargla/robot_movement/install/movement_info_msgs/local/lib/python3.10/dist-packages/movement_info_msgs/movement_info_msgs_s__rosidl_typesupport_introspection_c.cpython-310-x86_64-linux-gnu.so
[1.968s] -- Set runtime path of "/home/kargla/robot_movement/install/movement_info_msgs/local/lib/python3.10/dist-packages/movement_info_msgs/movement_info_msgs_s__rosidl_typesupport_introspection_c.cpython-310-x86_64-linux-gnu.so" to ""
[1.968s] -- Installing: /home/kargla/robot_movement/install/movement_info_msgs/local/lib/python3.10/dist-packages/movement_info_msgs/movement_info_msgs_s__rosidl_typesupport_c.cpython-310-x86_64-linux-gnu.so
[1.969s] -- Set runtime path of "/home/kargla/robot_movement/install/movement_info_msgs/local/lib/python3.10/dist-packages/movement_info_msgs/movement_info_msgs_s__rosidl_typesupport_c.cpython-310-x86_64-linux-gnu.so" to ""
[1.969s] -- Installing: /home/kargla/robot_movement/install/movement_info_msgs/lib/libmovement_info_msgs__rosidl_generator_py.so
[1.969s] -- Set runtime path of "/home/kargla/robot_movement/install/movement_info_msgs/lib/libmovement_info_msgs__rosidl_generator_py.so" to ""
[1.969s] -- Installing: /home/kargla/robot_movement/install/movement_info_msgs/share/movement_info_msgs/msg/MovementInfo.idl
[1.969s] -- Installing: /home/kargla/robot_movement/install/movement_info_msgs/share/movement_info_msgs/msg/MovementInfo.msg
[1.969s] -- Installing: /home/kargla/robot_movement/install/movement_info_msgs/share/ament_index/resource_index/package_run_dependencies/movement_info_msgs
[1.970s] -- Installing: /home/kargla/robot_movement/install/movement_info_msgs/share/ament_index/resource_index/parent_prefix_path/movement_info_msgs
[1.970s] -- Installing: /home/kargla/robot_movement/install/movement_info_msgs/share/movement_info_msgs/environment/ament_prefix_path.sh
[1.970s] -- Installing: /home/kargla/robot_movement/install/movement_info_msgs/share/movement_info_msgs/environment/ament_prefix_path.dsv
[1.970s] -- Installing: /home/kargla/robot_movement/install/movement_info_msgs/share/movement_info_msgs/environment/path.sh
[1.970s] -- Installing: /home/kargla/robot_movement/install/movement_info_msgs/share/movement_info_msgs/environment/path.dsv
[1.970s] -- Installing: /home/kargla/robot_movement/install/movement_info_msgs/share/movement_info_msgs/local_setup.bash
[1.970s] -- Installing: /home/kargla/robot_movement/install/movement_info_msgs/share/movement_info_msgs/local_setup.sh
[1.971s] -- Installing: /home/kargla/robot_movement/install/movement_info_msgs/share/movement_info_msgs/local_setup.zsh
[1.971s] -- Installing: /home/kargla/robot_movement/install/movement_info_msgs/share/movement_info_msgs/local_setup.dsv
[1.971s] -- Installing: /home/kargla/robot_movement/install/movement_info_msgs/share/movement_info_msgs/package.dsv
[1.971s] -- Installing: /home/kargla/robot_movement/install/movement_info_msgs/share/ament_index/resource_index/packages/movement_info_msgs
[1.971s] -- Installing: /home/kargla/robot_movement/install/movement_info_msgs/share/movement_info_msgs/cmake/export_movement_info_msgs__rosidl_generator_cExport.cmake
[1.971s] -- Installing: /home/kargla/robot_movement/install/movement_info_msgs/share/movement_info_msgs/cmake/export_movement_info_msgs__rosidl_generator_cExport-noconfig.cmake
[1.972s] -- Installing: /home/kargla/robot_movement/install/movement_info_msgs/share/movement_info_msgs/cmake/export_movement_info_msgs__rosidl_typesupport_fastrtps_cExport.cmake
[1.972s] -- Installing: /home/kargla/robot_movement/install/movement_info_msgs/share/movement_info_msgs/cmake/export_movement_info_msgs__rosidl_typesupport_fastrtps_cExport-noconfig.cmake
[1.972s] -- Installing: /home/kargla/robot_movement/install/movement_info_msgs/share/movement_info_msgs/cmake/movement_info_msgs__rosidl_typesupport_introspection_cExport.cmake
[1.972s] -- Installing: /home/kargla/robot_movement/install/movement_info_msgs/share/movement_info_msgs/cmake/movement_info_msgs__rosidl_typesupport_introspection_cExport-noconfig.cmake
[1.972s] -- Installing: /home/kargla/robot_movement/install/movement_info_msgs/share/movement_info_msgs/cmake/movement_info_msgs__rosidl_typesupport_cExport.cmake
[1.972s] -- Installing: /home/kargla/robot_movement/install/movement_info_msgs/share/movement_info_msgs/cmake/movement_info_msgs__rosidl_typesupport_cExport-noconfig.cmake
[1.973s] -- Installing: /home/kargla/robot_movement/install/movement_info_msgs/share/movement_info_msgs/cmake/export_movement_info_msgs__rosidl_generator_cppExport.cmake
[1.973s] -- Installing: /home/kargla/robot_movement/install/movement_info_msgs/share/movement_info_msgs/cmake/export_movement_info_msgs__rosidl_typesupport_fastrtps_cppExport.cmake
[1.973s] -- Installing: /home/kargla/robot_movement/install/movement_info_msgs/share/movement_info_msgs/cmake/export_movement_info_msgs__rosidl_typesupport_fastrtps_cppExport-noconfig.cmake
[1.973s] -- Installing: /home/kargla/robot_movement/install/movement_info_msgs/share/movement_info_msgs/cmake/movement_info_msgs__rosidl_typesupport_introspection_cppExport.cmake
[1.973s] -- Installing: /home/kargla/robot_movement/install/movement_info_msgs/share/movement_info_msgs/cmake/movement_info_msgs__rosidl_typesupport_introspection_cppExport-noconfig.cmake
[1.973s] -- Installing: /home/kargla/robot_movement/install/movement_info_msgs/share/movement_info_msgs/cmake/movement_info_msgs__rosidl_typesupport_cppExport.cmake
[1.974s] -- Installing: /home/kargla/robot_movement/install/movement_info_msgs/share/movement_info_msgs/cmake/movement_info_msgs__rosidl_typesupport_cppExport-noconfig.cmake
[1.974s] -- Installing: /home/kargla/robot_movement/install/movement_info_msgs/share/movement_info_msgs/cmake/export_movement_info_msgs__rosidl_generator_pyExport.cmake
[1.974s] -- Installing: /home/kargla/robot_movement/install/movement_info_msgs/share/movement_info_msgs/cmake/export_movement_info_msgs__rosidl_generator_pyExport-noconfig.cmake
[1.974s] -- Installing: /home/kargla/robot_movement/install/movement_info_msgs/share/movement_info_msgs/cmake/rosidl_cmake-extras.cmake
[1.974s] -- Installing: /home/kargla/robot_movement/install/movement_info_msgs/share/movement_info_msgs/cmake/ament_cmake_export_include_directories-extras.cmake
[1.974s] -- Installing: /home/kargla/robot_movement/install/movement_info_msgs/share/movement_info_msgs/cmake/ament_cmake_export_libraries-extras.cmake
[1.975s] -- Installing: /home/kargla/robot_movement/install/movement_info_msgs/share/movement_info_msgs/cmake/ament_cmake_export_targets-extras.cmake
[1.975s] -- Installing: /home/kargla/robot_movement/install/movement_info_msgs/share/movement_info_msgs/cmake/rosidl_cmake_export_typesupport_targets-extras.cmake
[1.975s] -- Installing: /home/kargla/robot_movement/install/movement_info_msgs/share/movement_info_msgs/cmake/ament_cmake_export_dependencies-extras.cmake
[1.975s] -- Installing: /home/kargla/robot_movement/install/movement_info_msgs/share/movement_info_msgs/cmake/rosidl_cmake_export_typesupport_libraries-extras.cmake
[1.975s] -- Installing: /home/kargla/robot_movement/install/movement_info_msgs/share/movement_info_msgs/cmake/movement_info_msgsConfig.cmake
[1.975s] -- Installing: /home/kargla/robot_movement/install/movement_info_msgs/share/movement_info_msgs/cmake/movement_info_msgsConfig-version.cmake
[1.975s] -- Installing: /home/kargla/robot_movement/install/movement_info_msgs/share/movement_info_msgs/package.xml
[1.979s] Invoked command in '/home/kargla/robot_movement/build/movement_info_msgs' returned '0': CMAKE_PREFIX_PATH=${CMAKE_PREFIX_PATH}:/opt/ros/humble /usr/bin/cmake --install /home/kargla/robot_movement/build/movement_info_msgs
