[0.012s] Invoking command in '/home/kargla/robot_movement/build/movement_info': CMAKE_PREFIX_PATH=${CMAKE_PREFIX_PATH}:/opt/ros/humble /usr/bin/cmake /home/kargla/robot_movement/src/movement_info -DCMAKE_INSTALL_PREFIX=/home/kargla/robot_movement/install/movement_info
[0.069s] -- The C compiler identification is GNU 11.4.0
[0.129s] -- The CXX compiler identification is GNU 11.4.0
[0.135s] -- Detecting C compiler ABI info
[0.210s] -- Detecting C compiler ABI info - done
[0.217s] -- Check for working C compiler: /usr/bin/cc - skipped
[0.217s] -- Detecting C compile features
[0.218s] -- Detecting C compile features - done
[0.220s] -- Detecting CXX compiler ABI info
[0.305s] -- Detecting CXX compiler ABI info - done
[0.316s] -- Check for working CXX compiler: /usr/bin/c++ - skipped
[0.316s] -- Detecting CXX compile features
[0.317s] -- Detecting CXX compile features - done
[0.319s] -- Found ament_cmake: 1.3.11 (/opt/ros/humble/share/ament_cmake/cmake)
[0.471s] -- Found Python3: /usr/bin/python3 (found version "3.10.12") found components: Interpreter 
[0.559s] -- Found rosidl_default_generators: 1.2.0 (/opt/ros/humble/share/rosidl_default_generators/cmake)
[0.561s] -- Using all available rosidl_typesupport_c: rosidl_typesupport_fastrtps_c;rosidl_typesupport_introspection_c
[0.567s] -- Found rosidl_adapter: 3.1.6 (/opt/ros/humble/share/rosidl_adapter/cmake)
[0.600s] -- Using all available rosidl_typesupport_cpp: rosidl_typesupport_fastrtps_cpp;rosidl_typesupport_introspection_cpp
[0.637s] [31mCMake Error at CMakeLists.txt:13 (find_package):
[0.637s]   By not providing "Findmovement_info_msgs.cmake" in CMAKE_MODULE_PATH this
[0.637s]   project has asked CMake to find a package configuration file provided by
[0.638s]   "movement_info_msgs", but CMake did not find one.
[0.638s] 
[0.638s]   Could not find a package configuration file provided by
[0.638s]   "movement_info_msgs" with any of the following names:
[0.638s] 
[0.638s]     movement_info_msgsConfig.cmake
[0.638s]     movement_info_msgs-config.cmake
[0.638s] 
[0.638s]   Add the installation prefix of "movement_info_msgs" to CMAKE_PREFIX_PATH or
[0.638s]   set "movement_info_msgs_DIR" to a directory containing one of the above
[0.638s]   files.  If "movement_info_msgs" provides a separate development package or
[0.638s]   SDK, be sure it has been installed.
[0.638s] 
[0.639s] [0m
[0.639s] -- Configuring incomplete, errors occurred!
[0.639s] See also "/home/kargla/robot_movement/build/movement_info/CMakeFiles/CMakeOutput.log".
[0.645s] Invoked command in '/home/kargla/robot_movement/build/movement_info' returned '1': CMAKE_PREFIX_PATH=${CMAKE_PREFIX_PATH}:/opt/ros/humble /usr/bin/cmake /home/kargla/robot_movement/src/movement_info -DCMAKE_INSTALL_PREFIX=/home/kargla/robot_movement/install/movement_info
