[0.013s] Invoking command in '/home/kargla/robot_movement/build/movement_info': CMAKE_PREFIX_PATH=${CMAKE_PREFIX_PATH}:/opt/ros/humble /usr/bin/cmake --build /home/kargla/robot_movement/build/movement_info -- -j12 -l12
[0.083s] [ 10%] Built target gtest
[0.084s] [ 20%] Built target gtest_main
[0.086s] [ 35%] Built target gmock
[0.092s] [ 50%] Built target gmock_main
[0.092s] [ 45%] [32mBuilding CXX object CMakeFiles/movement.dir/src/movement.cpp.o[0m
[0.093s] [ 55%] [32mBuilding CXX object CMakeFiles/movement_info_library.dir/src/movement.cpp.o[0m
[0.096s] [ 60%] [32mBuilding CXX object CMakeFiles/movement_info_library.dir/src/movement_interface.cpp.o[0m
[0.098s] [ 65%] [32mBuilding CXX object CMakeFiles/movement.dir/src/movement_interface.cpp.o[0m
[0.098s] [ 70%] [32mBuilding CXX object CMakeFiles/movement.dir/src/main.cpp.o[0m
[3.269s] [01m[K/home/kargla/robot_movement/src/movement_info/src/movement_interface.cpp:13:6:[m[K [01;31m[Kerror: [m[Kredefinition of ‘[01m[Kvoid MovementInterface::setMessage(movement_info_msgs::msg::MovementInfo)[m[K’
[3.269s]    13 | void [01;31m[KMovementInterface[m[K::setMessage(movement_info_msgs::msg::MovementInfo message)
[3.269s]       |      [01;31m[K^~~~~~~~~~~~~~~~~[m[K
[3.269s] In file included from [01m[K/home/kargla/robot_movement/src/movement_info/src/movement_interface.cpp:1[m[K:
[3.269s] [01m[K/home/kargla/robot_movement/src/movement_info/include/movement_info/movement_interface.hpp:12:10:[m[K [01;36m[Knote: [m[K‘[01m[Kvoid MovementInterface::setMessage(movement_info_msgs::msg::MovementInfo)[m[K’ previously defined here
[3.270s]    12 |     void [01;36m[KsetMessage[m[K(movement_info_msgs::msg::MovementInfo message)
[3.270s]       |          [01;36m[K^~~~~~~~~~[m[K
[3.333s] [01m[K/home/kargla/robot_movement/src/movement_info/src/movement_interface.cpp:13:6:[m[K [01;31m[Kerror: [m[Kredefinition of ‘[01m[Kvoid MovementInterface::setMessage(movement_info_msgs::msg::MovementInfo)[m[K’
[3.333s]    13 | void [01;31m[KMovementInterface[m[K::setMessage(movement_info_msgs::msg::MovementInfo message)
[3.333s]       |      [01;31m[K^~~~~~~~~~~~~~~~~[m[K
[3.333s] In file included from [01m[K/home/kargla/robot_movement/src/movement_info/src/movement_interface.cpp:1[m[K:
[3.333s] [01m[K/home/kargla/robot_movement/src/movement_info/include/movement_info/movement_interface.hpp:12:10:[m[K [01;36m[Knote: [m[K‘[01m[Kvoid MovementInterface::setMessage(movement_info_msgs::msg::MovementInfo)[m[K’ previously defined here
[3.334s]    12 |     void [01;36m[KsetMessage[m[K(movement_info_msgs::msg::MovementInfo message)
[3.334s]       |          [01;36m[K^~~~~~~~~~[m[K
[4.241s] gmake[2]: *** [CMakeFiles/movement.dir/build.make:104: CMakeFiles/movement.dir/src/movement_interface.cpp.o] Error 1
[4.241s] gmake[2]: *** Waiting for unfinished jobs....
[4.278s] gmake[2]: *** [CMakeFiles/movement_info_library.dir/build.make:90: CMakeFiles/movement_info_library.dir/src/movement_interface.cpp.o] Error 1
[4.278s] gmake[2]: *** Waiting for unfinished jobs....
[11.872s] gmake[1]: *** [CMakeFiles/Makefile2:206: CMakeFiles/movement_info_library.dir/all] Error 2
[11.872s] gmake[1]: *** Waiting for unfinished jobs....
[11.913s] gmake[1]: *** [CMakeFiles/Makefile2:180: CMakeFiles/movement.dir/all] Error 2
[11.914s] gmake: *** [Makefile:146: all] Error 2
[11.917s] Invoked command in '/home/kargla/robot_movement/build/movement_info' returned '2': CMAKE_PREFIX_PATH=${CMAKE_PREFIX_PATH}:/opt/ros/humble /usr/bin/cmake --build /home/kargla/robot_movement/build/movement_info -- -j12 -l12
