[0.097s] DEBUG:colcon:Command line arguments: ['/usr/bin/colcon', 'build']
[0.097s] DEBUG:colcon:Parsed command line arguments: Namespace(log_base=None, log_level=None, verb_name='build', build_base='build', install_base='install', merge_install=False, symlink_install=False, test_result_base=None, continue_on_error=False, executor='parallel', parallel_workers=12, event_handlers=None, ignore_user_meta=False, metas=['./colcon.meta'], base_paths=['.'], packages_ignore=None, packages_ignore_regex=None, paths=None, packages_up_to=None, packages_up_to_regex=None, packages_above=None, packages_above_and_dependencies=None, packages_above_depth=None, packages_select_by_dep=None, packages_skip_by_dep=None, packages_skip_up_to=None, packages_select_build_failed=False, packages_skip_build_finished=False, packages_select_test_failures=False, packages_skip_test_passed=False, packages_select=None, packages_skip=None, packages_select_regex=None, packages_skip_regex=None, packages_start=None, packages_end=None, allow_overriding=[], cmake_args=None, cmake_target=None, cmake_target_skip_unavailable=False, cmake_clean_cache=False, cmake_clean_first=False, cmake_force_configure=False, ament_cmake_args=None, catkin_cmake_args=None, catkin_skip_building_tests=False, mixin_files=None, mixin=None, verb_parser=<colcon_mixin.mixin.mixin_argument.MixinArgumentDecorator object at 0x7bde0b4ba3e0>, verb_extension=<colcon_core.verb.build.BuildVerb object at 0x7bde0b5bb2e0>, main=<bound method BuildVerb.main of <colcon_core.verb.build.BuildVerb object at 0x7bde0b5bb2e0>>, mixin_verb=('build',))
[0.247s] Level 1:colcon.colcon_core.package_discovery:discover_packages(colcon_meta) check parameters
[0.247s] Level 1:colcon.colcon_core.package_discovery:discover_packages(recursive) check parameters
[0.247s] Level 1:colcon.colcon_core.package_discovery:discover_packages(ignore) check parameters
[0.247s] Level 1:colcon.colcon_core.package_discovery:discover_packages(path) check parameters
[0.247s] Level 1:colcon.colcon_core.package_discovery:discover_packages(colcon_meta) discover
[0.247s] Level 1:colcon.colcon_core.package_discovery:discover_packages(recursive) discover
[0.247s] INFO:colcon.colcon_core.package_discovery:Crawling recursively for packages in '/home/kargla/robot_movement'
[0.247s] Level 1:colcon.colcon_core.package_identification:_identify(.) by extensions ['ignore', 'ignore_ament_install']
[0.248s] Level 1:colcon.colcon_core.package_identification:_identify(.) by extension 'ignore'
[0.248s] Level 1:colcon.colcon_core.package_identification:_identify(.) by extension 'ignore_ament_install'
[0.248s] Level 1:colcon.colcon_core.package_identification:_identify(.) by extensions ['colcon_pkg']
[0.248s] Level 1:colcon.colcon_core.package_identification:_identify(.) by extension 'colcon_pkg'
[0.248s] Level 1:colcon.colcon_core.package_identification:_identify(.) by extensions ['colcon_meta']
[0.248s] Level 1:colcon.colcon_core.package_identification:_identify(.) by extension 'colcon_meta'
[0.248s] Level 1:colcon.colcon_core.package_identification:_identify(.) by extensions ['ros']
[0.248s] Level 1:colcon.colcon_core.package_identification:_identify(.) by extension 'ros'
[0.261s] Level 1:colcon.colcon_core.package_identification:_identify(.) by extensions ['cmake', 'python']
[0.261s] Level 1:colcon.colcon_core.package_identification:_identify(.) by extension 'cmake'
[0.261s] Level 1:colcon.colcon_core.package_identification:_identify(.) by extension 'python'
[0.261s] Level 1:colcon.colcon_core.package_identification:_identify(.) by extensions ['python_setup_py']
[0.261s] Level 1:colcon.colcon_core.package_identification:_identify(.) by extension 'python_setup_py'
[0.261s] Level 1:colcon.colcon_core.package_identification:_identify(build) by extensions ['ignore', 'ignore_ament_install']
[0.261s] Level 1:colcon.colcon_core.package_identification:_identify(build) by extension 'ignore'
[0.261s] Level 1:colcon.colcon_core.package_identification:_identify(build) ignored
[0.261s] Level 1:colcon.colcon_core.package_identification:_identify(install) by extensions ['ignore', 'ignore_ament_install']
[0.261s] Level 1:colcon.colcon_core.package_identification:_identify(install) by extension 'ignore'
[0.261s] Level 1:colcon.colcon_core.package_identification:_identify(install) ignored
[0.262s] Level 1:colcon.colcon_core.package_identification:_identify(log) by extensions ['ignore', 'ignore_ament_install']
[0.262s] Level 1:colcon.colcon_core.package_identification:_identify(log) by extension 'ignore'
[0.262s] Level 1:colcon.colcon_core.package_identification:_identify(log) ignored
[0.262s] Level 1:colcon.colcon_core.package_identification:_identify(src) by extensions ['ignore', 'ignore_ament_install']
[0.262s] Level 1:colcon.colcon_core.package_identification:_identify(src) by extension 'ignore'
[0.262s] Level 1:colcon.colcon_core.package_identification:_identify(src) by extension 'ignore_ament_install'
[0.262s] Level 1:colcon.colcon_core.package_identification:_identify(src) by extensions ['colcon_pkg']
[0.262s] Level 1:colcon.colcon_core.package_identification:_identify(src) by extension 'colcon_pkg'
[0.262s] Level 1:colcon.colcon_core.package_identification:_identify(src) by extensions ['colcon_meta']
[0.262s] Level 1:colcon.colcon_core.package_identification:_identify(src) by extension 'colcon_meta'
[0.262s] Level 1:colcon.colcon_core.package_identification:_identify(src) by extensions ['ros']
[0.262s] Level 1:colcon.colcon_core.package_identification:_identify(src) by extension 'ros'
[0.262s] Level 1:colcon.colcon_core.package_identification:_identify(src) by extensions ['cmake', 'python']
[0.262s] Level 1:colcon.colcon_core.package_identification:_identify(src) by extension 'cmake'
[0.262s] Level 1:colcon.colcon_core.package_identification:_identify(src) by extension 'python'
[0.262s] Level 1:colcon.colcon_core.package_identification:_identify(src) by extensions ['python_setup_py']
[0.262s] Level 1:colcon.colcon_core.package_identification:_identify(src) by extension 'python_setup_py'
[0.262s] Level 1:colcon.colcon_core.package_identification:_identify(src/movement_info) by extensions ['ignore', 'ignore_ament_install']
[0.262s] Level 1:colcon.colcon_core.package_identification:_identify(src/movement_info) by extension 'ignore'
[0.262s] Level 1:colcon.colcon_core.package_identification:_identify(src/movement_info) by extension 'ignore_ament_install'
[0.262s] Level 1:colcon.colcon_core.package_identification:_identify(src/movement_info) by extensions ['colcon_pkg']
[0.262s] Level 1:colcon.colcon_core.package_identification:_identify(src/movement_info) by extension 'colcon_pkg'
[0.262s] Level 1:colcon.colcon_core.package_identification:_identify(src/movement_info) by extensions ['colcon_meta']
[0.262s] Level 1:colcon.colcon_core.package_identification:_identify(src/movement_info) by extension 'colcon_meta'
[0.263s] Level 1:colcon.colcon_core.package_identification:_identify(src/movement_info) by extensions ['ros']
[0.263s] Level 1:colcon.colcon_core.package_identification:_identify(src/movement_info) by extension 'ros'
[0.265s] DEBUG:colcon.colcon_core.package_identification:Package 'src/movement_info' with type 'ros.ament_cmake' and name 'movement_info'
[0.265s] Level 1:colcon.colcon_core.package_identification:_identify(src/movement_info_msgs) by extensions ['ignore', 'ignore_ament_install']
[0.265s] Level 1:colcon.colcon_core.package_identification:_identify(src/movement_info_msgs) by extension 'ignore'
[0.265s] Level 1:colcon.colcon_core.package_identification:_identify(src/movement_info_msgs) by extension 'ignore_ament_install'
[0.265s] Level 1:colcon.colcon_core.package_identification:_identify(src/movement_info_msgs) by extensions ['colcon_pkg']
[0.265s] Level 1:colcon.colcon_core.package_identification:_identify(src/movement_info_msgs) by extension 'colcon_pkg'
[0.265s] Level 1:colcon.colcon_core.package_identification:_identify(src/movement_info_msgs) by extensions ['colcon_meta']
[0.266s] Level 1:colcon.colcon_core.package_identification:_identify(src/movement_info_msgs) by extension 'colcon_meta'
[0.266s] Level 1:colcon.colcon_core.package_identification:_identify(src/movement_info_msgs) by extensions ['ros']
[0.266s] Level 1:colcon.colcon_core.package_identification:_identify(src/movement_info_msgs) by extension 'ros'
[0.266s] DEBUG:colcon.colcon_core.package_identification:Package 'src/movement_info_msgs' with type 'ros.ament_cmake' and name 'movement_info_msgs'
[0.266s] Level 1:colcon.colcon_core.package_discovery:discover_packages(recursive) using defaults
[0.266s] Level 1:colcon.colcon_core.package_discovery:discover_packages(ignore) discover
[0.266s] Level 1:colcon.colcon_core.package_discovery:discover_packages(ignore) using defaults
[0.266s] Level 1:colcon.colcon_core.package_discovery:discover_packages(path) discover
[0.266s] Level 1:colcon.colcon_core.package_discovery:discover_packages(path) using defaults
[0.288s] Level 1:colcon.colcon_core.package_discovery:discover_packages(prefix_path) check parameters
[0.288s] Level 1:colcon.colcon_core.package_discovery:discover_packages(prefix_path) discover
[0.319s] DEBUG:colcon.colcon_installed_package_information.package_discovery:Found 2 installed packages in /home/kargla/robot_movement/install
[0.320s] DEBUG:colcon.colcon_installed_package_information.package_discovery:Found 270 installed packages in /opt/ros/humble
[0.322s] Level 1:colcon.colcon_core.package_discovery:discover_packages(prefix_path) using defaults
[0.356s] Level 5:colcon.colcon_core.verb:set package 'movement_info' build argument 'cmake_args' from command line to 'None'
[0.356s] Level 5:colcon.colcon_core.verb:set package 'movement_info' build argument 'cmake_target' from command line to 'None'
[0.356s] Level 5:colcon.colcon_core.verb:set package 'movement_info' build argument 'cmake_target_skip_unavailable' from command line to 'False'
[0.356s] Level 5:colcon.colcon_core.verb:set package 'movement_info' build argument 'cmake_clean_cache' from command line to 'False'
[0.356s] Level 5:colcon.colcon_core.verb:set package 'movement_info' build argument 'cmake_clean_first' from command line to 'False'
[0.357s] Level 5:colcon.colcon_core.verb:set package 'movement_info' build argument 'cmake_force_configure' from command line to 'False'
[0.357s] Level 5:colcon.colcon_core.verb:set package 'movement_info' build argument 'ament_cmake_args' from command line to 'None'
[0.357s] Level 5:colcon.colcon_core.verb:set package 'movement_info' build argument 'catkin_cmake_args' from command line to 'None'
[0.357s] Level 5:colcon.colcon_core.verb:set package 'movement_info' build argument 'catkin_skip_building_tests' from command line to 'False'
[0.357s] DEBUG:colcon.colcon_core.verb:Building package 'movement_info' with the following arguments: {'ament_cmake_args': None, 'build_base': '/home/kargla/robot_movement/build/movement_info', 'catkin_cmake_args': None, 'catkin_skip_building_tests': False, 'cmake_args': None, 'cmake_clean_cache': False, 'cmake_clean_first': False, 'cmake_force_configure': False, 'cmake_target': None, 'cmake_target_skip_unavailable': False, 'install_base': '/home/kargla/robot_movement/install/movement_info', 'merge_install': False, 'path': '/home/kargla/robot_movement/src/movement_info', 'symlink_install': False, 'test_result_base': None}
[0.357s] Level 5:colcon.colcon_core.verb:set package 'movement_info_msgs' build argument 'cmake_args' from command line to 'None'
[0.357s] Level 5:colcon.colcon_core.verb:set package 'movement_info_msgs' build argument 'cmake_target' from command line to 'None'
[0.357s] Level 5:colcon.colcon_core.verb:set package 'movement_info_msgs' build argument 'cmake_target_skip_unavailable' from command line to 'False'
[0.357s] Level 5:colcon.colcon_core.verb:set package 'movement_info_msgs' build argument 'cmake_clean_cache' from command line to 'False'
[0.357s] Level 5:colcon.colcon_core.verb:set package 'movement_info_msgs' build argument 'cmake_clean_first' from command line to 'False'
[0.357s] Level 5:colcon.colcon_core.verb:set package 'movement_info_msgs' build argument 'cmake_force_configure' from command line to 'False'
[0.357s] Level 5:colcon.colcon_core.verb:set package 'movement_info_msgs' build argument 'ament_cmake_args' from command line to 'None'
[0.357s] Level 5:colcon.colcon_core.verb:set package 'movement_info_msgs' build argument 'catkin_cmake_args' from command line to 'None'
[0.357s] Level 5:colcon.colcon_core.verb:set package 'movement_info_msgs' build argument 'catkin_skip_building_tests' from command line to 'False'
[0.357s] DEBUG:colcon.colcon_core.verb:Building package 'movement_info_msgs' with the following arguments: {'ament_cmake_args': None, 'build_base': '/home/kargla/robot_movement/build/movement_info_msgs', 'catkin_cmake_args': None, 'catkin_skip_building_tests': False, 'cmake_args': None, 'cmake_clean_cache': False, 'cmake_clean_first': False, 'cmake_force_configure': False, 'cmake_target': None, 'cmake_target_skip_unavailable': False, 'install_base': '/home/kargla/robot_movement/install/movement_info_msgs', 'merge_install': False, 'path': '/home/kargla/robot_movement/src/movement_info_msgs', 'symlink_install': False, 'test_result_base': None}
[0.357s] INFO:colcon.colcon_core.executor:Executing jobs using 'parallel' executor
[0.359s] DEBUG:colcon.colcon_parallel_executor.executor.parallel:run_until_complete
[0.359s] INFO:colcon.colcon_ros.task.ament_cmake.build:Building ROS package in '/home/kargla/robot_movement/src/movement_info' with build type 'ament_cmake'
[0.360s] INFO:colcon.colcon_cmake.task.cmake.build:Building CMake package in '/home/kargla/robot_movement/src/movement_info'
[0.362s] INFO:colcon.colcon_core.plugin_system:Skipping extension 'colcon_core.shell.bat': Not used on non-Windows systems
[0.362s] INFO:colcon.colcon_core.shell:Skip shell extension 'powershell' for command environment: Not usable outside of PowerShell
[0.362s] DEBUG:colcon.colcon_core.shell:Skip shell extension 'dsv' for command environment
[0.366s] INFO:colcon.colcon_ros.task.ament_cmake.build:Building ROS package in '/home/kargla/robot_movement/src/movement_info_msgs' with build type 'ament_cmake'
[0.366s] INFO:colcon.colcon_cmake.task.cmake.build:Building CMake package in '/home/kargla/robot_movement/src/movement_info_msgs'
[0.367s] INFO:colcon.colcon_core.shell:Skip shell extension 'powershell' for command environment: Not usable outside of PowerShell
[0.367s] DEBUG:colcon.colcon_core.shell:Skip shell extension 'dsv' for command environment
[0.383s] DEBUG:colcon.colcon_core.event_handler.log_command:Invoking command in '/home/kargla/robot_movement/build/movement_info': CMAKE_PREFIX_PATH=${CMAKE_PREFIX_PATH}:/opt/ros/humble /usr/bin/cmake --build /home/kargla/robot_movement/build/movement_info -- -j12 -l12
[0.394s] DEBUG:colcon.colcon_core.event_handler.log_command:Invoking command in '/home/kargla/robot_movement/build/movement_info_msgs': CMAKE_PREFIX_PATH=${CMAKE_PREFIX_PATH}:/opt/ros/humble /usr/bin/cmake --build /home/kargla/robot_movement/build/movement_info_msgs -- -j12 -l12
[1.077s] DEBUG:colcon.colcon_core.event_handler.log_command:Invoked command in '/home/kargla/robot_movement/build/movement_info_msgs' returned '0': CMAKE_PREFIX_PATH=${CMAKE_PREFIX_PATH}:/opt/ros/humble /usr/bin/cmake --build /home/kargla/robot_movement/build/movement_info_msgs -- -j12 -l12
[1.098s] DEBUG:colcon.colcon_core.event_handler.log_command:Invoking command in '/home/kargla/robot_movement/build/movement_info_msgs': CMAKE_PREFIX_PATH=${CMAKE_PREFIX_PATH}:/opt/ros/humble /usr/bin/cmake --install /home/kargla/robot_movement/build/movement_info_msgs
[1.181s] Level 1:colcon.colcon_core.environment:create_environment_scripts_only(movement_info_msgs)
[1.182s] DEBUG:colcon.colcon_core.event_handler.log_command:Invoked command in '/home/kargla/robot_movement/build/movement_info_msgs' returned '0': CMAKE_PREFIX_PATH=${CMAKE_PREFIX_PATH}:/opt/ros/humble /usr/bin/cmake --install /home/kargla/robot_movement/build/movement_info_msgs
[1.186s] Level 1:colcon.colcon_core.environment:checking '/home/kargla/robot_movement/install/movement_info_msgs' for CMake module files
[1.187s] Level 1:colcon.colcon_core.environment:checking '/home/kargla/robot_movement/install/movement_info_msgs' for CMake config files
[1.188s] Level 1:colcon.colcon_core.shell:create_environment_hook('movement_info_msgs', 'cmake_prefix_path')
[1.189s] INFO:colcon.colcon_core.shell:Creating environment hook '/home/kargla/robot_movement/install/movement_info_msgs/share/movement_info_msgs/hook/cmake_prefix_path.ps1'
[1.190s] INFO:colcon.colcon_core.shell:Creating environment descriptor '/home/kargla/robot_movement/install/movement_info_msgs/share/movement_info_msgs/hook/cmake_prefix_path.dsv'
[1.191s] INFO:colcon.colcon_core.shell:Creating environment hook '/home/kargla/robot_movement/install/movement_info_msgs/share/movement_info_msgs/hook/cmake_prefix_path.sh'
[1.194s] Level 1:colcon.colcon_core.environment:checking '/home/kargla/robot_movement/install/movement_info_msgs/lib'
[1.194s] Level 1:colcon.colcon_core.shell:create_environment_hook('movement_info_msgs', 'ld_library_path_lib')
[1.195s] INFO:colcon.colcon_core.shell:Creating environment hook '/home/kargla/robot_movement/install/movement_info_msgs/share/movement_info_msgs/hook/ld_library_path_lib.ps1'
[1.196s] INFO:colcon.colcon_core.shell:Creating environment descriptor '/home/kargla/robot_movement/install/movement_info_msgs/share/movement_info_msgs/hook/ld_library_path_lib.dsv'
[1.197s] INFO:colcon.colcon_core.shell:Creating environment hook '/home/kargla/robot_movement/install/movement_info_msgs/share/movement_info_msgs/hook/ld_library_path_lib.sh'
[1.198s] Level 1:colcon.colcon_core.environment:checking '/home/kargla/robot_movement/install/movement_info_msgs/bin'
[1.198s] Level 1:colcon.colcon_core.environment:checking '/home/kargla/robot_movement/install/movement_info_msgs/lib/pkgconfig/movement_info_msgs.pc'
[1.198s] Level 1:colcon.colcon_core.environment:checking '/home/kargla/robot_movement/install/movement_info_msgs/lib/python3.10/site-packages'
[1.199s] Level 1:colcon.colcon_core.environment:checking '/home/kargla/robot_movement/install/movement_info_msgs/bin'
[1.200s] INFO:colcon.colcon_core.shell:Creating package script '/home/kargla/robot_movement/install/movement_info_msgs/share/movement_info_msgs/package.ps1'
[1.202s] INFO:colcon.colcon_core.shell:Creating package descriptor '/home/kargla/robot_movement/install/movement_info_msgs/share/movement_info_msgs/package.dsv'
[1.203s] INFO:colcon.colcon_core.shell:Creating package script '/home/kargla/robot_movement/install/movement_info_msgs/share/movement_info_msgs/package.sh'
[1.204s] INFO:colcon.colcon_core.shell:Creating package script '/home/kargla/robot_movement/install/movement_info_msgs/share/movement_info_msgs/package.bash'
[1.205s] INFO:colcon.colcon_core.shell:Creating package script '/home/kargla/robot_movement/install/movement_info_msgs/share/movement_info_msgs/package.zsh'
[1.207s] Level 1:colcon.colcon_core.environment:create_file_with_runtime_dependencies(/home/kargla/robot_movement/install/movement_info_msgs/share/colcon-core/packages/movement_info_msgs)
[1.208s] Level 1:colcon.colcon_core.environment:create_environment_scripts_only(movement_info_msgs)
[1.209s] Level 1:colcon.colcon_core.environment:checking '/home/kargla/robot_movement/install/movement_info_msgs' for CMake module files
[1.210s] Level 1:colcon.colcon_core.environment:checking '/home/kargla/robot_movement/install/movement_info_msgs' for CMake config files
[1.211s] Level 1:colcon.colcon_core.shell:create_environment_hook('movement_info_msgs', 'cmake_prefix_path')
[1.212s] INFO:colcon.colcon_core.shell:Creating environment hook '/home/kargla/robot_movement/install/movement_info_msgs/share/movement_info_msgs/hook/cmake_prefix_path.ps1'
[1.213s] INFO:colcon.colcon_core.shell:Creating environment descriptor '/home/kargla/robot_movement/install/movement_info_msgs/share/movement_info_msgs/hook/cmake_prefix_path.dsv'
[1.213s] INFO:colcon.colcon_core.shell:Creating environment hook '/home/kargla/robot_movement/install/movement_info_msgs/share/movement_info_msgs/hook/cmake_prefix_path.sh'
[1.214s] Level 1:colcon.colcon_core.environment:checking '/home/kargla/robot_movement/install/movement_info_msgs/lib'
[1.214s] Level 1:colcon.colcon_core.shell:create_environment_hook('movement_info_msgs', 'ld_library_path_lib')
[1.215s] INFO:colcon.colcon_core.shell:Creating environment hook '/home/kargla/robot_movement/install/movement_info_msgs/share/movement_info_msgs/hook/ld_library_path_lib.ps1'
[1.216s] INFO:colcon.colcon_core.shell:Creating environment descriptor '/home/kargla/robot_movement/install/movement_info_msgs/share/movement_info_msgs/hook/ld_library_path_lib.dsv'
[1.216s] INFO:colcon.colcon_core.shell:Creating environment hook '/home/kargla/robot_movement/install/movement_info_msgs/share/movement_info_msgs/hook/ld_library_path_lib.sh'
[1.217s] Level 1:colcon.colcon_core.environment:checking '/home/kargla/robot_movement/install/movement_info_msgs/bin'
[1.217s] Level 1:colcon.colcon_core.environment:checking '/home/kargla/robot_movement/install/movement_info_msgs/lib/pkgconfig/movement_info_msgs.pc'
[1.217s] Level 1:colcon.colcon_core.environment:checking '/home/kargla/robot_movement/install/movement_info_msgs/lib/python3.10/site-packages'
[1.217s] Level 1:colcon.colcon_core.environment:checking '/home/kargla/robot_movement/install/movement_info_msgs/bin'
[1.218s] INFO:colcon.colcon_core.shell:Creating package script '/home/kargla/robot_movement/install/movement_info_msgs/share/movement_info_msgs/package.ps1'
[1.219s] INFO:colcon.colcon_core.shell:Creating package descriptor '/home/kargla/robot_movement/install/movement_info_msgs/share/movement_info_msgs/package.dsv'
[1.219s] INFO:colcon.colcon_core.shell:Creating package script '/home/kargla/robot_movement/install/movement_info_msgs/share/movement_info_msgs/package.sh'
[1.220s] INFO:colcon.colcon_core.shell:Creating package script '/home/kargla/robot_movement/install/movement_info_msgs/share/movement_info_msgs/package.bash'
[1.221s] INFO:colcon.colcon_core.shell:Creating package script '/home/kargla/robot_movement/install/movement_info_msgs/share/movement_info_msgs/package.zsh'
[1.221s] Level 1:colcon.colcon_core.environment:create_file_with_runtime_dependencies(/home/kargla/robot_movement/install/movement_info_msgs/share/colcon-core/packages/movement_info_msgs)
[7.268s] DEBUG:colcon.colcon_core.event_handler.log_command:Invoked command in '/home/kargla/robot_movement/build/movement_info' returned '0': CMAKE_PREFIX_PATH=${CMAKE_PREFIX_PATH}:/opt/ros/humble /usr/bin/cmake --build /home/kargla/robot_movement/build/movement_info -- -j12 -l12
[7.270s] DEBUG:colcon.colcon_core.event_handler.log_command:Invoking command in '/home/kargla/robot_movement/build/movement_info': CMAKE_PREFIX_PATH=${CMAKE_PREFIX_PATH}:/opt/ros/humble /usr/bin/cmake --install /home/kargla/robot_movement/build/movement_info
[7.283s] Level 1:colcon.colcon_core.environment:create_environment_scripts_only(movement_info)
[7.284s] Level 1:colcon.colcon_core.environment:checking '/home/kargla/robot_movement/install/movement_info' for CMake module files
[7.284s] DEBUG:colcon.colcon_core.event_handler.log_command:Invoked command in '/home/kargla/robot_movement/build/movement_info' returned '0': CMAKE_PREFIX_PATH=${CMAKE_PREFIX_PATH}:/opt/ros/humble /usr/bin/cmake --install /home/kargla/robot_movement/build/movement_info
[7.285s] Level 1:colcon.colcon_core.environment:checking '/home/kargla/robot_movement/install/movement_info' for CMake config files
[7.285s] Level 1:colcon.colcon_core.shell:create_environment_hook('movement_info', 'cmake_prefix_path')
[7.285s] INFO:colcon.colcon_core.shell:Creating environment hook '/home/kargla/robot_movement/install/movement_info/share/movement_info/hook/cmake_prefix_path.ps1'
[7.286s] INFO:colcon.colcon_core.shell:Creating environment descriptor '/home/kargla/robot_movement/install/movement_info/share/movement_info/hook/cmake_prefix_path.dsv'
[7.287s] INFO:colcon.colcon_core.shell:Creating environment hook '/home/kargla/robot_movement/install/movement_info/share/movement_info/hook/cmake_prefix_path.sh'
[7.287s] Level 1:colcon.colcon_core.environment:checking '/home/kargla/robot_movement/install/movement_info/lib'
[7.288s] Level 1:colcon.colcon_core.environment:checking '/home/kargla/robot_movement/install/movement_info/bin'
[7.288s] Level 1:colcon.colcon_core.environment:checking '/home/kargla/robot_movement/install/movement_info/lib/pkgconfig/movement_info.pc'
[7.288s] Level 1:colcon.colcon_core.environment:checking '/home/kargla/robot_movement/install/movement_info/lib/python3.10/site-packages'
[7.288s] Level 1:colcon.colcon_core.environment:checking '/home/kargla/robot_movement/install/movement_info/bin'
[7.289s] INFO:colcon.colcon_core.shell:Creating package script '/home/kargla/robot_movement/install/movement_info/share/movement_info/package.ps1'
[7.289s] INFO:colcon.colcon_core.shell:Creating package descriptor '/home/kargla/robot_movement/install/movement_info/share/movement_info/package.dsv'
[7.290s] INFO:colcon.colcon_core.shell:Creating package script '/home/kargla/robot_movement/install/movement_info/share/movement_info/package.sh'
[7.290s] INFO:colcon.colcon_core.shell:Creating package script '/home/kargla/robot_movement/install/movement_info/share/movement_info/package.bash'
[7.291s] INFO:colcon.colcon_core.shell:Creating package script '/home/kargla/robot_movement/install/movement_info/share/movement_info/package.zsh'
[7.291s] Level 1:colcon.colcon_core.environment:create_file_with_runtime_dependencies(/home/kargla/robot_movement/install/movement_info/share/colcon-core/packages/movement_info)
[7.292s] Level 1:colcon.colcon_core.environment:create_environment_scripts_only(movement_info)
[7.292s] Level 1:colcon.colcon_core.environment:checking '/home/kargla/robot_movement/install/movement_info' for CMake module files
[7.292s] Level 1:colcon.colcon_core.environment:checking '/home/kargla/robot_movement/install/movement_info' for CMake config files
[7.293s] Level 1:colcon.colcon_core.shell:create_environment_hook('movement_info', 'cmake_prefix_path')
[7.293s] INFO:colcon.colcon_core.shell:Creating environment hook '/home/kargla/robot_movement/install/movement_info/share/movement_info/hook/cmake_prefix_path.ps1'
[7.293s] INFO:colcon.colcon_core.shell:Creating environment descriptor '/home/kargla/robot_movement/install/movement_info/share/movement_info/hook/cmake_prefix_path.dsv'
[7.294s] INFO:colcon.colcon_core.shell:Creating environment hook '/home/kargla/robot_movement/install/movement_info/share/movement_info/hook/cmake_prefix_path.sh'
[7.294s] Level 1:colcon.colcon_core.environment:checking '/home/kargla/robot_movement/install/movement_info/lib'
[7.294s] Level 1:colcon.colcon_core.environment:checking '/home/kargla/robot_movement/install/movement_info/bin'
[7.294s] Level 1:colcon.colcon_core.environment:checking '/home/kargla/robot_movement/install/movement_info/lib/pkgconfig/movement_info.pc'
[7.295s] Level 1:colcon.colcon_core.environment:checking '/home/kargla/robot_movement/install/movement_info/lib/python3.10/site-packages'
[7.295s] Level 1:colcon.colcon_core.environment:checking '/home/kargla/robot_movement/install/movement_info/bin'
[7.295s] INFO:colcon.colcon_core.shell:Creating package script '/home/kargla/robot_movement/install/movement_info/share/movement_info/package.ps1'
[7.296s] INFO:colcon.colcon_core.shell:Creating package descriptor '/home/kargla/robot_movement/install/movement_info/share/movement_info/package.dsv'
[7.296s] INFO:colcon.colcon_core.shell:Creating package script '/home/kargla/robot_movement/install/movement_info/share/movement_info/package.sh'
[7.297s] INFO:colcon.colcon_core.shell:Creating package script '/home/kargla/robot_movement/install/movement_info/share/movement_info/package.bash'
[7.298s] INFO:colcon.colcon_core.shell:Creating package script '/home/kargla/robot_movement/install/movement_info/share/movement_info/package.zsh'
[7.298s] Level 1:colcon.colcon_core.environment:create_file_with_runtime_dependencies(/home/kargla/robot_movement/install/movement_info/share/colcon-core/packages/movement_info)
[7.298s] DEBUG:colcon.colcon_parallel_executor.executor.parallel:closing loop
[7.299s] DEBUG:colcon.colcon_parallel_executor.executor.parallel:loop closed
[7.299s] DEBUG:colcon.colcon_parallel_executor.executor.parallel:run_until_complete finished with '0'
[7.299s] DEBUG:colcon.colcon_core.event_reactor:joining thread
[7.304s] INFO:colcon.colcon_core.plugin_system:Skipping extension 'colcon_notification.desktop_notification.terminal_notifier': Not used on non-Darwin systems
[7.305s] INFO:colcon.colcon_core.plugin_system:Skipping extension 'colcon_notification.desktop_notification.win32': Not used on non-Windows systems
[7.305s] INFO:colcon.colcon_notification.desktop_notification:Sending desktop notification using 'notify2'
[7.325s] DEBUG:colcon.colcon_core.event_reactor:joined thread
[7.326s] INFO:colcon.colcon_core.shell:Creating prefix script '/home/kargla/robot_movement/install/local_setup.ps1'
[7.328s] INFO:colcon.colcon_core.shell:Creating prefix util module '/home/kargla/robot_movement/install/_local_setup_util_ps1.py'
[7.329s] INFO:colcon.colcon_core.shell:Creating prefix chain script '/home/kargla/robot_movement/install/setup.ps1'
[7.330s] INFO:colcon.colcon_core.shell:Creating prefix script '/home/kargla/robot_movement/install/local_setup.sh'
[7.331s] INFO:colcon.colcon_core.shell:Creating prefix util module '/home/kargla/robot_movement/install/_local_setup_util_sh.py'
[7.331s] INFO:colcon.colcon_core.shell:Creating prefix chain script '/home/kargla/robot_movement/install/setup.sh'
[7.332s] INFO:colcon.colcon_core.shell:Creating prefix script '/home/kargla/robot_movement/install/local_setup.bash'
[7.333s] INFO:colcon.colcon_core.shell:Creating prefix chain script '/home/kargla/robot_movement/install/setup.bash'
[7.335s] INFO:colcon.colcon_core.shell:Creating prefix script '/home/kargla/robot_movement/install/local_setup.zsh'
[7.335s] INFO:colcon.colcon_core.shell:Creating prefix chain script '/home/kargla/robot_movement/install/setup.zsh'
