[0.014s] Invoking command in '/home/kargla/robot_movement/build/movement_info': CMAKE_PREFIX_PATH=${CMAKE_PREFIX_PATH}:/opt/ros/humble /usr/bin/cmake --build /home/kargla/robot_movement/build/movement_info -- -j12 -l12
[0.039s] -- Found ament_cmake: 1.3.11 (/opt/ros/humble/share/ament_cmake/cmake)
[0.164s] -- Found rosidl_default_generators: 1.2.0 (/opt/ros/humble/share/rosidl_default_generators/cmake)
[0.165s] -- Using all available rosidl_typesupport_c: rosidl_typesupport_fastrtps_c;rosidl_typesupport_introspection_c
[0.168s] -- Found rosidl_adapter: 3.1.6 (/opt/ros/humble/share/rosidl_adapter/cmake)
[0.195s] -- Using all available rosidl_typesupport_cpp: rosidl_typesupport_fastrtps_cpp;rosidl_typesupport_introspection_cpp
[0.217s] -- Found movement_info_msgs: 0.0.0 (/home/kargla/robot_movement/install/movement_info_msgs/share/movement_info_msgs/cmake)
[0.225s] -- Found rclcpp: 16.0.11 (/opt/ros/humble/share/rclcpp/cmake)
[0.257s] -- Found rmw_implementation_cmake: 6.1.2 (/opt/ros/humble/share/rmw_implementation_cmake/cmake)
[0.258s] -- Found rmw_fastrtps_cpp: 6.2.7 (/opt/ros/humble/share/rmw_fastrtps_cpp/cmake)
[0.362s] -- Using RMW implementation 'rmw_fastrtps_cpp' as default
[0.409s] -- Found geometry_msgs: 4.2.4 (/opt/ros/humble/share/geometry_msgs/cmake)
[0.419s] -- Found nav_msgs: 4.2.4 (/opt/ros/humble/share/nav_msgs/cmake)
[0.435s] -- Found ament_cmake_gtest: 1.3.11 (/opt/ros/humble/share/ament_cmake_gtest/cmake)
[0.438s] -- Found ament_cmake_gmock: 1.3.11 (/opt/ros/humble/share/ament_cmake_gmock/cmake)
[0.438s] -- Found gtest sources under '/opt/ros/humble/src/gtest_vendor': C++ tests using 'Google Test' will be built
[0.441s] -- Found gmock sources under '/opt/ros/humble/src/gmock_vendor': C++ tests using 'Google Mock' will be built
[0.502s] -- Configuring done
[0.532s] -- Generating done
[0.542s] -- Build files have been written to: /home/kargla/robot_movement/build/movement_info
[0.575s] [35m[1mConsolidate compiler generated dependencies of target gtest_main[0m
[0.575s] [35m[1mConsolidate compiler generated dependencies of target gmock[0m
[0.576s] [35m[1mConsolidate compiler generated dependencies of target movement_info_library[0m
[0.577s] [35m[1mConsolidate compiler generated dependencies of target gtest[0m
[0.577s] [35m[1mConsolidate compiler generated dependencies of target movement[0m
[0.577s] [35m[1mConsolidate compiler generated dependencies of target gmock_main[0m
[0.592s] [  5%] [32mBuilding CXX object gtest/CMakeFiles/gtest_main.dir/src/gtest_main.cc.o[0m
[0.597s] [ 25%] [32mBuilding CXX object gmock/CMakeFiles/gmock.dir/src/gmock-all.cc.o[0m
[0.597s] [ 25%] [32mBuilding CXX object gmock/CMakeFiles/gmock_main.dir/src/gmock_main.cc.o[0m
[0.597s] [ 25%] [32mBuilding CXX object gtest/CMakeFiles/gtest.dir/src/gtest-all.cc.o[0m
[0.599s] [ 25%] [32mBuilding CXX object gmock/CMakeFiles/gmock.dir/opt/ros/humble/src/gtest_vendor/src/gtest-all.cc.o[0m
[0.603s] [ 35%] [32mBuilding CXX object CMakeFiles/movement_info_library.dir/src/movement_interface.cpp.o[0m
[0.603s] [ 35%] [32mBuilding CXX object CMakeFiles/movement_info_library.dir/src/movement.cpp.o[0m
[0.610s] [ 45%] [32mBuilding CXX object CMakeFiles/movement.dir/src/main.cpp.o[0m
[0.610s] [ 45%] [32mBuilding CXX object CMakeFiles/movement.dir/src/movement.cpp.o[0m
[0.610s] [ 50%] [32mBuilding CXX object CMakeFiles/movement.dir/src/movement_interface.cpp.o[0m
[2.532s] [ 55%] [32m[1mLinking CXX static library libgtest_main.a[0m
[2.607s] [ 55%] Built target gtest_main
[2.940s] [ 60%] [32m[1mLinking CXX static library libgmock_main.a[0m
[3.005s] [ 60%] Built target gmock_main
[5.471s] [ 65%] [32m[1mLinking CXX static library libgtest.a[0m
[5.565s] [ 65%] Built target gtest
[5.942s] [ 70%] [32m[1mLinking CXX static library libgmock.a[0m
[6.032s] [ 70%] Built target gmock
[13.108s] [ 75%] [32m[1mLinking CXX executable movement[0m
[13.427s] [ 80%] [32m[1mLinking CXX static library libmovement_info_library.a[0m
[13.698s] [ 80%] Built target movement_info_library
[13.710s] [35m[1mConsolidate compiler generated dependencies of target movement_info_movement_gmock[0m
[13.710s] [35m[1mConsolidate compiler generated dependencies of target movement_info_movement_gtest[0m
[13.732s] [ 85%] [32mBuilding CXX object CMakeFiles/movement_info_movement_gmock.dir/test/movement_test.cpp.o[0m
[13.732s] [ 90%] [32mBuilding CXX object CMakeFiles/movement_info_movement_gtest.dir/test/movement_test.cpp.o[0m
[13.920s] [ 90%] Built target movement
[17.774s] [ 95%] [32m[1mLinking CXX executable movement_info_movement_gtest[0m
[17.781s] [100%] [32m[1mLinking CXX executable movement_info_movement_gmock[0m
[18.814s] [100%] Built target movement_info_movement_gtest
[18.871s] [100%] Built target movement_info_movement_gmock
[18.886s] Invoked command in '/home/kargla/robot_movement/build/movement_info' returned '0': CMAKE_PREFIX_PATH=${CMAKE_PREFIX_PATH}:/opt/ros/humble /usr/bin/cmake --build /home/kargla/robot_movement/build/movement_info -- -j12 -l12
[18.888s] Invoking command in '/home/kargla/robot_movement/build/movement_info': CMAKE_PREFIX_PATH=${CMAKE_PREFIX_PATH}:/opt/ros/humble /usr/bin/cmake --install /home/kargla/robot_movement/build/movement_info
[18.895s] -- Install configuration: ""
[18.895s] -- Up-to-date: /home/kargla/robot_movement/install/movement_info/share/movement_info/config
[18.895s] -- Up-to-date: /home/kargla/robot_movement/install/movement_info/share/movement_info/config/params.yaml
[18.896s] -- Up-to-date: /home/kargla/robot_movement/install/movement_info/include
[18.896s] -- Up-to-date: /home/kargla/robot_movement/install/movement_info/include/movement_info
[18.896s] -- Up-to-date: /home/kargla/robot_movement/install/movement_info/include/movement_info/MockPublisher.hpp
[18.896s] -- Up-to-date: /home/kargla/robot_movement/install/movement_info/include/movement_info/movement.hpp
[18.896s] -- Up-to-date: /home/kargla/robot_movement/install/movement_info/include/movement_info/movement_interface.hpp
[18.896s] -- Installing: /home/kargla/robot_movement/install/movement_info/lib/movement_info/movement
[18.904s] -- Set runtime path of "/home/kargla/robot_movement/install/movement_info/lib/movement_info/movement" to ""
[18.904s] -- Up-to-date: /home/kargla/robot_movement/install/movement_info/share/ament_index/resource_index/package_run_dependencies/movement_info
[18.904s] -- Up-to-date: /home/kargla/robot_movement/install/movement_info/share/ament_index/resource_index/parent_prefix_path/movement_info
[18.904s] -- Up-to-date: /home/kargla/robot_movement/install/movement_info/share/movement_info/environment/ament_prefix_path.sh
[18.904s] -- Installing: /home/kargla/robot_movement/install/movement_info/share/movement_info/environment/ament_prefix_path.dsv
[18.905s] -- Up-to-date: /home/kargla/robot_movement/install/movement_info/share/movement_info/environment/path.sh
[18.905s] -- Installing: /home/kargla/robot_movement/install/movement_info/share/movement_info/environment/path.dsv
[18.905s] -- Up-to-date: /home/kargla/robot_movement/install/movement_info/share/movement_info/local_setup.bash
[18.905s] -- Up-to-date: /home/kargla/robot_movement/install/movement_info/share/movement_info/local_setup.sh
[18.905s] -- Up-to-date: /home/kargla/robot_movement/install/movement_info/share/movement_info/local_setup.zsh
[18.905s] -- Installing: /home/kargla/robot_movement/install/movement_info/share/movement_info/local_setup.dsv
[18.905s] -- Installing: /home/kargla/robot_movement/install/movement_info/share/movement_info/package.dsv
[18.905s] -- Up-to-date: /home/kargla/robot_movement/install/movement_info/share/ament_index/resource_index/packages/movement_info
[18.905s] -- Up-to-date: /home/kargla/robot_movement/install/movement_info/share/movement_info/cmake/movement_infoConfig.cmake
[18.905s] -- Up-to-date: /home/kargla/robot_movement/install/movement_info/share/movement_info/cmake/movement_infoConfig-version.cmake
[18.906s] -- Up-to-date: /home/kargla/robot_movement/install/movement_info/share/movement_info/package.xml
[18.908s] Invoked command in '/home/kargla/robot_movement/build/movement_info' returned '0': CMAKE_PREFIX_PATH=${CMAKE_PREFIX_PATH}:/opt/ros/humble /usr/bin/cmake --install /home/kargla/robot_movement/build/movement_info
