[0.012s] Invoking command in '/home/kargla/robot_movement/build/movement_info': CMAKE_PREFIX_PATH=${CMAKE_PREFIX_PATH}:/opt/ros/humble /usr/bin/cmake /home/kargla/robot_movement/src/movement_info -DCMAKE_INSTALL_PREFIX=/home/kargla/robot_movement/install/movement_info
[0.026s] -- Found ament_cmake: 1.3.11 (/opt/ros/humble/share/ament_cmake/cmake)
[0.163s] -- Found rosidl_default_generators: 1.2.0 (/opt/ros/humble/share/rosidl_default_generators/cmake)
[0.164s] -- Using all available rosidl_typesupport_c: rosidl_typesupport_fastrtps_c;rosidl_typesupport_introspection_c
[0.167s] -- Found rosidl_adapter: 3.1.6 (/opt/ros/humble/share/rosidl_adapter/cmake)
[0.195s] -- Using all available rosidl_typesupport_cpp: rosidl_typesupport_fastrtps_cpp;rosidl_typesupport_introspection_cpp
[0.223s] -- Found movement_info_msgs: 0.0.0 (/home/kargla/robot_movement/install/movement_info_msgs/share/movement_info_msgs/cmake)
[0.232s] -- Found rclcpp: 16.0.11 (/opt/ros/humble/share/rclcpp/cmake)
[0.279s] -- Found rmw_implementation_cmake: 6.1.2 (/opt/ros/humble/share/rmw_implementation_cmake/cmake)
[0.281s] -- Found rmw_fastrtps_cpp: 6.2.7 (/opt/ros/humble/share/rmw_fastrtps_cpp/cmake)
[0.394s] -- Found OpenSSL: /usr/lib/x86_64-linux-gnu/libcrypto.so (found version "3.0.2")  
[0.423s] -- Found FastRTPS: /opt/ros/humble/include  
[0.466s] -- Using RMW implementation 'rmw_fastrtps_cpp' as default
[0.473s] -- Looking for pthread.h
[0.552s] -- Looking for pthread.h - found
[0.553s] -- Performing Test CMAKE_HAVE_LIBC_PTHREAD
[0.633s] -- Performing Test CMAKE_HAVE_LIBC_PTHREAD - Success
[0.634s] -- Found Threads: TRUE  
[0.678s] -- Found geometry_msgs: 4.2.4 (/opt/ros/humble/share/geometry_msgs/cmake)
[0.689s] -- Found nav_msgs: 4.2.4 (/opt/ros/humble/share/nav_msgs/cmake)
[0.704s] -- Found ament_cmake_gtest: 1.3.11 (/opt/ros/humble/share/ament_cmake_gtest/cmake)
[0.709s] -- Found ament_cmake_gmock: 1.3.11 (/opt/ros/humble/share/ament_cmake_gmock/cmake)
[0.711s] -- Found gtest sources under '/opt/ros/humble/src/gtest_vendor': C++ tests using 'Google Test' will be built
[0.715s] -- Found gmock sources under '/opt/ros/humble/src/gmock_vendor': C++ tests using 'Google Mock' will be built
[0.778s] -- Configuring done
[0.804s] -- Generating done
[0.812s] -- Build files have been written to: /home/kargla/robot_movement/build/movement_info
[0.822s] Invoked command in '/home/kargla/robot_movement/build/movement_info' returned '0': CMAKE_PREFIX_PATH=${CMAKE_PREFIX_PATH}:/opt/ros/humble /usr/bin/cmake /home/kargla/robot_movement/src/movement_info -DCMAKE_INSTALL_PREFIX=/home/kargla/robot_movement/install/movement_info
[0.823s] Invoking command in '/home/kargla/robot_movement/build/movement_info': CMAKE_PREFIX_PATH=${CMAKE_PREFIX_PATH}:/opt/ros/humble /usr/bin/cmake --build /home/kargla/robot_movement/build/movement_info -- -j12 -l12
[0.881s] [ 25%] [32mBuilding CXX object CMakeFiles/movement_info_library.dir/src/movement.cpp.o[0m
[0.881s] [ 25%] [32mBuilding CXX object CMakeFiles/movement.dir/src/main.cpp.o[0m
[0.882s] [ 25%] [32mBuilding CXX object gmock/CMakeFiles/gmock.dir/src/gmock-all.cc.o[0m
[0.882s] [ 30%] [32mBuilding CXX object gmock/CMakeFiles/gmock.dir/opt/ros/humble/src/gtest_vendor/src/gtest-all.cc.o[0m
[0.882s] [ 30%] [32mBuilding CXX object CMakeFiles/movement.dir/src/movement.cpp.o[0m
[0.882s] [ 30%] [32mBuilding CXX object gtest/CMakeFiles/gtest_main.dir/src/gtest_main.cc.o[0m
[0.882s] [ 40%] [32mBuilding CXX object gtest/CMakeFiles/gtest.dir/src/gtest-all.cc.o[0m
[0.882s] [ 40%] [32mBuilding CXX object CMakeFiles/movement_info_library.dir/src/movement_interface.cpp.o[0m
[0.882s] [ 45%] [32mBuilding CXX object CMakeFiles/movement.dir/src/movement_interface.cpp.o[0m
[0.883s] [ 50%] [32mBuilding CXX object gmock/CMakeFiles/gmock_main.dir/src/gmock_main.cc.o[0m
[2.471s] [ 55%] [32m[1mLinking CXX static library libgtest_main.a[0m
[2.541s] [ 55%] Built target gtest_main
[3.305s] [ 60%] [32m[1mLinking CXX static library libgmock_main.a[0m
[3.375s] [ 60%] Built target gmock_main
[5.587s] [ 65%] [32m[1mLinking CXX static library libgmock.a[0m
[5.677s] [ 65%] Built target gmock
[6.242s] [ 70%] [32m[1mLinking CXX static library libgtest.a[0m
[6.320s] [ 70%] Built target gtest
[12.677s] [ 75%] [32m[1mLinking CXX static library libmovement_info_library.a[0m
[12.950s] [ 75%] Built target movement_info_library
[12.973s] [ 85%] [32mBuilding CXX object CMakeFiles/movement_info_movement_gtest.dir/test/movement_test.cpp.o[0m
[12.973s] [ 85%] [32mBuilding CXX object CMakeFiles/movement_info_movement_gmock.dir/test/movement_test.cpp.o[0m
[13.378s] [ 90%] [32m[1mLinking CXX executable movement[0m
[14.195s] [ 90%] Built target movement
[17.006s] [ 95%] [32m[1mLinking CXX executable movement_info_movement_gmock[0m
[17.098s] [100%] [32m[1mLinking CXX executable movement_info_movement_gtest[0m
[18.032s] [100%] Built target movement_info_movement_gmock
[18.117s] [100%] Built target movement_info_movement_gtest
[18.135s] Invoked command in '/home/kargla/robot_movement/build/movement_info' returned '0': CMAKE_PREFIX_PATH=${CMAKE_PREFIX_PATH}:/opt/ros/humble /usr/bin/cmake --build /home/kargla/robot_movement/build/movement_info -- -j12 -l12
[18.137s] Invoking command in '/home/kargla/robot_movement/build/movement_info': CMAKE_PREFIX_PATH=${CMAKE_PREFIX_PATH}:/opt/ros/humble /usr/bin/cmake --install /home/kargla/robot_movement/build/movement_info
[18.145s] -- Install configuration: ""
[18.145s] -- Installing: /home/kargla/robot_movement/install/movement_info/share/movement_info/config
[18.145s] -- Installing: /home/kargla/robot_movement/install/movement_info/share/movement_info/config/params.yaml
[18.145s] -- Installing: /home/kargla/robot_movement/install/movement_info/include
[18.146s] -- Installing: /home/kargla/robot_movement/install/movement_info/include/movement_info
[18.146s] -- Installing: /home/kargla/robot_movement/install/movement_info/include/movement_info/MockPublisher.hpp
[18.146s] -- Installing: /home/kargla/robot_movement/install/movement_info/include/movement_info/movement.hpp
[18.146s] -- Installing: /home/kargla/robot_movement/install/movement_info/include/movement_info/movement_interface.hpp
[18.146s] -- Installing: /home/kargla/robot_movement/install/movement_info/lib/movement_info/movement
[18.153s] -- Set runtime path of "/home/kargla/robot_movement/install/movement_info/lib/movement_info/movement" to ""
[18.153s] -- Installing: /home/kargla/robot_movement/install/movement_info/share/ament_index/resource_index/package_run_dependencies/movement_info
[18.153s] -- Installing: /home/kargla/robot_movement/install/movement_info/share/ament_index/resource_index/parent_prefix_path/movement_info
[18.153s] -- Installing: /home/kargla/robot_movement/install/movement_info/share/movement_info/environment/ament_prefix_path.sh
[18.153s] -- Installing: /home/kargla/robot_movement/install/movement_info/share/movement_info/environment/ament_prefix_path.dsv
[18.154s] -- Installing: /home/kargla/robot_movement/install/movement_info/share/movement_info/environment/path.sh
[18.154s] -- Installing: /home/kargla/robot_movement/install/movement_info/share/movement_info/environment/path.dsv
[18.157s] -- Installing: /home/kargla/robot_movement/install/movement_info/share/movement_info/local_setup.bash
[18.157s] -- Installing: /home/kargla/robot_movement/install/movement_info/share/movement_info/local_setup.sh
[18.157s] -- Installing: /home/kargla/robot_movement/install/movement_info/share/movement_info/local_setup.zsh
[18.157s] -- Installing: /home/kargla/robot_movement/install/movement_info/share/movement_info/local_setup.dsv
[18.158s] -- Installing: /home/kargla/robot_movement/install/movement_info/share/movement_info/package.dsv
[18.158s] -- Installing: /home/kargla/robot_movement/install/movement_info/share/ament_index/resource_index/packages/movement_info
[18.158s] -- Installing: /home/kargla/robot_movement/install/movement_info/share/movement_info/cmake/movement_infoConfig.cmake
[18.158s] -- Installing: /home/kargla/robot_movement/install/movement_info/share/movement_info/cmake/movement_infoConfig-version.cmake
[18.158s] -- Installing: /home/kargla/robot_movement/install/movement_info/share/movement_info/package.xml
[18.160s] Invoked command in '/home/kargla/robot_movement/build/movement_info' returned '0': CMAKE_PREFIX_PATH=${CMAKE_PREFIX_PATH}:/opt/ros/humble /usr/bin/cmake --install /home/kargla/robot_movement/build/movement_info
