[0.013s] Invoking command in '/home/kargla/robot_movement/build/movement_info': CMAKE_PREFIX_PATH=${CMAKE_PREFIX_PATH}:/opt/ros/humble /usr/bin/cmake --build /home/kargla/robot_movement/build/movement_info -- -j12 -l12
[0.058s] [35m[1mConsolidate compiler generated dependencies of target gtest[0m
[0.059s] [35m[1mConsolidate compiler generated dependencies of target gtest_main[0m
[0.077s] [ 18%] Built target gtest
[0.078s] [ 36%] Built target movement_info_library
[0.078s] [ 63%] Built target movement
[0.080s] [ 81%] Built target gtest_main
[0.093s] [35m[1mConsolidate compiler generated dependencies of target movement_info_movement_test[0m
[0.111s] [100%] Built target movement_info_movement_test
[0.126s] Invoked command in '/home/kargla/robot_movement/build/movement_info' returned '0': CMAKE_PREFIX_PATH=${CMAKE_PREFIX_PATH}:/opt/ros/humble /usr/bin/cmake --build /home/kargla/robot_movement/build/movement_info -- -j12 -l12
[0.138s] Invoking command in '/home/kargla/robot_movement/build/movement_info': CMAKE_PREFIX_PATH=${CMAKE_PREFIX_PATH}:/opt/ros/humble /usr/bin/cmake --install /home/kargla/robot_movement/build/movement_info
[0.146s] -- Install configuration: ""
[0.146s] -- Up-to-date: /home/kargla/robot_movement/install/movement_info/share/movement_info/config
[0.146s] -- Up-to-date: /home/kargla/robot_movement/install/movement_info/share/movement_info/config/params.yaml
[0.146s] -- Up-to-date: /home/kargla/robot_movement/install/movement_info/include
[0.146s] -- Up-to-date: /home/kargla/robot_movement/install/movement_info/include/movement_info
[0.146s] -- Up-to-date: /home/kargla/robot_movement/install/movement_info/include/movement_info/movement.hpp
[0.146s] -- Up-to-date: /home/kargla/robot_movement/install/movement_info/lib/movement_info/movement
[0.146s] -- Up-to-date: /home/kargla/robot_movement/install/movement_info/share/ament_index/resource_index/package_run_dependencies/movement_info
[0.147s] -- Up-to-date: /home/kargla/robot_movement/install/movement_info/share/ament_index/resource_index/parent_prefix_path/movement_info
[0.147s] -- Up-to-date: /home/kargla/robot_movement/install/movement_info/share/movement_info/environment/ament_prefix_path.sh
[0.147s] -- Up-to-date: /home/kargla/robot_movement/install/movement_info/share/movement_info/environment/ament_prefix_path.dsv
[0.147s] -- Up-to-date: /home/kargla/robot_movement/install/movement_info/share/movement_info/environment/path.sh
[0.147s] -- Up-to-date: /home/kargla/robot_movement/install/movement_info/share/movement_info/environment/path.dsv
[0.147s] -- Up-to-date: /home/kargla/robot_movement/install/movement_info/share/movement_info/local_setup.bash
[0.147s] -- Up-to-date: /home/kargla/robot_movement/install/movement_info/share/movement_info/local_setup.sh
[0.147s] -- Up-to-date: /home/kargla/robot_movement/install/movement_info/share/movement_info/local_setup.zsh
[0.148s] -- Up-to-date: /home/kargla/robot_movement/install/movement_info/share/movement_info/local_setup.dsv
[0.148s] -- Installing: /home/kargla/robot_movement/install/movement_info/share/movement_info/package.dsv
[0.148s] -- Up-to-date: /home/kargla/robot_movement/install/movement_info/share/ament_index/resource_index/packages/movement_info
[0.148s] -- Up-to-date: /home/kargla/robot_movement/install/movement_info/share/movement_info/cmake/movement_infoConfig.cmake
[0.148s] -- Up-to-date: /home/kargla/robot_movement/install/movement_info/share/movement_info/cmake/movement_infoConfig-version.cmake
[0.148s] -- Up-to-date: /home/kargla/robot_movement/install/movement_info/share/movement_info/package.xml
[0.151s] Invoked command in '/home/kargla/robot_movement/build/movement_info' returned '0': CMAKE_PREFIX_PATH=${CMAKE_PREFIX_PATH}:/opt/ros/humble /usr/bin/cmake --install /home/kargla/robot_movement/build/movement_info
