[0.018s] Invoking command in '/home/kargla/robot_movement/build/movement_info': CMAKE_PREFIX_PATH=/opt/ros/humble /usr/bin/cmake --build /home/kargla/robot_movement/build/movement_info -- -j12 -l12
[0.090s] [35m[1mConsolidate compiler generated dependencies of target movement_info_library[0m
[0.092s] [35m[1mConsolidate compiler generated dependencies of target movement[0m
[0.113s] [ 10%] Built target gtest_main
[0.117s] [ 31%] Built target gmock_main
[0.117s] [ 31%] Built target gtest
[0.118s] [ 47%] Built target gmock
[0.124s] [ 52%] [32mBuilding CXX object CMakeFiles/movement_info_library.dir/src/movement.cpp.o[0m
[0.143s] [ 57%] [32mBuilding CXX object CMakeFiles/movement.dir/src/movement.cpp.o[0m
[12.101s] [ 63%] [32m[1mLinking CXX executable movement[0m
[12.156s] [ 68%] [32m[1mLinking CXX static library libmovement_info_library.a[0m
[12.486s] [ 68%] Built target movement_info_library
[12.501s] [35m[1mConsolidate compiler generated dependencies of target movement_info_movement_gtest[0m
[12.501s] [35m[1mConsolidate compiler generated dependencies of target movement_info_movement_gmock[0m
[12.532s] [ 73%] [32mBuilding CXX object CMakeFiles/movement_info_movement_gmock.dir/test/movement_test.cpp.o[0m
[12.532s] [ 78%] [32mBuilding CXX object CMakeFiles/movement_info_movement_gtest.dir/test/movement_test.cpp.o[0m
[13.297s] [ 89%] Built target movement
[17.293s] [ 94%] [32m[1mLinking CXX executable movement_info_movement_gmock[0m
[17.370s] [100%] [32m[1mLinking CXX executable movement_info_movement_gtest[0m
[18.357s] [100%] Built target movement_info_movement_gmock
[18.460s] [100%] Built target movement_info_movement_gtest
[18.478s] Invoked command in '/home/kargla/robot_movement/build/movement_info' returned '0': CMAKE_PREFIX_PATH=/opt/ros/humble /usr/bin/cmake --build /home/kargla/robot_movement/build/movement_info -- -j12 -l12
[18.481s] Invoking command in '/home/kargla/robot_movement/build/movement_info': CMAKE_PREFIX_PATH=/opt/ros/humble /usr/bin/cmake --install /home/kargla/robot_movement/build/movement_info
[18.488s] -- Install configuration: ""
[18.489s] -- Up-to-date: /home/kargla/robot_movement/install/movement_info/share/movement_info/config
[18.489s] -- Up-to-date: /home/kargla/robot_movement/install/movement_info/share/movement_info/config/params.yaml
[18.489s] -- Up-to-date: /home/kargla/robot_movement/install/movement_info/include
[18.489s] -- Up-to-date: /home/kargla/robot_movement/install/movement_info/include/movement_info
[18.489s] -- Installing: /home/kargla/robot_movement/install/movement_info/include/movement_info/movement.hpp
[18.489s] -- Installing: /home/kargla/robot_movement/install/movement_info/lib/movement_info/movement
[18.500s] -- Set runtime path of "/home/kargla/robot_movement/install/movement_info/lib/movement_info/movement" to ""
[18.501s] -- Up-to-date: /home/kargla/robot_movement/install/movement_info/share/ament_index/resource_index/package_run_dependencies/movement_info
[18.501s] -- Installing: /home/kargla/robot_movement/install/movement_info/share/ament_index/resource_index/parent_prefix_path/movement_info
[18.501s] -- Up-to-date: /home/kargla/robot_movement/install/movement_info/share/movement_info/environment/ament_prefix_path.sh
[18.501s] -- Installing: /home/kargla/robot_movement/install/movement_info/share/movement_info/environment/ament_prefix_path.dsv
[18.501s] -- Up-to-date: /home/kargla/robot_movement/install/movement_info/share/movement_info/environment/path.sh
[18.501s] -- Installing: /home/kargla/robot_movement/install/movement_info/share/movement_info/environment/path.dsv
[18.501s] -- Up-to-date: /home/kargla/robot_movement/install/movement_info/share/movement_info/local_setup.bash
[18.501s] -- Up-to-date: /home/kargla/robot_movement/install/movement_info/share/movement_info/local_setup.sh
[18.501s] -- Up-to-date: /home/kargla/robot_movement/install/movement_info/share/movement_info/local_setup.zsh
[18.501s] -- Installing: /home/kargla/robot_movement/install/movement_info/share/movement_info/local_setup.dsv
[18.501s] -- Installing: /home/kargla/robot_movement/install/movement_info/share/movement_info/package.dsv
[18.501s] -- Up-to-date: /home/kargla/robot_movement/install/movement_info/share/ament_index/resource_index/packages/movement_info
[18.501s] -- Up-to-date: /home/kargla/robot_movement/install/movement_info/share/movement_info/cmake/movement_infoConfig.cmake
[18.501s] -- Up-to-date: /home/kargla/robot_movement/install/movement_info/share/movement_info/cmake/movement_infoConfig-version.cmake
[18.501s] -- Up-to-date: /home/kargla/robot_movement/install/movement_info/share/movement_info/package.xml
[18.503s] Invoked command in '/home/kargla/robot_movement/build/movement_info' returned '0': CMAKE_PREFIX_PATH=/opt/ros/humble /usr/bin/cmake --install /home/kargla/robot_movement/build/movement_info
