[0.012s] Invoking command in '/home/kargla/robot_movement/build/movement_info': CMAKE_PREFIX_PATH=${CMAKE_PREFIX_PATH}:/opt/ros/humble /usr/bin/cmake --build /home/kargla/robot_movement/build/movement_info -- -j12 -l12
[0.038s] -- Found ament_cmake: 1.3.11 (/opt/ros/humble/share/ament_cmake/cmake)
[0.155s] -- Found rosidl_default_generators: 1.2.0 (/opt/ros/humble/share/rosidl_default_generators/cmake)
[0.156s] -- Using all available rosidl_typesupport_c: rosidl_typesupport_fastrtps_c;rosidl_typesupport_introspection_c
[0.159s] -- Found rosidl_adapter: 3.1.6 (/opt/ros/humble/share/rosidl_adapter/cmake)
[0.185s] -- Using all available rosidl_typesupport_cpp: rosidl_typesupport_fastrtps_cpp;rosidl_typesupport_introspection_cpp
[0.207s] -- Found movement_info_msgs: 0.0.0 (/home/kargla/robot_movement/install/movement_info_msgs/share/movement_info_msgs/cmake)
[0.214s] -- Found rclcpp: 16.0.11 (/opt/ros/humble/share/rclcpp/cmake)
[0.246s] -- Found rmw_implementation_cmake: 6.1.2 (/opt/ros/humble/share/rmw_implementation_cmake/cmake)
[0.247s] -- Found rmw_fastrtps_cpp: 6.2.7 (/opt/ros/humble/share/rmw_fastrtps_cpp/cmake)
[0.348s] -- Using RMW implementation 'rmw_fastrtps_cpp' as default
[0.389s] -- Found geometry_msgs: 4.2.4 (/opt/ros/humble/share/geometry_msgs/cmake)
[0.400s] -- Found nav_msgs: 4.2.4 (/opt/ros/humble/share/nav_msgs/cmake)
[0.419s] -- Found ament_cmake_gtest: 1.3.11 (/opt/ros/humble/share/ament_cmake_gtest/cmake)
[0.429s] [31mCMake Error at CMakeLists.txt:65 (find_package):
[0.429s]   By not providing "Findgmock.cmake" in CMAKE_MODULE_PATH this project has
[0.429s]   asked CMake to find a package configuration file provided by "gmock", but
[0.429s]   CMake did not find one.
[0.429s] 
[0.429s]   Could not find a package configuration file provided by "gmock" with any of
[0.429s]   the following names:
[0.429s] 
[0.430s]     gmockConfig.cmake
[0.430s]     gmock-config.cmake
[0.430s] 
[0.430s]   Add the installation prefix of "gmock" to CMAKE_PREFIX_PATH or set
[0.430s]   "gmock_DIR" to a directory containing one of the above files.  If "gmock"
[0.430s]   provides a separate development package or SDK, be sure it has been
[0.430s]   installed.
[0.430s] 
[0.430s] [0m
[0.430s] -- Configuring incomplete, errors occurred!
[0.430s] See also "/home/kargla/robot_movement/build/movement_info/CMakeFiles/CMakeOutput.log".
[0.435s] gmake: *** [Makefile:380: cmake_check_build_system] Error 1
[0.439s] Invoked command in '/home/kargla/robot_movement/build/movement_info' returned '2': CMAKE_PREFIX_PATH=${CMAKE_PREFIX_PATH}:/opt/ros/humble /usr/bin/cmake --build /home/kargla/robot_movement/build/movement_info -- -j12 -l12
