[0.013s] Invoking command in '/home/kargla/robot_movement/build/movement_info_msgs': CMAKE_PREFIX_PATH=${CMAKE_PREFIX_PATH}:/opt/ros/humble /usr/bin/cmake --build /home/kargla/robot_movement/build/movement_info_msgs -- -j12 -l12
[0.068s] [  3%] Built target movement_info_msgs__cpp
[0.069s] [ 12%] Built target movement_info_msgs__rosidl_generator_c
[0.083s] [ 12%] Built target ament_cmake_python_copy_movement_info_msgs
[0.102s] [ 22%] Built target movement_info_msgs__rosidl_typesupport_introspection_cpp
[0.103s] [ 32%] Built target movement_info_msgs__rosidl_typesupport_introspection_c
[0.103s] [ 54%] Built target movement_info_msgs__rosidl_typesupport_fastrtps_c
[0.103s] [ 54%] Built target movement_info_msgs__rosidl_typesupport_cpp
[0.104s] [ 61%] Built target movement_info_msgs__rosidl_typesupport_fastrtps_cpp
[0.106s] [ 70%] Built target movement_info_msgs__rosidl_typesupport_c
[0.135s] [ 70%] Built target movement_info_msgs
[0.163s] [ 74%] Built target movement_info_msgs__py
[0.193s] [ 80%] Built target movement_info_msgs__rosidl_generator_py
[0.222s] [ 87%] Built target movement_info_msgs__rosidl_typesupport_fastrtps_c__pyext
[0.224s] [100%] Built target movement_info_msgs__rosidl_typesupport_introspection_c__pyext
[0.224s] [100%] Built target movement_info_msgs__rosidl_typesupport_c__pyext
[0.322s] running egg_info
[0.323s] writing movement_info_msgs.egg-info/PKG-INFO
[0.323s] writing dependency_links to movement_info_msgs.egg-info/dependency_links.txt
[0.323s] writing top-level names to movement_info_msgs.egg-info/top_level.txt
[0.325s] reading manifest file 'movement_info_msgs.egg-info/SOURCES.txt'
[0.326s] writing manifest file 'movement_info_msgs.egg-info/SOURCES.txt'
[0.360s] [100%] Built target ament_cmake_python_build_movement_info_msgs_egg
