[0.096s] DEBUG:colcon:Command line arguments: ['/usr/bin/colcon', 'build']
[0.096s] DEBUG:colcon:Parsed command line arguments: Namespace(log_base=None, log_level=None, verb_name='build', build_base='build', install_base='install', merge_install=False, symlink_install=False, test_result_base=None, continue_on_error=False, executor='parallel', parallel_workers=12, event_handlers=None, ignore_user_meta=False, metas=['./colcon.meta'], base_paths=['.'], packages_ignore=None, packages_ignore_regex=None, paths=None, packages_up_to=None, packages_up_to_regex=None, packages_above=None, packages_above_and_dependencies=None, packages_above_depth=None, packages_select_by_dep=None, packages_skip_by_dep=None, packages_skip_up_to=None, packages_select_build_failed=False, packages_skip_build_finished=False, packages_select_test_failures=False, packages_skip_test_passed=False, packages_select=None, packages_skip=None, packages_select_regex=None, packages_skip_regex=None, packages_start=None, packages_end=None, allow_overriding=[], cmake_args=None, cmake_target=None, cmake_target_skip_unavailable=False, cmake_clean_cache=False, cmake_clean_first=False, cmake_force_configure=False, ament_cmake_args=None, catkin_cmake_args=None, catkin_skip_building_tests=False, mixin_files=None, mixin=None, verb_parser=<colcon_mixin.mixin.mixin_argument.MixinArgumentDecorator object at 0x70ac765023e0>, verb_extension=<colcon_core.verb.build.BuildVerb object at 0x70ac765ff2e0>, main=<bound method BuildVerb.main of <colcon_core.verb.build.BuildVerb object at 0x70ac765ff2e0>>, mixin_verb=('build',))
[0.236s] Level 1:colcon.colcon_core.package_discovery:discover_packages(colcon_meta) check parameters
[0.236s] Level 1:colcon.colcon_core.package_discovery:discover_packages(recursive) check parameters
[0.236s] Level 1:colcon.colcon_core.package_discovery:discover_packages(ignore) check parameters
[0.236s] Level 1:colcon.colcon_core.package_discovery:discover_packages(path) check parameters
[0.236s] Level 1:colcon.colcon_core.package_discovery:discover_packages(colcon_meta) discover
[0.237s] Level 1:colcon.colcon_core.package_discovery:discover_packages(recursive) discover
[0.237s] INFO:colcon.colcon_core.package_discovery:Crawling recursively for packages in '/home/kargla/robot_movement'
[0.237s] Level 1:colcon.colcon_core.package_identification:_identify(.) by extensions ['ignore', 'ignore_ament_install']
[0.237s] Level 1:colcon.colcon_core.package_identification:_identify(.) by extension 'ignore'
[0.237s] Level 1:colcon.colcon_core.package_identification:_identify(.) by extension 'ignore_ament_install'
[0.237s] Level 1:colcon.colcon_core.package_identification:_identify(.) by extensions ['colcon_pkg']
[0.237s] Level 1:colcon.colcon_core.package_identification:_identify(.) by extension 'colcon_pkg'
[0.237s] Level 1:colcon.colcon_core.package_identification:_identify(.) by extensions ['colcon_meta']
[0.237s] Level 1:colcon.colcon_core.package_identification:_identify(.) by extension 'colcon_meta'
[0.237s] Level 1:colcon.colcon_core.package_identification:_identify(.) by extensions ['ros']
[0.237s] Level 1:colcon.colcon_core.package_identification:_identify(.) by extension 'ros'
[0.248s] Level 1:colcon.colcon_core.package_identification:_identify(.) by extensions ['cmake', 'python']
[0.248s] Level 1:colcon.colcon_core.package_identification:_identify(.) by extension 'cmake'
[0.248s] Level 1:colcon.colcon_core.package_identification:_identify(.) by extension 'python'
[0.248s] Level 1:colcon.colcon_core.package_identification:_identify(.) by extensions ['python_setup_py']
[0.248s] Level 1:colcon.colcon_core.package_identification:_identify(.) by extension 'python_setup_py'
[0.248s] Level 1:colcon.colcon_core.package_identification:_identify(build) by extensions ['ignore', 'ignore_ament_install']
[0.248s] Level 1:colcon.colcon_core.package_identification:_identify(build) by extension 'ignore'
[0.248s] Level 1:colcon.colcon_core.package_identification:_identify(build) ignored
[0.248s] Level 1:colcon.colcon_core.package_identification:_identify(install) by extensions ['ignore', 'ignore_ament_install']
[0.248s] Level 1:colcon.colcon_core.package_identification:_identify(install) by extension 'ignore'
[0.248s] Level 1:colcon.colcon_core.package_identification:_identify(install) ignored
[0.248s] Level 1:colcon.colcon_core.package_identification:_identify(log) by extensions ['ignore', 'ignore_ament_install']
[0.248s] Level 1:colcon.colcon_core.package_identification:_identify(log) by extension 'ignore'
[0.248s] Level 1:colcon.colcon_core.package_identification:_identify(log) ignored
[0.249s] Level 1:colcon.colcon_core.package_identification:_identify(src) by extensions ['ignore', 'ignore_ament_install']
[0.249s] Level 1:colcon.colcon_core.package_identification:_identify(src) by extension 'ignore'
[0.249s] Level 1:colcon.colcon_core.package_identification:_identify(src) by extension 'ignore_ament_install'
[0.249s] Level 1:colcon.colcon_core.package_identification:_identify(src) by extensions ['colcon_pkg']
[0.249s] Level 1:colcon.colcon_core.package_identification:_identify(src) by extension 'colcon_pkg'
[0.249s] Level 1:colcon.colcon_core.package_identification:_identify(src) by extensions ['colcon_meta']
[0.249s] Level 1:colcon.colcon_core.package_identification:_identify(src) by extension 'colcon_meta'
[0.249s] Level 1:colcon.colcon_core.package_identification:_identify(src) by extensions ['ros']
[0.249s] Level 1:colcon.colcon_core.package_identification:_identify(src) by extension 'ros'
[0.249s] Level 1:colcon.colcon_core.package_identification:_identify(src) by extensions ['cmake', 'python']
[0.249s] Level 1:colcon.colcon_core.package_identification:_identify(src) by extension 'cmake'
[0.249s] Level 1:colcon.colcon_core.package_identification:_identify(src) by extension 'python'
[0.249s] Level 1:colcon.colcon_core.package_identification:_identify(src) by extensions ['python_setup_py']
[0.249s] Level 1:colcon.colcon_core.package_identification:_identify(src) by extension 'python_setup_py'
[0.249s] Level 1:colcon.colcon_core.package_identification:_identify(src/movement_info) by extensions ['ignore', 'ignore_ament_install']
[0.249s] Level 1:colcon.colcon_core.package_identification:_identify(src/movement_info) by extension 'ignore'
[0.249s] Level 1:colcon.colcon_core.package_identification:_identify(src/movement_info) by extension 'ignore_ament_install'
[0.249s] Level 1:colcon.colcon_core.package_identification:_identify(src/movement_info) by extensions ['colcon_pkg']
[0.249s] Level 1:colcon.colcon_core.package_identification:_identify(src/movement_info) by extension 'colcon_pkg'
[0.249s] Level 1:colcon.colcon_core.package_identification:_identify(src/movement_info) by extensions ['colcon_meta']
[0.249s] Level 1:colcon.colcon_core.package_identification:_identify(src/movement_info) by extension 'colcon_meta'
[0.249s] Level 1:colcon.colcon_core.package_identification:_identify(src/movement_info) by extensions ['ros']
[0.249s] Level 1:colcon.colcon_core.package_identification:_identify(src/movement_info) by extension 'ros'
[0.252s] DEBUG:colcon.colcon_core.package_identification:Package 'src/movement_info' with type 'ros.ament_cmake' and name 'movement_info'
[0.252s] Level 1:colcon.colcon_core.package_identification:_identify(src/movement_info_msgs) by extensions ['ignore', 'ignore_ament_install']
[0.252s] Level 1:colcon.colcon_core.package_identification:_identify(src/movement_info_msgs) by extension 'ignore'
[0.252s] Level 1:colcon.colcon_core.package_identification:_identify(src/movement_info_msgs) by extension 'ignore_ament_install'
[0.252s] Level 1:colcon.colcon_core.package_identification:_identify(src/movement_info_msgs) by extensions ['colcon_pkg']
[0.252s] Level 1:colcon.colcon_core.package_identification:_identify(src/movement_info_msgs) by extension 'colcon_pkg'
[0.252s] Level 1:colcon.colcon_core.package_identification:_identify(src/movement_info_msgs) by extensions ['colcon_meta']
[0.252s] Level 1:colcon.colcon_core.package_identification:_identify(src/movement_info_msgs) by extension 'colcon_meta'
[0.252s] Level 1:colcon.colcon_core.package_identification:_identify(src/movement_info_msgs) by extensions ['ros']
[0.252s] Level 1:colcon.colcon_core.package_identification:_identify(src/movement_info_msgs) by extension 'ros'
[0.253s] DEBUG:colcon.colcon_core.package_identification:Package 'src/movement_info_msgs' with type 'ros.ament_cmake' and name 'movement_info_msgs'
[0.253s] Level 1:colcon.colcon_core.package_discovery:discover_packages(recursive) using defaults
[0.253s] Level 1:colcon.colcon_core.package_discovery:discover_packages(ignore) discover
[0.253s] Level 1:colcon.colcon_core.package_discovery:discover_packages(ignore) using defaults
[0.253s] Level 1:colcon.colcon_core.package_discovery:discover_packages(path) discover
[0.253s] Level 1:colcon.colcon_core.package_discovery:discover_packages(path) using defaults
[0.271s] Level 1:colcon.colcon_core.package_discovery:discover_packages(prefix_path) check parameters
[0.271s] Level 1:colcon.colcon_core.package_discovery:discover_packages(prefix_path) discover
[0.286s] DEBUG:colcon.colcon_installed_package_information.package_discovery:Found 2 installed packages in /home/kargla/robot_movement/install
[0.288s] DEBUG:colcon.colcon_installed_package_information.package_discovery:Found 270 installed packages in /opt/ros/humble
[0.289s] Level 1:colcon.colcon_core.package_discovery:discover_packages(prefix_path) using defaults
[0.319s] Level 5:colcon.colcon_core.verb:set package 'movement_info' build argument 'cmake_args' from command line to 'None'
[0.319s] Level 5:colcon.colcon_core.verb:set package 'movement_info' build argument 'cmake_target' from command line to 'None'
[0.319s] Level 5:colcon.colcon_core.verb:set package 'movement_info' build argument 'cmake_target_skip_unavailable' from command line to 'False'
[0.319s] Level 5:colcon.colcon_core.verb:set package 'movement_info' build argument 'cmake_clean_cache' from command line to 'False'
[0.319s] Level 5:colcon.colcon_core.verb:set package 'movement_info' build argument 'cmake_clean_first' from command line to 'False'
[0.319s] Level 5:colcon.colcon_core.verb:set package 'movement_info' build argument 'cmake_force_configure' from command line to 'False'
[0.319s] Level 5:colcon.colcon_core.verb:set package 'movement_info' build argument 'ament_cmake_args' from command line to 'None'
[0.319s] Level 5:colcon.colcon_core.verb:set package 'movement_info' build argument 'catkin_cmake_args' from command line to 'None'
[0.319s] Level 5:colcon.colcon_core.verb:set package 'movement_info' build argument 'catkin_skip_building_tests' from command line to 'False'
[0.319s] DEBUG:colcon.colcon_core.verb:Building package 'movement_info' with the following arguments: {'ament_cmake_args': None, 'build_base': '/home/kargla/robot_movement/build/movement_info', 'catkin_cmake_args': None, 'catkin_skip_building_tests': False, 'cmake_args': None, 'cmake_clean_cache': False, 'cmake_clean_first': False, 'cmake_force_configure': False, 'cmake_target': None, 'cmake_target_skip_unavailable': False, 'install_base': '/home/kargla/robot_movement/install/movement_info', 'merge_install': False, 'path': '/home/kargla/robot_movement/src/movement_info', 'symlink_install': False, 'test_result_base': None}
[0.319s] Level 5:colcon.colcon_core.verb:set package 'movement_info_msgs' build argument 'cmake_args' from command line to 'None'
[0.320s] Level 5:colcon.colcon_core.verb:set package 'movement_info_msgs' build argument 'cmake_target' from command line to 'None'
[0.320s] Level 5:colcon.colcon_core.verb:set package 'movement_info_msgs' build argument 'cmake_target_skip_unavailable' from command line to 'False'
[0.320s] Level 5:colcon.colcon_core.verb:set package 'movement_info_msgs' build argument 'cmake_clean_cache' from command line to 'False'
[0.320s] Level 5:colcon.colcon_core.verb:set package 'movement_info_msgs' build argument 'cmake_clean_first' from command line to 'False'
[0.320s] Level 5:colcon.colcon_core.verb:set package 'movement_info_msgs' build argument 'cmake_force_configure' from command line to 'False'
[0.320s] Level 5:colcon.colcon_core.verb:set package 'movement_info_msgs' build argument 'ament_cmake_args' from command line to 'None'
[0.320s] Level 5:colcon.colcon_core.verb:set package 'movement_info_msgs' build argument 'catkin_cmake_args' from command line to 'None'
[0.320s] Level 5:colcon.colcon_core.verb:set package 'movement_info_msgs' build argument 'catkin_skip_building_tests' from command line to 'False'
[0.320s] DEBUG:colcon.colcon_core.verb:Building package 'movement_info_msgs' with the following arguments: {'ament_cmake_args': None, 'build_base': '/home/kargla/robot_movement/build/movement_info_msgs', 'catkin_cmake_args': None, 'catkin_skip_building_tests': False, 'cmake_args': None, 'cmake_clean_cache': False, 'cmake_clean_first': False, 'cmake_force_configure': False, 'cmake_target': None, 'cmake_target_skip_unavailable': False, 'install_base': '/home/kargla/robot_movement/install/movement_info_msgs', 'merge_install': False, 'path': '/home/kargla/robot_movement/src/movement_info_msgs', 'symlink_install': False, 'test_result_base': None}
[0.320s] INFO:colcon.colcon_core.executor:Executing jobs using 'parallel' executor
[0.321s] DEBUG:colcon.colcon_parallel_executor.executor.parallel:run_until_complete
[0.321s] INFO:colcon.colcon_ros.task.ament_cmake.build:Building ROS package in '/home/kargla/robot_movement/src/movement_info' with build type 'ament_cmake'
[0.321s] INFO:colcon.colcon_cmake.task.cmake.build:Building CMake package in '/home/kargla/robot_movement/src/movement_info'
[0.323s] INFO:colcon.colcon_core.plugin_system:Skipping extension 'colcon_core.shell.bat': Not used on non-Windows systems
[0.324s] INFO:colcon.colcon_core.shell:Skip shell extension 'powershell' for command environment: Not usable outside of PowerShell
[0.324s] DEBUG:colcon.colcon_core.shell:Skip shell extension 'dsv' for command environment
[0.328s] INFO:colcon.colcon_ros.task.ament_cmake.build:Building ROS package in '/home/kargla/robot_movement/src/movement_info_msgs' with build type 'ament_cmake'
[0.328s] INFO:colcon.colcon_cmake.task.cmake.build:Building CMake package in '/home/kargla/robot_movement/src/movement_info_msgs'
[0.328s] INFO:colcon.colcon_core.shell:Skip shell extension 'powershell' for command environment: Not usable outside of PowerShell
[0.328s] DEBUG:colcon.colcon_core.shell:Skip shell extension 'dsv' for command environment
[0.340s] DEBUG:colcon.colcon_core.event_handler.log_command:Invoking command in '/home/kargla/robot_movement/build/movement_info': CMAKE_PREFIX_PATH=${CMAKE_PREFIX_PATH}:/opt/ros/humble /usr/bin/cmake --build /home/kargla/robot_movement/build/movement_info -- -j12 -l12
[0.345s] DEBUG:colcon.colcon_core.event_handler.log_command:Invoking command in '/home/kargla/robot_movement/build/movement_info_msgs': CMAKE_PREFIX_PATH=${CMAKE_PREFIX_PATH}:/opt/ros/humble /usr/bin/cmake --build /home/kargla/robot_movement/build/movement_info_msgs -- -j12 -l12
[0.835s] DEBUG:colcon.colcon_core.event_handler.log_command:Invoked command in '/home/kargla/robot_movement/build/movement_info_msgs' returned '0': CMAKE_PREFIX_PATH=${CMAKE_PREFIX_PATH}:/opt/ros/humble /usr/bin/cmake --build /home/kargla/robot_movement/build/movement_info_msgs -- -j12 -l12
[0.852s] DEBUG:colcon.colcon_core.event_handler.log_command:Invoking command in '/home/kargla/robot_movement/build/movement_info_msgs': CMAKE_PREFIX_PATH=${CMAKE_PREFIX_PATH}:/opt/ros/humble /usr/bin/cmake --install /home/kargla/robot_movement/build/movement_info_msgs
[0.932s] Level 1:colcon.colcon_core.environment:create_environment_scripts_only(movement_info_msgs)
[0.932s] DEBUG:colcon.colcon_core.event_handler.log_command:Invoked command in '/home/kargla/robot_movement/build/movement_info_msgs' returned '0': CMAKE_PREFIX_PATH=${CMAKE_PREFIX_PATH}:/opt/ros/humble /usr/bin/cmake --install /home/kargla/robot_movement/build/movement_info_msgs
[0.935s] Level 1:colcon.colcon_core.environment:checking '/home/kargla/robot_movement/install/movement_info_msgs' for CMake module files
[0.936s] Level 1:colcon.colcon_core.environment:checking '/home/kargla/robot_movement/install/movement_info_msgs' for CMake config files
[0.936s] Level 1:colcon.colcon_core.shell:create_environment_hook('movement_info_msgs', 'cmake_prefix_path')
[0.937s] INFO:colcon.colcon_core.shell:Creating environment hook '/home/kargla/robot_movement/install/movement_info_msgs/share/movement_info_msgs/hook/cmake_prefix_path.ps1'
[0.938s] INFO:colcon.colcon_core.shell:Creating environment descriptor '/home/kargla/robot_movement/install/movement_info_msgs/share/movement_info_msgs/hook/cmake_prefix_path.dsv'
[0.938s] INFO:colcon.colcon_core.shell:Creating environment hook '/home/kargla/robot_movement/install/movement_info_msgs/share/movement_info_msgs/hook/cmake_prefix_path.sh'
[0.939s] Level 1:colcon.colcon_core.environment:checking '/home/kargla/robot_movement/install/movement_info_msgs/lib'
[0.940s] Level 1:colcon.colcon_core.shell:create_environment_hook('movement_info_msgs', 'ld_library_path_lib')
[0.940s] INFO:colcon.colcon_core.shell:Creating environment hook '/home/kargla/robot_movement/install/movement_info_msgs/share/movement_info_msgs/hook/ld_library_path_lib.ps1'
[0.941s] INFO:colcon.colcon_core.shell:Creating environment descriptor '/home/kargla/robot_movement/install/movement_info_msgs/share/movement_info_msgs/hook/ld_library_path_lib.dsv'
[0.942s] INFO:colcon.colcon_core.shell:Creating environment hook '/home/kargla/robot_movement/install/movement_info_msgs/share/movement_info_msgs/hook/ld_library_path_lib.sh'
[0.943s] Level 1:colcon.colcon_core.environment:checking '/home/kargla/robot_movement/install/movement_info_msgs/bin'
[0.943s] Level 1:colcon.colcon_core.environment:checking '/home/kargla/robot_movement/install/movement_info_msgs/lib/pkgconfig/movement_info_msgs.pc'
[0.943s] Level 1:colcon.colcon_core.environment:checking '/home/kargla/robot_movement/install/movement_info_msgs/lib/python3.10/site-packages'
[0.943s] Level 1:colcon.colcon_core.environment:checking '/home/kargla/robot_movement/install/movement_info_msgs/bin'
[0.944s] INFO:colcon.colcon_core.shell:Creating package script '/home/kargla/robot_movement/install/movement_info_msgs/share/movement_info_msgs/package.ps1'
[0.945s] INFO:colcon.colcon_core.shell:Creating package descriptor '/home/kargla/robot_movement/install/movement_info_msgs/share/movement_info_msgs/package.dsv'
[0.946s] INFO:colcon.colcon_core.shell:Creating package script '/home/kargla/robot_movement/install/movement_info_msgs/share/movement_info_msgs/package.sh'
[0.947s] INFO:colcon.colcon_core.shell:Creating package script '/home/kargla/robot_movement/install/movement_info_msgs/share/movement_info_msgs/package.bash'
[0.948s] INFO:colcon.colcon_core.shell:Creating package script '/home/kargla/robot_movement/install/movement_info_msgs/share/movement_info_msgs/package.zsh'
[0.950s] Level 1:colcon.colcon_core.environment:create_file_with_runtime_dependencies(/home/kargla/robot_movement/install/movement_info_msgs/share/colcon-core/packages/movement_info_msgs)
[0.951s] Level 1:colcon.colcon_core.environment:create_environment_scripts_only(movement_info_msgs)
[0.951s] Level 1:colcon.colcon_core.environment:checking '/home/kargla/robot_movement/install/movement_info_msgs' for CMake module files
[0.952s] Level 1:colcon.colcon_core.environment:checking '/home/kargla/robot_movement/install/movement_info_msgs' for CMake config files
[0.952s] Level 1:colcon.colcon_core.shell:create_environment_hook('movement_info_msgs', 'cmake_prefix_path')
[0.953s] INFO:colcon.colcon_core.shell:Creating environment hook '/home/kargla/robot_movement/install/movement_info_msgs/share/movement_info_msgs/hook/cmake_prefix_path.ps1'
[0.954s] INFO:colcon.colcon_core.shell:Creating environment descriptor '/home/kargla/robot_movement/install/movement_info_msgs/share/movement_info_msgs/hook/cmake_prefix_path.dsv'
[0.954s] INFO:colcon.colcon_core.shell:Creating environment hook '/home/kargla/robot_movement/install/movement_info_msgs/share/movement_info_msgs/hook/cmake_prefix_path.sh'
[0.955s] Level 1:colcon.colcon_core.environment:checking '/home/kargla/robot_movement/install/movement_info_msgs/lib'
[0.955s] Level 1:colcon.colcon_core.shell:create_environment_hook('movement_info_msgs', 'ld_library_path_lib')
[0.956s] INFO:colcon.colcon_core.shell:Creating environment hook '/home/kargla/robot_movement/install/movement_info_msgs/share/movement_info_msgs/hook/ld_library_path_lib.ps1'
[0.956s] INFO:colcon.colcon_core.shell:Creating environment descriptor '/home/kargla/robot_movement/install/movement_info_msgs/share/movement_info_msgs/hook/ld_library_path_lib.dsv'
[0.957s] INFO:colcon.colcon_core.shell:Creating environment hook '/home/kargla/robot_movement/install/movement_info_msgs/share/movement_info_msgs/hook/ld_library_path_lib.sh'
[0.958s] Level 1:colcon.colcon_core.environment:checking '/home/kargla/robot_movement/install/movement_info_msgs/bin'
[0.958s] Level 1:colcon.colcon_core.environment:checking '/home/kargla/robot_movement/install/movement_info_msgs/lib/pkgconfig/movement_info_msgs.pc'
[0.959s] Level 1:colcon.colcon_core.environment:checking '/home/kargla/robot_movement/install/movement_info_msgs/lib/python3.10/site-packages'
[0.959s] Level 1:colcon.colcon_core.environment:checking '/home/kargla/robot_movement/install/movement_info_msgs/bin'
[0.960s] INFO:colcon.colcon_core.shell:Creating package script '/home/kargla/robot_movement/install/movement_info_msgs/share/movement_info_msgs/package.ps1'
[0.961s] INFO:colcon.colcon_core.shell:Creating package descriptor '/home/kargla/robot_movement/install/movement_info_msgs/share/movement_info_msgs/package.dsv'
[0.962s] INFO:colcon.colcon_core.shell:Creating package script '/home/kargla/robot_movement/install/movement_info_msgs/share/movement_info_msgs/package.sh'
[0.963s] INFO:colcon.colcon_core.shell:Creating package script '/home/kargla/robot_movement/install/movement_info_msgs/share/movement_info_msgs/package.bash'
[0.964s] INFO:colcon.colcon_core.shell:Creating package script '/home/kargla/robot_movement/install/movement_info_msgs/share/movement_info_msgs/package.zsh'
[0.965s] Level 1:colcon.colcon_core.environment:create_file_with_runtime_dependencies(/home/kargla/robot_movement/install/movement_info_msgs/share/colcon-core/packages/movement_info_msgs)
[6.402s] DEBUG:colcon.colcon_core.event_handler.log_command:Invoked command in '/home/kargla/robot_movement/build/movement_info' returned '2': CMAKE_PREFIX_PATH=${CMAKE_PREFIX_PATH}:/opt/ros/humble /usr/bin/cmake --build /home/kargla/robot_movement/build/movement_info -- -j12 -l12
[6.403s] Level 1:colcon.colcon_core.environment:create_environment_scripts_only(movement_info)
[6.403s] Level 1:colcon.colcon_core.environment:checking '/home/kargla/robot_movement/install/movement_info' for CMake module files
[6.403s] Level 1:colcon.colcon_core.environment:checking '/home/kargla/robot_movement/install/movement_info' for CMake config files
[6.403s] Level 1:colcon.colcon_core.shell:create_environment_hook('movement_info', 'cmake_prefix_path')
[6.403s] INFO:colcon.colcon_core.shell:Creating environment hook '/home/kargla/robot_movement/install/movement_info/share/movement_info/hook/cmake_prefix_path.ps1'
[6.404s] INFO:colcon.colcon_core.shell:Creating environment descriptor '/home/kargla/robot_movement/install/movement_info/share/movement_info/hook/cmake_prefix_path.dsv'
[6.404s] INFO:colcon.colcon_core.shell:Creating environment hook '/home/kargla/robot_movement/install/movement_info/share/movement_info/hook/cmake_prefix_path.sh'
[6.405s] Level 1:colcon.colcon_core.environment:checking '/home/kargla/robot_movement/install/movement_info/lib'
[6.405s] Level 1:colcon.colcon_core.environment:checking '/home/kargla/robot_movement/install/movement_info/bin'
[6.405s] Level 1:colcon.colcon_core.environment:checking '/home/kargla/robot_movement/install/movement_info/lib/pkgconfig/movement_info.pc'
[6.405s] Level 1:colcon.colcon_core.environment:checking '/home/kargla/robot_movement/install/movement_info/lib/python3.10/site-packages'
[6.405s] Level 1:colcon.colcon_core.environment:checking '/home/kargla/robot_movement/install/movement_info/bin'
[6.405s] INFO:colcon.colcon_core.shell:Creating package script '/home/kargla/robot_movement/install/movement_info/share/movement_info/package.ps1'
[6.406s] INFO:colcon.colcon_core.shell:Creating package descriptor '/home/kargla/robot_movement/install/movement_info/share/movement_info/package.dsv'
[6.406s] INFO:colcon.colcon_core.shell:Creating package script '/home/kargla/robot_movement/install/movement_info/share/movement_info/package.sh'
[6.406s] INFO:colcon.colcon_core.shell:Creating package script '/home/kargla/robot_movement/install/movement_info/share/movement_info/package.bash'
[6.407s] INFO:colcon.colcon_core.shell:Creating package script '/home/kargla/robot_movement/install/movement_info/share/movement_info/package.zsh'
[6.407s] Level 1:colcon.colcon_core.environment:create_file_with_runtime_dependencies(/home/kargla/robot_movement/install/movement_info/share/colcon-core/packages/movement_info)
[6.418s] DEBUG:colcon.colcon_parallel_executor.executor.parallel:closing loop
[6.418s] DEBUG:colcon.colcon_parallel_executor.executor.parallel:loop closed
[6.418s] DEBUG:colcon.colcon_parallel_executor.executor.parallel:run_until_complete finished with '2'
[6.418s] DEBUG:colcon.colcon_core.event_reactor:joining thread
[6.424s] INFO:colcon.colcon_core.plugin_system:Skipping extension 'colcon_notification.desktop_notification.terminal_notifier': Not used on non-Darwin systems
[6.424s] INFO:colcon.colcon_core.plugin_system:Skipping extension 'colcon_notification.desktop_notification.win32': Not used on non-Windows systems
[6.424s] INFO:colcon.colcon_notification.desktop_notification:Sending desktop notification using 'notify2'
[6.436s] DEBUG:colcon.colcon_core.event_reactor:joined thread
[6.437s] INFO:colcon.colcon_core.shell:Creating prefix script '/home/kargla/robot_movement/install/local_setup.ps1'
[6.439s] INFO:colcon.colcon_core.shell:Creating prefix util module '/home/kargla/robot_movement/install/_local_setup_util_ps1.py'
[6.440s] INFO:colcon.colcon_core.shell:Creating prefix chain script '/home/kargla/robot_movement/install/setup.ps1'
[6.441s] INFO:colcon.colcon_core.shell:Creating prefix script '/home/kargla/robot_movement/install/local_setup.sh'
[6.442s] INFO:colcon.colcon_core.shell:Creating prefix util module '/home/kargla/robot_movement/install/_local_setup_util_sh.py'
[6.443s] INFO:colcon.colcon_core.shell:Creating prefix chain script '/home/kargla/robot_movement/install/setup.sh'
[6.444s] INFO:colcon.colcon_core.shell:Creating prefix script '/home/kargla/robot_movement/install/local_setup.bash'
[6.445s] INFO:colcon.colcon_core.shell:Creating prefix chain script '/home/kargla/robot_movement/install/setup.bash'
[6.446s] INFO:colcon.colcon_core.shell:Creating prefix script '/home/kargla/robot_movement/install/local_setup.zsh'
[6.447s] INFO:colcon.colcon_core.shell:Creating prefix chain script '/home/kargla/robot_movement/install/setup.zsh'
