[0.019s] Invoking command in '/home/kargla/robot_movement/build/movement_info': CMAKE_PREFIX_PATH=${CMAKE_PREFIX_PATH}:/opt/ros/humble /usr/bin/cmake --build /home/kargla/robot_movement/build/movement_info -- -j12 -l12
[0.082s] [35m[1mConsolidate compiler generated dependencies of target movement[0m
[0.120s] [ 50%] [32mBuilding CXX object CMakeFiles/movement.dir/src/movement.cpp.o[0m
[3.033s] [01m[K/home/kargla/robot_movement/src/movement_info/src/movement.cpp:[m[K In member function ‘[01m[Kvoid Movement::odometry_callback(nav_msgs::msg::Odometry_<std::allocator<void> >::SharedPtr)[m[K’:
[3.033s] [01m[K/home/kargla/robot_movement/src/movement_info/src/movement.cpp:67:69:[m[K [01;35m[Kwarning: [m[Kunused parameter ‘[01m[Kmsg[m[K’ [[01;35m[K]8;;https://gcc.gnu.org/onlinedocs/gcc/Warning-Options.html#index-Wunused-parameter-Wunused-parameter]8;;[m[K]
[3.034s]    67 |    void odometry_callback([01;35m[Kconst nav_msgs::msg::Odometry::SharedPtr msg[m[K)
[3.034s]       |                           [01;35m[K~~~~~~~~~~~~~~~~~~~~~~~~~~~~~~~~~~~~~~~~~^~~[m[K
[3.034s] 
[3.036s] [01m[K/home/kargla/robot_movement/src/movement_info/src/movement.cpp:[m[K In member function ‘[01m[Kvoid Movement::determine_dir()[m[K’:
[3.036s] [01m[K/home/kargla/robot_movement/src/movement_info/src/movement.cpp:98:13:[m[K [01;31m[Kerror: [m[K‘[01m[Kmsg[m[K’ was not declared in this scope
[3.036s]    98 |         if ([01;31m[Kmsg[m[K->twist.linear.x < dir_treshold && msg->twist.linear.x > -dir_treshold)
[3.036s]       |             [01;31m[K^~~[m[K
[3.037s] [01m[K/home/kargla/robot_movement/src/movement_info/src/movement.cpp:98:13:[m[K [01;36m[Knote: [m[Ksuggested alternatives:
[3.037s] In file included from [01m[K/opt/ros/humble/include/builtin_interfaces/builtin_interfaces/msg/duration.hpp:7[m[K,
[3.037s]                  from [01m[K/opt/ros/humble/include/rclcpp/rclcpp/duration.hpp:20[m[K,
[3.038s]                  from [01m[K/opt/ros/humble/include/rclcpp/rclcpp/qos.hpp:20[m[K,
[3.038s]                  from [01m[K/opt/ros/humble/include/rclcpp/rclcpp/node_interfaces/node_graph_interface.hpp:32[m[K,
[3.038s]                  from [01m[K/opt/ros/humble/include/rclcpp/rclcpp/client.hpp:42[m[K,
[3.038s]                  from [01m[K/opt/ros/humble/include/rclcpp/rclcpp/callback_group.hpp:24[m[K,
[3.038s]                  from [01m[K/opt/ros/humble/include/rclcpp/rclcpp/any_executable.hpp:20[m[K,
[3.038s]                  from [01m[K/opt/ros/humble/include/rclcpp/rclcpp/memory_strategy.hpp:25[m[K,
[3.038s]                  from [01m[K/opt/ros/humble/include/rclcpp/rclcpp/memory_strategies.hpp:18[m[K,
[3.038s]                  from [01m[K/opt/ros/humble/include/rclcpp/rclcpp/executor_options.hpp:20[m[K,
[3.038s]                  from [01m[K/opt/ros/humble/include/rclcpp/rclcpp/executor.hpp:37[m[K,
[3.039s]                  from [01m[K/opt/ros/humble/include/rclcpp/rclcpp/executors/multi_threaded_executor.hpp:25[m[K,
[3.039s]                  from [01m[K/opt/ros/humble/include/rclcpp/rclcpp/executors.hpp:21[m[K,
[3.039s]                  from [01m[K/opt/ros/humble/include/rclcpp/rclcpp/rclcpp.hpp:155[m[K,
[3.039s]                  from [01m[K/home/kargla/robot_movement/src/movement_info/src/movement.cpp:1[m[K:
[3.039s] [01m[K/opt/ros/humble/include/builtin_interfaces/builtin_interfaces/msg/detail/duration__struct.hpp:27:11:[m[K [01;36m[Knote: [m[K  ‘[01m[Kbuiltin_interfaces::msg[m[K’
[3.039s]    27 | namespace [01;36m[Kmsg[m[K
[3.040s]       |           [01;36m[K^~~[m[K
[3.040s] In file included from [01m[K/opt/ros/humble/include/rcl_interfaces/rcl_interfaces/msg/set_parameters_result.hpp:7[m[K,
[3.040s]                  from [01m[K/opt/ros/humble/include/rclcpp/rclcpp/qos_overriding_options.hpp:28[m[K,
[3.040s]                  from [01m[K/opt/ros/humble/include/rclcpp/rclcpp/subscription_options.hpp:30[m[K,
[3.040s]                  from [01m[K/opt/ros/humble/include/rclcpp/rclcpp/subscription.hpp:45[m[K,
[3.040s]                  from [01m[K/opt/ros/humble/include/rclcpp/rclcpp/any_executable.hpp:25[m[K,
[3.040s]                  from [01m[K/opt/ros/humble/include/rclcpp/rclcpp/memory_strategy.hpp:25[m[K,
[3.040s]                  from [01m[K/opt/ros/humble/include/rclcpp/rclcpp/memory_strategies.hpp:18[m[K,
[3.040s]                  from [01m[K/opt/ros/humble/include/rclcpp/rclcpp/executor_options.hpp:20[m[K,
[3.040s]                  from [01m[K/opt/ros/humble/include/rclcpp/rclcpp/executor.hpp:37[m[K,
[3.040s]                  from [01m[K/opt/ros/humble/include/rclcpp/rclcpp/executors/multi_threaded_executor.hpp:25[m[K,
[3.041s]                  from [01m[K/opt/ros/humble/include/rclcpp/rclcpp/executors.hpp:21[m[K,
[3.041s]                  from [01m[K/opt/ros/humble/include/rclcpp/rclcpp/rclcpp.hpp:155[m[K,
[3.041s]                  from [01m[K/home/kargla/robot_movement/src/movement_info/src/movement.cpp:1[m[K:
[3.041s] [01m[K/opt/ros/humble/include/rcl_interfaces/rcl_interfaces/msg/detail/set_parameters_result__struct.hpp:27:11:[m[K [01;36m[Knote: [m[K  ‘[01m[Krcl_interfaces::msg[m[K’
[3.041s]    27 | namespace [01;36m[Kmsg[m[K
[3.041s]       |           [01;36m[K^~~[m[K
[3.041s] In file included from [01m[K/opt/ros/humble/include/statistics_msgs/statistics_msgs/msg/detail/metrics_message__struct.hpp:23[m[K,
[3.041s]                  from [01m[K/opt/ros/humble/include/statistics_msgs/statistics_msgs/msg/metrics_message.hpp:7[m[K,
[3.041s]                  from [01m[K/opt/ros/humble/include/libstatistics_collector/libstatistics_collector/collector/generate_statistics_message.hpp:21[m[K,
[3.041s]                  from [01m[K/opt/ros/humble/include/rclcpp/rclcpp/topic_statistics/subscription_topic_statistics.hpp:23[m[K,
[3.041s]                  from [01m[K/opt/ros/humble/include/rclcpp/rclcpp/subscription.hpp:50[m[K,
[3.041s]                  from [01m[K/opt/ros/humble/include/rclcpp/rclcpp/any_executable.hpp:25[m[K,
[3.041s]                  from [01m[K/opt/ros/humble/include/rclcpp/rclcpp/memory_strategy.hpp:25[m[K,
[3.042s]                  from [01m[K/opt/ros/humble/include/rclcpp/rclcpp/memory_strategies.hpp:18[m[K,
[3.042s]                  from [01m[K/opt/ros/humble/include/rclcpp/rclcpp/executor_options.hpp:20[m[K,
[3.042s]                  from [01m[K/opt/ros/humble/include/rclcpp/rclcpp/executor.hpp:37[m[K,
[3.042s]                  from [01m[K/opt/ros/humble/include/rclcpp/rclcpp/executors/multi_threaded_executor.hpp:25[m[K,
[3.042s]                  from [01m[K/opt/ros/humble/include/rclcpp/rclcpp/executors.hpp:21[m[K,
[3.042s]                  from [01m[K/opt/ros/humble/include/rclcpp/rclcpp/rclcpp.hpp:155[m[K,
[3.042s]                  from [01m[K/home/kargla/robot_movement/src/movement_info/src/movement.cpp:1[m[K:
[3.042s] [01m[K/opt/ros/humble/include/statistics_msgs/statistics_msgs/msg/detail/statistic_data_point__struct.hpp:27:11:[m[K [01;36m[Knote: [m[K  ‘[01m[Kstatistics_msgs::msg[m[K’
[3.042s]    27 | namespace [01;36m[Kmsg[m[K
[3.042s]       |           [01;36m[K^~~[m[K
[3.042s] In file included from [01m[K/opt/ros/humble/include/nav_msgs/nav_msgs/msg/detail/odometry__struct.hpp:20[m[K,
[3.042s]                  from [01m[K/opt/ros/humble/include/nav_msgs/nav_msgs/msg/odometry.hpp:7[m[K,
[3.042s]                  from [01m[K/home/kargla/robot_movement/src/movement_info/src/movement.cpp:2[m[K:
[3.043s] [01m[K/opt/ros/humble/include/std_msgs/std_msgs/msg/detail/header__struct.hpp:31:11:[m[K [01;36m[Knote: [m[K  ‘[01m[Kstd_msgs::msg[m[K’
[3.043s]    31 | namespace [01;36m[Kmsg[m[K
[3.043s]       |           [01;36m[K^~~[m[K
[3.043s] In file included from [01m[K/opt/ros/humble/include/geometry_msgs/geometry_msgs/msg/detail/pose__struct.hpp:20[m[K,
[3.043s]                  from [01m[K/opt/ros/humble/include/geometry_msgs/geometry_msgs/msg/detail/pose_with_covariance__struct.hpp:20[m[K,
[3.043s]                  from [01m[K/opt/ros/humble/include/nav_msgs/nav_msgs/msg/detail/odometry__struct.hpp:22[m[K,
[3.043s]                  from [01m[K/opt/ros/humble/include/nav_msgs/nav_msgs/msg/odometry.hpp:7[m[K,
[3.043s]                  from [01m[K/home/kargla/robot_movement/src/movement_info/src/movement.cpp:2[m[K:
[3.043s] [01m[K/opt/ros/humble/include/geometry_msgs/geometry_msgs/msg/detail/point__struct.hpp:27:11:[m[K [01;36m[Knote: [m[K  ‘[01m[Kgeometry_msgs::msg[m[K’
[3.043s]    27 | namespace [01;36m[Kmsg[m[K
[3.043s]       |           [01;36m[K^~~[m[K
[3.043s] In file included from [01m[K/opt/ros/humble/include/nav_msgs/nav_msgs/msg/odometry.hpp:7[m[K,
[3.044s]                  from [01m[K/home/kargla/robot_movement/src/movement_info/src/movement.cpp:2[m[K:
[3.044s] [01m[K/opt/ros/humble/include/nav_msgs/nav_msgs/msg/detail/odometry__struct.hpp:35:11:[m[K [01;36m[Knote: [m[K  ‘[01m[Knav_msgs::msg[m[K’
[3.044s]    35 | namespace [01;36m[Kmsg[m[K
[3.044s]       |           [01;36m[K^~~[m[K
[3.044s] In file included from [01m[K/home/kargla/robot_movement/install/movement_info_msgs/include/movement_info_msgs/movement_info_msgs/msg/movement_info.hpp:7[m[K,
[3.044s]                  from [01m[K/home/kargla/robot_movement/src/movement_info/src/movement.cpp:4[m[K:
[3.044s] [01m[K/home/kargla/robot_movement/install/movement_info_msgs/include/movement_info_msgs/movement_info_msgs/msg/detail/movement_info__struct.hpp:27:11:[m[K [01;36m[Knote: [m[K  ‘[01m[Kmovement_info_msgs::msg[m[K’
[3.044s]    27 | namespace [01;36m[Kmsg[m[K
[3.044s]       |           [01;36m[K^~~[m[K
[3.044s] [01m[K/home/kargla/robot_movement/src/movement_info/src/movement.cpp:[m[K In member function ‘[01m[Kvoid Movement::determine_heading()[m[K’:
[3.044s] [01m[K/home/kargla/robot_movement/src/movement_info/src/movement.cpp:114:12:[m[K [01;31m[Kerror: [m[K‘[01m[Kmsg[m[K’ was not declared in this scope
[3.044s]   114 |         if([01;31m[Kmsg[m[K->twist.angular.z < heading_treshold && msg->twist.angular.z > -heading_treshold)
[3.045s]       |            [01;31m[K^~~[m[K
[3.045s] [01m[K/home/kargla/robot_movement/src/movement_info/src/movement.cpp:114:12:[m[K [01;36m[Knote: [m[Ksuggested alternatives:
[3.045s] In file included from [01m[K/opt/ros/humble/include/builtin_interfaces/builtin_interfaces/msg/duration.hpp:7[m[K,
[3.045s]                  from [01m[K/opt/ros/humble/include/rclcpp/rclcpp/duration.hpp:20[m[K,
[3.045s]                  from [01m[K/opt/ros/humble/include/rclcpp/rclcpp/qos.hpp:20[m[K,
[3.045s]                  from [01m[K/opt/ros/humble/include/rclcpp/rclcpp/node_interfaces/node_graph_interface.hpp:32[m[K,
[3.045s]                  from [01m[K/opt/ros/humble/include/rclcpp/rclcpp/client.hpp:42[m[K,
[3.045s]                  from [01m[K/opt/ros/humble/include/rclcpp/rclcpp/callback_group.hpp:24[m[K,
[3.045s]                  from [01m[K/opt/ros/humble/include/rclcpp/rclcpp/any_executable.hpp:20[m[K,
[3.045s]                  from [01m[K/opt/ros/humble/include/rclcpp/rclcpp/memory_strategy.hpp:25[m[K,
[3.045s]                  from [01m[K/opt/ros/humble/include/rclcpp/rclcpp/memory_strategies.hpp:18[m[K,
[3.045s]                  from [01m[K/opt/ros/humble/include/rclcpp/rclcpp/executor_options.hpp:20[m[K,
[3.046s]                  from [01m[K/opt/ros/humble/include/rclcpp/rclcpp/executor.hpp:37[m[K,
[3.046s]                  from [01m[K/opt/ros/humble/include/rclcpp/rclcpp/executors/multi_threaded_executor.hpp:25[m[K,
[3.046s]                  from [01m[K/opt/ros/humble/include/rclcpp/rclcpp/executors.hpp:21[m[K,
[3.046s]                  from [01m[K/opt/ros/humble/include/rclcpp/rclcpp/rclcpp.hpp:155[m[K,
[3.046s]                  from [01m[K/home/kargla/robot_movement/src/movement_info/src/movement.cpp:1[m[K:
[3.046s] [01m[K/opt/ros/humble/include/builtin_interfaces/builtin_interfaces/msg/detail/duration__struct.hpp:27:11:[m[K [01;36m[Knote: [m[K  ‘[01m[Kbuiltin_interfaces::msg[m[K’
[3.046s]    27 | namespace [01;36m[Kmsg[m[K
[3.046s]       |           [01;36m[K^~~[m[K
[3.046s] In file included from [01m[K/opt/ros/humble/include/rcl_interfaces/rcl_interfaces/msg/set_parameters_result.hpp:7[m[K,
[3.046s]                  from [01m[K/opt/ros/humble/include/rclcpp/rclcpp/qos_overriding_options.hpp:28[m[K,
[3.046s]                  from [01m[K/opt/ros/humble/include/rclcpp/rclcpp/subscription_options.hpp:30[m[K,
[3.046s]                  from [01m[K/opt/ros/humble/include/rclcpp/rclcpp/subscription.hpp:45[m[K,
[3.047s]                  from [01m[K/opt/ros/humble/include/rclcpp/rclcpp/any_executable.hpp:25[m[K,
[3.047s]                  from [01m[K/opt/ros/humble/include/rclcpp/rclcpp/memory_strategy.hpp:25[m[K,
[3.047s]                  from [01m[K/opt/ros/humble/include/rclcpp/rclcpp/memory_strategies.hpp:18[m[K,
[3.047s]                  from [01m[K/opt/ros/humble/include/rclcpp/rclcpp/executor_options.hpp:20[m[K,
[3.047s]                  from [01m[K/opt/ros/humble/include/rclcpp/rclcpp/executor.hpp:37[m[K,
[3.047s]                  from [01m[K/opt/ros/humble/include/rclcpp/rclcpp/executors/multi_threaded_executor.hpp:25[m[K,
[3.047s]                  from [01m[K/opt/ros/humble/include/rclcpp/rclcpp/executors.hpp:21[m[K,
[3.047s]                  from [01m[K/opt/ros/humble/include/rclcpp/rclcpp/rclcpp.hpp:155[m[K,
[3.047s]                  from [01m[K/home/kargla/robot_movement/src/movement_info/src/movement.cpp:1[m[K:
[3.047s] [01m[K/opt/ros/humble/include/rcl_interfaces/rcl_interfaces/msg/detail/set_parameters_result__struct.hpp:27:11:[m[K [01;36m[Knote: [m[K  ‘[01m[Krcl_interfaces::msg[m[K’
[3.047s]    27 | namespace [01;36m[Kmsg[m[K
[3.047s]       |           [01;36m[K^~~[m[K
[3.048s] In file included from [01m[K/opt/ros/humble/include/statistics_msgs/statistics_msgs/msg/detail/metrics_message__struct.hpp:23[m[K,
[3.048s]                  from [01m[K/opt/ros/humble/include/statistics_msgs/statistics_msgs/msg/metrics_message.hpp:7[m[K,
[3.048s]                  from [01m[K/opt/ros/humble/include/libstatistics_collector/libstatistics_collector/collector/generate_statistics_message.hpp:21[m[K,
[3.048s]                  from [01m[K/opt/ros/humble/include/rclcpp/rclcpp/topic_statistics/subscription_topic_statistics.hpp:23[m[K,
[3.048s]                  from [01m[K/opt/ros/humble/include/rclcpp/rclcpp/subscription.hpp:50[m[K,
[3.048s]                  from [01m[K/opt/ros/humble/include/rclcpp/rclcpp/any_executable.hpp:25[m[K,
[3.048s]                  from [01m[K/opt/ros/humble/include/rclcpp/rclcpp/memory_strategy.hpp:25[m[K,
[3.048s]                  from [01m[K/opt/ros/humble/include/rclcpp/rclcpp/memory_strategies.hpp:18[m[K,
[3.048s]                  from [01m[K/opt/ros/humble/include/rclcpp/rclcpp/executor_options.hpp:20[m[K,
[3.048s]                  from [01m[K/opt/ros/humble/include/rclcpp/rclcpp/executor.hpp:37[m[K,
[3.048s]                  from [01m[K/opt/ros/humble/include/rclcpp/rclcpp/executors/multi_threaded_executor.hpp:25[m[K,
[3.048s]                  from [01m[K/opt/ros/humble/include/rclcpp/rclcpp/executors.hpp:21[m[K,
[3.049s]                  from [01m[K/opt/ros/humble/include/rclcpp/rclcpp/rclcpp.hpp:155[m[K,
[3.049s]                  from [01m[K/home/kargla/robot_movement/src/movement_info/src/movement.cpp:1[m[K:
[3.049s] [01m[K/opt/ros/humble/include/statistics_msgs/statistics_msgs/msg/detail/statistic_data_point__struct.hpp:27:11:[m[K [01;36m[Knote: [m[K  ‘[01m[Kstatistics_msgs::msg[m[K’
[3.049s]    27 | namespace [01;36m[Kmsg[m[K
[3.049s]       |           [01;36m[K^~~[m[K
[3.049s] In file included from [01m[K/opt/ros/humble/include/nav_msgs/nav_msgs/msg/detail/odometry__struct.hpp:20[m[K,
[3.049s]                  from [01m[K/opt/ros/humble/include/nav_msgs/nav_msgs/msg/odometry.hpp:7[m[K,
[3.049s]                  from [01m[K/home/kargla/robot_movement/src/movement_info/src/movement.cpp:2[m[K:
[3.049s] [01m[K/opt/ros/humble/include/std_msgs/std_msgs/msg/detail/header__struct.hpp:31:11:[m[K [01;36m[Knote: [m[K  ‘[01m[Kstd_msgs::msg[m[K’
[3.049s]    31 | namespace [01;36m[Kmsg[m[K
[3.049s]       |           [01;36m[K^~~[m[K
[3.049s] In file included from [01m[K/opt/ros/humble/include/geometry_msgs/geometry_msgs/msg/detail/pose__struct.hpp:20[m[K,
[3.050s]                  from [01m[K/opt/ros/humble/include/geometry_msgs/geometry_msgs/msg/detail/pose_with_covariance__struct.hpp:20[m[K,
[3.050s]                  from [01m[K/opt/ros/humble/include/nav_msgs/nav_msgs/msg/detail/odometry__struct.hpp:22[m[K,
[3.050s]                  from [01m[K/opt/ros/humble/include/nav_msgs/nav_msgs/msg/odometry.hpp:7[m[K,
[3.050s]                  from [01m[K/home/kargla/robot_movement/src/movement_info/src/movement.cpp:2[m[K:
[3.050s] [01m[K/opt/ros/humble/include/geometry_msgs/geometry_msgs/msg/detail/point__struct.hpp:27:11:[m[K [01;36m[Knote: [m[K  ‘[01m[Kgeometry_msgs::msg[m[K’
[3.050s]    27 | namespace [01;36m[Kmsg[m[K
[3.050s]       |           [01;36m[K^~~[m[K
[3.050s] In file included from [01m[K/opt/ros/humble/include/nav_msgs/nav_msgs/msg/odometry.hpp:7[m[K,
[3.050s]                  from [01m[K/home/kargla/robot_movement/src/movement_info/src/movement.cpp:2[m[K:
[3.050s] [01m[K/opt/ros/humble/include/nav_msgs/nav_msgs/msg/detail/odometry__struct.hpp:35:11:[m[K [01;36m[Knote: [m[K  ‘[01m[Knav_msgs::msg[m[K’
[3.050s]    35 | namespace [01;36m[Kmsg[m[K
[3.050s]       |           [01;36m[K^~~[m[K
[3.051s] In file included from [01m[K/home/kargla/robot_movement/install/movement_info_msgs/include/movement_info_msgs/movement_info_msgs/msg/movement_info.hpp:7[m[K,
[3.051s]                  from [01m[K/home/kargla/robot_movement/src/movement_info/src/movement.cpp:4[m[K:
[3.051s] [01m[K/home/kargla/robot_movement/install/movement_info_msgs/include/movement_info_msgs/movement_info_msgs/msg/detail/movement_info__struct.hpp:27:11:[m[K [01;36m[Knote: [m[K  ‘[01m[Kmovement_info_msgs::msg[m[K’
[3.051s]    27 | namespace [01;36m[Kmsg[m[K
[3.051s]       |           [01;36m[K^~~[m[K
[6.045s] gmake[2]: *** [CMakeFiles/movement.dir/build.make:76: CMakeFiles/movement.dir/src/movement.cpp.o] Error 1
[6.046s] gmake[1]: *** [CMakeFiles/Makefile2:137: CMakeFiles/movement.dir/all] Error 2
[6.047s] gmake: *** [Makefile:146: all] Error 2
[6.051s] Invoked command in '/home/kargla/robot_movement/build/movement_info' returned '2': CMAKE_PREFIX_PATH=${CMAKE_PREFIX_PATH}:/opt/ros/humble /usr/bin/cmake --build /home/kargla/robot_movement/build/movement_info -- -j12 -l12
