[0.016s] Invoking command in '/home/kargla/robot_movement/build/movement_info': CMAKE_PREFIX_PATH=${CMAKE_PREFIX_PATH}:/opt/ros/humble /usr/bin/cmake --build /home/kargla/robot_movement/build/movement_info -- -j12 -l12
[0.085s] [ 10%] Built target gtest
[0.087s] [ 25%] Built target gmock
[0.089s] [ 35%] Built target gmock_main
[0.093s] [ 80%] Built target gtest_main
[0.093s] [ 80%] Built target movement_info_library
[0.093s] [ 80%] Built target movement
[0.119s] [35m[1mConsolidate compiler generated dependencies of target movement_info_movement_gmock[0m
[0.120s] [35m[1mConsolidate compiler generated dependencies of target movement_info_movement_gtest[0m
[0.150s] [ 90%] [32mBuilding CXX object CMakeFiles/movement_info_movement_gtest.dir/test/movement_test.cpp.o[0m
[0.150s] [ 90%] [32mBuilding CXX object CMakeFiles/movement_info_movement_gmock.dir/test/movement_test.cpp.o[0m
[9.648s] [ 95%] [32m[1mLinking CXX executable movement_info_movement_gmock[0m
[9.687s] [100%] [32m[1mLinking CXX executable movement_info_movement_gtest[0m
[11.183s] [100%] Built target movement_info_movement_gmock
[11.251s] [100%] Built target movement_info_movement_gtest
[11.268s] Invoked command in '/home/kargla/robot_movement/build/movement_info' returned '0': CMAKE_PREFIX_PATH=${CMAKE_PREFIX_PATH}:/opt/ros/humble /usr/bin/cmake --build /home/kargla/robot_movement/build/movement_info -- -j12 -l12
[11.270s] Invoking command in '/home/kargla/robot_movement/build/movement_info': CMAKE_PREFIX_PATH=${CMAKE_PREFIX_PATH}:/opt/ros/humble /usr/bin/cmake --install /home/kargla/robot_movement/build/movement_info
[11.278s] -- Install configuration: ""
[11.278s] -- Up-to-date: /home/kargla/robot_movement/install/movement_info/share/movement_info/config
[11.278s] -- Up-to-date: /home/kargla/robot_movement/install/movement_info/share/movement_info/config/params.yaml
[11.279s] -- Up-to-date: /home/kargla/robot_movement/install/movement_info/include
[11.279s] -- Up-to-date: /home/kargla/robot_movement/install/movement_info/include/movement_info
[11.279s] -- Up-to-date: /home/kargla/robot_movement/install/movement_info/include/movement_info/MockPublisher.hpp
[11.279s] -- Up-to-date: /home/kargla/robot_movement/install/movement_info/include/movement_info/movement.hpp
[11.279s] -- Up-to-date: /home/kargla/robot_movement/install/movement_info/include/movement_info/movement_interface.hpp
[11.279s] -- Up-to-date: /home/kargla/robot_movement/install/movement_info/lib/movement_info/movement
[11.279s] -- Up-to-date: /home/kargla/robot_movement/install/movement_info/share/ament_index/resource_index/package_run_dependencies/movement_info
[11.279s] -- Up-to-date: /home/kargla/robot_movement/install/movement_info/share/ament_index/resource_index/parent_prefix_path/movement_info
[11.280s] -- Up-to-date: /home/kargla/robot_movement/install/movement_info/share/movement_info/environment/ament_prefix_path.sh
[11.280s] -- Up-to-date: /home/kargla/robot_movement/install/movement_info/share/movement_info/environment/ament_prefix_path.dsv
[11.280s] -- Up-to-date: /home/kargla/robot_movement/install/movement_info/share/movement_info/environment/path.sh
[11.280s] -- Up-to-date: /home/kargla/robot_movement/install/movement_info/share/movement_info/environment/path.dsv
[11.280s] -- Up-to-date: /home/kargla/robot_movement/install/movement_info/share/movement_info/local_setup.bash
[11.280s] -- Up-to-date: /home/kargla/robot_movement/install/movement_info/share/movement_info/local_setup.sh
[11.280s] -- Up-to-date: /home/kargla/robot_movement/install/movement_info/share/movement_info/local_setup.zsh
[11.280s] -- Up-to-date: /home/kargla/robot_movement/install/movement_info/share/movement_info/local_setup.dsv
[11.280s] -- Installing: /home/kargla/robot_movement/install/movement_info/share/movement_info/package.dsv
[11.280s] -- Up-to-date: /home/kargla/robot_movement/install/movement_info/share/ament_index/resource_index/packages/movement_info
[11.280s] -- Up-to-date: /home/kargla/robot_movement/install/movement_info/share/movement_info/cmake/movement_infoConfig.cmake
[11.280s] -- Up-to-date: /home/kargla/robot_movement/install/movement_info/share/movement_info/cmake/movement_infoConfig-version.cmake
[11.280s] -- Up-to-date: /home/kargla/robot_movement/install/movement_info/share/movement_info/package.xml
[11.282s] Invoked command in '/home/kargla/robot_movement/build/movement_info' returned '0': CMAKE_PREFIX_PATH=${CMAKE_PREFIX_PATH}:/opt/ros/humble /usr/bin/cmake --install /home/kargla/robot_movement/build/movement_info
