[0.249s] DEBUG:colcon:Command line arguments: ['/usr/bin/colcon', 'build']
[0.249s] DEBUG:colcon:Parsed command line arguments: Namespace(log_base=None, log_level=None, verb_name='build', build_base='build', install_base='install', merge_install=False, symlink_install=False, test_result_base=None, continue_on_error=False, executor='parallel', parallel_workers=12, event_handlers=None, ignore_user_meta=False, metas=['./colcon.meta'], base_paths=['.'], packages_ignore=None, packages_ignore_regex=None, paths=None, packages_up_to=None, packages_up_to_regex=None, packages_above=None, packages_above_and_dependencies=None, packages_above_depth=None, packages_select_by_dep=None, packages_skip_by_dep=None, packages_skip_up_to=None, packages_select_build_failed=False, packages_skip_build_finished=False, packages_select_test_failures=False, packages_skip_test_passed=False, packages_select=None, packages_skip=None, packages_select_regex=None, packages_skip_regex=None, packages_start=None, packages_end=None, allow_overriding=[], cmake_args=None, cmake_target=None, cmake_target_skip_unavailable=False, cmake_clean_cache=False, cmake_clean_first=False, cmake_force_configure=False, ament_cmake_args=None, catkin_cmake_args=None, catkin_skip_building_tests=False, mixin_files=None, mixin=None, verb_parser=<colcon_mixin.mixin.mixin_argument.MixinArgumentDecorator object at 0x75dd2b0021a0>, verb_extension=<colcon_core.verb.build.BuildVerb object at 0x75dd2b0ff0a0>, main=<bound method BuildVerb.main of <colcon_core.verb.build.BuildVerb object at 0x75dd2b0ff0a0>>, mixin_verb=('build',))
[0.519s] Level 1:colcon.colcon_core.package_discovery:discover_packages(colcon_meta) check parameters
[0.519s] Level 1:colcon.colcon_core.package_discovery:discover_packages(recursive) check parameters
[0.519s] Level 1:colcon.colcon_core.package_discovery:discover_packages(ignore) check parameters
[0.519s] Level 1:colcon.colcon_core.package_discovery:discover_packages(path) check parameters
[0.519s] Level 1:colcon.colcon_core.package_discovery:discover_packages(colcon_meta) discover
[0.520s] Level 1:colcon.colcon_core.package_discovery:discover_packages(recursive) discover
[0.520s] INFO:colcon.colcon_core.package_discovery:Crawling recursively for packages in '/home/kargla/robot_movement'
[0.520s] Level 1:colcon.colcon_core.package_identification:_identify(.) by extensions ['ignore', 'ignore_ament_install']
[0.520s] Level 1:colcon.colcon_core.package_identification:_identify(.) by extension 'ignore'
[0.520s] Level 1:colcon.colcon_core.package_identification:_identify(.) by extension 'ignore_ament_install'
[0.520s] Level 1:colcon.colcon_core.package_identification:_identify(.) by extensions ['colcon_pkg']
[0.520s] Level 1:colcon.colcon_core.package_identification:_identify(.) by extension 'colcon_pkg'
[0.520s] Level 1:colcon.colcon_core.package_identification:_identify(.) by extensions ['colcon_meta']
[0.520s] Level 1:colcon.colcon_core.package_identification:_identify(.) by extension 'colcon_meta'
[0.520s] Level 1:colcon.colcon_core.package_identification:_identify(.) by extensions ['ros']
[0.520s] Level 1:colcon.colcon_core.package_identification:_identify(.) by extension 'ros'
[0.540s] Level 1:colcon.colcon_core.package_identification:_identify(.) by extensions ['cmake', 'python']
[0.540s] Level 1:colcon.colcon_core.package_identification:_identify(.) by extension 'cmake'
[0.540s] Level 1:colcon.colcon_core.package_identification:_identify(.) by extension 'python'
[0.540s] Level 1:colcon.colcon_core.package_identification:_identify(.) by extensions ['python_setup_py']
[0.540s] Level 1:colcon.colcon_core.package_identification:_identify(.) by extension 'python_setup_py'
[0.540s] Level 1:colcon.colcon_core.package_identification:_identify(build) by extensions ['ignore', 'ignore_ament_install']
[0.540s] Level 1:colcon.colcon_core.package_identification:_identify(build) by extension 'ignore'
[0.540s] Level 1:colcon.colcon_core.package_identification:_identify(build) ignored
[0.541s] Level 1:colcon.colcon_core.package_identification:_identify(install) by extensions ['ignore', 'ignore_ament_install']
[0.541s] Level 1:colcon.colcon_core.package_identification:_identify(install) by extension 'ignore'
[0.541s] Level 1:colcon.colcon_core.package_identification:_identify(install) ignored
[0.541s] Level 1:colcon.colcon_core.package_identification:_identify(log) by extensions ['ignore', 'ignore_ament_install']
[0.541s] Level 1:colcon.colcon_core.package_identification:_identify(log) by extension 'ignore'
[0.541s] Level 1:colcon.colcon_core.package_identification:_identify(log) ignored
[0.541s] Level 1:colcon.colcon_core.package_identification:_identify(src) by extensions ['ignore', 'ignore_ament_install']
[0.541s] Level 1:colcon.colcon_core.package_identification:_identify(src) by extension 'ignore'
[0.541s] Level 1:colcon.colcon_core.package_identification:_identify(src) by extension 'ignore_ament_install'
[0.541s] Level 1:colcon.colcon_core.package_identification:_identify(src) by extensions ['colcon_pkg']
[0.541s] Level 1:colcon.colcon_core.package_identification:_identify(src) by extension 'colcon_pkg'
[0.541s] Level 1:colcon.colcon_core.package_identification:_identify(src) by extensions ['colcon_meta']
[0.541s] Level 1:colcon.colcon_core.package_identification:_identify(src) by extension 'colcon_meta'
[0.541s] Level 1:colcon.colcon_core.package_identification:_identify(src) by extensions ['ros']
[0.541s] Level 1:colcon.colcon_core.package_identification:_identify(src) by extension 'ros'
[0.542s] Level 1:colcon.colcon_core.package_identification:_identify(src) by extensions ['cmake', 'python']
[0.542s] Level 1:colcon.colcon_core.package_identification:_identify(src) by extension 'cmake'
[0.542s] Level 1:colcon.colcon_core.package_identification:_identify(src) by extension 'python'
[0.542s] Level 1:colcon.colcon_core.package_identification:_identify(src) by extensions ['python_setup_py']
[0.542s] Level 1:colcon.colcon_core.package_identification:_identify(src) by extension 'python_setup_py'
[0.542s] Level 1:colcon.colcon_core.package_identification:_identify(src/movement_info) by extensions ['ignore', 'ignore_ament_install']
[0.542s] Level 1:colcon.colcon_core.package_identification:_identify(src/movement_info) by extension 'ignore'
[0.542s] Level 1:colcon.colcon_core.package_identification:_identify(src/movement_info) by extension 'ignore_ament_install'
[0.542s] Level 1:colcon.colcon_core.package_identification:_identify(src/movement_info) by extensions ['colcon_pkg']
[0.542s] Level 1:colcon.colcon_core.package_identification:_identify(src/movement_info) by extension 'colcon_pkg'
[0.542s] Level 1:colcon.colcon_core.package_identification:_identify(src/movement_info) by extensions ['colcon_meta']
[0.542s] Level 1:colcon.colcon_core.package_identification:_identify(src/movement_info) by extension 'colcon_meta'
[0.542s] Level 1:colcon.colcon_core.package_identification:_identify(src/movement_info) by extensions ['ros']
[0.542s] Level 1:colcon.colcon_core.package_identification:_identify(src/movement_info) by extension 'ros'
[0.547s] DEBUG:colcon.colcon_core.package_identification:Package 'src/movement_info' with type 'ros.ament_cmake' and name 'movement_info'
[0.547s] Level 1:colcon.colcon_core.package_identification:_identify(src/movement_info_msgs) by extensions ['ignore', 'ignore_ament_install']
[0.547s] Level 1:colcon.colcon_core.package_identification:_identify(src/movement_info_msgs) by extension 'ignore'
[0.547s] Level 1:colcon.colcon_core.package_identification:_identify(src/movement_info_msgs) by extension 'ignore_ament_install'
[0.547s] Level 1:colcon.colcon_core.package_identification:_identify(src/movement_info_msgs) by extensions ['colcon_pkg']
[0.547s] Level 1:colcon.colcon_core.package_identification:_identify(src/movement_info_msgs) by extension 'colcon_pkg'
[0.547s] Level 1:colcon.colcon_core.package_identification:_identify(src/movement_info_msgs) by extensions ['colcon_meta']
[0.548s] Level 1:colcon.colcon_core.package_identification:_identify(src/movement_info_msgs) by extension 'colcon_meta'
[0.548s] Level 1:colcon.colcon_core.package_identification:_identify(src/movement_info_msgs) by extensions ['ros']
[0.548s] Level 1:colcon.colcon_core.package_identification:_identify(src/movement_info_msgs) by extension 'ros'
[0.549s] DEBUG:colcon.colcon_core.package_identification:Package 'src/movement_info_msgs' with type 'ros.ament_cmake' and name 'movement_info_msgs'
[0.549s] Level 1:colcon.colcon_core.package_discovery:discover_packages(recursive) using defaults
[0.549s] Level 1:colcon.colcon_core.package_discovery:discover_packages(ignore) discover
[0.549s] Level 1:colcon.colcon_core.package_discovery:discover_packages(ignore) using defaults
[0.549s] Level 1:colcon.colcon_core.package_discovery:discover_packages(path) discover
[0.549s] Level 1:colcon.colcon_core.package_discovery:discover_packages(path) using defaults
[0.585s] Level 1:colcon.colcon_core.package_discovery:discover_packages(prefix_path) check parameters
[0.585s] Level 1:colcon.colcon_core.package_discovery:discover_packages(prefix_path) discover
[0.620s] DEBUG:colcon.colcon_installed_package_information.package_discovery:Found 270 installed packages in /opt/ros/humble
[0.622s] Level 1:colcon.colcon_core.package_discovery:discover_packages(prefix_path) using defaults
[0.654s] Level 5:colcon.colcon_core.verb:set package 'movement_info' build argument 'cmake_args' from command line to 'None'
[0.654s] Level 5:colcon.colcon_core.verb:set package 'movement_info' build argument 'cmake_target' from command line to 'None'
[0.654s] Level 5:colcon.colcon_core.verb:set package 'movement_info' build argument 'cmake_target_skip_unavailable' from command line to 'False'
[0.654s] Level 5:colcon.colcon_core.verb:set package 'movement_info' build argument 'cmake_clean_cache' from command line to 'False'
[0.654s] Level 5:colcon.colcon_core.verb:set package 'movement_info' build argument 'cmake_clean_first' from command line to 'False'
[0.654s] Level 5:colcon.colcon_core.verb:set package 'movement_info' build argument 'cmake_force_configure' from command line to 'False'
[0.654s] Level 5:colcon.colcon_core.verb:set package 'movement_info' build argument 'ament_cmake_args' from command line to 'None'
[0.654s] Level 5:colcon.colcon_core.verb:set package 'movement_info' build argument 'catkin_cmake_args' from command line to 'None'
[0.654s] Level 5:colcon.colcon_core.verb:set package 'movement_info' build argument 'catkin_skip_building_tests' from command line to 'False'
[0.654s] DEBUG:colcon.colcon_core.verb:Building package 'movement_info' with the following arguments: {'ament_cmake_args': None, 'build_base': '/home/kargla/robot_movement/build/movement_info', 'catkin_cmake_args': None, 'catkin_skip_building_tests': False, 'cmake_args': None, 'cmake_clean_cache': False, 'cmake_clean_first': False, 'cmake_force_configure': False, 'cmake_target': None, 'cmake_target_skip_unavailable': False, 'install_base': '/home/kargla/robot_movement/install/movement_info', 'merge_install': False, 'path': '/home/kargla/robot_movement/src/movement_info', 'symlink_install': False, 'test_result_base': None}
[0.654s] Level 5:colcon.colcon_core.verb:set package 'movement_info_msgs' build argument 'cmake_args' from command line to 'None'
[0.655s] Level 5:colcon.colcon_core.verb:set package 'movement_info_msgs' build argument 'cmake_target' from command line to 'None'
[0.655s] Level 5:colcon.colcon_core.verb:set package 'movement_info_msgs' build argument 'cmake_target_skip_unavailable' from command line to 'False'
[0.655s] Level 5:colcon.colcon_core.verb:set package 'movement_info_msgs' build argument 'cmake_clean_cache' from command line to 'False'
[0.655s] Level 5:colcon.colcon_core.verb:set package 'movement_info_msgs' build argument 'cmake_clean_first' from command line to 'False'
[0.655s] Level 5:colcon.colcon_core.verb:set package 'movement_info_msgs' build argument 'cmake_force_configure' from command line to 'False'
[0.655s] Level 5:colcon.colcon_core.verb:set package 'movement_info_msgs' build argument 'ament_cmake_args' from command line to 'None'
[0.655s] Level 5:colcon.colcon_core.verb:set package 'movement_info_msgs' build argument 'catkin_cmake_args' from command line to 'None'
[0.655s] Level 5:colcon.colcon_core.verb:set package 'movement_info_msgs' build argument 'catkin_skip_building_tests' from command line to 'False'
[0.655s] DEBUG:colcon.colcon_core.verb:Building package 'movement_info_msgs' with the following arguments: {'ament_cmake_args': None, 'build_base': '/home/kargla/robot_movement/build/movement_info_msgs', 'catkin_cmake_args': None, 'catkin_skip_building_tests': False, 'cmake_args': None, 'cmake_clean_cache': False, 'cmake_clean_first': False, 'cmake_force_configure': False, 'cmake_target': None, 'cmake_target_skip_unavailable': False, 'install_base': '/home/kargla/robot_movement/install/movement_info_msgs', 'merge_install': False, 'path': '/home/kargla/robot_movement/src/movement_info_msgs', 'symlink_install': False, 'test_result_base': None}
[0.655s] INFO:colcon.colcon_core.executor:Executing jobs using 'parallel' executor
[0.656s] DEBUG:colcon.colcon_parallel_executor.executor.parallel:run_until_complete
[0.657s] INFO:colcon.colcon_ros.task.ament_cmake.build:Building ROS package in '/home/kargla/robot_movement/src/movement_info' with build type 'ament_cmake'
[0.657s] INFO:colcon.colcon_cmake.task.cmake.build:Building CMake package in '/home/kargla/robot_movement/src/movement_info'
[0.662s] INFO:colcon.colcon_core.plugin_system:Skipping extension 'colcon_core.shell.bat': Not used on non-Windows systems
[0.663s] INFO:colcon.colcon_core.shell:Skip shell extension 'powershell' for command environment: Not usable outside of PowerShell
[0.663s] DEBUG:colcon.colcon_core.shell:Skip shell extension 'dsv' for command environment
[0.667s] INFO:colcon.colcon_ros.task.ament_cmake.build:Building ROS package in '/home/kargla/robot_movement/src/movement_info_msgs' with build type 'ament_cmake'
[0.667s] INFO:colcon.colcon_cmake.task.cmake.build:Building CMake package in '/home/kargla/robot_movement/src/movement_info_msgs'
[0.667s] INFO:colcon.colcon_core.shell:Skip shell extension 'powershell' for command environment: Not usable outside of PowerShell
[0.667s] DEBUG:colcon.colcon_core.shell:Skip shell extension 'dsv' for command environment
[0.675s] DEBUG:colcon.colcon_core.event_handler.log_command:Invoking command in '/home/kargla/robot_movement/build/movement_info': CMAKE_PREFIX_PATH=/opt/ros/humble /usr/bin/cmake --build /home/kargla/robot_movement/build/movement_info -- -j12 -l12
[0.687s] DEBUG:colcon.colcon_core.event_handler.log_command:Invoking command in '/home/kargla/robot_movement/build/movement_info_msgs': CMAKE_PREFIX_PATH=/opt/ros/humble /usr/bin/cmake --build /home/kargla/robot_movement/build/movement_info_msgs -- -j12 -l12
[1.324s] DEBUG:colcon.colcon_core.event_handler.log_command:Invoked command in '/home/kargla/robot_movement/build/movement_info_msgs' returned '0': CMAKE_PREFIX_PATH=/opt/ros/humble /usr/bin/cmake --build /home/kargla/robot_movement/build/movement_info_msgs -- -j12 -l12
[1.347s] DEBUG:colcon.colcon_core.event_handler.log_command:Invoking command in '/home/kargla/robot_movement/build/movement_info_msgs': CMAKE_PREFIX_PATH=/opt/ros/humble /usr/bin/cmake --install /home/kargla/robot_movement/build/movement_info_msgs
[1.425s] Level 1:colcon.colcon_core.environment:create_environment_scripts_only(movement_info_msgs)
[1.426s] DEBUG:colcon.colcon_core.event_handler.log_command:Invoked command in '/home/kargla/robot_movement/build/movement_info_msgs' returned '0': CMAKE_PREFIX_PATH=/opt/ros/humble /usr/bin/cmake --install /home/kargla/robot_movement/build/movement_info_msgs
[1.440s] Level 1:colcon.colcon_core.environment:checking '/home/kargla/robot_movement/install/movement_info_msgs' for CMake module files
[1.441s] Level 1:colcon.colcon_core.environment:checking '/home/kargla/robot_movement/install/movement_info_msgs' for CMake config files
[1.442s] Level 1:colcon.colcon_core.shell:create_environment_hook('movement_info_msgs', 'cmake_prefix_path')
[1.443s] INFO:colcon.colcon_core.shell:Creating environment hook '/home/kargla/robot_movement/install/movement_info_msgs/share/movement_info_msgs/hook/cmake_prefix_path.ps1'
[1.444s] INFO:colcon.colcon_core.shell:Creating environment descriptor '/home/kargla/robot_movement/install/movement_info_msgs/share/movement_info_msgs/hook/cmake_prefix_path.dsv'
[1.445s] INFO:colcon.colcon_core.shell:Creating environment hook '/home/kargla/robot_movement/install/movement_info_msgs/share/movement_info_msgs/hook/cmake_prefix_path.sh'
[1.447s] Level 1:colcon.colcon_core.environment:checking '/home/kargla/robot_movement/install/movement_info_msgs/lib'
[1.447s] Level 1:colcon.colcon_core.shell:create_environment_hook('movement_info_msgs', 'ld_library_path_lib')
[1.448s] INFO:colcon.colcon_core.shell:Creating environment hook '/home/kargla/robot_movement/install/movement_info_msgs/share/movement_info_msgs/hook/ld_library_path_lib.ps1'
[1.448s] INFO:colcon.colcon_core.shell:Creating environment descriptor '/home/kargla/robot_movement/install/movement_info_msgs/share/movement_info_msgs/hook/ld_library_path_lib.dsv'
[1.449s] INFO:colcon.colcon_core.shell:Creating environment hook '/home/kargla/robot_movement/install/movement_info_msgs/share/movement_info_msgs/hook/ld_library_path_lib.sh'
[1.450s] Level 1:colcon.colcon_core.environment:checking '/home/kargla/robot_movement/install/movement_info_msgs/bin'
[1.450s] Level 1:colcon.colcon_core.environment:checking '/home/kargla/robot_movement/install/movement_info_msgs/lib/pkgconfig/movement_info_msgs.pc'
[1.450s] Level 1:colcon.colcon_core.environment:checking '/home/kargla/robot_movement/install/movement_info_msgs/lib/python3.10/site-packages'
[1.451s] Level 1:colcon.colcon_core.environment:checking '/home/kargla/robot_movement/install/movement_info_msgs/bin'
[1.451s] INFO:colcon.colcon_core.shell:Creating package script '/home/kargla/robot_movement/install/movement_info_msgs/share/movement_info_msgs/package.ps1'
[1.453s] INFO:colcon.colcon_core.shell:Creating package descriptor '/home/kargla/robot_movement/install/movement_info_msgs/share/movement_info_msgs/package.dsv'
[1.454s] INFO:colcon.colcon_core.shell:Creating package script '/home/kargla/robot_movement/install/movement_info_msgs/share/movement_info_msgs/package.sh'
[1.456s] INFO:colcon.colcon_core.shell:Creating package script '/home/kargla/robot_movement/install/movement_info_msgs/share/movement_info_msgs/package.bash'
[1.458s] INFO:colcon.colcon_core.shell:Creating package script '/home/kargla/robot_movement/install/movement_info_msgs/share/movement_info_msgs/package.zsh'
[1.463s] Level 1:colcon.colcon_core.environment:create_file_with_runtime_dependencies(/home/kargla/robot_movement/install/movement_info_msgs/share/colcon-core/packages/movement_info_msgs)
[1.465s] Level 1:colcon.colcon_core.environment:create_environment_scripts_only(movement_info_msgs)
[1.465s] Level 1:colcon.colcon_core.environment:checking '/home/kargla/robot_movement/install/movement_info_msgs' for CMake module files
[1.466s] Level 1:colcon.colcon_core.environment:checking '/home/kargla/robot_movement/install/movement_info_msgs' for CMake config files
[1.467s] Level 1:colcon.colcon_core.shell:create_environment_hook('movement_info_msgs', 'cmake_prefix_path')
[1.468s] INFO:colcon.colcon_core.shell:Creating environment hook '/home/kargla/robot_movement/install/movement_info_msgs/share/movement_info_msgs/hook/cmake_prefix_path.ps1'
[1.469s] INFO:colcon.colcon_core.shell:Creating environment descriptor '/home/kargla/robot_movement/install/movement_info_msgs/share/movement_info_msgs/hook/cmake_prefix_path.dsv'
[1.469s] INFO:colcon.colcon_core.shell:Creating environment hook '/home/kargla/robot_movement/install/movement_info_msgs/share/movement_info_msgs/hook/cmake_prefix_path.sh'
[1.471s] Level 1:colcon.colcon_core.environment:checking '/home/kargla/robot_movement/install/movement_info_msgs/lib'
[1.471s] Level 1:colcon.colcon_core.shell:create_environment_hook('movement_info_msgs', 'ld_library_path_lib')
[1.471s] INFO:colcon.colcon_core.shell:Creating environment hook '/home/kargla/robot_movement/install/movement_info_msgs/share/movement_info_msgs/hook/ld_library_path_lib.ps1'
[1.472s] INFO:colcon.colcon_core.shell:Creating environment descriptor '/home/kargla/robot_movement/install/movement_info_msgs/share/movement_info_msgs/hook/ld_library_path_lib.dsv'
[1.473s] INFO:colcon.colcon_core.shell:Creating environment hook '/home/kargla/robot_movement/install/movement_info_msgs/share/movement_info_msgs/hook/ld_library_path_lib.sh'
[1.474s] Level 1:colcon.colcon_core.environment:checking '/home/kargla/robot_movement/install/movement_info_msgs/bin'
[1.474s] Level 1:colcon.colcon_core.environment:checking '/home/kargla/robot_movement/install/movement_info_msgs/lib/pkgconfig/movement_info_msgs.pc'
[1.474s] Level 1:colcon.colcon_core.environment:checking '/home/kargla/robot_movement/install/movement_info_msgs/lib/python3.10/site-packages'
[1.475s] Level 1:colcon.colcon_core.environment:checking '/home/kargla/robot_movement/install/movement_info_msgs/bin'
[1.477s] INFO:colcon.colcon_core.shell:Creating package script '/home/kargla/robot_movement/install/movement_info_msgs/share/movement_info_msgs/package.ps1'
[1.481s] INFO:colcon.colcon_core.shell:Creating package descriptor '/home/kargla/robot_movement/install/movement_info_msgs/share/movement_info_msgs/package.dsv'
[1.482s] INFO:colcon.colcon_core.shell:Creating package script '/home/kargla/robot_movement/install/movement_info_msgs/share/movement_info_msgs/package.sh'
[1.485s] INFO:colcon.colcon_core.shell:Creating package script '/home/kargla/robot_movement/install/movement_info_msgs/share/movement_info_msgs/package.bash'
[1.486s] INFO:colcon.colcon_core.shell:Creating package script '/home/kargla/robot_movement/install/movement_info_msgs/share/movement_info_msgs/package.zsh'
[1.487s] Level 1:colcon.colcon_core.environment:create_file_with_runtime_dependencies(/home/kargla/robot_movement/install/movement_info_msgs/share/colcon-core/packages/movement_info_msgs)
[4.048s] DEBUG:colcon.colcon_core.event_handler.log_command:Invoked command in '/home/kargla/robot_movement/build/movement_info' returned '2': CMAKE_PREFIX_PATH=/opt/ros/humble /usr/bin/cmake --build /home/kargla/robot_movement/build/movement_info -- -j12 -l12
[4.049s] Level 1:colcon.colcon_core.environment:create_environment_scripts_only(movement_info)
[4.050s] Level 1:colcon.colcon_core.environment:checking '/home/kargla/robot_movement/install/movement_info' for CMake module files
[4.050s] Level 1:colcon.colcon_core.environment:checking '/home/kargla/robot_movement/install/movement_info' for CMake config files
[4.050s] Level 1:colcon.colcon_core.shell:create_environment_hook('movement_info', 'cmake_prefix_path')
[4.051s] INFO:colcon.colcon_core.shell:Creating environment hook '/home/kargla/robot_movement/install/movement_info/share/movement_info/hook/cmake_prefix_path.ps1'
[4.052s] INFO:colcon.colcon_core.shell:Creating environment descriptor '/home/kargla/robot_movement/install/movement_info/share/movement_info/hook/cmake_prefix_path.dsv'
[4.052s] INFO:colcon.colcon_core.shell:Creating environment hook '/home/kargla/robot_movement/install/movement_info/share/movement_info/hook/cmake_prefix_path.sh'
[4.053s] Level 1:colcon.colcon_core.environment:checking '/home/kargla/robot_movement/install/movement_info/lib'
[4.053s] Level 1:colcon.colcon_core.environment:checking '/home/kargla/robot_movement/install/movement_info/bin'
[4.053s] Level 1:colcon.colcon_core.environment:checking '/home/kargla/robot_movement/install/movement_info/lib/pkgconfig/movement_info.pc'
[4.053s] Level 1:colcon.colcon_core.environment:checking '/home/kargla/robot_movement/install/movement_info/lib/python3.10/site-packages'
[4.053s] Level 1:colcon.colcon_core.environment:checking '/home/kargla/robot_movement/install/movement_info/bin'
[4.053s] INFO:colcon.colcon_core.shell:Creating package script '/home/kargla/robot_movement/install/movement_info/share/movement_info/package.ps1'
[4.054s] INFO:colcon.colcon_core.shell:Creating package descriptor '/home/kargla/robot_movement/install/movement_info/share/movement_info/package.dsv'
[4.054s] INFO:colcon.colcon_core.shell:Creating package script '/home/kargla/robot_movement/install/movement_info/share/movement_info/package.sh'
[4.055s] INFO:colcon.colcon_core.shell:Creating package script '/home/kargla/robot_movement/install/movement_info/share/movement_info/package.bash'
[4.055s] INFO:colcon.colcon_core.shell:Creating package script '/home/kargla/robot_movement/install/movement_info/share/movement_info/package.zsh'
[4.055s] Level 1:colcon.colcon_core.environment:create_file_with_runtime_dependencies(/home/kargla/robot_movement/install/movement_info/share/colcon-core/packages/movement_info)
[4.066s] DEBUG:colcon.colcon_parallel_executor.executor.parallel:closing loop
[4.066s] DEBUG:colcon.colcon_parallel_executor.executor.parallel:loop closed
[4.066s] DEBUG:colcon.colcon_parallel_executor.executor.parallel:run_until_complete finished with '2'
[4.066s] DEBUG:colcon.colcon_core.event_reactor:joining thread
[4.073s] INFO:colcon.colcon_core.plugin_system:Skipping extension 'colcon_notification.desktop_notification.terminal_notifier': Not used on non-Darwin systems
[4.073s] INFO:colcon.colcon_core.plugin_system:Skipping extension 'colcon_notification.desktop_notification.win32': Not used on non-Windows systems
[4.073s] INFO:colcon.colcon_notification.desktop_notification:Sending desktop notification using 'notify2'
[4.100s] DEBUG:colcon.colcon_core.event_reactor:joined thread
[4.100s] INFO:colcon.colcon_core.shell:Creating prefix script '/home/kargla/robot_movement/install/local_setup.ps1'
[4.102s] INFO:colcon.colcon_core.shell:Creating prefix util module '/home/kargla/robot_movement/install/_local_setup_util_ps1.py'
[4.104s] INFO:colcon.colcon_core.shell:Creating prefix chain script '/home/kargla/robot_movement/install/setup.ps1'
[4.106s] INFO:colcon.colcon_core.shell:Creating prefix script '/home/kargla/robot_movement/install/local_setup.sh'
[4.107s] INFO:colcon.colcon_core.shell:Creating prefix util module '/home/kargla/robot_movement/install/_local_setup_util_sh.py'
[4.107s] INFO:colcon.colcon_core.shell:Creating prefix chain script '/home/kargla/robot_movement/install/setup.sh'
[4.109s] INFO:colcon.colcon_core.shell:Creating prefix script '/home/kargla/robot_movement/install/local_setup.bash'
[4.113s] INFO:colcon.colcon_core.shell:Creating prefix chain script '/home/kargla/robot_movement/install/setup.bash'
[4.115s] INFO:colcon.colcon_core.shell:Creating prefix script '/home/kargla/robot_movement/install/local_setup.zsh'
[4.116s] INFO:colcon.colcon_core.shell:Creating prefix chain script '/home/kargla/robot_movement/install/setup.zsh'
