[0.018s] Invoking command in '/home/kargla/robot_movement/build/movement_info_msgs': CMAKE_PREFIX_PATH=/opt/ros/humble /usr/bin/cmake --build /home/kargla/robot_movement/build/movement_info_msgs -- -j12 -l12
[0.066s] -- Found ament_cmake: 1.3.11 (/opt/ros/humble/share/ament_cmake/cmake)
[0.233s] -- Found rosidl_default_generators: 1.2.0 (/opt/ros/humble/share/rosidl_default_generators/cmake)
[0.237s] -- Using all available rosidl_typesupport_c: rosidl_typesupport_fastrtps_c;rosidl_typesupport_introspection_c
[0.243s] -- Found rosidl_adapter: 3.1.6 (/opt/ros/humble/share/rosidl_adapter/cmake)
[0.291s] -- Using all available rosidl_typesupport_cpp: rosidl_typesupport_fastrtps_cpp;rosidl_typesupport_introspection_cpp
[0.610s] -- Found ament_cmake_ros: 0.10.0 (/opt/ros/humble/share/ament_cmake_ros/cmake)
[0.819s] -- Using all available rosidl_typesupport_c: rosidl_typesupport_fastrtps_c;rosidl_typesupport_introspection_c
[1.088s] -- Using all available rosidl_typesupport_cpp: rosidl_typesupport_fastrtps_cpp;rosidl_typesupport_introspection_cpp
[1.118s] -- Found python_cmake_module: 0.10.0 (/opt/ros/humble/share/python_cmake_module/cmake)
[1.146s] -- Using PYTHON_EXECUTABLE: /usr/bin/python3
[1.146s] -- Using PYTHON_INCLUDE_DIRS: /usr/include/python3.10
[1.146s] -- Using PYTHON_LIBRARIES: /usr/lib/x86_64-linux-gnu/libpython3.10.so
[1.158s] -- Found ament_lint_auto: 0.12.11 (/opt/ros/humble/share/ament_lint_auto/cmake)
[1.180s] -- Added test 'lint_cmake' to check CMake code style
[1.181s] -- Added test 'xmllint' to check XML markup files
[1.185s] -- Configuring done
[1.239s] -- Generating done
[1.254s] -- Build files have been written to: /home/kargla/robot_movement/build/movement_info_msgs
[1.291s] [  3%] [34m[1mGenerating C code for ROS interfaces[0m
[1.308s] [  6%] [34m[1mGenerating C++ code for ROS interfaces[0m
[1.326s] [  6%] Built target ament_cmake_python_copy_movement_info_msgs
[1.713s] running egg_info
[1.715s] writing movement_info_msgs.egg-info/PKG-INFO
[1.715s] writing dependency_links to movement_info_msgs.egg-info/dependency_links.txt
[1.715s] writing top-level names to movement_info_msgs.egg-info/top_level.txt
[1.721s] reading manifest file 'movement_info_msgs.egg-info/SOURCES.txt'
[1.722s] writing manifest file 'movement_info_msgs.egg-info/SOURCES.txt'
[1.796s] [35m[1mConsolidate compiler generated dependencies of target movement_info_msgs__rosidl_generator_c[0m
[1.806s] [  6%] Built target movement_info_msgs__cpp
[1.816s] [  9%] [32mBuilding C object CMakeFiles/movement_info_msgs__rosidl_generator_c.dir/rosidl_generator_c/movement_info_msgs/msg/detail/movement_info__functions.c.o[0m
[1.816s] [  9%] Built target ament_cmake_python_build_movement_info_msgs_egg
[1.824s] [ 16%] [34m[1mGenerating C++ introspection for ROS interfaces[0m
[1.824s] [ 16%] [34m[1mGenerating C++ type support dispatch for ROS interfaces[0m
[1.826s] [ 19%] [34m[1mGenerating C++ type support for eProsima Fast-RTPS[0m
[1.924s] [ 22%] [32m[1mLinking C shared library libmovement_info_msgs__rosidl_generator_c.so[0m
[2.017s] [ 22%] Built target movement_info_msgs__rosidl_generator_c
[2.038s] [ 25%] [34m[1mGenerating C introspection for ROS interfaces[0m
[2.038s] [ 29%] [34m[1mGenerating C type support dispatch for ROS interfaces[0m
[2.040s] [ 32%] [34m[1mGenerating C type support for eProsima Fast-RTPS[0m
[2.281s] [35m[1mConsolidate compiler generated dependencies of target movement_info_msgs__rosidl_typesupport_introspection_cpp[0m
[2.306s] [ 35%] [32mBuilding CXX object CMakeFiles/movement_info_msgs__rosidl_typesupport_introspection_cpp.dir/rosidl_typesupport_introspection_cpp/movement_info_msgs/msg/detail/movement_info__type_support.cpp.o[0m
[2.419s] [35m[1mConsolidate compiler generated dependencies of target movement_info_msgs__rosidl_typesupport_cpp[0m
[2.453s] [35m[1mConsolidate compiler generated dependencies of target movement_info_msgs__rosidl_typesupport_fastrtps_cpp[0m
[2.460s] [ 38%] [32mBuilding CXX object CMakeFiles/movement_info_msgs__rosidl_typesupport_cpp.dir/rosidl_typesupport_cpp/movement_info_msgs/msg/movement_info__type_support.cpp.o[0m
[2.494s] [ 41%] [32mBuilding CXX object CMakeFiles/movement_info_msgs__rosidl_typesupport_fastrtps_cpp.dir/rosidl_typesupport_fastrtps_cpp/movement_info_msgs/msg/detail/dds_fastrtps/movement_info__type_support.cpp.o[0m
[2.542s] [35m[1mConsolidate compiler generated dependencies of target movement_info_msgs__rosidl_typesupport_c[0m
[2.565s] [ 45%] [32mBuilding CXX object CMakeFiles/movement_info_msgs__rosidl_typesupport_c.dir/rosidl_typesupport_c/movement_info_msgs/msg/movement_info__type_support.cpp.o[0m
[2.622s] [ 48%] [32m[1mLinking CXX shared library libmovement_info_msgs__rosidl_typesupport_c.so[0m
[2.722s] [35m[1mConsolidate compiler generated dependencies of target movement_info_msgs__rosidl_typesupport_fastrtps_c[0m
[2.732s] [ 48%] Built target movement_info_msgs__rosidl_typesupport_c
[2.738s] [35m[1mConsolidate compiler generated dependencies of target movement_info_msgs__rosidl_typesupport_introspection_c[0m
[2.747s] [ 51%] [32mBuilding CXX object CMakeFiles/movement_info_msgs__rosidl_typesupport_fastrtps_c.dir/rosidl_typesupport_fastrtps_c/movement_info_msgs/msg/detail/movement_info__type_support_c.cpp.o[0m
[2.765s] [ 54%] [32mBuilding C object CMakeFiles/movement_info_msgs__rosidl_typesupport_introspection_c.dir/rosidl_typesupport_introspection_c/movement_info_msgs/msg/detail/movement_info__type_support.c.o[0m
[2.840s] [ 58%] [32m[1mLinking C shared library libmovement_info_msgs__rosidl_typesupport_introspection_c.so[0m
[2.903s] [ 58%] Built target movement_info_msgs__rosidl_typesupport_introspection_c
[2.932s] [ 61%] [32m[1mLinking CXX shared library libmovement_info_msgs__rosidl_typesupport_cpp.so[0m
[3.018s] [ 61%] Built target movement_info_msgs__rosidl_typesupport_cpp
[3.047s] [ 64%] [32m[1mLinking CXX shared library libmovement_info_msgs__rosidl_typesupport_introspection_cpp.so[0m
[3.166s] [ 64%] Built target movement_info_msgs__rosidl_typesupport_introspection_cpp
[3.213s] [ 67%] [32m[1mLinking CXX shared library libmovement_info_msgs__rosidl_typesupport_fastrtps_cpp.so[0m
[3.281s] [ 70%] [32m[1mLinking CXX shared library libmovement_info_msgs__rosidl_typesupport_fastrtps_c.so[0m
[3.346s] [ 70%] Built target movement_info_msgs__rosidl_typesupport_fastrtps_cpp
[3.406s] [ 70%] Built target movement_info_msgs__rosidl_typesupport_fastrtps_c
[3.438s] [ 70%] Built target movement_info_msgs
[3.469s] [ 74%] [34m[1mGenerating Python code for ROS interfaces[0m
[3.951s] [ 74%] Built target movement_info_msgs__py
[3.969s] [35m[1mConsolidate compiler generated dependencies of target movement_info_msgs__rosidl_generator_py[0m
[3.988s] [ 77%] [32mBuilding C object CMakeFiles/movement_info_msgs__rosidl_generator_py.dir/rosidl_generator_py/movement_info_msgs/msg/_movement_info_s.c.o[0m
[4.140s] [ 80%] [32m[1mLinking C shared library rosidl_generator_py/movement_info_msgs/libmovement_info_msgs__rosidl_generator_py.so[0m
[4.201s] [ 80%] Built target movement_info_msgs__rosidl_generator_py
[4.216s] [35m[1mConsolidate compiler generated dependencies of target movement_info_msgs__rosidl_typesupport_introspection_c__pyext[0m
[4.217s] [35m[1mConsolidate compiler generated dependencies of target movement_info_msgs__rosidl_typesupport_fastrtps_c__pyext[0m
[4.217s] [35m[1mConsolidate compiler generated dependencies of target movement_info_msgs__rosidl_typesupport_c__pyext[0m
[4.237s] [ 83%] [32mBuilding C object CMakeFiles/movement_info_msgs__rosidl_typesupport_c__pyext.dir/rosidl_generator_py/movement_info_msgs/_movement_info_msgs_s.ep.rosidl_typesupport_c.c.o[0m
[4.239s] [ 87%] [32mBuilding C object CMakeFiles/movement_info_msgs__rosidl_typesupport_fastrtps_c__pyext.dir/rosidl_generator_py/movement_info_msgs/_movement_info_msgs_s.ep.rosidl_typesupport_fastrtps_c.c.o[0m
[4.240s] [ 90%] [32mBuilding C object CMakeFiles/movement_info_msgs__rosidl_typesupport_introspection_c__pyext.dir/rosidl_generator_py/movement_info_msgs/_movement_info_msgs_s.ep.rosidl_typesupport_introspection_c.c.o[0m
[4.385s] [ 93%] [32m[1mLinking C shared library rosidl_generator_py/movement_info_msgs/movement_info_msgs_s__rosidl_typesupport_c.cpython-310-x86_64-linux-gnu.so[0m
[4.386s] [ 96%] [32m[1mLinking C shared library rosidl_generator_py/movement_info_msgs/movement_info_msgs_s__rosidl_typesupport_introspection_c.cpython-310-x86_64-linux-gnu.so[0m
[4.439s] [ 96%] Built target movement_info_msgs__rosidl_typesupport_c__pyext
[4.440s] [ 96%] Built target movement_info_msgs__rosidl_typesupport_introspection_c__pyext
[4.444s] [100%] [32m[1mLinking C shared library rosidl_generator_py/movement_info_msgs/movement_info_msgs_s__rosidl_typesupport_fastrtps_c.cpython-310-x86_64-linux-gnu.so[0m
[4.495s] [100%] Built target movement_info_msgs__rosidl_typesupport_fastrtps_c__pyext
[4.516s] Invoked command in '/home/kargla/robot_movement/build/movement_info_msgs' returned '0': CMAKE_PREFIX_PATH=/opt/ros/humble /usr/bin/cmake --build /home/kargla/robot_movement/build/movement_info_msgs -- -j12 -l12
[4.538s] Invoking command in '/home/kargla/robot_movement/build/movement_info_msgs': CMAKE_PREFIX_PATH=/opt/ros/humble /usr/bin/cmake --install /home/kargla/robot_movement/build/movement_info_msgs
[4.550s] -- Install configuration: ""
[4.550s] -- Up-to-date: /home/kargla/robot_movement/install/movement_info_msgs/share/ament_index/resource_index/rosidl_interfaces/movement_info_msgs
[4.551s] -- Up-to-date: /home/kargla/robot_movement/install/movement_info_msgs/include/movement_info_msgs/movement_info_msgs
[4.551s] -- Up-to-date: /home/kargla/robot_movement/install/movement_info_msgs/include/movement_info_msgs/movement_info_msgs/msg
[4.551s] -- Up-to-date: /home/kargla/robot_movement/install/movement_info_msgs/include/movement_info_msgs/movement_info_msgs/msg/rosidl_generator_c__visibility_control.h
[4.551s] -- Up-to-date: /home/kargla/robot_movement/install/movement_info_msgs/include/movement_info_msgs/movement_info_msgs/msg/detail
[4.551s] -- Installing: /home/kargla/robot_movement/install/movement_info_msgs/include/movement_info_msgs/movement_info_msgs/msg/detail/movement_info__struct.h
[4.551s] -- Installing: /home/kargla/robot_movement/install/movement_info_msgs/include/movement_info_msgs/movement_info_msgs/msg/detail/movement_info__type_support.h
[4.552s] -- Installing: /home/kargla/robot_movement/install/movement_info_msgs/include/movement_info_msgs/movement_info_msgs/msg/detail/movement_info__functions.c
[4.552s] -- Installing: /home/kargla/robot_movement/install/movement_info_msgs/include/movement_info_msgs/movement_info_msgs/msg/detail/movement_info__functions.h
[4.552s] -- Installing: /home/kargla/robot_movement/install/movement_info_msgs/include/movement_info_msgs/movement_info_msgs/msg/movement_info.h
[4.552s] -- Up-to-date: /home/kargla/robot_movement/install/movement_info_msgs/share/movement_info_msgs/environment/library_path.sh
[4.552s] -- Installing: /home/kargla/robot_movement/install/movement_info_msgs/share/movement_info_msgs/environment/library_path.dsv
[4.553s] -- Installing: /home/kargla/robot_movement/install/movement_info_msgs/lib/libmovement_info_msgs__rosidl_generator_c.so
[4.554s] -- Set runtime path of "/home/kargla/robot_movement/install/movement_info_msgs/lib/libmovement_info_msgs__rosidl_generator_c.so" to ""
[4.554s] -- Up-to-date: /home/kargla/robot_movement/install/movement_info_msgs/include/movement_info_msgs/movement_info_msgs
[4.554s] -- Up-to-date: /home/kargla/robot_movement/install/movement_info_msgs/include/movement_info_msgs/movement_info_msgs/msg
[4.554s] -- Up-to-date: /home/kargla/robot_movement/install/movement_info_msgs/include/movement_info_msgs/movement_info_msgs/msg/rosidl_typesupport_fastrtps_c__visibility_control.h
[4.554s] -- Up-to-date: /home/kargla/robot_movement/install/movement_info_msgs/include/movement_info_msgs/movement_info_msgs/msg/detail
[4.555s] -- Installing: /home/kargla/robot_movement/install/movement_info_msgs/include/movement_info_msgs/movement_info_msgs/msg/detail/movement_info__rosidl_typesupport_fastrtps_c.h
[4.555s] -- Installing: /home/kargla/robot_movement/install/movement_info_msgs/lib/libmovement_info_msgs__rosidl_typesupport_fastrtps_c.so
[4.556s] -- Set runtime path of "/home/kargla/robot_movement/install/movement_info_msgs/lib/libmovement_info_msgs__rosidl_typesupport_fastrtps_c.so" to ""
[4.556s] -- Up-to-date: /home/kargla/robot_movement/install/movement_info_msgs/include/movement_info_msgs/movement_info_msgs
[4.556s] -- Up-to-date: /home/kargla/robot_movement/install/movement_info_msgs/include/movement_info_msgs/movement_info_msgs/msg
[4.556s] -- Up-to-date: /home/kargla/robot_movement/install/movement_info_msgs/include/movement_info_msgs/movement_info_msgs/msg/rosidl_typesupport_introspection_c__visibility_control.h
[4.556s] -- Up-to-date: /home/kargla/robot_movement/install/movement_info_msgs/include/movement_info_msgs/movement_info_msgs/msg/detail
[4.556s] -- Installing: /home/kargla/robot_movement/install/movement_info_msgs/include/movement_info_msgs/movement_info_msgs/msg/detail/movement_info__rosidl_typesupport_introspection_c.h
[4.557s] -- Installing: /home/kargla/robot_movement/install/movement_info_msgs/include/movement_info_msgs/movement_info_msgs/msg/detail/movement_info__type_support.c
[4.557s] -- Installing: /home/kargla/robot_movement/install/movement_info_msgs/lib/libmovement_info_msgs__rosidl_typesupport_introspection_c.so
[4.558s] -- Set runtime path of "/home/kargla/robot_movement/install/movement_info_msgs/lib/libmovement_info_msgs__rosidl_typesupport_introspection_c.so" to ""
[4.558s] -- Installing: /home/kargla/robot_movement/install/movement_info_msgs/lib/libmovement_info_msgs__rosidl_typesupport_c.so
[4.559s] -- Set runtime path of "/home/kargla/robot_movement/install/movement_info_msgs/lib/libmovement_info_msgs__rosidl_typesupport_c.so" to ""
[4.560s] -- Up-to-date: /home/kargla/robot_movement/install/movement_info_msgs/include/movement_info_msgs/movement_info_msgs
[4.560s] -- Up-to-date: /home/kargla/robot_movement/install/movement_info_msgs/include/movement_info_msgs/movement_info_msgs/msg
[4.560s] -- Up-to-date: /home/kargla/robot_movement/install/movement_info_msgs/include/movement_info_msgs/movement_info_msgs/msg/rosidl_generator_cpp__visibility_control.hpp
[4.560s] -- Up-to-date: /home/kargla/robot_movement/install/movement_info_msgs/include/movement_info_msgs/movement_info_msgs/msg/detail
[4.560s] -- Installing: /home/kargla/robot_movement/install/movement_info_msgs/include/movement_info_msgs/movement_info_msgs/msg/detail/movement_info__traits.hpp
[4.560s] -- Installing: /home/kargla/robot_movement/install/movement_info_msgs/include/movement_info_msgs/movement_info_msgs/msg/detail/movement_info__struct.hpp
[4.561s] -- Installing: /home/kargla/robot_movement/install/movement_info_msgs/include/movement_info_msgs/movement_info_msgs/msg/detail/movement_info__type_support.hpp
[4.561s] -- Installing: /home/kargla/robot_movement/install/movement_info_msgs/include/movement_info_msgs/movement_info_msgs/msg/detail/movement_info__builder.hpp
[4.561s] -- Installing: /home/kargla/robot_movement/install/movement_info_msgs/include/movement_info_msgs/movement_info_msgs/msg/movement_info.hpp
[4.561s] -- Up-to-date: /home/kargla/robot_movement/install/movement_info_msgs/include/movement_info_msgs/movement_info_msgs
[4.561s] -- Up-to-date: /home/kargla/robot_movement/install/movement_info_msgs/include/movement_info_msgs/movement_info_msgs/msg
[4.561s] -- Up-to-date: /home/kargla/robot_movement/install/movement_info_msgs/include/movement_info_msgs/movement_info_msgs/msg/detail
[4.562s] -- Installing: /home/kargla/robot_movement/install/movement_info_msgs/include/movement_info_msgs/movement_info_msgs/msg/detail/movement_info__rosidl_typesupport_fastrtps_cpp.hpp
[4.562s] -- Up-to-date: /home/kargla/robot_movement/install/movement_info_msgs/include/movement_info_msgs/movement_info_msgs/msg/detail/dds_fastrtps
[4.562s] -- Up-to-date: /home/kargla/robot_movement/install/movement_info_msgs/include/movement_info_msgs/movement_info_msgs/msg/rosidl_typesupport_fastrtps_cpp__visibility_control.h
[4.562s] -- Installing: /home/kargla/robot_movement/install/movement_info_msgs/lib/libmovement_info_msgs__rosidl_typesupport_fastrtps_cpp.so
[4.563s] -- Set runtime path of "/home/kargla/robot_movement/install/movement_info_msgs/lib/libmovement_info_msgs__rosidl_typesupport_fastrtps_cpp.so" to ""
[4.563s] -- Up-to-date: /home/kargla/robot_movement/install/movement_info_msgs/include/movement_info_msgs/movement_info_msgs
[4.564s] -- Up-to-date: /home/kargla/robot_movement/install/movement_info_msgs/include/movement_info_msgs/movement_info_msgs/msg
[4.564s] -- Up-to-date: /home/kargla/robot_movement/install/movement_info_msgs/include/movement_info_msgs/movement_info_msgs/msg/detail
[4.564s] -- Installing: /home/kargla/robot_movement/install/movement_info_msgs/include/movement_info_msgs/movement_info_msgs/msg/detail/movement_info__rosidl_typesupport_introspection_cpp.hpp
[4.564s] -- Installing: /home/kargla/robot_movement/install/movement_info_msgs/include/movement_info_msgs/movement_info_msgs/msg/detail/movement_info__type_support.cpp
[4.564s] -- Installing: /home/kargla/robot_movement/install/movement_info_msgs/lib/libmovement_info_msgs__rosidl_typesupport_introspection_cpp.so
[4.565s] -- Set runtime path of "/home/kargla/robot_movement/install/movement_info_msgs/lib/libmovement_info_msgs__rosidl_typesupport_introspection_cpp.so" to ""
[4.566s] -- Installing: /home/kargla/robot_movement/install/movement_info_msgs/lib/libmovement_info_msgs__rosidl_typesupport_cpp.so
[4.567s] -- Set runtime path of "/home/kargla/robot_movement/install/movement_info_msgs/lib/libmovement_info_msgs__rosidl_typesupport_cpp.so" to ""
[4.567s] -- Up-to-date: /home/kargla/robot_movement/install/movement_info_msgs/share/movement_info_msgs/environment/pythonpath.sh
[4.567s] -- Installing: /home/kargla/robot_movement/install/movement_info_msgs/share/movement_info_msgs/environment/pythonpath.dsv
[4.567s] -- Up-to-date: /home/kargla/robot_movement/install/movement_info_msgs/local/lib/python3.10/dist-packages/movement_info_msgs-0.0.0-py3.10.egg-info
[4.567s] -- Installing: /home/kargla/robot_movement/install/movement_info_msgs/local/lib/python3.10/dist-packages/movement_info_msgs-0.0.0-py3.10.egg-info/SOURCES.txt
[4.568s] -- Installing: /home/kargla/robot_movement/install/movement_info_msgs/local/lib/python3.10/dist-packages/movement_info_msgs-0.0.0-py3.10.egg-info/top_level.txt
[4.568s] -- Installing: /home/kargla/robot_movement/install/movement_info_msgs/local/lib/python3.10/dist-packages/movement_info_msgs-0.0.0-py3.10.egg-info/dependency_links.txt
[4.568s] -- Installing: /home/kargla/robot_movement/install/movement_info_msgs/local/lib/python3.10/dist-packages/movement_info_msgs-0.0.0-py3.10.egg-info/PKG-INFO
[4.568s] -- Up-to-date: /home/kargla/robot_movement/install/movement_info_msgs/local/lib/python3.10/dist-packages/movement_info_msgs
[4.568s] -- Installing: /home/kargla/robot_movement/install/movement_info_msgs/local/lib/python3.10/dist-packages/movement_info_msgs/movement_info_msgs_s__rosidl_typesupport_c.cpython-310-x86_64-linux-gnu.so
[4.569s] -- Up-to-date: /home/kargla/robot_movement/install/movement_info_msgs/local/lib/python3.10/dist-packages/movement_info_msgs/msg
[4.569s] -- Installing: /home/kargla/robot_movement/install/movement_info_msgs/local/lib/python3.10/dist-packages/movement_info_msgs/msg/_movement_info_s.c
[4.569s] -- Installing: /home/kargla/robot_movement/install/movement_info_msgs/local/lib/python3.10/dist-packages/movement_info_msgs/msg/_movement_info.py
[4.569s] -- Installing: /home/kargla/robot_movement/install/movement_info_msgs/local/lib/python3.10/dist-packages/movement_info_msgs/msg/__init__.py
[4.570s] -- Installing: /home/kargla/robot_movement/install/movement_info_msgs/local/lib/python3.10/dist-packages/movement_info_msgs/__init__.py
[4.570s] -- Installing: /home/kargla/robot_movement/install/movement_info_msgs/local/lib/python3.10/dist-packages/movement_info_msgs/movement_info_msgs_s__rosidl_typesupport_fastrtps_c.cpython-310-x86_64-linux-gnu.so
[4.570s] -- Installing: /home/kargla/robot_movement/install/movement_info_msgs/local/lib/python3.10/dist-packages/movement_info_msgs/_movement_info_msgs_s.ep.rosidl_typesupport_introspection_c.c
[4.570s] -- Installing: /home/kargla/robot_movement/install/movement_info_msgs/local/lib/python3.10/dist-packages/movement_info_msgs/_movement_info_msgs_s.ep.rosidl_typesupport_fastrtps_c.c
[4.571s] -- Installing: /home/kargla/robot_movement/install/movement_info_msgs/local/lib/python3.10/dist-packages/movement_info_msgs/movement_info_msgs_s__rosidl_typesupport_introspection_c.cpython-310-x86_64-linux-gnu.so
[4.571s] -- Installing: /home/kargla/robot_movement/install/movement_info_msgs/local/lib/python3.10/dist-packages/movement_info_msgs/libmovement_info_msgs__rosidl_generator_py.so
[4.571s] -- Installing: /home/kargla/robot_movement/install/movement_info_msgs/local/lib/python3.10/dist-packages/movement_info_msgs/_movement_info_msgs_s.ep.rosidl_typesupport_c.c
[4.621s] Listing '/home/kargla/robot_movement/install/movement_info_msgs/local/lib/python3.10/dist-packages/movement_info_msgs'...
[4.621s] Compiling '/home/kargla/robot_movement/install/movement_info_msgs/local/lib/python3.10/dist-packages/movement_info_msgs/__init__.py'...
[4.621s] Listing '/home/kargla/robot_movement/install/movement_info_msgs/local/lib/python3.10/dist-packages/movement_info_msgs/msg'...
[4.621s] Compiling '/home/kargla/robot_movement/install/movement_info_msgs/local/lib/python3.10/dist-packages/movement_info_msgs/msg/__init__.py'...
[4.621s] Compiling '/home/kargla/robot_movement/install/movement_info_msgs/local/lib/python3.10/dist-packages/movement_info_msgs/msg/_movement_info.py'...
[4.627s] -- Installing: /home/kargla/robot_movement/install/movement_info_msgs/local/lib/python3.10/dist-packages/movement_info_msgs/movement_info_msgs_s__rosidl_typesupport_fastrtps_c.cpython-310-x86_64-linux-gnu.so
[4.628s] -- Set runtime path of "/home/kargla/robot_movement/install/movement_info_msgs/local/lib/python3.10/dist-packages/movement_info_msgs/movement_info_msgs_s__rosidl_typesupport_fastrtps_c.cpython-310-x86_64-linux-gnu.so" to ""
[4.628s] -- Installing: /home/kargla/robot_movement/install/movement_info_msgs/local/lib/python3.10/dist-packages/movement_info_msgs/movement_info_msgs_s__rosidl_typesupport_introspection_c.cpython-310-x86_64-linux-gnu.so
[4.629s] -- Set runtime path of "/home/kargla/robot_movement/install/movement_info_msgs/local/lib/python3.10/dist-packages/movement_info_msgs/movement_info_msgs_s__rosidl_typesupport_introspection_c.cpython-310-x86_64-linux-gnu.so" to ""
[4.629s] -- Installing: /home/kargla/robot_movement/install/movement_info_msgs/local/lib/python3.10/dist-packages/movement_info_msgs/movement_info_msgs_s__rosidl_typesupport_c.cpython-310-x86_64-linux-gnu.so
[4.630s] -- Set runtime path of "/home/kargla/robot_movement/install/movement_info_msgs/local/lib/python3.10/dist-packages/movement_info_msgs/movement_info_msgs_s__rosidl_typesupport_c.cpython-310-x86_64-linux-gnu.so" to ""
[4.630s] -- Installing: /home/kargla/robot_movement/install/movement_info_msgs/lib/libmovement_info_msgs__rosidl_generator_py.so
[4.631s] -- Set runtime path of "/home/kargla/robot_movement/install/movement_info_msgs/lib/libmovement_info_msgs__rosidl_generator_py.so" to ""
[4.631s] -- Installing: /home/kargla/robot_movement/install/movement_info_msgs/share/movement_info_msgs/msg/MovementInfo.idl
[4.632s] -- Installing: /home/kargla/robot_movement/install/movement_info_msgs/share/movement_info_msgs/msg/MovementInfo.msg
[4.632s] -- Up-to-date: /home/kargla/robot_movement/install/movement_info_msgs/share/ament_index/resource_index/package_run_dependencies/movement_info_msgs
[4.632s] -- Up-to-date: /home/kargla/robot_movement/install/movement_info_msgs/share/ament_index/resource_index/parent_prefix_path/movement_info_msgs
[4.632s] -- Up-to-date: /home/kargla/robot_movement/install/movement_info_msgs/share/movement_info_msgs/environment/ament_prefix_path.sh
[4.632s] -- Installing: /home/kargla/robot_movement/install/movement_info_msgs/share/movement_info_msgs/environment/ament_prefix_path.dsv
[4.632s] -- Up-to-date: /home/kargla/robot_movement/install/movement_info_msgs/share/movement_info_msgs/environment/path.sh
[4.632s] -- Installing: /home/kargla/robot_movement/install/movement_info_msgs/share/movement_info_msgs/environment/path.dsv
[4.632s] -- Up-to-date: /home/kargla/robot_movement/install/movement_info_msgs/share/movement_info_msgs/local_setup.bash
[4.633s] -- Up-to-date: /home/kargla/robot_movement/install/movement_info_msgs/share/movement_info_msgs/local_setup.sh
[4.633s] -- Up-to-date: /home/kargla/robot_movement/install/movement_info_msgs/share/movement_info_msgs/local_setup.zsh
[4.633s] -- Installing: /home/kargla/robot_movement/install/movement_info_msgs/share/movement_info_msgs/local_setup.dsv
[4.633s] -- Installing: /home/kargla/robot_movement/install/movement_info_msgs/share/movement_info_msgs/package.dsv
[4.633s] -- Up-to-date: /home/kargla/robot_movement/install/movement_info_msgs/share/ament_index/resource_index/packages/movement_info_msgs
[4.633s] -- Up-to-date: /home/kargla/robot_movement/install/movement_info_msgs/share/movement_info_msgs/cmake/export_movement_info_msgs__rosidl_generator_cExport.cmake
[4.634s] -- Up-to-date: /home/kargla/robot_movement/install/movement_info_msgs/share/movement_info_msgs/cmake/export_movement_info_msgs__rosidl_generator_cExport-noconfig.cmake
[4.634s] -- Up-to-date: /home/kargla/robot_movement/install/movement_info_msgs/share/movement_info_msgs/cmake/export_movement_info_msgs__rosidl_typesupport_fastrtps_cExport.cmake
[4.634s] -- Up-to-date: /home/kargla/robot_movement/install/movement_info_msgs/share/movement_info_msgs/cmake/export_movement_info_msgs__rosidl_typesupport_fastrtps_cExport-noconfig.cmake
[4.634s] -- Up-to-date: /home/kargla/robot_movement/install/movement_info_msgs/share/movement_info_msgs/cmake/movement_info_msgs__rosidl_typesupport_introspection_cExport.cmake
[4.635s] -- Up-to-date: /home/kargla/robot_movement/install/movement_info_msgs/share/movement_info_msgs/cmake/movement_info_msgs__rosidl_typesupport_introspection_cExport-noconfig.cmake
[4.635s] -- Up-to-date: /home/kargla/robot_movement/install/movement_info_msgs/share/movement_info_msgs/cmake/movement_info_msgs__rosidl_typesupport_cExport.cmake
[4.635s] -- Up-to-date: /home/kargla/robot_movement/install/movement_info_msgs/share/movement_info_msgs/cmake/movement_info_msgs__rosidl_typesupport_cExport-noconfig.cmake
[4.635s] -- Up-to-date: /home/kargla/robot_movement/install/movement_info_msgs/share/movement_info_msgs/cmake/export_movement_info_msgs__rosidl_generator_cppExport.cmake
[4.636s] -- Up-to-date: /home/kargla/robot_movement/install/movement_info_msgs/share/movement_info_msgs/cmake/export_movement_info_msgs__rosidl_typesupport_fastrtps_cppExport.cmake
[4.636s] -- Up-to-date: /home/kargla/robot_movement/install/movement_info_msgs/share/movement_info_msgs/cmake/export_movement_info_msgs__rosidl_typesupport_fastrtps_cppExport-noconfig.cmake
[4.636s] -- Up-to-date: /home/kargla/robot_movement/install/movement_info_msgs/share/movement_info_msgs/cmake/movement_info_msgs__rosidl_typesupport_introspection_cppExport.cmake
[4.636s] -- Up-to-date: /home/kargla/robot_movement/install/movement_info_msgs/share/movement_info_msgs/cmake/movement_info_msgs__rosidl_typesupport_introspection_cppExport-noconfig.cmake
[4.636s] -- Up-to-date: /home/kargla/robot_movement/install/movement_info_msgs/share/movement_info_msgs/cmake/movement_info_msgs__rosidl_typesupport_cppExport.cmake
[4.636s] -- Up-to-date: /home/kargla/robot_movement/install/movement_info_msgs/share/movement_info_msgs/cmake/movement_info_msgs__rosidl_typesupport_cppExport-noconfig.cmake
[4.637s] -- Up-to-date: /home/kargla/robot_movement/install/movement_info_msgs/share/movement_info_msgs/cmake/export_movement_info_msgs__rosidl_generator_pyExport.cmake
[4.637s] -- Up-to-date: /home/kargla/robot_movement/install/movement_info_msgs/share/movement_info_msgs/cmake/export_movement_info_msgs__rosidl_generator_pyExport-noconfig.cmake
[4.637s] -- Up-to-date: /home/kargla/robot_movement/install/movement_info_msgs/share/movement_info_msgs/cmake/rosidl_cmake-extras.cmake
[4.637s] -- Up-to-date: /home/kargla/robot_movement/install/movement_info_msgs/share/movement_info_msgs/cmake/ament_cmake_export_include_directories-extras.cmake
[4.637s] -- Up-to-date: /home/kargla/robot_movement/install/movement_info_msgs/share/movement_info_msgs/cmake/ament_cmake_export_libraries-extras.cmake
[4.637s] -- Up-to-date: /home/kargla/robot_movement/install/movement_info_msgs/share/movement_info_msgs/cmake/ament_cmake_export_targets-extras.cmake
[4.638s] -- Up-to-date: /home/kargla/robot_movement/install/movement_info_msgs/share/movement_info_msgs/cmake/rosidl_cmake_export_typesupport_targets-extras.cmake
[4.638s] -- Up-to-date: /home/kargla/robot_movement/install/movement_info_msgs/share/movement_info_msgs/cmake/ament_cmake_export_dependencies-extras.cmake
[4.638s] -- Up-to-date: /home/kargla/robot_movement/install/movement_info_msgs/share/movement_info_msgs/cmake/rosidl_cmake_export_typesupport_libraries-extras.cmake
[4.638s] -- Up-to-date: /home/kargla/robot_movement/install/movement_info_msgs/share/movement_info_msgs/cmake/movement_info_msgsConfig.cmake
[4.638s] -- Up-to-date: /home/kargla/robot_movement/install/movement_info_msgs/share/movement_info_msgs/cmake/movement_info_msgsConfig-version.cmake
[4.638s] -- Up-to-date: /home/kargla/robot_movement/install/movement_info_msgs/share/movement_info_msgs/package.xml
[4.641s] Invoked command in '/home/kargla/robot_movement/build/movement_info_msgs' returned '0': CMAKE_PREFIX_PATH=/opt/ros/humble /usr/bin/cmake --install /home/kargla/robot_movement/build/movement_info_msgs
