In file included from [01m[K/home/kargla/robot_movement/src/movement_info/src/main.cpp:1[m[K:
[01m[K/home/kargla/robot_movement/src/movement_info/include/movement_info/movement.hpp:9:10:[m[K [01;31m[Kfatal error: [m[Kmovement_info/movement_interface.hpp: No such file or directory
    9 | #include [01;31m[K"movement_info/movement_interface.hpp"[m[K
      |          [01;31m[K^~~~~~~~~~~~~~~~~~~~~~~~~~~~~~~~~~~~~~[m[K
compilation terminated.
In file included from [01m[K/home/kargla/robot_movement/src/movement_info/src/movement.cpp:1[m[K:
[01m[K/home/kargla/robot_movement/src/movement_info/include/movement_info/movement.hpp:9:10:[m[K [01;31m[Kfatal error: [m[Kmovement_info/movement_interface.hpp: No such file or directory
    9 | #include [01;31m[K"movement_info/movement_interface.hpp"[m[K
      |          [01;31m[K^~~~~~~~~~~~~~~~~~~~~~~~~~~~~~~~~~~~~~[m[K
compilation terminated.
In file included from [01m[K/home/kargla/robot_movement/src/movement_info/src/movement.cpp:1[m[K:
[01m[K/home/kargla/robot_movement/src/movement_info/include/movement_info/movement.hpp:9:10:[m[K [01;31m[Kfatal error: [m[Kmovement_info/movement_interface.hpp: No such file or directory
    9 | #include [01;31m[K"movement_info/movement_interface.hpp"[m[K
      |          [01;31m[K^~~~~~~~~~~~~~~~~~~~~~~~~~~~~~~~~~~~~~[m[K
compilation terminated.
gmake[2]: *** [CMakeFiles/movement.dir/build.make:90: CMakeFiles/movement.dir/src/main.cpp.o] Error 1
gmake[2]: *** [CMakeFiles/movement_info_library.dir/build.make:76: CMakeFiles/movement_info_library.dir/src/movement.cpp.o] Error 1
gmake[2]: *** Waiting for unfinished jobs....
gmake[1]: *** [CMakeFiles/Makefile2:206: CMakeFiles/movement_info_library.dir/all] Error 2
gmake[1]: *** Waiting for unfinished jobs....
gmake[2]: *** [CMakeFiles/movement.dir/build.make:76: CMakeFiles/movement.dir/src/movement.cpp.o] Error 1
[01m[K/home/kargla/robot_movement/src/movement_info/test/movement_interface.cpp:7:29:[m[K [01;31m[Kerror: [m[Kexpected ‘[01m[K)[m[K’ before ‘[01m[Knode[m[K’
    7 |     MovementInterface[34m[K([m[KString[01;31m[K [m[K[32m[Knode[m[K) : Node(node)
      |                      [34m[K~[m[K      [01;31m[K^[m[K[32m[K~~~~[m[K
      |                             [32m[K)[m[K
gmake[2]: *** [CMakeFiles/movement.dir/build.make:104: CMakeFiles/movement.dir/test/movement_interface.cpp.o] Error 1
gmake[1]: *** [CMakeFiles/Makefile2:180: CMakeFiles/movement.dir/all] Error 2
gmake: *** [Makefile:146: all] Error 2
