[0.015s] Invoking command in '/home/kargla/robot_movement/build/movement_info': CMAKE_PREFIX_PATH=${CMAKE_PREFIX_PATH}:/opt/ros/humble /usr/bin/cmake --build /home/kargla/robot_movement/build/movement_info -- -j12 -l12
[0.059s] [35m[1mConsolidate compiler generated dependencies of target gtest_main[0m
[0.059s] [35m[1mConsolidate compiler generated dependencies of target gmock_main[0m
[0.059s] [35m[1mConsolidate compiler generated dependencies of target gtest[0m
[0.059s] [35m[1mConsolidate compiler generated dependencies of target gmock[0m
[0.060s] [35m[1mConsolidate compiler generated dependencies of target movement_info_library[0m
[0.061s] [35m[1mConsolidate compiler generated dependencies of target movement[0m
[0.079s] [ 15%] Built target gmock_main
[0.079s] [ 20%] Built target gtest
[0.080s] [ 30%] Built target gtest_main
[0.081s] [ 45%] Built target gmock
[0.088s] [ 60%] Built target movement_info_library
[0.095s] [ 80%] Built target movement
[0.102s] [35m[1mConsolidate compiler generated dependencies of target movement_info_movement_gtest[0m
[0.102s] [35m[1mConsolidate compiler generated dependencies of target movement_info_movement_gmock[0m
[0.126s] [100%] Built target movement_info_movement_gmock
[0.126s] [100%] Built target movement_info_movement_gtest
[0.140s] Invoked command in '/home/kargla/robot_movement/build/movement_info' returned '0': CMAKE_PREFIX_PATH=${CMAKE_PREFIX_PATH}:/opt/ros/humble /usr/bin/cmake --build /home/kargla/robot_movement/build/movement_info -- -j12 -l12
[0.152s] Invoking command in '/home/kargla/robot_movement/build/movement_info': CMAKE_PREFIX_PATH=${CMAKE_PREFIX_PATH}:/opt/ros/humble /usr/bin/cmake --install /home/kargla/robot_movement/build/movement_info
[0.160s] -- Install configuration: ""
[0.160s] -- Up-to-date: /home/kargla/robot_movement/install/movement_info/share/movement_info/config
[0.160s] -- Up-to-date: /home/kargla/robot_movement/install/movement_info/share/movement_info/config/params.yaml
[0.160s] -- Up-to-date: /home/kargla/robot_movement/install/movement_info/include
[0.160s] -- Up-to-date: /home/kargla/robot_movement/install/movement_info/include/movement_info
[0.160s] -- Up-to-date: /home/kargla/robot_movement/install/movement_info/include/movement_info/MockPublisher.hpp
[0.160s] -- Up-to-date: /home/kargla/robot_movement/install/movement_info/include/movement_info/movement.hpp
[0.161s] -- Up-to-date: /home/kargla/robot_movement/install/movement_info/include/movement_info/movement_interface.hpp
[0.161s] -- Up-to-date: /home/kargla/robot_movement/install/movement_info/lib/movement_info/movement
[0.161s] -- Up-to-date: /home/kargla/robot_movement/install/movement_info/share/ament_index/resource_index/package_run_dependencies/movement_info
[0.161s] -- Up-to-date: /home/kargla/robot_movement/install/movement_info/share/ament_index/resource_index/parent_prefix_path/movement_info
[0.161s] -- Up-to-date: /home/kargla/robot_movement/install/movement_info/share/movement_info/environment/ament_prefix_path.sh
[0.161s] -- Up-to-date: /home/kargla/robot_movement/install/movement_info/share/movement_info/environment/ament_prefix_path.dsv
[0.161s] -- Up-to-date: /home/kargla/robot_movement/install/movement_info/share/movement_info/environment/path.sh
[0.161s] -- Up-to-date: /home/kargla/robot_movement/install/movement_info/share/movement_info/environment/path.dsv
[0.161s] -- Up-to-date: /home/kargla/robot_movement/install/movement_info/share/movement_info/local_setup.bash
[0.161s] -- Up-to-date: /home/kargla/robot_movement/install/movement_info/share/movement_info/local_setup.sh
[0.161s] -- Up-to-date: /home/kargla/robot_movement/install/movement_info/share/movement_info/local_setup.zsh
[0.161s] -- Up-to-date: /home/kargla/robot_movement/install/movement_info/share/movement_info/local_setup.dsv
[0.161s] -- Installing: /home/kargla/robot_movement/install/movement_info/share/movement_info/package.dsv
[0.161s] -- Up-to-date: /home/kargla/robot_movement/install/movement_info/share/ament_index/resource_index/packages/movement_info
[0.161s] -- Up-to-date: /home/kargla/robot_movement/install/movement_info/share/movement_info/cmake/movement_infoConfig.cmake
[0.161s] -- Up-to-date: /home/kargla/robot_movement/install/movement_info/share/movement_info/cmake/movement_infoConfig-version.cmake
[0.162s] -- Up-to-date: /home/kargla/robot_movement/install/movement_info/share/movement_info/package.xml
[0.164s] Invoked command in '/home/kargla/robot_movement/build/movement_info' returned '0': CMAKE_PREFIX_PATH=${CMAKE_PREFIX_PATH}:/opt/ros/humble /usr/bin/cmake --install /home/kargla/robot_movement/build/movement_info
