[0.018s] Invoking command in '/home/kargla/robot_movement/build/movement_info': CMAKE_PREFIX_PATH=${CMAKE_PREFIX_PATH}:/opt/ros/humble /usr/bin/cmake --build /home/kargla/robot_movement/build/movement_info -- -j12 -l12
[0.088s] [35m[1mConsolidate compiler generated dependencies of target gmock_main[0m
[0.088s] [35m[1mConsolidate compiler generated dependencies of target gtest[0m
[0.089s] [35m[1mConsolidate compiler generated dependencies of target movement_info_library[0m
[0.089s] [35m[1mConsolidate compiler generated dependencies of target movement[0m
[0.089s] [35m[1mConsolidate compiler generated dependencies of target gmock[0m
[0.090s] [35m[1mConsolidate compiler generated dependencies of target gtest_main[0m
[0.115s] [ 11%] Built target gtest
[0.118s] [ 22%] Built target gmock_main
[0.118s] [ 33%] Built target gtest_main
[0.125s] [ 50%] Built target gmock
[0.127s] [ 61%] Built target movement_info_library
[0.137s] [ 77%] Built target movement
[0.150s] [35m[1mConsolidate compiler generated dependencies of target movement_info_movement_gmock[0m
[0.151s] [35m[1mConsolidate compiler generated dependencies of target movement_info_movement_gtest[0m
[0.187s] [ 88%] [32mBuilding CXX object CMakeFiles/movement_info_movement_gtest.dir/test/movement_test.cpp.o[0m
[0.187s] [ 88%] [32mBuilding CXX object CMakeFiles/movement_info_movement_gmock.dir/test/movement_test.cpp.o[0m
[5.557s] [ 94%] [32m[1mLinking CXX executable movement_info_movement_gmock[0m
[5.578s] [100%] [32m[1mLinking CXX executable movement_info_movement_gtest[0m
[5.775s] [100%] Built target movement_info_movement_gmock
[5.809s] [100%] Built target movement_info_movement_gtest
[5.827s] Invoked command in '/home/kargla/robot_movement/build/movement_info' returned '0': CMAKE_PREFIX_PATH=${CMAKE_PREFIX_PATH}:/opt/ros/humble /usr/bin/cmake --build /home/kargla/robot_movement/build/movement_info -- -j12 -l12
[5.830s] Invoking command in '/home/kargla/robot_movement/build/movement_info': CMAKE_PREFIX_PATH=${CMAKE_PREFIX_PATH}:/opt/ros/humble /usr/bin/cmake --install /home/kargla/robot_movement/build/movement_info
[5.838s] -- Install configuration: ""
[5.839s] -- Up-to-date: /home/kargla/robot_movement/install/movement_info/share/movement_info/config
[5.839s] -- Up-to-date: /home/kargla/robot_movement/install/movement_info/share/movement_info/config/params.yaml
[5.839s] -- Up-to-date: /home/kargla/robot_movement/install/movement_info/include
[5.839s] -- Up-to-date: /home/kargla/robot_movement/install/movement_info/include/movement_info
[5.840s] -- Up-to-date: /home/kargla/robot_movement/install/movement_info/include/movement_info/movement.hpp
[5.840s] -- Up-to-date: /home/kargla/robot_movement/install/movement_info/lib/movement_info/movement
[5.840s] -- Up-to-date: /home/kargla/robot_movement/install/movement_info/share/ament_index/resource_index/package_run_dependencies/movement_info
[5.840s] -- Up-to-date: /home/kargla/robot_movement/install/movement_info/share/ament_index/resource_index/parent_prefix_path/movement_info
[5.840s] -- Up-to-date: /home/kargla/robot_movement/install/movement_info/share/movement_info/environment/ament_prefix_path.sh
[5.840s] -- Up-to-date: /home/kargla/robot_movement/install/movement_info/share/movement_info/environment/ament_prefix_path.dsv
[5.840s] -- Up-to-date: /home/kargla/robot_movement/install/movement_info/share/movement_info/environment/path.sh
[5.841s] -- Up-to-date: /home/kargla/robot_movement/install/movement_info/share/movement_info/environment/path.dsv
[5.841s] -- Up-to-date: /home/kargla/robot_movement/install/movement_info/share/movement_info/local_setup.bash
[5.841s] -- Up-to-date: /home/kargla/robot_movement/install/movement_info/share/movement_info/local_setup.sh
[5.841s] -- Up-to-date: /home/kargla/robot_movement/install/movement_info/share/movement_info/local_setup.zsh
[5.841s] -- Up-to-date: /home/kargla/robot_movement/install/movement_info/share/movement_info/local_setup.dsv
[5.841s] -- Installing: /home/kargla/robot_movement/install/movement_info/share/movement_info/package.dsv
[5.841s] -- Up-to-date: /home/kargla/robot_movement/install/movement_info/share/ament_index/resource_index/packages/movement_info
[5.841s] -- Up-to-date: /home/kargla/robot_movement/install/movement_info/share/movement_info/cmake/movement_infoConfig.cmake
[5.841s] -- Up-to-date: /home/kargla/robot_movement/install/movement_info/share/movement_info/cmake/movement_infoConfig-version.cmake
[5.841s] -- Up-to-date: /home/kargla/robot_movement/install/movement_info/share/movement_info/package.xml
[5.843s] Invoked command in '/home/kargla/robot_movement/build/movement_info' returned '0': CMAKE_PREFIX_PATH=${CMAKE_PREFIX_PATH}:/opt/ros/humble /usr/bin/cmake --install /home/kargla/robot_movement/build/movement_info
