[0.014s] Invoking command in '/home/kargla/robot_movement/build/movement_info': CMAKE_PREFIX_PATH=${CMAKE_PREFIX_PATH}:/opt/ros/humble /usr/bin/cmake --build /home/kargla/robot_movement/build/movement_info -- -j12 -l12
[0.040s] -- Found ament_cmake: 1.3.11 (/opt/ros/humble/share/ament_cmake/cmake)
[0.162s] -- Found rosidl_default_generators: 1.2.0 (/opt/ros/humble/share/rosidl_default_generators/cmake)
[0.163s] -- Using all available rosidl_typesupport_c: rosidl_typesupport_fastrtps_c;rosidl_typesupport_introspection_c
[0.166s] -- Found rosidl_adapter: 3.1.6 (/opt/ros/humble/share/rosidl_adapter/cmake)
[0.194s] -- Using all available rosidl_typesupport_cpp: rosidl_typesupport_fastrtps_cpp;rosidl_typesupport_introspection_cpp
[0.218s] -- Found movement_info_msgs: 0.0.0 (/home/kargla/robot_movement/install/movement_info_msgs/share/movement_info_msgs/cmake)
[0.225s] -- Found rclcpp: 16.0.11 (/opt/ros/humble/share/rclcpp/cmake)
[0.256s] -- Found rmw_implementation_cmake: 6.1.2 (/opt/ros/humble/share/rmw_implementation_cmake/cmake)
[0.257s] -- Found rmw_fastrtps_cpp: 6.2.7 (/opt/ros/humble/share/rmw_fastrtps_cpp/cmake)
[0.360s] -- Using RMW implementation 'rmw_fastrtps_cpp' as default
[0.407s] -- Found geometry_msgs: 4.2.4 (/opt/ros/humble/share/geometry_msgs/cmake)
[0.420s] -- Found nav_msgs: 4.2.4 (/opt/ros/humble/share/nav_msgs/cmake)
[0.440s] -- Found ament_cmake_gtest: 1.3.11 (/opt/ros/humble/share/ament_cmake_gtest/cmake)
[0.443s] -- Found gtest sources under '/opt/ros/humble/src/gtest_vendor': C++ tests using 'Google Test' will be built
[0.507s] -- Configuring done
[0.527s] -- Generating done
[0.535s] -- Build files have been written to: /home/kargla/robot_movement/build/movement_info
[0.565s] [35m[1mConsolidate compiler generated dependencies of target movement_info_library[0m
[0.565s] [35m[1mConsolidate compiler generated dependencies of target movement[0m
[0.577s] [ 18%] [32mBuilding CXX object gtest/CMakeFiles/gtest.dir/src/gtest-all.cc.o[0m
[0.578s] [ 18%] [32mBuilding CXX object gtest/CMakeFiles/gtest_main.dir/src/gtest_main.cc.o[0m
[0.590s] [ 36%] Built target movement_info_library
[0.597s] [ 63%] Built target movement
[1.626s] [ 72%] [32m[1mLinking CXX static library libgtest_main.a[0m
[1.672s] [ 72%] Built target gtest_main
[3.515s] [ 81%] [32m[1mLinking CXX static library libgtest.a[0m
[3.592s] [ 81%] Built target gtest
[3.617s] [ 90%] [32mBuilding CXX object CMakeFiles/movement_info_movement_test.dir/test/movement_test.cpp.o[0m
[3.640s] [100%] [32m[1mLinking CXX executable movement_info_movement_test[0m
[3.835s] [100%] Built target movement_info_movement_test
[3.853s] Invoked command in '/home/kargla/robot_movement/build/movement_info' returned '0': CMAKE_PREFIX_PATH=${CMAKE_PREFIX_PATH}:/opt/ros/humble /usr/bin/cmake --build /home/kargla/robot_movement/build/movement_info -- -j12 -l12
[3.856s] Invoking command in '/home/kargla/robot_movement/build/movement_info': CMAKE_PREFIX_PATH=${CMAKE_PREFIX_PATH}:/opt/ros/humble /usr/bin/cmake --install /home/kargla/robot_movement/build/movement_info
[3.863s] -- Install configuration: ""
[3.863s] -- Up-to-date: /home/kargla/robot_movement/install/movement_info/share/movement_info/config
[3.863s] -- Up-to-date: /home/kargla/robot_movement/install/movement_info/share/movement_info/config/params.yaml
[3.864s] -- Up-to-date: /home/kargla/robot_movement/install/movement_info/include
[3.864s] -- Up-to-date: /home/kargla/robot_movement/install/movement_info/include/movement_info
[3.864s] -- Up-to-date: /home/kargla/robot_movement/install/movement_info/include/movement_info/movement.hpp
[3.864s] -- Up-to-date: /home/kargla/robot_movement/install/movement_info/lib/movement_info/movement
[3.864s] -- Installing: /home/kargla/robot_movement/install/movement_info/share/ament_index/resource_index/package_run_dependencies/movement_info
[3.865s] -- Up-to-date: /home/kargla/robot_movement/install/movement_info/share/ament_index/resource_index/parent_prefix_path/movement_info
[3.865s] -- Up-to-date: /home/kargla/robot_movement/install/movement_info/share/movement_info/environment/ament_prefix_path.sh
[3.865s] -- Installing: /home/kargla/robot_movement/install/movement_info/share/movement_info/environment/ament_prefix_path.dsv
[3.865s] -- Up-to-date: /home/kargla/robot_movement/install/movement_info/share/movement_info/environment/path.sh
[3.865s] -- Installing: /home/kargla/robot_movement/install/movement_info/share/movement_info/environment/path.dsv
[3.865s] -- Up-to-date: /home/kargla/robot_movement/install/movement_info/share/movement_info/local_setup.bash
[3.865s] -- Up-to-date: /home/kargla/robot_movement/install/movement_info/share/movement_info/local_setup.sh
[3.865s] -- Up-to-date: /home/kargla/robot_movement/install/movement_info/share/movement_info/local_setup.zsh
[3.865s] -- Installing: /home/kargla/robot_movement/install/movement_info/share/movement_info/local_setup.dsv
[3.865s] -- Installing: /home/kargla/robot_movement/install/movement_info/share/movement_info/package.dsv
[3.865s] -- Up-to-date: /home/kargla/robot_movement/install/movement_info/share/ament_index/resource_index/packages/movement_info
[3.865s] -- Up-to-date: /home/kargla/robot_movement/install/movement_info/share/movement_info/cmake/movement_infoConfig.cmake
[3.865s] -- Up-to-date: /home/kargla/robot_movement/install/movement_info/share/movement_info/cmake/movement_infoConfig-version.cmake
[3.865s] -- Installing: /home/kargla/robot_movement/install/movement_info/share/movement_info/package.xml
[3.867s] Invoked command in '/home/kargla/robot_movement/build/movement_info' returned '0': CMAKE_PREFIX_PATH=${CMAKE_PREFIX_PATH}:/opt/ros/humble /usr/bin/cmake --install /home/kargla/robot_movement/build/movement_info
