[0.017s] Invoking command in '/home/kargla/robot_movement/build/movement_info': CMAKE_PREFIX_PATH=/opt/ros/humble /usr/bin/cmake --build /home/kargla/robot_movement/build/movement_info -- -j12 -l12
[0.084s] [35m[1mConsolidate compiler generated dependencies of target movement[0m
[0.117s] [ 50%] [32mBuilding CXX object CMakeFiles/movement.dir/src/movement.cpp.o[0m
[0.608s] [01m[K/home/kargla/robot_movement/src/movement_info/src/movement.cpp:3:2:[m[K [01;31m[Kerror: [m[Kinvalid preprocessing directive #indluce; did you mean #include?
[0.609s]     3 | #[01;31m[Kindluce[m[K "geometry_msgs/msg/twist.hpp"
[0.609s]       |  [01;31m[K^~~~~~~[m[K
[0.609s]       |  [32m[Kinclude[m[K
[3.868s] In file included from [01m[K/opt/ros/humble/include/rclcpp/rclcpp/logging.hpp:24[m[K,
[3.868s]                  from [01m[K/opt/ros/humble/include/rclcpp/rclcpp/client.hpp:40[m[K,
[3.869s]                  from [01m[K/opt/ros/humble/include/rclcpp/rclcpp/callback_group.hpp:24[m[K,
[3.869s]                  from [01m[K/opt/ros/humble/include/rclcpp/rclcpp/any_executable.hpp:20[m[K,
[3.869s]                  from [01m[K/opt/ros/humble/include/rclcpp/rclcpp/memory_strategy.hpp:25[m[K,
[3.869s]                  from [01m[K/opt/ros/humble/include/rclcpp/rclcpp/memory_strategies.hpp:18[m[K,
[3.869s]                  from [01m[K/opt/ros/humble/include/rclcpp/rclcpp/executor_options.hpp:20[m[K,
[3.869s]                  from [01m[K/opt/ros/humble/include/rclcpp/rclcpp/executor.hpp:37[m[K,
[3.869s]                  from [01m[K/opt/ros/humble/include/rclcpp/rclcpp/executors/multi_threaded_executor.hpp:25[m[K,
[3.869s]                  from [01m[K/opt/ros/humble/include/rclcpp/rclcpp/executors.hpp:21[m[K,
[3.869s]                  from [01m[K/opt/ros/humble/include/rclcpp/rclcpp/rclcpp.hpp:155[m[K,
[3.869s]                  from [01m[K/home/kargla/robot_movement/src/movement_info/src/movement.cpp:1[m[K:
[3.869s] [01m[K/home/kargla/robot_movement/src/movement_info/src/movement.cpp:[m[K In member function ‘[01m[Kvoid Movement::odometry_callback(nav_msgs::msg::Odometry_<std::allocator<void> >::SharedPtr)[m[K’:
[3.870s] [01m[K/home/kargla/robot_movement/src/movement_info/src/movement.cpp:35:41:[m[K [01;35m[Kwarning: [m[Ktoo many arguments for format [[01;35m[K]8;;https://gcc.gnu.org/onlinedocs/gcc/Warning-Options.html#index-Wformat-extra-args-Wformat-extra-args]8;;[m[K]
[3.870s]    35 |         RCLCPP_INFO(this->get_logger(), [01;35m[K"Odometry callback"[m[K, msg->pose.pose.orientation.z);
[3.870s]       |                                         [01;35m[K^~~~~~~~~~~~~~~~~~~[m[K
[3.872s] [01m[K/home/kargla/robot_movement/src/movement_info/src/movement.cpp:[m[K In member function ‘[01m[Kvoid Movement::velocity_callback(geometry_msgs::msg::Twist_<std::allocator<void> >::SharedPtr)[m[K’:
[3.872s] [01m[K/home/kargla/robot_movement/src/movement_info/src/movement.cpp:48:41:[m[K [01;35m[Kwarning: [m[Ktoo many arguments for format [[01;35m[K]8;;https://gcc.gnu.org/onlinedocs/gcc/Warning-Options.html#index-Wformat-extra-args-Wformat-extra-args]8;;[m[K]
[3.872s]    48 |         RCLCPP_INFO(this->get_logger(), [01;35m[K"Velocity callback"[m[K, msg->angular.z);
[3.872s]       |                                         [01;35m[K^~~~~~~~~~~~~~~~~~~[m[K
[7.115s] gmake[2]: *** [CMakeFiles/movement.dir/build.make:76: CMakeFiles/movement.dir/src/movement.cpp.o] Error 1
[7.116s] gmake[1]: *** [CMakeFiles/Makefile2:137: CMakeFiles/movement.dir/all] Error 2
[7.117s] gmake: *** [Makefile:146: all] Error 2
[7.120s] Invoked command in '/home/kargla/robot_movement/build/movement_info' returned '2': CMAKE_PREFIX_PATH=/opt/ros/humble /usr/bin/cmake --build /home/kargla/robot_movement/build/movement_info -- -j12 -l12
