-- Found ament_cmake: 1.3.11 (/opt/ros/humble/share/ament_cmake/cmake)
-- Found rosidl_default_generators: 1.2.0 (/opt/ros/humble/share/rosidl_default_generators/cmake)
-- Using all available rosidl_typesupport_c: rosidl_typesupport_fastrtps_c;rosidl_typesupport_introspection_c
-- Found rosidl_adapter: 3.1.6 (/opt/ros/humble/share/rosidl_adapter/cmake)
-- Using all available rosidl_typesupport_cpp: rosidl_typesupport_fastrtps_cpp;rosidl_typesupport_introspection_cpp
-- Found movement_info_msgs: 0.0.0 (/home/kargla/robot_movement/install/movement_info_msgs/share/movement_info_msgs/cmake)
-- Found rclcpp: 16.0.11 (/opt/ros/humble/share/rclcpp/cmake)
-- Found rmw_implementation_cmake: 6.1.2 (/opt/ros/humble/share/rmw_implementation_cmake/cmake)
-- Found rmw_fastrtps_cpp: 6.2.7 (/opt/ros/humble/share/rmw_fastrtps_cpp/cmake)
-- Using RMW implementation 'rmw_fastrtps_cpp' as default
-- Found geometry_msgs: 4.2.4 (/opt/ros/humble/share/geometry_msgs/cmake)
-- Found nav_msgs: 4.2.4 (/opt/ros/humble/share/nav_msgs/cmake)
-- Found ament_cmake_gtest: 1.3.11 (/opt/ros/humble/share/ament_cmake_gtest/cmake)
-- Found ament_cmake_gmock: 1.3.11 (/opt/ros/humble/share/ament_cmake_gmock/cmake)
-- Found gtest sources under '/opt/ros/humble/src/gtest_vendor': C++ tests using 'Google Test' will be built
-- Found gmock sources under '/opt/ros/humble/src/gmock_vendor': C++ tests using 'Google Mock' will be built
-- Configuring done
-- Generating done
-- Build files have been written to: /home/kargla/robot_movement/build/movement_info
[35m[1mConsolidate compiler generated dependencies of target gtest_main[0m
[35m[1mConsolidate compiler generated dependencies of target movement_info_library[0m
[35m[1mConsolidate compiler generated dependencies of target gmock[0m
[35m[1mConsolidate compiler generated dependencies of target movement[0m
[35m[1mConsolidate compiler generated dependencies of target gmock_main[0m
[35m[1mConsolidate compiler generated dependencies of target gtest[0m
[ 10%] Built target gtest_main
[ 20%] Built target gmock_main
[ 35%] Built target gmock
[ 45%] Built target gtest
[ 55%] [32mBuilding CXX object CMakeFiles/movement_info_library.dir/src/movement_interface.cpp.o[0m
[ 55%] [32mBuilding CXX object CMakeFiles/movement_info_library.dir/src/movement.cpp.o[0m
[ 65%] [32mBuilding CXX object CMakeFiles/movement.dir/src/main.cpp.o[0m
[ 65%] [32mBuilding CXX object CMakeFiles/movement.dir/src/movement.cpp.o[0m
[ 70%] [32mBuilding CXX object CMakeFiles/movement.dir/src/movement_interface.cpp.o[0m
[ 75%] [32m[1mLinking CXX executable movement[0m
[ 80%] [32m[1mLinking CXX static library libmovement_info_library.a[0m
[ 80%] Built target movement_info_library
[35m[1mConsolidate compiler generated dependencies of target movement_info_movement_gmock[0m
[35m[1mConsolidate compiler generated dependencies of target movement_info_movement_gtest[0m
[ 85%] [32m[1mLinking CXX executable movement_info_movement_gmock[0m
[ 90%] [32mBuilding CXX object CMakeFiles/movement_info_movement_gtest.dir/test/movement_test.cpp.o[0m
[ 90%] Built target movement
[ 95%] Built target movement_info_movement_gmock
[100%] [32m[1mLinking CXX executable movement_info_movement_gtest[0m
[100%] Built target movement_info_movement_gtest
-- Install configuration: ""
-- Up-to-date: /home/kargla/robot_movement/install/movement_info/share/movement_info/config
-- Up-to-date: /home/kargla/robot_movement/install/movement_info/share/movement_info/config/params.yaml
-- Up-to-date: /home/kargla/robot_movement/install/movement_info/include
-- Up-to-date: /home/kargla/robot_movement/install/movement_info/include/movement_info
-- Installing: /home/kargla/robot_movement/install/movement_info/include/movement_info/movement.hpp
-- Up-to-date: /home/kargla/robot_movement/install/movement_info/include/movement_info/movement_interface.hpp
-- Installing: /home/kargla/robot_movement/install/movement_info/lib/movement_info/movement
-- Set runtime path of "/home/kargla/robot_movement/install/movement_info/lib/movement_info/movement" to ""
-- Up-to-date: /home/kargla/robot_movement/install/movement_info/share/ament_index/resource_index/package_run_dependencies/movement_info
-- Installing: /home/kargla/robot_movement/install/movement_info/share/ament_index/resource_index/parent_prefix_path/movement_info
-- Up-to-date: /home/kargla/robot_movement/install/movement_info/share/movement_info/environment/ament_prefix_path.sh
-- Installing: /home/kargla/robot_movement/install/movement_info/share/movement_info/environment/ament_prefix_path.dsv
-- Up-to-date: /home/kargla/robot_movement/install/movement_info/share/movement_info/environment/path.sh
-- Installing: /home/kargla/robot_movement/install/movement_info/share/movement_info/environment/path.dsv
-- Up-to-date: /home/kargla/robot_movement/install/movement_info/share/movement_info/local_setup.bash
-- Up-to-date: /home/kargla/robot_movement/install/movement_info/share/movement_info/local_setup.sh
-- Up-to-date: /home/kargla/robot_movement/install/movement_info/share/movement_info/local_setup.zsh
-- Installing: /home/kargla/robot_movement/install/movement_info/share/movement_info/local_setup.dsv
-- Installing: /home/kargla/robot_movement/install/movement_info/share/movement_info/package.dsv
-- Up-to-date: /home/kargla/robot_movement/install/movement_info/share/ament_index/resource_index/packages/movement_info
-- Up-to-date: /home/kargla/robot_movement/install/movement_info/share/movement_info/cmake/movement_infoConfig.cmake
-- Up-to-date: /home/kargla/robot_movement/install/movement_info/share/movement_info/cmake/movement_infoConfig-version.cmake
-- Up-to-date: /home/kargla/robot_movement/install/movement_info/share/movement_info/package.xml
