[0.014s] Invoking command in '/home/kargla/robot_movement/build/movement_info': CMAKE_PREFIX_PATH=${CMAKE_PREFIX_PATH}:/opt/ros/humble /usr/bin/cmake --build /home/kargla/robot_movement/build/movement_info -- -j12 -l12
[0.048s] -- Found ament_cmake: 1.3.11 (/opt/ros/humble/share/ament_cmake/cmake)
[0.204s] -- Found rosidl_default_generators: 1.2.0 (/opt/ros/humble/share/rosidl_default_generators/cmake)
[0.206s] -- Using all available rosidl_typesupport_c: rosidl_typesupport_fastrtps_c;rosidl_typesupport_introspection_c
[0.210s] -- Found rosidl_adapter: 3.1.6 (/opt/ros/humble/share/rosidl_adapter/cmake)
[0.245s] -- Using all available rosidl_typesupport_cpp: rosidl_typesupport_fastrtps_cpp;rosidl_typesupport_introspection_cpp
[0.269s] -- Found movement_info_msgs: 0.0.0 (/home/kargla/robot_movement/install/movement_info_msgs/share/movement_info_msgs/cmake)
[0.277s] -- Found rclcpp: 16.0.11 (/opt/ros/humble/share/rclcpp/cmake)
[0.309s] -- Found rmw_implementation_cmake: 6.1.2 (/opt/ros/humble/share/rmw_implementation_cmake/cmake)
[0.310s] -- Found rmw_fastrtps_cpp: 6.2.7 (/opt/ros/humble/share/rmw_fastrtps_cpp/cmake)
[0.425s] -- Using RMW implementation 'rmw_fastrtps_cpp' as default
[0.478s] -- Found geometry_msgs: 4.2.4 (/opt/ros/humble/share/geometry_msgs/cmake)
[0.496s] -- Found nav_msgs: 4.2.4 (/opt/ros/humble/share/nav_msgs/cmake)
[0.514s] -- Found ament_cmake_gtest: 1.3.11 (/opt/ros/humble/share/ament_cmake_gtest/cmake)
[0.519s] -- Found ament_cmake_gmock: 1.3.11 (/opt/ros/humble/share/ament_cmake_gmock/cmake)
[0.520s] -- Found gtest sources under '/opt/ros/humble/src/gtest_vendor': C++ tests using 'Google Test' will be built
[0.525s] -- Found gmock sources under '/opt/ros/humble/src/gmock_vendor': C++ tests using 'Google Mock' will be built
[0.619s] -- Configuring done
[0.656s] -- Generating done
[0.669s] -- Build files have been written to: /home/kargla/robot_movement/build/movement_info
[0.716s] [35m[1mConsolidate compiler generated dependencies of target gtest_main[0m
[0.717s] [35m[1mConsolidate compiler generated dependencies of target movement_info_library[0m
[0.717s] [35m[1mConsolidate compiler generated dependencies of target gmock[0m
[0.718s] [35m[1mConsolidate compiler generated dependencies of target movement[0m
[0.719s] [35m[1mConsolidate compiler generated dependencies of target gmock_main[0m
[0.720s] [35m[1mConsolidate compiler generated dependencies of target gtest[0m
[0.742s] [ 10%] Built target gtest_main
[0.752s] [ 20%] Built target gmock_main
[0.753s] [ 35%] Built target gmock
[0.754s] [ 45%] Built target gtest
[0.755s] [ 55%] [32mBuilding CXX object CMakeFiles/movement_info_library.dir/src/movement_interface.cpp.o[0m
[0.755s] [ 55%] [32mBuilding CXX object CMakeFiles/movement_info_library.dir/src/movement.cpp.o[0m
[0.764s] [ 65%] [32mBuilding CXX object CMakeFiles/movement.dir/src/main.cpp.o[0m
[0.764s] [ 65%] [32mBuilding CXX object CMakeFiles/movement.dir/src/movement.cpp.o[0m
[0.766s] [ 70%] [32mBuilding CXX object CMakeFiles/movement.dir/src/movement_interface.cpp.o[0m
[13.040s] [ 75%] [32m[1mLinking CXX executable movement[0m
[13.157s] [ 80%] [32m[1mLinking CXX static library libmovement_info_library.a[0m
[13.480s] [ 80%] Built target movement_info_library
[13.497s] [35m[1mConsolidate compiler generated dependencies of target movement_info_movement_gmock[0m
[13.499s] [35m[1mConsolidate compiler generated dependencies of target movement_info_movement_gtest[0m
[13.530s] [ 85%] [32m[1mLinking CXX executable movement_info_movement_gmock[0m
[13.532s] [ 90%] [32mBuilding CXX object CMakeFiles/movement_info_movement_gtest.dir/test/movement_test.cpp.o[0m
[14.027s] [ 90%] Built target movement
[14.527s] [ 95%] Built target movement_info_movement_gmock
[17.568s] [100%] [32m[1mLinking CXX executable movement_info_movement_gtest[0m
[18.421s] [100%] Built target movement_info_movement_gtest
[18.436s] Invoked command in '/home/kargla/robot_movement/build/movement_info' returned '0': CMAKE_PREFIX_PATH=${CMAKE_PREFIX_PATH}:/opt/ros/humble /usr/bin/cmake --build /home/kargla/robot_movement/build/movement_info -- -j12 -l12
[18.438s] Invoking command in '/home/kargla/robot_movement/build/movement_info': CMAKE_PREFIX_PATH=${CMAKE_PREFIX_PATH}:/opt/ros/humble /usr/bin/cmake --install /home/kargla/robot_movement/build/movement_info
[18.447s] -- Install configuration: ""
[18.447s] -- Up-to-date: /home/kargla/robot_movement/install/movement_info/share/movement_info/config
[18.447s] -- Up-to-date: /home/kargla/robot_movement/install/movement_info/share/movement_info/config/params.yaml
[18.447s] -- Up-to-date: /home/kargla/robot_movement/install/movement_info/include
[18.447s] -- Up-to-date: /home/kargla/robot_movement/install/movement_info/include/movement_info
[18.447s] -- Installing: /home/kargla/robot_movement/install/movement_info/include/movement_info/movement.hpp
[18.447s] -- Up-to-date: /home/kargla/robot_movement/install/movement_info/include/movement_info/movement_interface.hpp
[18.448s] -- Installing: /home/kargla/robot_movement/install/movement_info/lib/movement_info/movement
[18.455s] -- Set runtime path of "/home/kargla/robot_movement/install/movement_info/lib/movement_info/movement" to ""
[18.455s] -- Up-to-date: /home/kargla/robot_movement/install/movement_info/share/ament_index/resource_index/package_run_dependencies/movement_info
[18.455s] -- Installing: /home/kargla/robot_movement/install/movement_info/share/ament_index/resource_index/parent_prefix_path/movement_info
[18.455s] -- Up-to-date: /home/kargla/robot_movement/install/movement_info/share/movement_info/environment/ament_prefix_path.sh
[18.455s] -- Installing: /home/kargla/robot_movement/install/movement_info/share/movement_info/environment/ament_prefix_path.dsv
[18.456s] -- Up-to-date: /home/kargla/robot_movement/install/movement_info/share/movement_info/environment/path.sh
[18.456s] -- Installing: /home/kargla/robot_movement/install/movement_info/share/movement_info/environment/path.dsv
[18.456s] -- Up-to-date: /home/kargla/robot_movement/install/movement_info/share/movement_info/local_setup.bash
[18.456s] -- Up-to-date: /home/kargla/robot_movement/install/movement_info/share/movement_info/local_setup.sh
[18.456s] -- Up-to-date: /home/kargla/robot_movement/install/movement_info/share/movement_info/local_setup.zsh
[18.456s] -- Installing: /home/kargla/robot_movement/install/movement_info/share/movement_info/local_setup.dsv
[18.456s] -- Installing: /home/kargla/robot_movement/install/movement_info/share/movement_info/package.dsv
[18.457s] -- Up-to-date: /home/kargla/robot_movement/install/movement_info/share/ament_index/resource_index/packages/movement_info
[18.457s] -- Up-to-date: /home/kargla/robot_movement/install/movement_info/share/movement_info/cmake/movement_infoConfig.cmake
[18.457s] -- Up-to-date: /home/kargla/robot_movement/install/movement_info/share/movement_info/cmake/movement_infoConfig-version.cmake
[18.457s] -- Up-to-date: /home/kargla/robot_movement/install/movement_info/share/movement_info/package.xml
[18.459s] Invoked command in '/home/kargla/robot_movement/build/movement_info' returned '0': CMAKE_PREFIX_PATH=${CMAKE_PREFIX_PATH}:/opt/ros/humble /usr/bin/cmake --install /home/kargla/robot_movement/build/movement_info
