[0.014s] Invoking command in '/home/kargla/robot_movement/build/movement_info_msgs': CMAKE_PREFIX_PATH=/opt/ros/humble /usr/bin/cmake --build /home/kargla/robot_movement/build/movement_info_msgs -- -j12 -l12
[0.100s] [  3%] Built target movement_info_msgs__cpp
[0.105s] [ 12%] Built target movement_info_msgs__rosidl_generator_c
[0.124s] [ 12%] Built target ament_cmake_python_copy_movement_info_msgs
[0.148s] [ 22%] Built target movement_info_msgs__rosidl_typesupport_cpp
[0.149s] [ 32%] Built target movement_info_msgs__rosidl_typesupport_introspection_cpp
[0.149s] [ 51%] Built target movement_info_msgs__rosidl_typesupport_fastrtps_c
[0.149s] [ 51%] Built target movement_info_msgs__rosidl_typesupport_fastrtps_cpp
[0.151s] [ 61%] Built target movement_info_msgs__rosidl_typesupport_c
[0.152s] [ 70%] Built target movement_info_msgs__rosidl_typesupport_introspection_c
[0.189s] [ 70%] Built target movement_info_msgs
[0.225s] [ 74%] Built target movement_info_msgs__py
[0.266s] [ 80%] Built target movement_info_msgs__rosidl_generator_py
[0.307s] [ 87%] Built target movement_info_msgs__rosidl_typesupport_c__pyext
[0.308s] [ 93%] Built target movement_info_msgs__rosidl_typesupport_fastrtps_c__pyext
[0.315s] [100%] Built target movement_info_msgs__rosidl_typesupport_introspection_c__pyext
[0.495s] running egg_info
[0.496s] writing movement_info_msgs.egg-info/PKG-INFO
[0.497s] writing dependency_links to movement_info_msgs.egg-info/dependency_links.txt
[0.497s] writing top-level names to movement_info_msgs.egg-info/top_level.txt
[0.505s] reading manifest file 'movement_info_msgs.egg-info/SOURCES.txt'
[0.506s] writing manifest file 'movement_info_msgs.egg-info/SOURCES.txt'
[0.616s] [100%] Built target ament_cmake_python_build_movement_info_msgs_egg
