[0.021s] Invoking command in '/home/kargla/robot_movement/build/movement_info': CMAKE_PREFIX_PATH=${CMAKE_PREFIX_PATH}:/opt/ros/humble /usr/bin/cmake --build /home/kargla/robot_movement/build/movement_info -- -j12 -l12
[0.121s] [ 16%] Built target gmock
[0.122s] [ 22%] [32mBuilding CXX object CMakeFiles/movement_info_library.dir/src/movement.cpp.o[0m
[0.122s] [ 27%] [32mBuilding CXX object CMakeFiles/movement.dir/src/movement.cpp.o[0m
[0.122s] [ 38%] Built target gtest
[0.127s] [ 61%] Built target gmock_main
[0.128s] [ 61%] Built target gtest_main
[12.362s] [ 72%] [32m[1mLinking CXX static library libmovement_info_library.a[0m
[12.362s] [ 72%] [32m[1mLinking CXX executable movement[0m
[12.719s] [ 72%] Built target movement_info_library
[12.751s] [35m[1mConsolidate compiler generated dependencies of target movement_info_movement_gtest[0m
[12.751s] [35m[1mConsolidate compiler generated dependencies of target movement_info_movement_gmock[0m
[12.784s] [ 83%] [32m[1mLinking CXX executable movement_info_movement_gmock[0m
[12.784s] [ 83%] [32m[1mLinking CXX executable movement_info_movement_gtest[0m
[13.473s] [ 88%] Built target movement
[14.133s] [ 94%] Built target movement_info_movement_gmock
[14.147s] [100%] Built target movement_info_movement_gtest
[14.167s] Invoked command in '/home/kargla/robot_movement/build/movement_info' returned '0': CMAKE_PREFIX_PATH=${CMAKE_PREFIX_PATH}:/opt/ros/humble /usr/bin/cmake --build /home/kargla/robot_movement/build/movement_info -- -j12 -l12
[14.170s] Invoking command in '/home/kargla/robot_movement/build/movement_info': CMAKE_PREFIX_PATH=${CMAKE_PREFIX_PATH}:/opt/ros/humble /usr/bin/cmake --install /home/kargla/robot_movement/build/movement_info
[14.180s] -- Install configuration: ""
[14.180s] -- Up-to-date: /home/kargla/robot_movement/install/movement_info/share/movement_info/config
[14.180s] -- Up-to-date: /home/kargla/robot_movement/install/movement_info/share/movement_info/config/params.yaml
[14.180s] -- Up-to-date: /home/kargla/robot_movement/install/movement_info/include
[14.180s] -- Up-to-date: /home/kargla/robot_movement/install/movement_info/include/movement_info
[14.180s] -- Up-to-date: /home/kargla/robot_movement/install/movement_info/include/movement_info/movement.hpp
[14.180s] -- Installing: /home/kargla/robot_movement/install/movement_info/lib/movement_info/movement
[14.190s] -- Set runtime path of "/home/kargla/robot_movement/install/movement_info/lib/movement_info/movement" to ""
[14.190s] -- Up-to-date: /home/kargla/robot_movement/install/movement_info/share/ament_index/resource_index/package_run_dependencies/movement_info
[14.190s] -- Up-to-date: /home/kargla/robot_movement/install/movement_info/share/ament_index/resource_index/parent_prefix_path/movement_info
[14.191s] -- Up-to-date: /home/kargla/robot_movement/install/movement_info/share/movement_info/environment/ament_prefix_path.sh
[14.191s] -- Up-to-date: /home/kargla/robot_movement/install/movement_info/share/movement_info/environment/ament_prefix_path.dsv
[14.191s] -- Up-to-date: /home/kargla/robot_movement/install/movement_info/share/movement_info/environment/path.sh
[14.191s] -- Up-to-date: /home/kargla/robot_movement/install/movement_info/share/movement_info/environment/path.dsv
[14.191s] -- Up-to-date: /home/kargla/robot_movement/install/movement_info/share/movement_info/local_setup.bash
[14.191s] -- Up-to-date: /home/kargla/robot_movement/install/movement_info/share/movement_info/local_setup.sh
[14.191s] -- Up-to-date: /home/kargla/robot_movement/install/movement_info/share/movement_info/local_setup.zsh
[14.191s] -- Up-to-date: /home/kargla/robot_movement/install/movement_info/share/movement_info/local_setup.dsv
[14.191s] -- Installing: /home/kargla/robot_movement/install/movement_info/share/movement_info/package.dsv
[14.191s] -- Up-to-date: /home/kargla/robot_movement/install/movement_info/share/ament_index/resource_index/packages/movement_info
[14.191s] -- Up-to-date: /home/kargla/robot_movement/install/movement_info/share/movement_info/cmake/movement_infoConfig.cmake
[14.192s] -- Up-to-date: /home/kargla/robot_movement/install/movement_info/share/movement_info/cmake/movement_infoConfig-version.cmake
[14.192s] -- Up-to-date: /home/kargla/robot_movement/install/movement_info/share/movement_info/package.xml
[14.194s] Invoked command in '/home/kargla/robot_movement/build/movement_info' returned '0': CMAKE_PREFIX_PATH=${CMAKE_PREFIX_PATH}:/opt/ros/humble /usr/bin/cmake --install /home/kargla/robot_movement/build/movement_info
