[0.016s] Invoking command in '/home/kargla/robot_movement/build/movement_info_msgs': CMAKE_PREFIX_PATH=${CMAKE_PREFIX_PATH}:/opt/ros/humble /usr/bin/cmake --build /home/kargla/robot_movement/build/movement_info_msgs -- -j12 -l12
[0.091s] [  3%] Built target movement_info_msgs__cpp
[0.095s] [ 12%] Built target movement_info_msgs__rosidl_generator_c
[0.107s] [ 12%] Built target ament_cmake_python_copy_movement_info_msgs
[0.128s] [ 22%] Built target movement_info_msgs__rosidl_typesupport_fastrtps_cpp
[0.133s] [ 32%] Built target movement_info_msgs__rosidl_typesupport_introspection_cpp
[0.135s] [ 61%] Built target movement_info_msgs__rosidl_typesupport_fastrtps_c
[0.135s] [ 61%] Built target movement_info_msgs__rosidl_typesupport_c
[0.135s] [ 61%] Built target movement_info_msgs__rosidl_typesupport_cpp
[0.139s] [ 70%] Built target movement_info_msgs__rosidl_typesupport_introspection_c
[0.166s] [ 70%] Built target movement_info_msgs
[0.192s] [ 74%] Built target movement_info_msgs__py
[0.219s] [ 80%] Built target movement_info_msgs__rosidl_generator_py
[0.254s] [ 87%] Built target movement_info_msgs__rosidl_typesupport_fastrtps_c__pyext
[0.254s] [ 93%] Built target movement_info_msgs__rosidl_typesupport_introspection_c__pyext
[0.255s] [100%] Built target movement_info_msgs__rosidl_typesupport_c__pyext
[0.391s] running egg_info
[0.392s] writing movement_info_msgs.egg-info/PKG-INFO
[0.392s] writing dependency_links to movement_info_msgs.egg-info/dependency_links.txt
[0.392s] writing top-level names to movement_info_msgs.egg-info/top_level.txt
[0.393s] reading manifest file 'movement_info_msgs.egg-info/SOURCES.txt'
[0.394s] writing manifest file 'movement_info_msgs.egg-info/SOURCES.txt'
[0.444s] [100%] Built target ament_cmake_python_build_movement_info_msgs_egg
[0.460s] Invoked command in '/home/kargla/robot_movement/build/movement_info_msgs' returned '0': CMAKE_PREFIX_PATH=${CMAKE_PREFIX_PATH}:/opt/ros/humble /usr/bin/cmake --build /home/kargla/robot_movement/build/movement_info_msgs -- -j12 -l12
[0.476s] Invoking command in '/home/kargla/robot_movement/build/movement_info_msgs': CMAKE_PREFIX_PATH=${CMAKE_PREFIX_PATH}:/opt/ros/humble /usr/bin/cmake --install /home/kargla/robot_movement/build/movement_info_msgs
[0.484s] -- Install configuration: ""
[0.485s] -- Up-to-date: /home/kargla/robot_movement/install/movement_info_msgs/share/ament_index/resource_index/rosidl_interfaces/movement_info_msgs
[0.485s] -- Up-to-date: /home/kargla/robot_movement/install/movement_info_msgs/include/movement_info_msgs/movement_info_msgs
[0.485s] -- Up-to-date: /home/kargla/robot_movement/install/movement_info_msgs/include/movement_info_msgs/movement_info_msgs/msg
[0.485s] -- Up-to-date: /home/kargla/robot_movement/install/movement_info_msgs/include/movement_info_msgs/movement_info_msgs/msg/rosidl_generator_c__visibility_control.h
[0.485s] -- Up-to-date: /home/kargla/robot_movement/install/movement_info_msgs/include/movement_info_msgs/movement_info_msgs/msg/detail
[0.485s] -- Up-to-date: /home/kargla/robot_movement/install/movement_info_msgs/include/movement_info_msgs/movement_info_msgs/msg/detail/movement_info__struct.h
[0.485s] -- Up-to-date: /home/kargla/robot_movement/install/movement_info_msgs/include/movement_info_msgs/movement_info_msgs/msg/detail/movement_info__type_support.h
[0.485s] -- Up-to-date: /home/kargla/robot_movement/install/movement_info_msgs/include/movement_info_msgs/movement_info_msgs/msg/detail/movement_info__functions.c
[0.486s] -- Up-to-date: /home/kargla/robot_movement/install/movement_info_msgs/include/movement_info_msgs/movement_info_msgs/msg/detail/movement_info__functions.h
[0.486s] -- Up-to-date: /home/kargla/robot_movement/install/movement_info_msgs/include/movement_info_msgs/movement_info_msgs/msg/movement_info.h
[0.486s] -- Up-to-date: /home/kargla/robot_movement/install/movement_info_msgs/share/movement_info_msgs/environment/library_path.sh
[0.486s] -- Up-to-date: /home/kargla/robot_movement/install/movement_info_msgs/share/movement_info_msgs/environment/library_path.dsv
[0.486s] -- Up-to-date: /home/kargla/robot_movement/install/movement_info_msgs/lib/libmovement_info_msgs__rosidl_generator_c.so
[0.486s] -- Up-to-date: /home/kargla/robot_movement/install/movement_info_msgs/include/movement_info_msgs/movement_info_msgs
[0.486s] -- Up-to-date: /home/kargla/robot_movement/install/movement_info_msgs/include/movement_info_msgs/movement_info_msgs/msg
[0.486s] -- Up-to-date: /home/kargla/robot_movement/install/movement_info_msgs/include/movement_info_msgs/movement_info_msgs/msg/rosidl_typesupport_fastrtps_c__visibility_control.h
[0.486s] -- Up-to-date: /home/kargla/robot_movement/install/movement_info_msgs/include/movement_info_msgs/movement_info_msgs/msg/detail
[0.487s] -- Up-to-date: /home/kargla/robot_movement/install/movement_info_msgs/include/movement_info_msgs/movement_info_msgs/msg/detail/movement_info__rosidl_typesupport_fastrtps_c.h
[0.487s] -- Up-to-date: /home/kargla/robot_movement/install/movement_info_msgs/lib/libmovement_info_msgs__rosidl_typesupport_fastrtps_c.so
[0.487s] -- Up-to-date: /home/kargla/robot_movement/install/movement_info_msgs/include/movement_info_msgs/movement_info_msgs
[0.487s] -- Up-to-date: /home/kargla/robot_movement/install/movement_info_msgs/include/movement_info_msgs/movement_info_msgs/msg
[0.487s] -- Up-to-date: /home/kargla/robot_movement/install/movement_info_msgs/include/movement_info_msgs/movement_info_msgs/msg/rosidl_typesupport_introspection_c__visibility_control.h
[0.487s] -- Up-to-date: /home/kargla/robot_movement/install/movement_info_msgs/include/movement_info_msgs/movement_info_msgs/msg/detail
[0.487s] -- Up-to-date: /home/kargla/robot_movement/install/movement_info_msgs/include/movement_info_msgs/movement_info_msgs/msg/detail/movement_info__rosidl_typesupport_introspection_c.h
[0.487s] -- Up-to-date: /home/kargla/robot_movement/install/movement_info_msgs/include/movement_info_msgs/movement_info_msgs/msg/detail/movement_info__type_support.c
[0.487s] -- Up-to-date: /home/kargla/robot_movement/install/movement_info_msgs/lib/libmovement_info_msgs__rosidl_typesupport_introspection_c.so
[0.488s] -- Up-to-date: /home/kargla/robot_movement/install/movement_info_msgs/lib/libmovement_info_msgs__rosidl_typesupport_c.so
[0.488s] -- Up-to-date: /home/kargla/robot_movement/install/movement_info_msgs/include/movement_info_msgs/movement_info_msgs
[0.488s] -- Up-to-date: /home/kargla/robot_movement/install/movement_info_msgs/include/movement_info_msgs/movement_info_msgs/msg
[0.488s] -- Up-to-date: /home/kargla/robot_movement/install/movement_info_msgs/include/movement_info_msgs/movement_info_msgs/msg/rosidl_generator_cpp__visibility_control.hpp
[0.488s] -- Up-to-date: /home/kargla/robot_movement/install/movement_info_msgs/include/movement_info_msgs/movement_info_msgs/msg/detail
[0.488s] -- Up-to-date: /home/kargla/robot_movement/install/movement_info_msgs/include/movement_info_msgs/movement_info_msgs/msg/detail/movement_info__traits.hpp
[0.488s] -- Up-to-date: /home/kargla/robot_movement/install/movement_info_msgs/include/movement_info_msgs/movement_info_msgs/msg/detail/movement_info__struct.hpp
[0.488s] -- Up-to-date: /home/kargla/robot_movement/install/movement_info_msgs/include/movement_info_msgs/movement_info_msgs/msg/detail/movement_info__type_support.hpp
[0.488s] -- Up-to-date: /home/kargla/robot_movement/install/movement_info_msgs/include/movement_info_msgs/movement_info_msgs/msg/detail/movement_info__builder.hpp
[0.488s] -- Up-to-date: /home/kargla/robot_movement/install/movement_info_msgs/include/movement_info_msgs/movement_info_msgs/msg/movement_info.hpp
[0.489s] -- Up-to-date: /home/kargla/robot_movement/install/movement_info_msgs/include/movement_info_msgs/movement_info_msgs
[0.489s] -- Up-to-date: /home/kargla/robot_movement/install/movement_info_msgs/include/movement_info_msgs/movement_info_msgs/msg
[0.489s] -- Up-to-date: /home/kargla/robot_movement/install/movement_info_msgs/include/movement_info_msgs/movement_info_msgs/msg/detail
[0.489s] -- Up-to-date: /home/kargla/robot_movement/install/movement_info_msgs/include/movement_info_msgs/movement_info_msgs/msg/detail/movement_info__rosidl_typesupport_fastrtps_cpp.hpp
[0.489s] -- Up-to-date: /home/kargla/robot_movement/install/movement_info_msgs/include/movement_info_msgs/movement_info_msgs/msg/detail/dds_fastrtps
[0.489s] -- Up-to-date: /home/kargla/robot_movement/install/movement_info_msgs/include/movement_info_msgs/movement_info_msgs/msg/rosidl_typesupport_fastrtps_cpp__visibility_control.h
[0.489s] -- Up-to-date: /home/kargla/robot_movement/install/movement_info_msgs/lib/libmovement_info_msgs__rosidl_typesupport_fastrtps_cpp.so
[0.489s] -- Up-to-date: /home/kargla/robot_movement/install/movement_info_msgs/include/movement_info_msgs/movement_info_msgs
[0.489s] -- Up-to-date: /home/kargla/robot_movement/install/movement_info_msgs/include/movement_info_msgs/movement_info_msgs/msg
[0.489s] -- Up-to-date: /home/kargla/robot_movement/install/movement_info_msgs/include/movement_info_msgs/movement_info_msgs/msg/detail
[0.489s] -- Up-to-date: /home/kargla/robot_movement/install/movement_info_msgs/include/movement_info_msgs/movement_info_msgs/msg/detail/movement_info__rosidl_typesupport_introspection_cpp.hpp
[0.490s] -- Up-to-date: /home/kargla/robot_movement/install/movement_info_msgs/include/movement_info_msgs/movement_info_msgs/msg/detail/movement_info__type_support.cpp
[0.490s] -- Up-to-date: /home/kargla/robot_movement/install/movement_info_msgs/lib/libmovement_info_msgs__rosidl_typesupport_introspection_cpp.so
[0.490s] -- Up-to-date: /home/kargla/robot_movement/install/movement_info_msgs/lib/libmovement_info_msgs__rosidl_typesupport_cpp.so
[0.490s] -- Up-to-date: /home/kargla/robot_movement/install/movement_info_msgs/share/movement_info_msgs/environment/pythonpath.sh
[0.490s] -- Up-to-date: /home/kargla/robot_movement/install/movement_info_msgs/share/movement_info_msgs/environment/pythonpath.dsv
[0.490s] -- Up-to-date: /home/kargla/robot_movement/install/movement_info_msgs/local/lib/python3.10/dist-packages/movement_info_msgs-0.0.0-py3.10.egg-info
[0.490s] -- Installing: /home/kargla/robot_movement/install/movement_info_msgs/local/lib/python3.10/dist-packages/movement_info_msgs-0.0.0-py3.10.egg-info/SOURCES.txt
[0.490s] -- Installing: /home/kargla/robot_movement/install/movement_info_msgs/local/lib/python3.10/dist-packages/movement_info_msgs-0.0.0-py3.10.egg-info/top_level.txt
[0.490s] -- Installing: /home/kargla/robot_movement/install/movement_info_msgs/local/lib/python3.10/dist-packages/movement_info_msgs-0.0.0-py3.10.egg-info/dependency_links.txt
[0.490s] -- Installing: /home/kargla/robot_movement/install/movement_info_msgs/local/lib/python3.10/dist-packages/movement_info_msgs-0.0.0-py3.10.egg-info/PKG-INFO
[0.491s] -- Up-to-date: /home/kargla/robot_movement/install/movement_info_msgs/local/lib/python3.10/dist-packages/movement_info_msgs
[0.491s] -- Up-to-date: /home/kargla/robot_movement/install/movement_info_msgs/local/lib/python3.10/dist-packages/movement_info_msgs/movement_info_msgs_s__rosidl_typesupport_c.cpython-310-x86_64-linux-gnu.so
[0.491s] -- Up-to-date: /home/kargla/robot_movement/install/movement_info_msgs/local/lib/python3.10/dist-packages/movement_info_msgs/msg
[0.491s] -- Up-to-date: /home/kargla/robot_movement/install/movement_info_msgs/local/lib/python3.10/dist-packages/movement_info_msgs/msg/_movement_info_s.c
[0.491s] -- Up-to-date: /home/kargla/robot_movement/install/movement_info_msgs/local/lib/python3.10/dist-packages/movement_info_msgs/msg/_movement_info.py
[0.491s] -- Up-to-date: /home/kargla/robot_movement/install/movement_info_msgs/local/lib/python3.10/dist-packages/movement_info_msgs/msg/__init__.py
[0.491s] -- Up-to-date: /home/kargla/robot_movement/install/movement_info_msgs/local/lib/python3.10/dist-packages/movement_info_msgs/__init__.py
[0.491s] -- Up-to-date: /home/kargla/robot_movement/install/movement_info_msgs/local/lib/python3.10/dist-packages/movement_info_msgs/movement_info_msgs_s__rosidl_typesupport_fastrtps_c.cpython-310-x86_64-linux-gnu.so
[0.491s] -- Up-to-date: /home/kargla/robot_movement/install/movement_info_msgs/local/lib/python3.10/dist-packages/movement_info_msgs/_movement_info_msgs_s.ep.rosidl_typesupport_introspection_c.c
[0.491s] -- Up-to-date: /home/kargla/robot_movement/install/movement_info_msgs/local/lib/python3.10/dist-packages/movement_info_msgs/_movement_info_msgs_s.ep.rosidl_typesupport_fastrtps_c.c
[0.491s] -- Up-to-date: /home/kargla/robot_movement/install/movement_info_msgs/local/lib/python3.10/dist-packages/movement_info_msgs/movement_info_msgs_s__rosidl_typesupport_introspection_c.cpython-310-x86_64-linux-gnu.so
[0.491s] -- Up-to-date: /home/kargla/robot_movement/install/movement_info_msgs/local/lib/python3.10/dist-packages/movement_info_msgs/libmovement_info_msgs__rosidl_generator_py.so
[0.491s] -- Up-to-date: /home/kargla/robot_movement/install/movement_info_msgs/local/lib/python3.10/dist-packages/movement_info_msgs/_movement_info_msgs_s.ep.rosidl_typesupport_c.c
[0.525s] Listing '/home/kargla/robot_movement/install/movement_info_msgs/local/lib/python3.10/dist-packages/movement_info_msgs'...
[0.525s] Listing '/home/kargla/robot_movement/install/movement_info_msgs/local/lib/python3.10/dist-packages/movement_info_msgs/msg'...
[0.530s] -- Up-to-date: /home/kargla/robot_movement/install/movement_info_msgs/local/lib/python3.10/dist-packages/movement_info_msgs/movement_info_msgs_s__rosidl_typesupport_fastrtps_c.cpython-310-x86_64-linux-gnu.so
[0.531s] -- Up-to-date: /home/kargla/robot_movement/install/movement_info_msgs/local/lib/python3.10/dist-packages/movement_info_msgs/movement_info_msgs_s__rosidl_typesupport_introspection_c.cpython-310-x86_64-linux-gnu.so
[0.531s] -- Up-to-date: /home/kargla/robot_movement/install/movement_info_msgs/local/lib/python3.10/dist-packages/movement_info_msgs/movement_info_msgs_s__rosidl_typesupport_c.cpython-310-x86_64-linux-gnu.so
[0.532s] -- Up-to-date: /home/kargla/robot_movement/install/movement_info_msgs/lib/libmovement_info_msgs__rosidl_generator_py.so
[0.532s] -- Up-to-date: /home/kargla/robot_movement/install/movement_info_msgs/share/movement_info_msgs/msg/MovementInfo.idl
[0.532s] -- Up-to-date: /home/kargla/robot_movement/install/movement_info_msgs/share/movement_info_msgs/msg/MovementInfo.msg
[0.532s] -- Up-to-date: /home/kargla/robot_movement/install/movement_info_msgs/share/ament_index/resource_index/package_run_dependencies/movement_info_msgs
[0.532s] -- Up-to-date: /home/kargla/robot_movement/install/movement_info_msgs/share/ament_index/resource_index/parent_prefix_path/movement_info_msgs
[0.532s] -- Up-to-date: /home/kargla/robot_movement/install/movement_info_msgs/share/movement_info_msgs/environment/ament_prefix_path.sh
[0.532s] -- Up-to-date: /home/kargla/robot_movement/install/movement_info_msgs/share/movement_info_msgs/environment/ament_prefix_path.dsv
[0.533s] -- Up-to-date: /home/kargla/robot_movement/install/movement_info_msgs/share/movement_info_msgs/environment/path.sh
[0.533s] -- Up-to-date: /home/kargla/robot_movement/install/movement_info_msgs/share/movement_info_msgs/environment/path.dsv
[0.533s] -- Up-to-date: /home/kargla/robot_movement/install/movement_info_msgs/share/movement_info_msgs/local_setup.bash
[0.533s] -- Up-to-date: /home/kargla/robot_movement/install/movement_info_msgs/share/movement_info_msgs/local_setup.sh
[0.533s] -- Up-to-date: /home/kargla/robot_movement/install/movement_info_msgs/share/movement_info_msgs/local_setup.zsh
[0.533s] -- Up-to-date: /home/kargla/robot_movement/install/movement_info_msgs/share/movement_info_msgs/local_setup.dsv
[0.533s] -- Installing: /home/kargla/robot_movement/install/movement_info_msgs/share/movement_info_msgs/package.dsv
[0.533s] -- Up-to-date: /home/kargla/robot_movement/install/movement_info_msgs/share/ament_index/resource_index/packages/movement_info_msgs
[0.533s] -- Up-to-date: /home/kargla/robot_movement/install/movement_info_msgs/share/movement_info_msgs/cmake/export_movement_info_msgs__rosidl_generator_cExport.cmake
[0.533s] -- Up-to-date: /home/kargla/robot_movement/install/movement_info_msgs/share/movement_info_msgs/cmake/export_movement_info_msgs__rosidl_generator_cExport-noconfig.cmake
[0.534s] -- Up-to-date: /home/kargla/robot_movement/install/movement_info_msgs/share/movement_info_msgs/cmake/export_movement_info_msgs__rosidl_typesupport_fastrtps_cExport.cmake
[0.534s] -- Up-to-date: /home/kargla/robot_movement/install/movement_info_msgs/share/movement_info_msgs/cmake/export_movement_info_msgs__rosidl_typesupport_fastrtps_cExport-noconfig.cmake
[0.534s] -- Up-to-date: /home/kargla/robot_movement/install/movement_info_msgs/share/movement_info_msgs/cmake/movement_info_msgs__rosidl_typesupport_introspection_cExport.cmake
[0.534s] -- Up-to-date: /home/kargla/robot_movement/install/movement_info_msgs/share/movement_info_msgs/cmake/movement_info_msgs__rosidl_typesupport_introspection_cExport-noconfig.cmake
[0.534s] -- Up-to-date: /home/kargla/robot_movement/install/movement_info_msgs/share/movement_info_msgs/cmake/movement_info_msgs__rosidl_typesupport_cExport.cmake
[0.534s] -- Up-to-date: /home/kargla/robot_movement/install/movement_info_msgs/share/movement_info_msgs/cmake/movement_info_msgs__rosidl_typesupport_cExport-noconfig.cmake
[0.534s] -- Up-to-date: /home/kargla/robot_movement/install/movement_info_msgs/share/movement_info_msgs/cmake/export_movement_info_msgs__rosidl_generator_cppExport.cmake
[0.534s] -- Up-to-date: /home/kargla/robot_movement/install/movement_info_msgs/share/movement_info_msgs/cmake/export_movement_info_msgs__rosidl_typesupport_fastrtps_cppExport.cmake
[0.534s] -- Up-to-date: /home/kargla/robot_movement/install/movement_info_msgs/share/movement_info_msgs/cmake/export_movement_info_msgs__rosidl_typesupport_fastrtps_cppExport-noconfig.cmake
[0.534s] -- Up-to-date: /home/kargla/robot_movement/install/movement_info_msgs/share/movement_info_msgs/cmake/movement_info_msgs__rosidl_typesupport_introspection_cppExport.cmake
[0.535s] -- Up-to-date: /home/kargla/robot_movement/install/movement_info_msgs/share/movement_info_msgs/cmake/movement_info_msgs__rosidl_typesupport_introspection_cppExport-noconfig.cmake
[0.535s] -- Up-to-date: /home/kargla/robot_movement/install/movement_info_msgs/share/movement_info_msgs/cmake/movement_info_msgs__rosidl_typesupport_cppExport.cmake
[0.535s] -- Up-to-date: /home/kargla/robot_movement/install/movement_info_msgs/share/movement_info_msgs/cmake/movement_info_msgs__rosidl_typesupport_cppExport-noconfig.cmake
[0.535s] -- Up-to-date: /home/kargla/robot_movement/install/movement_info_msgs/share/movement_info_msgs/cmake/export_movement_info_msgs__rosidl_generator_pyExport.cmake
[0.535s] -- Up-to-date: /home/kargla/robot_movement/install/movement_info_msgs/share/movement_info_msgs/cmake/export_movement_info_msgs__rosidl_generator_pyExport-noconfig.cmake
[0.535s] -- Up-to-date: /home/kargla/robot_movement/install/movement_info_msgs/share/movement_info_msgs/cmake/rosidl_cmake-extras.cmake
[0.535s] -- Up-to-date: /home/kargla/robot_movement/install/movement_info_msgs/share/movement_info_msgs/cmake/ament_cmake_export_include_directories-extras.cmake
[0.535s] -- Up-to-date: /home/kargla/robot_movement/install/movement_info_msgs/share/movement_info_msgs/cmake/ament_cmake_export_libraries-extras.cmake
[0.535s] -- Up-to-date: /home/kargla/robot_movement/install/movement_info_msgs/share/movement_info_msgs/cmake/ament_cmake_export_targets-extras.cmake
[0.535s] -- Up-to-date: /home/kargla/robot_movement/install/movement_info_msgs/share/movement_info_msgs/cmake/rosidl_cmake_export_typesupport_targets-extras.cmake
[0.536s] -- Up-to-date: /home/kargla/robot_movement/install/movement_info_msgs/share/movement_info_msgs/cmake/ament_cmake_export_dependencies-extras.cmake
[0.536s] -- Up-to-date: /home/kargla/robot_movement/install/movement_info_msgs/share/movement_info_msgs/cmake/rosidl_cmake_export_typesupport_libraries-extras.cmake
[0.536s] -- Up-to-date: /home/kargla/robot_movement/install/movement_info_msgs/share/movement_info_msgs/cmake/movement_info_msgsConfig.cmake
[0.536s] -- Up-to-date: /home/kargla/robot_movement/install/movement_info_msgs/share/movement_info_msgs/cmake/movement_info_msgsConfig-version.cmake
[0.536s] -- Up-to-date: /home/kargla/robot_movement/install/movement_info_msgs/share/movement_info_msgs/package.xml
[0.539s] Invoked command in '/home/kargla/robot_movement/build/movement_info_msgs' returned '0': CMAKE_PREFIX_PATH=${CMAKE_PREFIX_PATH}:/opt/ros/humble /usr/bin/cmake --install /home/kargla/robot_movement/build/movement_info_msgs
