[0.022s] Invoking command in '/home/kargla/robot_movement/build/movement_info_msgs': CMAKE_PREFIX_PATH=${CMAKE_PREFIX_PATH}:/opt/ros/humble /usr/bin/cmake /home/kargla/robot_movement/src/movement_info_msgs -DCMAKE_INSTALL_PREFIX=/home/kargla/robot_movement/install/movement_info_msgs
[0.151s] -- The C compiler identification is GNU 11.4.0
[0.231s] -- The CXX compiler identification is GNU 11.4.0
[0.244s] -- Detecting C compiler ABI info
[0.357s] -- Detecting C compiler ABI info - done
[0.366s] -- Check for working C compiler: /usr/bin/cc - skipped
[0.366s] -- Detecting C compile features
[0.367s] -- Detecting C compile features - done
[0.371s] -- Detecting CXX compiler ABI info
[0.518s] -- Detecting CXX compiler ABI info - done
[0.528s] -- Check for working CXX compiler: /usr/bin/c++ - skipped
[0.528s] -- Detecting CXX compile features
[0.528s] -- Detecting CXX compile features - done
[0.538s] -- Found ament_cmake: 1.3.11 (/opt/ros/humble/share/ament_cmake/cmake)
[0.770s] -- Found Python3: /usr/bin/python3 (found version "3.10.12") found components: Interpreter 
[0.924s] -- Found rosidl_default_generators: 1.2.0 (/opt/ros/humble/share/rosidl_default_generators/cmake)
[0.935s] -- Using all available rosidl_typesupport_c: rosidl_typesupport_fastrtps_c;rosidl_typesupport_introspection_c
[0.947s] -- Found rosidl_adapter: 3.1.6 (/opt/ros/humble/share/rosidl_adapter/cmake)
[1.021s] -- Using all available rosidl_typesupport_cpp: rosidl_typesupport_fastrtps_cpp;rosidl_typesupport_introspection_cpp
[1.397s] -- Found ament_cmake_ros: 0.10.0 (/opt/ros/humble/share/ament_cmake_ros/cmake)
[1.651s] -- Using all available rosidl_typesupport_c: rosidl_typesupport_fastrtps_c;rosidl_typesupport_introspection_c
[1.964s] -- Using all available rosidl_typesupport_cpp: rosidl_typesupport_fastrtps_cpp;rosidl_typesupport_introspection_cpp
[1.994s] -- Found PythonInterp: /usr/bin/python3 (found suitable version "3.10.12", minimum required is "3.6") 
[1.995s] -- Found python_cmake_module: 0.10.0 (/opt/ros/humble/share/python_cmake_module/cmake)
[2.031s] -- Found PythonLibs: /usr/lib/x86_64-linux-gnu/libpython3.10.so (found suitable version "3.10.12", minimum required is "3.5") 
[2.031s] -- Using PYTHON_EXECUTABLE: /usr/bin/python3
[2.031s] -- Using PYTHON_INCLUDE_DIRS: /usr/include/python3.10
[2.031s] -- Using PYTHON_LIBRARIES: /usr/lib/x86_64-linux-gnu/libpython3.10.so
[2.060s] -- Found PythonExtra: .so  
[2.102s] -- Found ament_lint_auto: 0.12.11 (/opt/ros/humble/share/ament_lint_auto/cmake)
[2.116s] -- Configuring done
[2.159s] -- Generating done
[2.175s] -- Build files have been written to: /home/kargla/robot_movement/build/movement_info_msgs
[2.190s] Invoked command in '/home/kargla/robot_movement/build/movement_info_msgs' returned '0': CMAKE_PREFIX_PATH=${CMAKE_PREFIX_PATH}:/opt/ros/humble /usr/bin/cmake /home/kargla/robot_movement/src/movement_info_msgs -DCMAKE_INSTALL_PREFIX=/home/kargla/robot_movement/install/movement_info_msgs
[2.196s] Invoking command in '/home/kargla/robot_movement/build/movement_info_msgs': CMAKE_PREFIX_PATH=${CMAKE_PREFIX_PATH}:/opt/ros/humble /usr/bin/cmake --build /home/kargla/robot_movement/build/movement_info_msgs -- -j12 -l12
[2.249s] [  3%] [34m[1mGenerating C code for ROS interfaces[0m
[2.270s] [  6%] [34m[1mGenerating C++ code for ROS interfaces[0m
[2.286s] [  6%] Built target ament_cmake_python_copy_movement_info_msgs
[2.665s] running egg_info
[2.665s] creating movement_info_msgs.egg-info
[2.666s] writing movement_info_msgs.egg-info/PKG-INFO
[2.666s] writing dependency_links to movement_info_msgs.egg-info/dependency_links.txt
[2.666s] writing top-level names to movement_info_msgs.egg-info/top_level.txt
[2.666s] writing manifest file 'movement_info_msgs.egg-info/SOURCES.txt'
[2.668s] reading manifest file 'movement_info_msgs.egg-info/SOURCES.txt'
[2.669s] writing manifest file 'movement_info_msgs.egg-info/SOURCES.txt'
[2.718s] [  6%] Built target ament_cmake_python_build_movement_info_msgs_egg
[2.764s] [  6%] Built target movement_info_msgs__cpp
[2.782s] [  9%] [34m[1mGenerating C++ type support for eProsima Fast-RTPS[0m
[2.782s] [ 12%] [34m[1mGenerating C++ introspection for ROS interfaces[0m
[2.788s] [ 16%] [34m[1mGenerating C++ type support dispatch for ROS interfaces[0m
[2.798s] [ 19%] [32mBuilding C object CMakeFiles/movement_info_msgs__rosidl_generator_c.dir/rosidl_generator_c/movement_info_msgs/msg/detail/movement_info__functions.c.o[0m
[2.891s] [ 22%] [32m[1mLinking C shared library libmovement_info_msgs__rosidl_generator_c.so[0m
[2.957s] [ 22%] Built target movement_info_msgs__rosidl_generator_c
[2.975s] [ 32%] [34m[1mGenerating C type support dispatch for ROS interfaces[0m
[2.975s] [ 32%] [34m[1mGenerating C type support for eProsima Fast-RTPS[0m
[2.976s] [ 32%] [34m[1mGenerating C introspection for ROS interfaces[0m
[3.258s] [ 35%] [32mBuilding CXX object CMakeFiles/movement_info_msgs__rosidl_typesupport_cpp.dir/rosidl_typesupport_cpp/movement_info_msgs/msg/movement_info__type_support.cpp.o[0m
[3.307s] [ 38%] [32mBuilding CXX object CMakeFiles/movement_info_msgs__rosidl_typesupport_fastrtps_cpp.dir/rosidl_typesupport_fastrtps_cpp/movement_info_msgs/msg/detail/dds_fastrtps/movement_info__type_support.cpp.o[0m
[3.322s] [ 41%] [32mBuilding CXX object CMakeFiles/movement_info_msgs__rosidl_typesupport_introspection_cpp.dir/rosidl_typesupport_introspection_cpp/movement_info_msgs/msg/detail/movement_info__type_support.cpp.o[0m
[3.490s] [ 45%] [32mBuilding CXX object CMakeFiles/movement_info_msgs__rosidl_typesupport_c.dir/rosidl_typesupport_c/movement_info_msgs/msg/movement_info__type_support.cpp.o[0m
[3.513s] [ 48%] [32mBuilding CXX object CMakeFiles/movement_info_msgs__rosidl_typesupport_fastrtps_c.dir/rosidl_typesupport_fastrtps_c/movement_info_msgs/msg/detail/movement_info__type_support_c.cpp.o[0m
[3.543s] [ 51%] [32mBuilding C object CMakeFiles/movement_info_msgs__rosidl_typesupport_introspection_c.dir/rosidl_typesupport_introspection_c/movement_info_msgs/msg/detail/movement_info__type_support.c.o[0m
[3.561s] [ 54%] [32m[1mLinking CXX shared library libmovement_info_msgs__rosidl_typesupport_c.so[0m
[3.613s] [ 58%] [32m[1mLinking C shared library libmovement_info_msgs__rosidl_typesupport_introspection_c.so[0m
[3.662s] [ 58%] Built target movement_info_msgs__rosidl_typesupport_c
[3.678s] [ 58%] Built target movement_info_msgs__rosidl_typesupport_introspection_c
[3.720s] [ 61%] [32m[1mLinking CXX shared library libmovement_info_msgs__rosidl_typesupport_cpp.so[0m
[3.791s] [ 61%] Built target movement_info_msgs__rosidl_typesupport_cpp
[3.946s] [ 64%] [32m[1mLinking CXX shared library libmovement_info_msgs__rosidl_typesupport_introspection_cpp.so[0m
[3.966s] [ 67%] [32m[1mLinking CXX shared library libmovement_info_msgs__rosidl_typesupport_fastrtps_cpp.so[0m
[4.016s] [ 70%] [32m[1mLinking CXX shared library libmovement_info_msgs__rosidl_typesupport_fastrtps_c.so[0m
[4.069s] [ 70%] Built target movement_info_msgs__rosidl_typesupport_introspection_cpp
[4.112s] [ 70%] Built target movement_info_msgs__rosidl_typesupport_fastrtps_cpp
[4.145s] [ 70%] Built target movement_info_msgs__rosidl_typesupport_fastrtps_c
[4.170s] [ 70%] Built target movement_info_msgs
[4.196s] [ 74%] [34m[1mGenerating Python code for ROS interfaces[0m
[4.651s] [ 74%] Built target movement_info_msgs__py
[4.679s] [ 77%] [32mBuilding C object CMakeFiles/movement_info_msgs__rosidl_generator_py.dir/rosidl_generator_py/movement_info_msgs/msg/_movement_info_s.c.o[0m
[4.831s] [ 80%] [32m[1mLinking C shared library rosidl_generator_py/movement_info_msgs/libmovement_info_msgs__rosidl_generator_py.so[0m
[4.880s] [ 80%] Built target movement_info_msgs__rosidl_generator_py
[4.908s] [ 90%] [32mBuilding C object CMakeFiles/movement_info_msgs__rosidl_typesupport_introspection_c__pyext.dir/rosidl_generator_py/movement_info_msgs/_movement_info_msgs_s.ep.rosidl_typesupport_introspection_c.c.o[0m
[4.908s] [ 90%] [32mBuilding C object CMakeFiles/movement_info_msgs__rosidl_typesupport_c__pyext.dir/rosidl_generator_py/movement_info_msgs/_movement_info_msgs_s.ep.rosidl_typesupport_c.c.o[0m
[4.908s] [ 90%] [32mBuilding C object CMakeFiles/movement_info_msgs__rosidl_typesupport_fastrtps_c__pyext.dir/rosidl_generator_py/movement_info_msgs/_movement_info_msgs_s.ep.rosidl_typesupport_fastrtps_c.c.o[0m
[5.057s] [ 93%] [32m[1mLinking C shared library rosidl_generator_py/movement_info_msgs/movement_info_msgs_s__rosidl_typesupport_fastrtps_c.cpython-310-x86_64-linux-gnu.so[0m
[5.060s] [ 96%] [32m[1mLinking C shared library rosidl_generator_py/movement_info_msgs/movement_info_msgs_s__rosidl_typesupport_introspection_c.cpython-310-x86_64-linux-gnu.so[0m
[5.061s] [100%] [32m[1mLinking C shared library rosidl_generator_py/movement_info_msgs/movement_info_msgs_s__rosidl_typesupport_c.cpython-310-x86_64-linux-gnu.so[0m
[5.118s] [100%] Built target movement_info_msgs__rosidl_typesupport_fastrtps_c__pyext
[5.118s] [100%] Built target movement_info_msgs__rosidl_typesupport_introspection_c__pyext
[5.118s] [100%] Built target movement_info_msgs__rosidl_typesupport_c__pyext
[5.136s] Invoked command in '/home/kargla/robot_movement/build/movement_info_msgs' returned '0': CMAKE_PREFIX_PATH=${CMAKE_PREFIX_PATH}:/opt/ros/humble /usr/bin/cmake --build /home/kargla/robot_movement/build/movement_info_msgs -- -j12 -l12
[5.152s] Invoking command in '/home/kargla/robot_movement/build/movement_info_msgs': CMAKE_PREFIX_PATH=${CMAKE_PREFIX_PATH}:/opt/ros/humble /usr/bin/cmake --install /home/kargla/robot_movement/build/movement_info_msgs
[5.160s] -- Install configuration: ""
[5.160s] -- Installing: /home/kargla/robot_movement/install/movement_info_msgs/share/ament_index/resource_index/rosidl_interfaces/movement_info_msgs
[5.161s] -- Installing: /home/kargla/robot_movement/install/movement_info_msgs/include/movement_info_msgs/movement_info_msgs
[5.161s] -- Installing: /home/kargla/robot_movement/install/movement_info_msgs/include/movement_info_msgs/movement_info_msgs/msg
[5.161s] -- Installing: /home/kargla/robot_movement/install/movement_info_msgs/include/movement_info_msgs/movement_info_msgs/msg/rosidl_generator_c__visibility_control.h
[5.161s] -- Installing: /home/kargla/robot_movement/install/movement_info_msgs/include/movement_info_msgs/movement_info_msgs/msg/detail
[5.162s] -- Installing: /home/kargla/robot_movement/install/movement_info_msgs/include/movement_info_msgs/movement_info_msgs/msg/detail/movement_info__struct.h
[5.162s] -- Installing: /home/kargla/robot_movement/install/movement_info_msgs/include/movement_info_msgs/movement_info_msgs/msg/detail/movement_info__type_support.h
[5.162s] -- Installing: /home/kargla/robot_movement/install/movement_info_msgs/include/movement_info_msgs/movement_info_msgs/msg/detail/movement_info__functions.c
[5.162s] -- Installing: /home/kargla/robot_movement/install/movement_info_msgs/include/movement_info_msgs/movement_info_msgs/msg/detail/movement_info__functions.h
[5.162s] -- Installing: /home/kargla/robot_movement/install/movement_info_msgs/include/movement_info_msgs/movement_info_msgs/msg/movement_info.h
[5.163s] -- Installing: /home/kargla/robot_movement/install/movement_info_msgs/share/movement_info_msgs/environment/library_path.sh
[5.163s] -- Installing: /home/kargla/robot_movement/install/movement_info_msgs/share/movement_info_msgs/environment/library_path.dsv
[5.163s] -- Installing: /home/kargla/robot_movement/install/movement_info_msgs/lib/libmovement_info_msgs__rosidl_generator_c.so
[5.163s] -- Set runtime path of "/home/kargla/robot_movement/install/movement_info_msgs/lib/libmovement_info_msgs__rosidl_generator_c.so" to ""
[5.163s] -- Up-to-date: /home/kargla/robot_movement/install/movement_info_msgs/include/movement_info_msgs/movement_info_msgs
[5.163s] -- Up-to-date: /home/kargla/robot_movement/install/movement_info_msgs/include/movement_info_msgs/movement_info_msgs/msg
[5.163s] -- Installing: /home/kargla/robot_movement/install/movement_info_msgs/include/movement_info_msgs/movement_info_msgs/msg/rosidl_typesupport_fastrtps_c__visibility_control.h
[5.163s] -- Up-to-date: /home/kargla/robot_movement/install/movement_info_msgs/include/movement_info_msgs/movement_info_msgs/msg/detail
[5.163s] -- Installing: /home/kargla/robot_movement/install/movement_info_msgs/include/movement_info_msgs/movement_info_msgs/msg/detail/movement_info__rosidl_typesupport_fastrtps_c.h
[5.163s] -- Installing: /home/kargla/robot_movement/install/movement_info_msgs/lib/libmovement_info_msgs__rosidl_typesupport_fastrtps_c.so
[5.167s] -- Set runtime path of "/home/kargla/robot_movement/install/movement_info_msgs/lib/libmovement_info_msgs__rosidl_typesupport_fastrtps_c.so" to ""
[5.167s] -- Up-to-date: /home/kargla/robot_movement/install/movement_info_msgs/include/movement_info_msgs/movement_info_msgs
[5.167s] -- Up-to-date: /home/kargla/robot_movement/install/movement_info_msgs/include/movement_info_msgs/movement_info_msgs/msg
[5.167s] -- Installing: /home/kargla/robot_movement/install/movement_info_msgs/include/movement_info_msgs/movement_info_msgs/msg/rosidl_typesupport_introspection_c__visibility_control.h
[5.167s] -- Up-to-date: /home/kargla/robot_movement/install/movement_info_msgs/include/movement_info_msgs/movement_info_msgs/msg/detail
[5.167s] -- Installing: /home/kargla/robot_movement/install/movement_info_msgs/include/movement_info_msgs/movement_info_msgs/msg/detail/movement_info__rosidl_typesupport_introspection_c.h
[5.167s] -- Installing: /home/kargla/robot_movement/install/movement_info_msgs/include/movement_info_msgs/movement_info_msgs/msg/detail/movement_info__type_support.c
[5.167s] -- Installing: /home/kargla/robot_movement/install/movement_info_msgs/lib/libmovement_info_msgs__rosidl_typesupport_introspection_c.so
[5.167s] -- Set runtime path of "/home/kargla/robot_movement/install/movement_info_msgs/lib/libmovement_info_msgs__rosidl_typesupport_introspection_c.so" to ""
[5.167s] -- Installing: /home/kargla/robot_movement/install/movement_info_msgs/lib/libmovement_info_msgs__rosidl_typesupport_c.so
[5.168s] -- Set runtime path of "/home/kargla/robot_movement/install/movement_info_msgs/lib/libmovement_info_msgs__rosidl_typesupport_c.so" to ""
[5.168s] -- Up-to-date: /home/kargla/robot_movement/install/movement_info_msgs/include/movement_info_msgs/movement_info_msgs
[5.168s] -- Up-to-date: /home/kargla/robot_movement/install/movement_info_msgs/include/movement_info_msgs/movement_info_msgs/msg
[5.168s] -- Installing: /home/kargla/robot_movement/install/movement_info_msgs/include/movement_info_msgs/movement_info_msgs/msg/rosidl_generator_cpp__visibility_control.hpp
[5.168s] -- Up-to-date: /home/kargla/robot_movement/install/movement_info_msgs/include/movement_info_msgs/movement_info_msgs/msg/detail
[5.168s] -- Installing: /home/kargla/robot_movement/install/movement_info_msgs/include/movement_info_msgs/movement_info_msgs/msg/detail/movement_info__traits.hpp
[5.168s] -- Installing: /home/kargla/robot_movement/install/movement_info_msgs/include/movement_info_msgs/movement_info_msgs/msg/detail/movement_info__struct.hpp
[5.168s] -- Installing: /home/kargla/robot_movement/install/movement_info_msgs/include/movement_info_msgs/movement_info_msgs/msg/detail/movement_info__type_support.hpp
[5.168s] -- Installing: /home/kargla/robot_movement/install/movement_info_msgs/include/movement_info_msgs/movement_info_msgs/msg/detail/movement_info__builder.hpp
[5.168s] -- Installing: /home/kargla/robot_movement/install/movement_info_msgs/include/movement_info_msgs/movement_info_msgs/msg/movement_info.hpp
[5.168s] -- Up-to-date: /home/kargla/robot_movement/install/movement_info_msgs/include/movement_info_msgs/movement_info_msgs
[5.169s] -- Up-to-date: /home/kargla/robot_movement/install/movement_info_msgs/include/movement_info_msgs/movement_info_msgs/msg
[5.169s] -- Up-to-date: /home/kargla/robot_movement/install/movement_info_msgs/include/movement_info_msgs/movement_info_msgs/msg/detail
[5.169s] -- Installing: /home/kargla/robot_movement/install/movement_info_msgs/include/movement_info_msgs/movement_info_msgs/msg/detail/movement_info__rosidl_typesupport_fastrtps_cpp.hpp
[5.169s] -- Installing: /home/kargla/robot_movement/install/movement_info_msgs/include/movement_info_msgs/movement_info_msgs/msg/detail/dds_fastrtps
[5.169s] -- Installing: /home/kargla/robot_movement/install/movement_info_msgs/include/movement_info_msgs/movement_info_msgs/msg/rosidl_typesupport_fastrtps_cpp__visibility_control.h
[5.169s] -- Installing: /home/kargla/robot_movement/install/movement_info_msgs/lib/libmovement_info_msgs__rosidl_typesupport_fastrtps_cpp.so
[5.169s] -- Set runtime path of "/home/kargla/robot_movement/install/movement_info_msgs/lib/libmovement_info_msgs__rosidl_typesupport_fastrtps_cpp.so" to ""
[5.169s] -- Up-to-date: /home/kargla/robot_movement/install/movement_info_msgs/include/movement_info_msgs/movement_info_msgs
[5.169s] -- Up-to-date: /home/kargla/robot_movement/install/movement_info_msgs/include/movement_info_msgs/movement_info_msgs/msg
[5.169s] -- Up-to-date: /home/kargla/robot_movement/install/movement_info_msgs/include/movement_info_msgs/movement_info_msgs/msg/detail
[5.169s] -- Installing: /home/kargla/robot_movement/install/movement_info_msgs/include/movement_info_msgs/movement_info_msgs/msg/detail/movement_info__rosidl_typesupport_introspection_cpp.hpp
[5.170s] -- Installing: /home/kargla/robot_movement/install/movement_info_msgs/include/movement_info_msgs/movement_info_msgs/msg/detail/movement_info__type_support.cpp
[5.170s] -- Installing: /home/kargla/robot_movement/install/movement_info_msgs/lib/libmovement_info_msgs__rosidl_typesupport_introspection_cpp.so
[5.170s] -- Set runtime path of "/home/kargla/robot_movement/install/movement_info_msgs/lib/libmovement_info_msgs__rosidl_typesupport_introspection_cpp.so" to ""
[5.170s] -- Installing: /home/kargla/robot_movement/install/movement_info_msgs/lib/libmovement_info_msgs__rosidl_typesupport_cpp.so
[5.170s] -- Set runtime path of "/home/kargla/robot_movement/install/movement_info_msgs/lib/libmovement_info_msgs__rosidl_typesupport_cpp.so" to ""
[5.170s] -- Installing: /home/kargla/robot_movement/install/movement_info_msgs/share/movement_info_msgs/environment/pythonpath.sh
[5.170s] -- Installing: /home/kargla/robot_movement/install/movement_info_msgs/share/movement_info_msgs/environment/pythonpath.dsv
[5.170s] -- Installing: /home/kargla/robot_movement/install/movement_info_msgs/local/lib/python3.10/dist-packages/movement_info_msgs-0.0.0-py3.10.egg-info
[5.170s] -- Installing: /home/kargla/robot_movement/install/movement_info_msgs/local/lib/python3.10/dist-packages/movement_info_msgs-0.0.0-py3.10.egg-info/SOURCES.txt
[5.170s] -- Installing: /home/kargla/robot_movement/install/movement_info_msgs/local/lib/python3.10/dist-packages/movement_info_msgs-0.0.0-py3.10.egg-info/top_level.txt
[5.171s] -- Installing: /home/kargla/robot_movement/install/movement_info_msgs/local/lib/python3.10/dist-packages/movement_info_msgs-0.0.0-py3.10.egg-info/dependency_links.txt
[5.171s] -- Installing: /home/kargla/robot_movement/install/movement_info_msgs/local/lib/python3.10/dist-packages/movement_info_msgs-0.0.0-py3.10.egg-info/PKG-INFO
[5.171s] -- Installing: /home/kargla/robot_movement/install/movement_info_msgs/local/lib/python3.10/dist-packages/movement_info_msgs
[5.171s] -- Installing: /home/kargla/robot_movement/install/movement_info_msgs/local/lib/python3.10/dist-packages/movement_info_msgs/movement_info_msgs_s__rosidl_typesupport_c.cpython-310-x86_64-linux-gnu.so
[5.171s] -- Installing: /home/kargla/robot_movement/install/movement_info_msgs/local/lib/python3.10/dist-packages/movement_info_msgs/msg
[5.171s] -- Installing: /home/kargla/robot_movement/install/movement_info_msgs/local/lib/python3.10/dist-packages/movement_info_msgs/msg/_movement_info_s.c
[5.171s] -- Installing: /home/kargla/robot_movement/install/movement_info_msgs/local/lib/python3.10/dist-packages/movement_info_msgs/msg/_movement_info.py
[5.171s] -- Installing: /home/kargla/robot_movement/install/movement_info_msgs/local/lib/python3.10/dist-packages/movement_info_msgs/msg/__init__.py
[5.171s] -- Installing: /home/kargla/robot_movement/install/movement_info_msgs/local/lib/python3.10/dist-packages/movement_info_msgs/__init__.py
[5.172s] -- Installing: /home/kargla/robot_movement/install/movement_info_msgs/local/lib/python3.10/dist-packages/movement_info_msgs/movement_info_msgs_s__rosidl_typesupport_fastrtps_c.cpython-310-x86_64-linux-gnu.so
[5.172s] -- Installing: /home/kargla/robot_movement/install/movement_info_msgs/local/lib/python3.10/dist-packages/movement_info_msgs/_movement_info_msgs_s.ep.rosidl_typesupport_introspection_c.c
[5.172s] -- Installing: /home/kargla/robot_movement/install/movement_info_msgs/local/lib/python3.10/dist-packages/movement_info_msgs/_movement_info_msgs_s.ep.rosidl_typesupport_fastrtps_c.c
[5.172s] -- Installing: /home/kargla/robot_movement/install/movement_info_msgs/local/lib/python3.10/dist-packages/movement_info_msgs/movement_info_msgs_s__rosidl_typesupport_introspection_c.cpython-310-x86_64-linux-gnu.so
[5.172s] -- Installing: /home/kargla/robot_movement/install/movement_info_msgs/local/lib/python3.10/dist-packages/movement_info_msgs/libmovement_info_msgs__rosidl_generator_py.so
[5.172s] -- Installing: /home/kargla/robot_movement/install/movement_info_msgs/local/lib/python3.10/dist-packages/movement_info_msgs/_movement_info_msgs_s.ep.rosidl_typesupport_c.c
[5.213s] Listing '/home/kargla/robot_movement/install/movement_info_msgs/local/lib/python3.10/dist-packages/movement_info_msgs'...
[5.213s] Compiling '/home/kargla/robot_movement/install/movement_info_msgs/local/lib/python3.10/dist-packages/movement_info_msgs/__init__.py'...
[5.214s] Listing '/home/kargla/robot_movement/install/movement_info_msgs/local/lib/python3.10/dist-packages/movement_info_msgs/msg'...
[5.214s] Compiling '/home/kargla/robot_movement/install/movement_info_msgs/local/lib/python3.10/dist-packages/movement_info_msgs/msg/__init__.py'...
[5.214s] Compiling '/home/kargla/robot_movement/install/movement_info_msgs/local/lib/python3.10/dist-packages/movement_info_msgs/msg/_movement_info.py'...
[5.223s] -- Installing: /home/kargla/robot_movement/install/movement_info_msgs/local/lib/python3.10/dist-packages/movement_info_msgs/movement_info_msgs_s__rosidl_typesupport_fastrtps_c.cpython-310-x86_64-linux-gnu.so
[5.223s] -- Set runtime path of "/home/kargla/robot_movement/install/movement_info_msgs/local/lib/python3.10/dist-packages/movement_info_msgs/movement_info_msgs_s__rosidl_typesupport_fastrtps_c.cpython-310-x86_64-linux-gnu.so" to ""
[5.223s] -- Installing: /home/kargla/robot_movement/install/movement_info_msgs/local/lib/python3.10/dist-packages/movement_info_msgs/movement_info_msgs_s__rosidl_typesupport_introspection_c.cpython-310-x86_64-linux-gnu.so
[5.223s] -- Set runtime path of "/home/kargla/robot_movement/install/movement_info_msgs/local/lib/python3.10/dist-packages/movement_info_msgs/movement_info_msgs_s__rosidl_typesupport_introspection_c.cpython-310-x86_64-linux-gnu.so" to ""
[5.223s] -- Installing: /home/kargla/robot_movement/install/movement_info_msgs/local/lib/python3.10/dist-packages/movement_info_msgs/movement_info_msgs_s__rosidl_typesupport_c.cpython-310-x86_64-linux-gnu.so
[5.223s] -- Set runtime path of "/home/kargla/robot_movement/install/movement_info_msgs/local/lib/python3.10/dist-packages/movement_info_msgs/movement_info_msgs_s__rosidl_typesupport_c.cpython-310-x86_64-linux-gnu.so" to ""
[5.223s] -- Installing: /home/kargla/robot_movement/install/movement_info_msgs/lib/libmovement_info_msgs__rosidl_generator_py.so
[5.223s] -- Set runtime path of "/home/kargla/robot_movement/install/movement_info_msgs/lib/libmovement_info_msgs__rosidl_generator_py.so" to ""
[5.224s] -- Installing: /home/kargla/robot_movement/install/movement_info_msgs/share/movement_info_msgs/msg/MovementInfo.idl
[5.224s] -- Installing: /home/kargla/robot_movement/install/movement_info_msgs/share/movement_info_msgs/msg/MovementInfo.msg
[5.224s] -- Installing: /home/kargla/robot_movement/install/movement_info_msgs/share/ament_index/resource_index/package_run_dependencies/movement_info_msgs
[5.224s] -- Installing: /home/kargla/robot_movement/install/movement_info_msgs/share/ament_index/resource_index/parent_prefix_path/movement_info_msgs
[5.225s] -- Installing: /home/kargla/robot_movement/install/movement_info_msgs/share/movement_info_msgs/environment/ament_prefix_path.sh
[5.225s] -- Installing: /home/kargla/robot_movement/install/movement_info_msgs/share/movement_info_msgs/environment/ament_prefix_path.dsv
[5.225s] -- Installing: /home/kargla/robot_movement/install/movement_info_msgs/share/movement_info_msgs/environment/path.sh
[5.225s] -- Installing: /home/kargla/robot_movement/install/movement_info_msgs/share/movement_info_msgs/environment/path.dsv
[5.226s] -- Installing: /home/kargla/robot_movement/install/movement_info_msgs/share/movement_info_msgs/local_setup.bash
[5.226s] -- Installing: /home/kargla/robot_movement/install/movement_info_msgs/share/movement_info_msgs/local_setup.sh
[5.226s] -- Installing: /home/kargla/robot_movement/install/movement_info_msgs/share/movement_info_msgs/local_setup.zsh
[5.226s] -- Installing: /home/kargla/robot_movement/install/movement_info_msgs/share/movement_info_msgs/local_setup.dsv
[5.226s] -- Installing: /home/kargla/robot_movement/install/movement_info_msgs/share/movement_info_msgs/package.dsv
[5.227s] -- Installing: /home/kargla/robot_movement/install/movement_info_msgs/share/ament_index/resource_index/packages/movement_info_msgs
[5.227s] -- Installing: /home/kargla/robot_movement/install/movement_info_msgs/share/movement_info_msgs/cmake/export_movement_info_msgs__rosidl_generator_cExport.cmake
[5.227s] -- Installing: /home/kargla/robot_movement/install/movement_info_msgs/share/movement_info_msgs/cmake/export_movement_info_msgs__rosidl_generator_cExport-noconfig.cmake
[5.227s] -- Installing: /home/kargla/robot_movement/install/movement_info_msgs/share/movement_info_msgs/cmake/export_movement_info_msgs__rosidl_typesupport_fastrtps_cExport.cmake
[5.228s] -- Installing: /home/kargla/robot_movement/install/movement_info_msgs/share/movement_info_msgs/cmake/export_movement_info_msgs__rosidl_typesupport_fastrtps_cExport-noconfig.cmake
[5.228s] -- Installing: /home/kargla/robot_movement/install/movement_info_msgs/share/movement_info_msgs/cmake/movement_info_msgs__rosidl_typesupport_introspection_cExport.cmake
[5.228s] -- Installing: /home/kargla/robot_movement/install/movement_info_msgs/share/movement_info_msgs/cmake/movement_info_msgs__rosidl_typesupport_introspection_cExport-noconfig.cmake
[5.228s] -- Installing: /home/kargla/robot_movement/install/movement_info_msgs/share/movement_info_msgs/cmake/movement_info_msgs__rosidl_typesupport_cExport.cmake
[5.229s] -- Installing: /home/kargla/robot_movement/install/movement_info_msgs/share/movement_info_msgs/cmake/movement_info_msgs__rosidl_typesupport_cExport-noconfig.cmake
[5.229s] -- Installing: /home/kargla/robot_movement/install/movement_info_msgs/share/movement_info_msgs/cmake/export_movement_info_msgs__rosidl_generator_cppExport.cmake
[5.229s] -- Installing: /home/kargla/robot_movement/install/movement_info_msgs/share/movement_info_msgs/cmake/export_movement_info_msgs__rosidl_typesupport_fastrtps_cppExport.cmake
[5.229s] -- Installing: /home/kargla/robot_movement/install/movement_info_msgs/share/movement_info_msgs/cmake/export_movement_info_msgs__rosidl_typesupport_fastrtps_cppExport-noconfig.cmake
[5.229s] -- Installing: /home/kargla/robot_movement/install/movement_info_msgs/share/movement_info_msgs/cmake/movement_info_msgs__rosidl_typesupport_introspection_cppExport.cmake
[5.230s] -- Installing: /home/kargla/robot_movement/install/movement_info_msgs/share/movement_info_msgs/cmake/movement_info_msgs__rosidl_typesupport_introspection_cppExport-noconfig.cmake
[5.230s] -- Installing: /home/kargla/robot_movement/install/movement_info_msgs/share/movement_info_msgs/cmake/movement_info_msgs__rosidl_typesupport_cppExport.cmake
[5.230s] -- Installing: /home/kargla/robot_movement/install/movement_info_msgs/share/movement_info_msgs/cmake/movement_info_msgs__rosidl_typesupport_cppExport-noconfig.cmake
[5.234s] -- Installing: /home/kargla/robot_movement/install/movement_info_msgs/share/movement_info_msgs/cmake/export_movement_info_msgs__rosidl_generator_pyExport.cmake
[5.234s] -- Installing: /home/kargla/robot_movement/install/movement_info_msgs/share/movement_info_msgs/cmake/export_movement_info_msgs__rosidl_generator_pyExport-noconfig.cmake
[5.234s] -- Installing: /home/kargla/robot_movement/install/movement_info_msgs/share/movement_info_msgs/cmake/rosidl_cmake-extras.cmake
[5.234s] -- Installing: /home/kargla/robot_movement/install/movement_info_msgs/share/movement_info_msgs/cmake/ament_cmake_export_include_directories-extras.cmake
[5.234s] -- Installing: /home/kargla/robot_movement/install/movement_info_msgs/share/movement_info_msgs/cmake/ament_cmake_export_libraries-extras.cmake
[5.234s] -- Installing: /home/kargla/robot_movement/install/movement_info_msgs/share/movement_info_msgs/cmake/ament_cmake_export_targets-extras.cmake
[5.234s] -- Installing: /home/kargla/robot_movement/install/movement_info_msgs/share/movement_info_msgs/cmake/rosidl_cmake_export_typesupport_targets-extras.cmake
[5.234s] -- Installing: /home/kargla/robot_movement/install/movement_info_msgs/share/movement_info_msgs/cmake/ament_cmake_export_dependencies-extras.cmake
[5.234s] -- Installing: /home/kargla/robot_movement/install/movement_info_msgs/share/movement_info_msgs/cmake/rosidl_cmake_export_typesupport_libraries-extras.cmake
[5.235s] -- Installing: /home/kargla/robot_movement/install/movement_info_msgs/share/movement_info_msgs/cmake/movement_info_msgsConfig.cmake
[5.235s] -- Installing: /home/kargla/robot_movement/install/movement_info_msgs/share/movement_info_msgs/cmake/movement_info_msgsConfig-version.cmake
[5.235s] -- Installing: /home/kargla/robot_movement/install/movement_info_msgs/share/movement_info_msgs/package.xml
[5.240s] Invoked command in '/home/kargla/robot_movement/build/movement_info_msgs' returned '0': CMAKE_PREFIX_PATH=${CMAKE_PREFIX_PATH}:/opt/ros/humble /usr/bin/cmake --install /home/kargla/robot_movement/build/movement_info_msgs
