[0.015s] Invoking command in '/home/kargla/robot_movement/build/movement_info': CMAKE_PREFIX_PATH=${CMAKE_PREFIX_PATH}:/opt/ros/humble /usr/bin/cmake --build /home/kargla/robot_movement/build/movement_info -- -j12 -l12
[0.070s] [35m[1mConsolidate compiler generated dependencies of target movement_info_library[0m
[0.071s] [35m[1mConsolidate compiler generated dependencies of target movement[0m
[0.085s] [ 10%] Built target gtest_main
[0.096s] [ 40%] Built target gtest
[0.096s] [ 40%] Built target gmock_main
[0.096s] [ 45%] Built target gmock
[0.107s] [ 50%] [32mBuilding CXX object CMakeFiles/movement.dir/src/movement.cpp.o[0m
[0.112s] [ 55%] [32mBuilding CXX object CMakeFiles/movement.dir/src/main.cpp.o[0m
[0.116s] [ 60%] [32mBuilding CXX object CMakeFiles/movement_info_library.dir/src/movement.cpp.o[0m
[11.211s] [ 65%] [32m[1mLinking CXX executable movement[0m
[11.275s] [ 70%] [32m[1mLinking CXX static library libmovement_info_library.a[0m
[11.542s] [ 75%] Built target movement_info_library
[11.563s] [35m[1mConsolidate compiler generated dependencies of target movement_info_movement_gtest[0m
[11.563s] [35m[1mConsolidate compiler generated dependencies of target movement_info_movement_gmock[0m
[11.589s] [ 80%] [32mBuilding CXX object CMakeFiles/movement_info_movement_gtest.dir/test/movement_test.cpp.o[0m
[11.591s] [ 85%] [32mBuilding CXX object CMakeFiles/movement_info_movement_gmock.dir/test/movement_test.cpp.o[0m
[12.123s] [ 90%] Built target movement
[16.333s] [ 95%] [32m[1mLinking CXX executable movement_info_movement_gtest[0m
[16.510s] [100%] [32m[1mLinking CXX executable movement_info_movement_gmock[0m
[17.344s] [100%] Built target movement_info_movement_gtest
[17.534s] [100%] Built target movement_info_movement_gmock
[17.548s] Invoked command in '/home/kargla/robot_movement/build/movement_info' returned '0': CMAKE_PREFIX_PATH=${CMAKE_PREFIX_PATH}:/opt/ros/humble /usr/bin/cmake --build /home/kargla/robot_movement/build/movement_info -- -j12 -l12
[17.550s] Invoking command in '/home/kargla/robot_movement/build/movement_info': CMAKE_PREFIX_PATH=${CMAKE_PREFIX_PATH}:/opt/ros/humble /usr/bin/cmake --install /home/kargla/robot_movement/build/movement_info
[17.558s] -- Install configuration: ""
[17.558s] -- Up-to-date: /home/kargla/robot_movement/install/movement_info/share/movement_info/config
[17.558s] -- Up-to-date: /home/kargla/robot_movement/install/movement_info/share/movement_info/config/params.yaml
[17.558s] -- Up-to-date: /home/kargla/robot_movement/install/movement_info/include
[17.558s] -- Up-to-date: /home/kargla/robot_movement/install/movement_info/include/movement_info
[17.558s] -- Up-to-date: /home/kargla/robot_movement/install/movement_info/include/movement_info/MockPublisher.hpp
[17.558s] -- Installing: /home/kargla/robot_movement/install/movement_info/include/movement_info/movement.hpp
[17.559s] -- Up-to-date: /home/kargla/robot_movement/install/movement_info/include/movement_info/movement_interface.hpp
[17.559s] -- Installing: /home/kargla/robot_movement/install/movement_info/lib/movement_info/movement
[17.566s] -- Set runtime path of "/home/kargla/robot_movement/install/movement_info/lib/movement_info/movement" to ""
[17.566s] -- Up-to-date: /home/kargla/robot_movement/install/movement_info/share/ament_index/resource_index/package_run_dependencies/movement_info
[17.567s] -- Up-to-date: /home/kargla/robot_movement/install/movement_info/share/ament_index/resource_index/parent_prefix_path/movement_info
[17.567s] -- Up-to-date: /home/kargla/robot_movement/install/movement_info/share/movement_info/environment/ament_prefix_path.sh
[17.567s] -- Up-to-date: /home/kargla/robot_movement/install/movement_info/share/movement_info/environment/ament_prefix_path.dsv
[17.567s] -- Up-to-date: /home/kargla/robot_movement/install/movement_info/share/movement_info/environment/path.sh
[17.567s] -- Up-to-date: /home/kargla/robot_movement/install/movement_info/share/movement_info/environment/path.dsv
[17.567s] -- Up-to-date: /home/kargla/robot_movement/install/movement_info/share/movement_info/local_setup.bash
[17.567s] -- Up-to-date: /home/kargla/robot_movement/install/movement_info/share/movement_info/local_setup.sh
[17.567s] -- Up-to-date: /home/kargla/robot_movement/install/movement_info/share/movement_info/local_setup.zsh
[17.567s] -- Up-to-date: /home/kargla/robot_movement/install/movement_info/share/movement_info/local_setup.dsv
[17.567s] -- Installing: /home/kargla/robot_movement/install/movement_info/share/movement_info/package.dsv
[17.567s] -- Up-to-date: /home/kargla/robot_movement/install/movement_info/share/ament_index/resource_index/packages/movement_info
[17.567s] -- Up-to-date: /home/kargla/robot_movement/install/movement_info/share/movement_info/cmake/movement_infoConfig.cmake
[17.567s] -- Up-to-date: /home/kargla/robot_movement/install/movement_info/share/movement_info/cmake/movement_infoConfig-version.cmake
[17.567s] -- Up-to-date: /home/kargla/robot_movement/install/movement_info/share/movement_info/package.xml
[17.570s] Invoked command in '/home/kargla/robot_movement/build/movement_info' returned '0': CMAKE_PREFIX_PATH=${CMAKE_PREFIX_PATH}:/opt/ros/humble /usr/bin/cmake --install /home/kargla/robot_movement/build/movement_info
