[0.021s] Invoking command in '/home/kargla/robot_movement/build/movement_info': CMAKE_PREFIX_PATH=${CMAKE_PREFIX_PATH}:/opt/ros/humble /usr/bin/cmake --build /home/kargla/robot_movement/build/movement_info -- -j12 -l12
[0.122s] [ 10%] Built target gtest_main
[0.126s] [ 20%] Built target gmock_main
[0.131s] [ 50%] Built target movement
[0.132s] [ 55%] Built target gmock
[0.135s] [ 65%] Built target gtest
[0.144s] [ 80%] Built target movement_info_library
[0.169s] [35m[1mConsolidate compiler generated dependencies of target movement_info_movement_gtest[0m
[0.170s] [35m[1mConsolidate compiler generated dependencies of target movement_info_movement_gmock[0m
[0.210s] [ 90%] [32mBuilding CXX object CMakeFiles/movement_info_movement_gmock.dir/test/movement_test.cpp.o[0m
[0.210s] [ 90%] [32mBuilding CXX object CMakeFiles/movement_info_movement_gtest.dir/test/movement_test.cpp.o[0m
[5.896s] [ 95%] [32m[1mLinking CXX executable movement_info_movement_gtest[0m
[5.916s] [100%] [32m[1mLinking CXX executable movement_info_movement_gmock[0m
[7.228s] [100%] Built target movement_info_movement_gtest
[7.228s] [100%] Built target movement_info_movement_gmock
[7.248s] Invoked command in '/home/kargla/robot_movement/build/movement_info' returned '0': CMAKE_PREFIX_PATH=${CMAKE_PREFIX_PATH}:/opt/ros/humble /usr/bin/cmake --build /home/kargla/robot_movement/build/movement_info -- -j12 -l12
[7.256s] Invoking command in '/home/kargla/robot_movement/build/movement_info': CMAKE_PREFIX_PATH=${CMAKE_PREFIX_PATH}:/opt/ros/humble /usr/bin/cmake --install /home/kargla/robot_movement/build/movement_info
[7.263s] -- Install configuration: ""
[7.263s] -- Up-to-date: /home/kargla/robot_movement/install/movement_info/share/movement_info/config
[7.263s] -- Up-to-date: /home/kargla/robot_movement/install/movement_info/share/movement_info/config/params.yaml
[7.263s] -- Up-to-date: /home/kargla/robot_movement/install/movement_info/include
[7.264s] -- Up-to-date: /home/kargla/robot_movement/install/movement_info/include/movement_info
[7.264s] -- Up-to-date: /home/kargla/robot_movement/install/movement_info/include/movement_info/MockPublisher.hpp
[7.264s] -- Up-to-date: /home/kargla/robot_movement/install/movement_info/include/movement_info/movement.hpp
[7.264s] -- Up-to-date: /home/kargla/robot_movement/install/movement_info/include/movement_info/movement_interface.hpp
[7.264s] -- Up-to-date: /home/kargla/robot_movement/install/movement_info/lib/movement_info/movement
[7.264s] -- Up-to-date: /home/kargla/robot_movement/install/movement_info/share/ament_index/resource_index/package_run_dependencies/movement_info
[7.264s] -- Up-to-date: /home/kargla/robot_movement/install/movement_info/share/ament_index/resource_index/parent_prefix_path/movement_info
[7.265s] -- Up-to-date: /home/kargla/robot_movement/install/movement_info/share/movement_info/environment/ament_prefix_path.sh
[7.265s] -- Up-to-date: /home/kargla/robot_movement/install/movement_info/share/movement_info/environment/ament_prefix_path.dsv
[7.265s] -- Up-to-date: /home/kargla/robot_movement/install/movement_info/share/movement_info/environment/path.sh
[7.265s] -- Up-to-date: /home/kargla/robot_movement/install/movement_info/share/movement_info/environment/path.dsv
[7.265s] -- Up-to-date: /home/kargla/robot_movement/install/movement_info/share/movement_info/local_setup.bash
[7.266s] -- Up-to-date: /home/kargla/robot_movement/install/movement_info/share/movement_info/local_setup.sh
[7.266s] -- Up-to-date: /home/kargla/robot_movement/install/movement_info/share/movement_info/local_setup.zsh
[7.266s] -- Up-to-date: /home/kargla/robot_movement/install/movement_info/share/movement_info/local_setup.dsv
[7.266s] -- Installing: /home/kargla/robot_movement/install/movement_info/share/movement_info/package.dsv
[7.266s] -- Up-to-date: /home/kargla/robot_movement/install/movement_info/share/ament_index/resource_index/packages/movement_info
[7.267s] -- Up-to-date: /home/kargla/robot_movement/install/movement_info/share/movement_info/cmake/movement_infoConfig.cmake
[7.267s] -- Up-to-date: /home/kargla/robot_movement/install/movement_info/share/movement_info/cmake/movement_infoConfig-version.cmake
[7.267s] -- Up-to-date: /home/kargla/robot_movement/install/movement_info/share/movement_info/package.xml
[7.271s] Invoked command in '/home/kargla/robot_movement/build/movement_info' returned '0': CMAKE_PREFIX_PATH=${CMAKE_PREFIX_PATH}:/opt/ros/humble /usr/bin/cmake --install /home/kargla/robot_movement/build/movement_info
