[0.015s] Invoking command in '/home/kargla/robot_movement/build/movement_info': CMAKE_PREFIX_PATH=${CMAKE_PREFIX_PATH}:/opt/ros/humble /usr/bin/cmake /home/kargla/robot_movement/src/movement_info -DCMAKE_INSTALL_PREFIX=/home/kargla/robot_movement/install/movement_info
[0.029s] -- Found ament_cmake: 1.3.11 (/opt/ros/humble/share/ament_cmake/cmake)
[0.191s] -- Found rosidl_default_generators: 1.2.0 (/opt/ros/humble/share/rosidl_default_generators/cmake)
[0.193s] -- Using all available rosidl_typesupport_c: rosidl_typesupport_fastrtps_c;rosidl_typesupport_introspection_c
[0.196s] -- Found rosidl_adapter: 3.1.6 (/opt/ros/humble/share/rosidl_adapter/cmake)
[0.229s] -- Using all available rosidl_typesupport_cpp: rosidl_typesupport_fastrtps_cpp;rosidl_typesupport_introspection_cpp
[0.265s] -- Found movement_info_msgs: 0.0.0 (/home/kargla/robot_movement/install/movement_info_msgs/share/movement_info_msgs/cmake)
[0.275s] -- Found rclcpp: 16.0.11 (/opt/ros/humble/share/rclcpp/cmake)
[0.324s] -- Found rmw_implementation_cmake: 6.1.2 (/opt/ros/humble/share/rmw_implementation_cmake/cmake)
[0.327s] -- Found rmw_fastrtps_cpp: 6.2.7 (/opt/ros/humble/share/rmw_fastrtps_cpp/cmake)
[0.454s] -- Found OpenSSL: /usr/lib/x86_64-linux-gnu/libcrypto.so (found version "3.0.2")  
[0.489s] -- Found FastRTPS: /opt/ros/humble/include  
[0.542s] -- Using RMW implementation 'rmw_fastrtps_cpp' as default
[0.551s] -- Looking for pthread.h
[0.647s] -- Looking for pthread.h - found
[0.647s] -- Performing Test CMAKE_HAVE_LIBC_PTHREAD
[0.756s] -- Performing Test CMAKE_HAVE_LIBC_PTHREAD - Success
[0.757s] -- Found Threads: TRUE  
[0.803s] -- Found geometry_msgs: 4.2.4 (/opt/ros/humble/share/geometry_msgs/cmake)
[0.817s] -- Found nav_msgs: 4.2.4 (/opt/ros/humble/share/nav_msgs/cmake)
[0.834s] -- Found ament_cmake_gtest: 1.3.11 (/opt/ros/humble/share/ament_cmake_gtest/cmake)
[0.840s] -- Found ament_cmake_gmock: 1.3.11 (/opt/ros/humble/share/ament_cmake_gmock/cmake)
[0.842s] -- Found gtest sources under '/opt/ros/humble/src/gtest_vendor': C++ tests using 'Google Test' will be built
[0.848s] -- Found gmock sources under '/opt/ros/humble/src/gmock_vendor': C++ tests using 'Google Mock' will be built
[0.921s] -- Configuring done
[0.951s] -- Generating done
[0.962s] -- Build files have been written to: /home/kargla/robot_movement/build/movement_info
[0.975s] Invoked command in '/home/kargla/robot_movement/build/movement_info' returned '0': CMAKE_PREFIX_PATH=${CMAKE_PREFIX_PATH}:/opt/ros/humble /usr/bin/cmake /home/kargla/robot_movement/src/movement_info -DCMAKE_INSTALL_PREFIX=/home/kargla/robot_movement/install/movement_info
[0.978s] Invoking command in '/home/kargla/robot_movement/build/movement_info': CMAKE_PREFIX_PATH=${CMAKE_PREFIX_PATH}:/opt/ros/humble /usr/bin/cmake --build /home/kargla/robot_movement/build/movement_info -- -j12 -l12
[1.052s] [ 16%] [32mBuilding CXX object CMakeFiles/movement.dir/src/movement.cpp.o[0m
[1.052s] [ 16%] [32mBuilding CXX object gtest/CMakeFiles/gtest_main.dir/src/gtest_main.cc.o[0m
[1.052s] [ 16%] [32mBuilding CXX object CMakeFiles/movement_info_library.dir/src/movement.cpp.o[0m
[1.053s] [ 33%] [32mBuilding CXX object gtest/CMakeFiles/gtest.dir/src/gtest-all.cc.o[0m
[1.053s] [ 33%] [32mBuilding CXX object CMakeFiles/movement.dir/src/main.cpp.o[0m
[1.053s] [ 33%] [32mBuilding CXX object gmock/CMakeFiles/gmock.dir/src/gmock-all.cc.o[0m
[1.057s] [ 38%] [32mBuilding CXX object gmock/CMakeFiles/gmock_main.dir/src/gmock_main.cc.o[0m
[1.058s] [ 44%] [32mBuilding CXX object gmock/CMakeFiles/gmock.dir/opt/ros/humble/src/gtest_vendor/src/gtest-all.cc.o[0m
[2.500s] [ 50%] [32m[1mLinking CXX static library libgtest_main.a[0m
[2.560s] [ 50%] Built target gtest_main
[3.087s] [ 55%] [32m[1mLinking CXX static library libgmock_main.a[0m
[3.143s] [ 55%] Built target gmock_main
[5.659s] [ 61%] [32m[1mLinking CXX static library libgmock.a[0m
[5.781s] [ 61%] Built target gmock
[6.244s] [ 66%] [32m[1mLinking CXX static library libgtest.a[0m
[6.328s] [ 66%] Built target gtest
[13.454s] [ 72%] [32m[1mLinking CXX static library libmovement_info_library.a[0m
[13.725s] [ 72%] Built target movement_info_library
[13.751s] [ 77%] [32mBuilding CXX object CMakeFiles/movement_info_movement_gtest.dir/test/movement_test.cpp.o[0m
[13.751s] [ 83%] [32mBuilding CXX object CMakeFiles/movement_info_movement_gmock.dir/test/movement_test.cpp.o[0m
[13.868s] [ 88%] [32m[1mLinking CXX executable movement[0m
[14.737s] [ 88%] Built target movement
[17.858s] [ 94%] [32m[1mLinking CXX executable movement_info_movement_gmock[0m
[17.868s] [100%] [32m[1mLinking CXX executable movement_info_movement_gtest[0m
[18.080s] [100%] Built target movement_info_movement_gmock
[18.100s] [100%] Built target movement_info_movement_gtest
[18.115s] Invoked command in '/home/kargla/robot_movement/build/movement_info' returned '0': CMAKE_PREFIX_PATH=${CMAKE_PREFIX_PATH}:/opt/ros/humble /usr/bin/cmake --build /home/kargla/robot_movement/build/movement_info -- -j12 -l12
[18.117s] Invoking command in '/home/kargla/robot_movement/build/movement_info': CMAKE_PREFIX_PATH=${CMAKE_PREFIX_PATH}:/opt/ros/humble /usr/bin/cmake --install /home/kargla/robot_movement/build/movement_info
[18.124s] -- Install configuration: ""
[18.124s] -- Installing: /home/kargla/robot_movement/install/movement_info/share/movement_info/config
[18.125s] -- Installing: /home/kargla/robot_movement/install/movement_info/share/movement_info/config/params.yaml
[18.125s] -- Installing: /home/kargla/robot_movement/install/movement_info/include
[18.125s] -- Installing: /home/kargla/robot_movement/install/movement_info/include/movement_info
[18.125s] -- Installing: /home/kargla/robot_movement/install/movement_info/include/movement_info/movement.hpp
[18.125s] -- Installing: /home/kargla/robot_movement/install/movement_info/lib/movement_info/movement
[18.131s] -- Set runtime path of "/home/kargla/robot_movement/install/movement_info/lib/movement_info/movement" to ""
[18.132s] -- Installing: /home/kargla/robot_movement/install/movement_info/share/ament_index/resource_index/package_run_dependencies/movement_info
[18.132s] -- Installing: /home/kargla/robot_movement/install/movement_info/share/ament_index/resource_index/parent_prefix_path/movement_info
[18.132s] -- Installing: /home/kargla/robot_movement/install/movement_info/share/movement_info/environment/ament_prefix_path.sh
[18.132s] -- Installing: /home/kargla/robot_movement/install/movement_info/share/movement_info/environment/ament_prefix_path.dsv
[18.132s] -- Installing: /home/kargla/robot_movement/install/movement_info/share/movement_info/environment/path.sh
[18.133s] -- Installing: /home/kargla/robot_movement/install/movement_info/share/movement_info/environment/path.dsv
[18.133s] -- Installing: /home/kargla/robot_movement/install/movement_info/share/movement_info/local_setup.bash
[18.133s] -- Installing: /home/kargla/robot_movement/install/movement_info/share/movement_info/local_setup.sh
[18.133s] -- Installing: /home/kargla/robot_movement/install/movement_info/share/movement_info/local_setup.zsh
[18.133s] -- Installing: /home/kargla/robot_movement/install/movement_info/share/movement_info/local_setup.dsv
[18.134s] -- Installing: /home/kargla/robot_movement/install/movement_info/share/movement_info/package.dsv
[18.134s] -- Installing: /home/kargla/robot_movement/install/movement_info/share/ament_index/resource_index/packages/movement_info
[18.134s] -- Installing: /home/kargla/robot_movement/install/movement_info/share/movement_info/cmake/movement_infoConfig.cmake
[18.134s] -- Installing: /home/kargla/robot_movement/install/movement_info/share/movement_info/cmake/movement_infoConfig-version.cmake
[18.134s] -- Installing: /home/kargla/robot_movement/install/movement_info/share/movement_info/package.xml
[18.136s] Invoked command in '/home/kargla/robot_movement/build/movement_info' returned '0': CMAKE_PREFIX_PATH=${CMAKE_PREFIX_PATH}:/opt/ros/humble /usr/bin/cmake --install /home/kargla/robot_movement/build/movement_info
