[0.018s] Invoking command in '/home/kargla/robot_movement/build/movement_info': CMAKE_PREFIX_PATH=${CMAKE_PREFIX_PATH}:/opt/ros/humble /usr/bin/cmake --build /home/kargla/robot_movement/build/movement_info -- -j12 -l12
[0.104s] [ 11%] Built target gtest_main
[0.106s] [ 22%] Built target gtest
[0.108s] [ 50%] Built target gmock
[0.109s] [ 50%] Built target gmock_main
[0.109s] [ 61%] Built target movement_info_library
[0.111s] [ 77%] Built target movement
[0.130s] [35m[1mConsolidate compiler generated dependencies of target movement_info_movement_gmock[0m
[0.130s] [35m[1mConsolidate compiler generated dependencies of target movement_info_movement_gtest[0m
[0.165s] [ 83%] [32mBuilding CXX object CMakeFiles/movement_info_movement_gtest.dir/test/movement_test.cpp.o[0m
[0.166s] [ 88%] [32mBuilding CXX object CMakeFiles/movement_info_movement_gmock.dir/test/movement_test.cpp.o[0m
[4.740s] [ 94%] [32m[1mLinking CXX executable movement_info_movement_gtest[0m
[4.880s] [100%] [32m[1mLinking CXX executable movement_info_movement_gmock[0m
[4.973s] [100%] Built target movement_info_movement_gtest
[5.109s] [100%] Built target movement_info_movement_gmock
[5.124s] Invoked command in '/home/kargla/robot_movement/build/movement_info' returned '0': CMAKE_PREFIX_PATH=${CMAKE_PREFIX_PATH}:/opt/ros/humble /usr/bin/cmake --build /home/kargla/robot_movement/build/movement_info -- -j12 -l12
[5.125s] Invoking command in '/home/kargla/robot_movement/build/movement_info': CMAKE_PREFIX_PATH=${CMAKE_PREFIX_PATH}:/opt/ros/humble /usr/bin/cmake --install /home/kargla/robot_movement/build/movement_info
[5.135s] -- Install configuration: ""
[5.135s] -- Up-to-date: /home/kargla/robot_movement/install/movement_info/share/movement_info/config
[5.136s] -- Up-to-date: /home/kargla/robot_movement/install/movement_info/share/movement_info/config/params.yaml
[5.136s] -- Up-to-date: /home/kargla/robot_movement/install/movement_info/include
[5.136s] -- Up-to-date: /home/kargla/robot_movement/install/movement_info/include/movement_info
[5.136s] -- Up-to-date: /home/kargla/robot_movement/install/movement_info/include/movement_info/movement.hpp
[5.136s] -- Up-to-date: /home/kargla/robot_movement/install/movement_info/lib/movement_info/movement
[5.136s] -- Up-to-date: /home/kargla/robot_movement/install/movement_info/share/ament_index/resource_index/package_run_dependencies/movement_info
[5.136s] -- Up-to-date: /home/kargla/robot_movement/install/movement_info/share/ament_index/resource_index/parent_prefix_path/movement_info
[5.136s] -- Up-to-date: /home/kargla/robot_movement/install/movement_info/share/movement_info/environment/ament_prefix_path.sh
[5.136s] -- Up-to-date: /home/kargla/robot_movement/install/movement_info/share/movement_info/environment/ament_prefix_path.dsv
[5.136s] -- Up-to-date: /home/kargla/robot_movement/install/movement_info/share/movement_info/environment/path.sh
[5.137s] -- Up-to-date: /home/kargla/robot_movement/install/movement_info/share/movement_info/environment/path.dsv
[5.137s] -- Up-to-date: /home/kargla/robot_movement/install/movement_info/share/movement_info/local_setup.bash
[5.137s] -- Up-to-date: /home/kargla/robot_movement/install/movement_info/share/movement_info/local_setup.sh
[5.137s] -- Up-to-date: /home/kargla/robot_movement/install/movement_info/share/movement_info/local_setup.zsh
[5.137s] -- Up-to-date: /home/kargla/robot_movement/install/movement_info/share/movement_info/local_setup.dsv
[5.137s] -- Installing: /home/kargla/robot_movement/install/movement_info/share/movement_info/package.dsv
[5.137s] -- Up-to-date: /home/kargla/robot_movement/install/movement_info/share/ament_index/resource_index/packages/movement_info
[5.138s] -- Up-to-date: /home/kargla/robot_movement/install/movement_info/share/movement_info/cmake/movement_infoConfig.cmake
[5.138s] -- Up-to-date: /home/kargla/robot_movement/install/movement_info/share/movement_info/cmake/movement_infoConfig-version.cmake
[5.138s] -- Up-to-date: /home/kargla/robot_movement/install/movement_info/share/movement_info/package.xml
[5.139s] Invoked command in '/home/kargla/robot_movement/build/movement_info' returned '0': CMAKE_PREFIX_PATH=${CMAKE_PREFIX_PATH}:/opt/ros/humble /usr/bin/cmake --install /home/kargla/robot_movement/build/movement_info
