[0.015s] Invoking command in '/home/kargla/robot_movement/build/movement_info': CMAKE_PREFIX_PATH=${CMAKE_PREFIX_PATH}:/opt/ros/humble /usr/bin/cmake --build /home/kargla/robot_movement/build/movement_info -- -j12 -l12
[0.076s] [35m[1mConsolidate compiler generated dependencies of target movement[0m
[0.081s] [35m[1mConsolidate compiler generated dependencies of target movement_info_library[0m
[0.087s] [ 10%] Built target gtest
[0.089s] [ 20%] Built target gmock_main
[0.089s] [ 30%] Built target gtest_main
[0.100s] [ 45%] Built target gmock
[0.109s] [ 50%] [32mBuilding CXX object CMakeFiles/movement_info_library.dir/src/movement.cpp.o[0m
[0.119s] [ 55%] [32mBuilding CXX object CMakeFiles/movement.dir/src/movement.cpp.o[0m
[0.123s] [ 60%] [32mBuilding CXX object CMakeFiles/movement.dir/src/main.cpp.o[0m
[11.255s] [ 65%] [32m[1mLinking CXX static library libmovement_info_library.a[0m
[11.256s] [ 70%] [32m[1mLinking CXX executable movement[0m
[11.562s] [ 75%] Built target movement_info_library
[11.593s] [ 80%] [32mBuilding CXX object CMakeFiles/movement_info_movement_gtest.dir/test/movement_test.cpp.o[0m
[11.595s] [ 85%] [32mBuilding CXX object CMakeFiles/movement_info_movement_gmock.dir/test/movement_test.cpp.o[0m
[12.097s] [ 90%] Built target movement
[16.044s] [ 95%] [32m[1mLinking CXX executable movement_info_movement_gmock[0m
[16.095s] [100%] [32m[1mLinking CXX executable movement_info_movement_gtest[0m
[17.297s] [100%] Built target movement_info_movement_gmock
[17.369s] [100%] Built target movement_info_movement_gtest
[17.384s] Invoked command in '/home/kargla/robot_movement/build/movement_info' returned '0': CMAKE_PREFIX_PATH=${CMAKE_PREFIX_PATH}:/opt/ros/humble /usr/bin/cmake --build /home/kargla/robot_movement/build/movement_info -- -j12 -l12
[17.386s] Invoking command in '/home/kargla/robot_movement/build/movement_info': CMAKE_PREFIX_PATH=${CMAKE_PREFIX_PATH}:/opt/ros/humble /usr/bin/cmake --install /home/kargla/robot_movement/build/movement_info
[17.395s] -- Install configuration: ""
[17.395s] -- Up-to-date: /home/kargla/robot_movement/install/movement_info/share/movement_info/config
[17.395s] -- Up-to-date: /home/kargla/robot_movement/install/movement_info/share/movement_info/config/params.yaml
[17.395s] -- Up-to-date: /home/kargla/robot_movement/install/movement_info/include
[17.395s] -- Up-to-date: /home/kargla/robot_movement/install/movement_info/include/movement_info
[17.395s] -- Up-to-date: /home/kargla/robot_movement/install/movement_info/include/movement_info/MockPublisher.hpp
[17.395s] -- Installing: /home/kargla/robot_movement/install/movement_info/include/movement_info/movement.hpp
[17.395s] -- Up-to-date: /home/kargla/robot_movement/install/movement_info/include/movement_info/movement_interface.hpp
[17.396s] -- Installing: /home/kargla/robot_movement/install/movement_info/lib/movement_info/movement
[17.404s] -- Set runtime path of "/home/kargla/robot_movement/install/movement_info/lib/movement_info/movement" to ""
[17.404s] -- Up-to-date: /home/kargla/robot_movement/install/movement_info/share/ament_index/resource_index/package_run_dependencies/movement_info
[17.404s] -- Up-to-date: /home/kargla/robot_movement/install/movement_info/share/ament_index/resource_index/parent_prefix_path/movement_info
[17.404s] -- Up-to-date: /home/kargla/robot_movement/install/movement_info/share/movement_info/environment/ament_prefix_path.sh
[17.404s] -- Up-to-date: /home/kargla/robot_movement/install/movement_info/share/movement_info/environment/ament_prefix_path.dsv
[17.405s] -- Up-to-date: /home/kargla/robot_movement/install/movement_info/share/movement_info/environment/path.sh
[17.405s] -- Up-to-date: /home/kargla/robot_movement/install/movement_info/share/movement_info/environment/path.dsv
[17.405s] -- Up-to-date: /home/kargla/robot_movement/install/movement_info/share/movement_info/local_setup.bash
[17.405s] -- Up-to-date: /home/kargla/robot_movement/install/movement_info/share/movement_info/local_setup.sh
[17.405s] -- Up-to-date: /home/kargla/robot_movement/install/movement_info/share/movement_info/local_setup.zsh
[17.405s] -- Up-to-date: /home/kargla/robot_movement/install/movement_info/share/movement_info/local_setup.dsv
[17.405s] -- Installing: /home/kargla/robot_movement/install/movement_info/share/movement_info/package.dsv
[17.405s] -- Up-to-date: /home/kargla/robot_movement/install/movement_info/share/ament_index/resource_index/packages/movement_info
[17.405s] -- Up-to-date: /home/kargla/robot_movement/install/movement_info/share/movement_info/cmake/movement_infoConfig.cmake
[17.405s] -- Up-to-date: /home/kargla/robot_movement/install/movement_info/share/movement_info/cmake/movement_infoConfig-version.cmake
[17.405s] -- Up-to-date: /home/kargla/robot_movement/install/movement_info/share/movement_info/package.xml
[17.408s] Invoked command in '/home/kargla/robot_movement/build/movement_info' returned '0': CMAKE_PREFIX_PATH=${CMAKE_PREFIX_PATH}:/opt/ros/humble /usr/bin/cmake --install /home/kargla/robot_movement/build/movement_info
