[ 20%] Built target gtest_main
[ 20%] Built target gmock_main
[ 40%] Built target movement
[ 55%] Built target gmock
[ 65%] Built target gtest
[ 80%] Built target movement_info_library
[35m[1mConsolidate compiler generated dependencies of target movement_info_movement_gmock[0m
[35m[1mConsolidate compiler generated dependencies of target movement_info_movement_gtest[0m
[ 90%] [32mBuilding CXX object CMakeFiles/movement_info_movement_gtest.dir/test/movement_test.cpp.o[0m
[ 90%] [32mBuilding CXX object CMakeFiles/movement_info_movement_gmock.dir/test/movement_test.cpp.o[0m
[01m[K/home/kargla/robot_movement/src/movement_info/test/movement_test.cpp:[m[K In member function ‘[01m[Kvirtual void MovementTEST_DirectionDeterminationTest_Test::TestBody()[m[K’:
[01m[K/home/kargla/robot_movement/src/movement_info/test/movement_test.cpp:54:27:[m[K [01;35m[Kwarning: [m[Kconverting to non-pointer type ‘[01m[Kgeometry_msgs::msg::Vector3_<std::allocator<void> >::_x_type[m[K’ {aka ‘[01m[Kdouble[m[K’} from NULL [[01;35m[K]8;;https://gcc.gnu.org/onlinedocs/gcc/Warning-Options.html#index-Wconversion-null-Wconversion-null]8;;[m[K]
   54 |     msg->twist.linear.x = [01;35m[KNULL[m[K;
      |                           [01;35m[K^~~~[m[K
[01m[K/home/kargla/robot_movement/src/movement_info/test/movement_test.cpp:[m[K In member function ‘[01m[Kvirtual void MovementTEST_DirectionDeterminationTest_Test::TestBody()[m[K’:
[01m[K/home/kargla/robot_movement/src/movement_info/test/movement_test.cpp:54:27:[m[K [01;35m[Kwarning: [m[Kconverting to non-pointer type ‘[01m[Kgeometry_msgs::msg::Vector3_<std::allocator<void> >::_x_type[m[K’ {aka ‘[01m[Kdouble[m[K’} from NULL [[01;35m[K]8;;https://gcc.gnu.org/onlinedocs/gcc/Warning-Options.html#index-Wconversion-null-Wconversion-null]8;;[m[K]
   54 |     msg->twist.linear.x = [01;35m[KNULL[m[K;
      |                           [01;35m[K^~~~[m[K
[ 95%] [32m[1mLinking CXX executable movement_info_movement_gmock[0m
[100%] [32m[1mLinking CXX executable movement_info_movement_gtest[0m
[100%] Built target movement_info_movement_gmock
[100%] Built target movement_info_movement_gtest
-- Install configuration: ""
-- Up-to-date: /home/kargla/robot_movement/install/movement_info/share/movement_info/config
-- Up-to-date: /home/kargla/robot_movement/install/movement_info/share/movement_info/config/params.yaml
-- Up-to-date: /home/kargla/robot_movement/install/movement_info/include
-- Up-to-date: /home/kargla/robot_movement/install/movement_info/include/movement_info
-- Up-to-date: /home/kargla/robot_movement/install/movement_info/include/movement_info/MockPublisher.hpp
-- Up-to-date: /home/kargla/robot_movement/install/movement_info/include/movement_info/movement.hpp
-- Up-to-date: /home/kargla/robot_movement/install/movement_info/include/movement_info/movement_interface.hpp
-- Up-to-date: /home/kargla/robot_movement/install/movement_info/lib/movement_info/movement
-- Up-to-date: /home/kargla/robot_movement/install/movement_info/share/ament_index/resource_index/package_run_dependencies/movement_info
-- Up-to-date: /home/kargla/robot_movement/install/movement_info/share/ament_index/resource_index/parent_prefix_path/movement_info
-- Up-to-date: /home/kargla/robot_movement/install/movement_info/share/movement_info/environment/ament_prefix_path.sh
-- Up-to-date: /home/kargla/robot_movement/install/movement_info/share/movement_info/environment/ament_prefix_path.dsv
-- Up-to-date: /home/kargla/robot_movement/install/movement_info/share/movement_info/environment/path.sh
-- Up-to-date: /home/kargla/robot_movement/install/movement_info/share/movement_info/environment/path.dsv
-- Up-to-date: /home/kargla/robot_movement/install/movement_info/share/movement_info/local_setup.bash
-- Up-to-date: /home/kargla/robot_movement/install/movement_info/share/movement_info/local_setup.sh
-- Up-to-date: /home/kargla/robot_movement/install/movement_info/share/movement_info/local_setup.zsh
-- Up-to-date: /home/kargla/robot_movement/install/movement_info/share/movement_info/local_setup.dsv
-- Installing: /home/kargla/robot_movement/install/movement_info/share/movement_info/package.dsv
-- Up-to-date: /home/kargla/robot_movement/install/movement_info/share/ament_index/resource_index/packages/movement_info
-- Up-to-date: /home/kargla/robot_movement/install/movement_info/share/movement_info/cmake/movement_infoConfig.cmake
-- Up-to-date: /home/kargla/robot_movement/install/movement_info/share/movement_info/cmake/movement_infoConfig-version.cmake
-- Up-to-date: /home/kargla/robot_movement/install/movement_info/share/movement_info/package.xml
