[0.021s] Invoking command in '/home/kargla/robot_movement/build/movement_info': CMAKE_PREFIX_PATH=/opt/ros/humble /usr/bin/cmake --build /home/kargla/robot_movement/build/movement_info -- -j12 -l12
[0.098s] [35m[1mConsolidate compiler generated dependencies of target movement[0m
[0.099s] [35m[1mConsolidate compiler generated dependencies of target movement_info_library[0m
[0.120s] [ 10%] Built target gmock_main
[0.121s] [ 21%] Built target gtest_main
[0.125s] [ 36%] Built target gmock
[0.127s] [ 47%] Built target gtest
[0.144s] [ 52%] [32mBuilding CXX object CMakeFiles/movement_info_library.dir/src/movement.cpp.o[0m
[0.163s] [ 57%] [32mBuilding CXX object CMakeFiles/movement.dir/src/main.cpp.o[0m
[0.164s] [ 63%] [32mBuilding CXX object CMakeFiles/movement.dir/src/movement.cpp.o[0m
[0.167s] [ 68%] [32mBuilding CXX object CMakeFiles/movement.dir/src/movement_interface.cpp.o[0m
[3.945s] In file included from [01m[K/home/kargla/robot_movement/src/movement_info/src/main.cpp:1[m[K:
[3.945s] [01m[K/home/kargla/robot_movement/src/movement_info/include/movement_info/movement.hpp:11:1:[m[K [01;31m[Kerror: [m[Kexpected class-name before ‘[01m[K{[m[K’ token
[3.945s]    11 | [01;31m[K{[m[K
[3.945s]       | [01;31m[K^[m[K
[3.945s] [01m[K/home/kargla/robot_movement/src/movement_info/include/movement_info/movement.hpp:13:20:[m[K [01;31m[Kerror: [m[Kexpected ‘[01m[K)[m[K’ before ‘[01m[Knode[m[K’
[3.945s]    13 |     Movement[34m[K([m[KString[01;31m[K [m[K[32m[Knode[m[K);
[3.945s]       |             [34m[K~[m[K      [01;31m[K^[m[K[32m[K~~~~[m[K
[3.945s]       |                    [32m[K)[m[K
[3.980s] In file included from [01m[K/home/kargla/robot_movement/src/movement_info/src/movement.cpp:1[m[K:
[3.981s] [01m[K/home/kargla/robot_movement/src/movement_info/include/movement_info/movement.hpp:11:1:[m[K [01;31m[Kerror: [m[Kexpected class-name before ‘[01m[K{[m[K’ token
[3.981s]    11 | [01;31m[K{[m[K
[3.981s]       | [01;31m[K^[m[K
[3.981s] [01m[K/home/kargla/robot_movement/src/movement_info/include/movement_info/movement.hpp:13:20:[m[K [01;31m[Kerror: [m[Kexpected ‘[01m[K)[m[K’ before ‘[01m[Knode[m[K’
[3.981s]    13 |     Movement[34m[K([m[KString[01;31m[K [m[K[32m[Knode[m[K);
[3.981s]       |             [34m[K~[m[K      [01;31m[K^[m[K[32m[K~~~~[m[K
[3.981s]       |                    [32m[K)[m[K
[4.014s] In file included from [01m[K/home/kargla/robot_movement/src/movement_info/src/movement.cpp:1[m[K:
[4.014s] [01m[K/home/kargla/robot_movement/src/movement_info/include/movement_info/movement.hpp:11:1:[m[K [01;31m[Kerror: [m[Kexpected class-name before ‘[01m[K{[m[K’ token
[4.014s]    11 | [01;31m[K{[m[K
[4.014s]       | [01;31m[K^[m[K
[4.014s] [01m[K/home/kargla/robot_movement/src/movement_info/include/movement_info/movement.hpp:13:20:[m[K [01;31m[Kerror: [m[Kexpected ‘[01m[K)[m[K’ before ‘[01m[Knode[m[K’
[4.014s]    13 |     Movement[34m[K([m[KString[01;31m[K [m[K[32m[Knode[m[K);
[4.015s]       |             [34m[K~[m[K      [01;31m[K^[m[K[32m[K~~~~[m[K
[4.015s]       |                    [32m[K)[m[K
[4.072s] [01m[K/home/kargla/robot_movement/src/movement_info/include/movement_info/movement.hpp:14:10:[m[K [01;31m[Kerror: [m[K‘[01m[Kvoid Movement::publish_movement_info()[m[K’ marked ‘[01m[Koverride[m[K’, but does not override
[4.072s]    14 |     void [01;31m[Kpublish_movement_info[m[K() override;
[4.072s]       |          [01;31m[K^~~~~~~~~~~~~~~~~~~~~[m[K
[4.076s] [01m[K/home/kargla/robot_movement/src/movement_info/src/main.cpp:[m[K In function ‘[01m[Kint main(int, char**)[m[K’:
[4.076s] [01m[K/home/kargla/robot_movement/src/movement_info/src/main.cpp:6:17:[m[K [01;31m[Kerror: [m[Kno matching function for call to ‘[01m[Kspin(std::shared_ptr<Movement>)[m[K’
[4.077s]     6 |     [01;31m[Krclcpp::spin(std::make_shared<Movement>())[m[K;
[4.077s]       |     [01;31m[K~~~~~~~~~~~~^~~~~~~~~~~~~~~~~~~~~~~~~~~~~~[m[K
[4.077s] In file included from [01m[K/opt/ros/humble/include/rclcpp/rclcpp/rclcpp.hpp:155[m[K,
[4.077s]                  from [01m[K/home/kargla/robot_movement/src/movement_info/include/movement_info/movement.hpp:4[m[K,
[4.077s]                  from [01m[K/home/kargla/robot_movement/src/movement_info/src/main.cpp:1[m[K:
[4.077s] [01m[K/opt/ros/humble/include/rclcpp/rclcpp/executors.hpp:45:1:[m[K [01;36m[Knote: [m[Kcandidate: ‘[01m[Kvoid rclcpp::spin(rclcpp::node_interfaces::NodeBaseInterface::SharedPtr)[m[K’
[4.077s]    45 | [01;36m[Kspin[m[K(rclcpp::node_interfaces::NodeBaseInterface::SharedPtr node_ptr);
[4.077s]       | [01;36m[K^~~~[m[K
[4.077s] [01m[K/opt/ros/humble/include/rclcpp/rclcpp/executors.hpp:45:60:[m[K [01;36m[Knote: [m[K  no known conversion for argument 1 from ‘[01m[Kshared_ptr<[01;32m[KMovement[m[K>[m[K’ to ‘[01m[Kshared_ptr<[01;32m[Krclcpp::node_interfaces::NodeBaseInterface[m[K>[m[K’
[4.077s]    45 | spin([01;36m[Krclcpp::node_interfaces::NodeBaseInterface::SharedPtr node_ptr[m[K);
[4.078s]       |      [01;36m[K~~~~~~~~~~~~~~~~~~~~~~~~~~~~~~~~~~~~~~~~~~~~~~~~~~~~~~^~~~~~~~[m[K
[4.078s] [01m[K/opt/ros/humble/include/rclcpp/rclcpp/executors.hpp:49:1:[m[K [01;36m[Knote: [m[Kcandidate: ‘[01m[Kvoid rclcpp::spin(rclcpp::Node::SharedPtr)[m[K’
[4.078s]    49 | [01;36m[Kspin[m[K(rclcpp::Node::SharedPtr node_ptr);
[4.078s]       | [01;36m[K^~~~[m[K
[4.078s] [01m[K/opt/ros/humble/include/rclcpp/rclcpp/executors.hpp:49:30:[m[K [01;36m[Knote: [m[K  no known conversion for argument 1 from ‘[01m[Kshared_ptr<[01;32m[KMovement[m[K>[m[K’ to ‘[01m[Kshared_ptr<[01;32m[Krclcpp::Node[m[K>[m[K’
[4.078s]    49 | spin([01;36m[Krclcpp::Node::SharedPtr node_ptr[m[K);
[4.078s]       |      [01;36m[K~~~~~~~~~~~~~~~~~~~~~~~~^~~~~~~~[m[K
[4.105s] [01m[K/home/kargla/robot_movement/src/movement_info/include/movement_info/movement.hpp:14:10:[m[K [01;31m[Kerror: [m[K‘[01m[Kvoid Movement::publish_movement_info()[m[K’ marked ‘[01m[Koverride[m[K’, but does not override
[4.109s]    14 |     void [01;31m[Kpublish_movement_info[m[K() override;
[4.109s]       |          [01;31m[K^~~~~~~~~~~~~~~~~~~~~[m[K
[4.109s] [01m[K/home/kargla/robot_movement/src/movement_info/src/movement.cpp:3:19:[m[K [01;31m[Kerror: [m[Kexpected constructor, destructor, or type conversion before ‘[01m[K([m[K’ token
[4.109s]     3 | Movement::Movement[01;31m[K([m[KString node) : MovementInterface(node)
[4.110s]       |                   [01;31m[K^[m[K
[4.110s] In file included from [01m[K/opt/ros/humble/include/rclcpp/rclcpp/client.hpp:40[m[K,
[4.110s]                  from [01m[K/opt/ros/humble/include/rclcpp/rclcpp/callback_group.hpp:24[m[K,
[4.110s]                  from [01m[K/opt/ros/humble/include/rclcpp/rclcpp/any_executable.hpp:20[m[K,
[4.110s]                  from [01m[K/opt/ros/humble/include/rclcpp/rclcpp/memory_strategy.hpp:25[m[K,
[4.110s]                  from [01m[K/opt/ros/humble/include/rclcpp/rclcpp/memory_strategies.hpp:18[m[K,
[4.110s]                  from [01m[K/opt/ros/humble/include/rclcpp/rclcpp/executor_options.hpp:20[m[K,
[4.110s]                  from [01m[K/opt/ros/humble/include/rclcpp/rclcpp/executor.hpp:37[m[K,
[4.110s]                  from [01m[K/opt/ros/humble/include/rclcpp/rclcpp/executors/multi_threaded_executor.hpp:25[m[K,
[4.111s]                  from [01m[K/opt/ros/humble/include/rclcpp/rclcpp/executors.hpp:21[m[K,
[4.111s]                  from [01m[K/opt/ros/humble/include/rclcpp/rclcpp/rclcpp.hpp:155[m[K,
[4.111s]                  from [01m[K/home/kargla/robot_movement/src/movement_info/include/movement_info/movement.hpp:4[m[K,
[4.111s]                  from [01m[K/home/kargla/robot_movement/src/movement_info/src/movement.cpp:1[m[K:
[4.111s] [01m[K/home/kargla/robot_movement/src/movement_info/src/movement.cpp:[m[K In member function ‘[01m[Kvoid Movement::publish_movement_info()[m[K’:
[4.111s] [01m[K/home/kargla/robot_movement/src/movement_info/src/movement.cpp:54:23:[m[K [01;31m[Kerror: [m[K‘[01m[Kclass Movement[m[K’ has no member named ‘[01m[Kget_logger[m[K’
[4.111s]    54 |     RCLCPP_INFO(this->[01;31m[Kget_logger[m[K(), "Publishing: '%s'", message_.movement.c_str());
[4.111s]       |                       [01;31m[K^~~~~~~~~~[m[K
[4.111s] [01m[K/home/kargla/robot_movement/src/movement_info/src/movement.cpp:54:23:[m[K [01;31m[Kerror: [m[K‘[01m[Kclass Movement[m[K’ has no member named ‘[01m[Kget_logger[m[K’
[4.112s] [01m[K/home/kargla/robot_movement/src/movement_info/src/movement.cpp:54:5:[m[K [01;31m[Kerror: [m[Ktemplate argument 1 is invalid
[4.112s]    54 |     [01;31m[KRCLCPP_INFO[m[K(this->get_logger(), "Publishing: '%s'", message_.movement.c_str());
[4.112s]       |     [01;31m[K^~~~~~~~~~~[m[K
[4.112s] [01m[K/home/kargla/robot_movement/src/movement_info/src/movement.cpp:54:5:[m[K [01;31m[Kerror: [m[Ktemplate argument 1 is invalid
[4.112s]    54 |     [01;31m[KRCLCPP_INFO[m[K(this->get_logger(), "Publishing: '%s'", message_.movement.c_str());
[4.112s]       |     [01;31m[K^~~~~~~~~~~[m[K
[4.112s] [01m[K/home/kargla/robot_movement/src/movement_info/src/movement.cpp:54:5:[m[K [01;31m[Kerror: [m[Ktemplate argument 1 is invalid
[4.112s]    54 |     [01;31m[KRCLCPP_INFO[m[K(this->get_logger(), "Publishing: '%s'", message_.movement.c_str());
[4.113s]       |     [01;31m[K^~~~~~~~~~~[m[K
[4.113s] In file included from [01m[K/opt/ros/humble/include/rclcpp/rclcpp/logging.hpp:24[m[K,
[4.113s]                  from [01m[K/opt/ros/humble/include/rclcpp/rclcpp/client.hpp:40[m[K,
[4.113s]                  from [01m[K/opt/ros/humble/include/rclcpp/rclcpp/callback_group.hpp:24[m[K,
[4.113s]                  from [01m[K/opt/ros/humble/include/rclcpp/rclcpp/any_executable.hpp:20[m[K,
[4.113s]                  from [01m[K/opt/ros/humble/include/rclcpp/rclcpp/memory_strategy.hpp:25[m[K,
[4.113s]                  from [01m[K/opt/ros/humble/include/rclcpp/rclcpp/memory_strategies.hpp:18[m[K,
[4.113s]                  from [01m[K/opt/ros/humble/include/rclcpp/rclcpp/executor_options.hpp:20[m[K,
[4.113s]                  from [01m[K/opt/ros/humble/include/rclcpp/rclcpp/executor.hpp:37[m[K,
[4.114s]                  from [01m[K/opt/ros/humble/include/rclcpp/rclcpp/executors/multi_threaded_executor.hpp:25[m[K,
[4.114s]                  from [01m[K/opt/ros/humble/include/rclcpp/rclcpp/executors.hpp:21[m[K,
[4.114s]                  from [01m[K/opt/ros/humble/include/rclcpp/rclcpp/rclcpp.hpp:155[m[K,
[4.114s]                  from [01m[K/home/kargla/robot_movement/src/movement_info/include/movement_info/movement.hpp:4[m[K,
[4.114s]                  from [01m[K/home/kargla/robot_movement/src/movement_info/src/movement.cpp:1[m[K:
[4.114s] [01m[K/home/kargla/robot_movement/src/movement_info/src/movement.cpp:54:23:[m[K [01;31m[Kerror: [m[K‘[01m[Kclass Movement[m[K’ has no member named ‘[01m[Kget_logger[m[K’
[4.114s]    54 |     RCLCPP_INFO(this->[01;31m[Kget_logger[m[K(), "Publishing: '%s'", message_.movement.c_str());
[4.114s]       |                       [01;31m[K^~~~~~~~~~[m[K
[4.114s] [01m[K/home/kargla/robot_movement/src/movement_info/src/movement.cpp:54:23:[m[K [01;31m[Kerror: [m[K‘[01m[Kclass Movement[m[K’ has no member named ‘[01m[Kget_logger[m[K’
[4.115s]    54 |     RCLCPP_INFO(this->[01;31m[Kget_logger[m[K(), "Publishing: '%s'", message_.movement.c_str());
[4.115s]       |                       [01;31m[K^~~~~~~~~~[m[K
[4.115s] In file included from [01m[K/opt/ros/humble/include/rclcpp/rclcpp/client.hpp:40[m[K,
[4.115s]                  from [01m[K/opt/ros/humble/include/rclcpp/rclcpp/callback_group.hpp:24[m[K,
[4.115s]                  from [01m[K/opt/ros/humble/include/rclcpp/rclcpp/any_executable.hpp:20[m[K,
[4.115s]                  from [01m[K/opt/ros/humble/include/rclcpp/rclcpp/memory_strategy.hpp:25[m[K,
[4.115s]                  from [01m[K/opt/ros/humble/include/rclcpp/rclcpp/memory_strategies.hpp:18[m[K,
[4.115s]                  from [01m[K/opt/ros/humble/include/rclcpp/rclcpp/executor_options.hpp:20[m[K,
[4.116s]                  from [01m[K/opt/ros/humble/include/rclcpp/rclcpp/executor.hpp:37[m[K,
[4.116s]                  from [01m[K/opt/ros/humble/include/rclcpp/rclcpp/executors/multi_threaded_executor.hpp:25[m[K,
[4.116s]                  from [01m[K/opt/ros/humble/include/rclcpp/rclcpp/executors.hpp:21[m[K,
[4.116s]                  from [01m[K/opt/ros/humble/include/rclcpp/rclcpp/rclcpp.hpp:155[m[K,
[4.116s]                  from [01m[K/home/kargla/robot_movement/src/movement_info/include/movement_info/movement.hpp:4[m[K,
[4.116s]                  from [01m[K/home/kargla/robot_movement/src/movement_info/src/movement.cpp:1[m[K:
[4.116s] [01m[K/home/kargla/robot_movement/src/movement_info/src/movement.cpp:55:23:[m[K [01;31m[Kerror: [m[K‘[01m[Kclass Movement[m[K’ has no member named ‘[01m[Kget_logger[m[K’
[4.116s]    55 |     RCLCPP_INFO(this->[01;31m[Kget_logger[m[K(), "Publishing: '%s'", message_.heading.c_str());
[4.116s]       |                       [01;31m[K^~~~~~~~~~[m[K
[4.117s] [01m[K/home/kargla/robot_movement/src/movement_info/src/movement.cpp:55:23:[m[K [01;31m[Kerror: [m[K‘[01m[Kclass Movement[m[K’ has no member named ‘[01m[Kget_logger[m[K’
[4.117s] [01m[K/home/kargla/robot_movement/src/movement_info/src/movement.cpp:55:5:[m[K [01;31m[Kerror: [m[Ktemplate argument 1 is invalid
[4.117s]    55 |     [01;31m[KRCLCPP_INFO[m[K(this->get_logger(), "Publishing: '%s'", message_.heading.c_str());
[4.117s]       |     [01;31m[K^~~~~~~~~~~[m[K
[4.117s] [01m[K/home/kargla/robot_movement/src/movement_info/src/movement.cpp:55:5:[m[K [01;31m[Kerror: [m[Ktemplate argument 1 is invalid
[4.117s]    55 |     [01;31m[KRCLCPP_INFO[m[K(this->get_logger(), "Publishing: '%s'", message_.heading.c_str());
[4.117s]       |     [01;31m[K^~~~~~~~~~~[m[K
[4.117s] [01m[K/home/kargla/robot_movement/src/movement_info/src/movement.cpp:55:5:[m[K [01;31m[Kerror: [m[Ktemplate argument 1 is invalid
[4.118s]    55 |     [01;31m[KRCLCPP_INFO[m[K(this->get_logger(), "Publishing: '%s'", message_.heading.c_str());
[4.118s]       |     [01;31m[K^~~~~~~~~~~[m[K
[4.118s] In file included from [01m[K/opt/ros/humble/include/rclcpp/rclcpp/logging.hpp:24[m[K,
[4.118s]                  from [01m[K/opt/ros/humble/include/rclcpp/rclcpp/client.hpp:40[m[K,
[4.118s]                  from [01m[K/opt/ros/humble/include/rclcpp/rclcpp/callback_group.hpp:24[m[K,
[4.118s]                  from [01m[K/opt/ros/humble/include/rclcpp/rclcpp/any_executable.hpp:20[m[K,
[4.118s]                  from [01m[K/opt/ros/humble/include/rclcpp/rclcpp/memory_strategy.hpp:25[m[K,
[4.118s]                  from [01m[K/opt/ros/humble/include/rclcpp/rclcpp/memory_strategies.hpp:18[m[K,
[4.118s]                  from [01m[K/opt/ros/humble/include/rclcpp/rclcpp/executor_options.hpp:20[m[K,
[4.119s]                  from [01m[K/opt/ros/humble/include/rclcpp/rclcpp/executor.hpp:37[m[K,
[4.119s]                  from [01m[K/opt/ros/humble/include/rclcpp/rclcpp/executors/multi_threaded_executor.hpp:25[m[K,
[4.119s]                  from [01m[K/opt/ros/humble/include/rclcpp/rclcpp/executors.hpp:21[m[K,
[4.119s]                  from [01m[K/opt/ros/humble/include/rclcpp/rclcpp/rclcpp.hpp:155[m[K,
[4.119s]                  from [01m[K/home/kargla/robot_movement/src/movement_info/include/movement_info/movement.hpp:4[m[K,
[4.119s]                  from [01m[K/home/kargla/robot_movement/src/movement_info/src/movement.cpp:1[m[K:
[4.119s] [01m[K/home/kargla/robot_movement/src/movement_info/src/movement.cpp:55:23:[m[K [01;31m[Kerror: [m[K‘[01m[Kclass Movement[m[K’ has no member named ‘[01m[Kget_logger[m[K’
[4.119s]    55 |     RCLCPP_INFO(this->[01;31m[Kget_logger[m[K(), "Publishing: '%s'", message_.heading.c_str());
[4.119s]       |                       [01;31m[K^~~~~~~~~~[m[K
[4.120s] [01m[K/home/kargla/robot_movement/src/movement_info/src/movement.cpp:55:23:[m[K [01;31m[Kerror: [m[K‘[01m[Kclass Movement[m[K’ has no member named ‘[01m[Kget_logger[m[K’
[4.120s]    55 |     RCLCPP_INFO(this->[01;31m[Kget_logger[m[K(), "Publishing: '%s'", message_.heading.c_str());
[4.120s]       |                       [01;31m[K^~~~~~~~~~[m[K
[4.157s] [01m[K/home/kargla/robot_movement/src/movement_info/include/movement_info/movement.hpp:14:10:[m[K [01;31m[Kerror: [m[K‘[01m[Kvoid Movement::publish_movement_info()[m[K’ marked ‘[01m[Koverride[m[K’, but does not override
[4.157s]    14 |     void [01;31m[Kpublish_movement_info[m[K() override;
[4.158s]       |          [01;31m[K^~~~~~~~~~~~~~~~~~~~~[m[K
[4.158s] [01m[K/home/kargla/robot_movement/src/movement_info/src/movement.cpp:3:19:[m[K [01;31m[Kerror: [m[Kexpected constructor, destructor, or type conversion before ‘[01m[K([m[K’ token
[4.158s]     3 | Movement::Movement[01;31m[K([m[KString node) : MovementInterface(node)
[4.159s]       |                   [01;31m[K^[m[K
[4.159s] In file included from [01m[K/opt/ros/humble/include/rclcpp/rclcpp/client.hpp:40[m[K,
[4.160s]                  from [01m[K/opt/ros/humble/include/rclcpp/rclcpp/callback_group.hpp:24[m[K,
[4.160s]                  from [01m[K/opt/ros/humble/include/rclcpp/rclcpp/any_executable.hpp:20[m[K,
[4.160s]                  from [01m[K/opt/ros/humble/include/rclcpp/rclcpp/memory_strategy.hpp:25[m[K,
[4.160s]                  from [01m[K/opt/ros/humble/include/rclcpp/rclcpp/memory_strategies.hpp:18[m[K,
[4.160s]                  from [01m[K/opt/ros/humble/include/rclcpp/rclcpp/executor_options.hpp:20[m[K,
[4.160s]                  from [01m[K/opt/ros/humble/include/rclcpp/rclcpp/executor.hpp:37[m[K,
[4.160s]                  from [01m[K/opt/ros/humble/include/rclcpp/rclcpp/executors/multi_threaded_executor.hpp:25[m[K,
[4.160s]                  from [01m[K/opt/ros/humble/include/rclcpp/rclcpp/executors.hpp:21[m[K,
[4.161s]                  from [01m[K/opt/ros/humble/include/rclcpp/rclcpp/rclcpp.hpp:155[m[K,
[4.161s]                  from [01m[K/home/kargla/robot_movement/src/movement_info/include/movement_info/movement.hpp:4[m[K,
[4.161s]                  from [01m[K/home/kargla/robot_movement/src/movement_info/src/movement.cpp:1[m[K:
[4.161s] [01m[K/home/kargla/robot_movement/src/movement_info/src/movement.cpp:[m[K In member function ‘[01m[Kvoid Movement::publish_movement_info()[m[K’:
[4.161s] [01m[K/home/kargla/robot_movement/src/movement_info/src/movement.cpp:54:23:[m[K [01;31m[Kerror: [m[K‘[01m[Kclass Movement[m[K’ has no member named ‘[01m[Kget_logger[m[K’
[4.161s]    54 |     RCLCPP_INFO(this->[01;31m[Kget_logger[m[K(), "Publishing: '%s'", message_.movement.c_str());
[4.161s]       |                       [01;31m[K^~~~~~~~~~[m[K
[4.161s] [01m[K/home/kargla/robot_movement/src/movement_info/src/movement.cpp:54:23:[m[K [01;31m[Kerror: [m[K‘[01m[Kclass Movement[m[K’ has no member named ‘[01m[Kget_logger[m[K’
[4.161s] [01m[K/home/kargla/robot_movement/src/movement_info/src/movement.cpp:54:5:[m[K [01;31m[Kerror: [m[Ktemplate argument 1 is invalid
[4.162s]    54 |     [01;31m[KRCLCPP_INFO[m[K(this->get_logger(), "Publishing: '%s'", message_.movement.c_str());
[4.162s]       |     [01;31m[K^~~~~~~~~~~[m[K
[4.162s] [01m[K/home/kargla/robot_movement/src/movement_info/src/movement.cpp:54:5:[m[K [01;31m[Kerror: [m[Ktemplate argument 1 is invalid
[4.162s]    54 |     [01;31m[KRCLCPP_INFO[m[K(this->get_logger(), "Publishing: '%s'", message_.movement.c_str());
[4.162s]       |     [01;31m[K^~~~~~~~~~~[m[K
[4.162s] [01m[K/home/kargla/robot_movement/src/movement_info/src/movement.cpp:54:5:[m[K [01;31m[Kerror: [m[Ktemplate argument 1 is invalid
[4.162s]    54 |     [01;31m[KRCLCPP_INFO[m[K(this->get_logger(), "Publishing: '%s'", message_.movement.c_str());
[4.162s]       |     [01;31m[K^~~~~~~~~~~[m[K
[4.163s] In file included from [01m[K/opt/ros/humble/include/rclcpp/rclcpp/logging.hpp:24[m[K,
[4.163s]                  from [01m[K/opt/ros/humble/include/rclcpp/rclcpp/client.hpp:40[m[K,
[4.163s]                  from [01m[K/opt/ros/humble/include/rclcpp/rclcpp/callback_group.hpp:24[m[K,
[4.163s]                  from [01m[K/opt/ros/humble/include/rclcpp/rclcpp/any_executable.hpp:20[m[K,
[4.163s]                  from [01m[K/opt/ros/humble/include/rclcpp/rclcpp/memory_strategy.hpp:25[m[K,
[4.163s]                  from [01m[K/opt/ros/humble/include/rclcpp/rclcpp/memory_strategies.hpp:18[m[K,
[4.163s]                  from [01m[K/opt/ros/humble/include/rclcpp/rclcpp/executor_options.hpp:20[m[K,
[4.163s]                  from [01m[K/opt/ros/humble/include/rclcpp/rclcpp/executor.hpp:37[m[K,
[4.164s]                  from [01m[K/opt/ros/humble/include/rclcpp/rclcpp/executors/multi_threaded_executor.hpp:25[m[K,
[4.164s]                  from [01m[K/opt/ros/humble/include/rclcpp/rclcpp/executors.hpp:21[m[K,
[4.164s]                  from [01m[K/opt/ros/humble/include/rclcpp/rclcpp/rclcpp.hpp:155[m[K,
[4.164s]                  from [01m[K/home/kargla/robot_movement/src/movement_info/include/movement_info/movement.hpp:4[m[K,
[4.164s]                  from [01m[K/home/kargla/robot_movement/src/movement_info/src/movement.cpp:1[m[K:
[4.164s] [01m[K/home/kargla/robot_movement/src/movement_info/src/movement.cpp:54:23:[m[K [01;31m[Kerror: [m[K‘[01m[Kclass Movement[m[K’ has no member named ‘[01m[Kget_logger[m[K’
[4.164s]    54 |     RCLCPP_INFO(this->[01;31m[Kget_logger[m[K(), "Publishing: '%s'", message_.movement.c_str());
[4.164s]       |                       [01;31m[K^~~~~~~~~~[m[K
[4.165s] [01m[K/home/kargla/robot_movement/src/movement_info/src/movement.cpp:54:23:[m[K [01;31m[Kerror: [m[K‘[01m[Kclass Movement[m[K’ has no member named ‘[01m[Kget_logger[m[K’
[4.165s]    54 |     RCLCPP_INFO(this->[01;31m[Kget_logger[m[K(), "Publishing: '%s'", message_.movement.c_str());
[4.165s]       |                       [01;31m[K^~~~~~~~~~[m[K
[4.165s] In file included from [01m[K/opt/ros/humble/include/rclcpp/rclcpp/client.hpp:40[m[K,
[4.165s]                  from [01m[K/opt/ros/humble/include/rclcpp/rclcpp/callback_group.hpp:24[m[K,
[4.165s]                  from [01m[K/opt/ros/humble/include/rclcpp/rclcpp/any_executable.hpp:20[m[K,
[4.165s]                  from [01m[K/opt/ros/humble/include/rclcpp/rclcpp/memory_strategy.hpp:25[m[K,
[4.165s]                  from [01m[K/opt/ros/humble/include/rclcpp/rclcpp/memory_strategies.hpp:18[m[K,
[4.166s]                  from [01m[K/opt/ros/humble/include/rclcpp/rclcpp/executor_options.hpp:20[m[K,
[4.166s]                  from [01m[K/opt/ros/humble/include/rclcpp/rclcpp/executor.hpp:37[m[K,
[4.166s]                  from [01m[K/opt/ros/humble/include/rclcpp/rclcpp/executors/multi_threaded_executor.hpp:25[m[K,
[4.166s]                  from [01m[K/opt/ros/humble/include/rclcpp/rclcpp/executors.hpp:21[m[K,
[4.166s]                  from [01m[K/opt/ros/humble/include/rclcpp/rclcpp/rclcpp.hpp:155[m[K,
[4.166s]                  from [01m[K/home/kargla/robot_movement/src/movement_info/include/movement_info/movement.hpp:4[m[K,
[4.166s]                  from [01m[K/home/kargla/robot_movement/src/movement_info/src/movement.cpp:1[m[K:
[4.167s] [01m[K/home/kargla/robot_movement/src/movement_info/src/movement.cpp:55:23:[m[K [01;31m[Kerror: [m[K‘[01m[Kclass Movement[m[K’ has no member named ‘[01m[Kget_logger[m[K’
[4.167s]    55 |     RCLCPP_INFO(this->[01;31m[Kget_logger[m[K(), "Publishing: '%s'", message_.heading.c_str());
[4.167s]       |                       [01;31m[K^~~~~~~~~~[m[K
[4.167s] [01m[K/home/kargla/robot_movement/src/movement_info/src/movement.cpp:55:23:[m[K [01;31m[Kerror: [m[K‘[01m[Kclass Movement[m[K’ has no member named ‘[01m[Kget_logger[m[K’
[4.167s] [01m[K/home/kargla/robot_movement/src/movement_info/src/movement.cpp:55:5:[m[K [01;31m[Kerror: [m[Ktemplate argument 1 is invalid
[4.167s]    55 |     [01;31m[KRCLCPP_INFO[m[K(this->get_logger(), "Publishing: '%s'", message_.heading.c_str());
[4.167s]       |     [01;31m[K^~~~~~~~~~~[m[K
[4.167s] [01m[K/home/kargla/robot_movement/src/movement_info/src/movement.cpp:55:5:[m[K [01;31m[Kerror: [m[Ktemplate argument 1 is invalid
[4.168s]    55 |     [01;31m[KRCLCPP_INFO[m[K(this->get_logger(), "Publishing: '%s'", message_.heading.c_str());
[4.168s]       |     [01;31m[K^~~~~~~~~~~[m[K
[4.168s] [01m[K/home/kargla/robot_movement/src/movement_info/src/movement.cpp:55:5:[m[K [01;31m[Kerror: [m[Ktemplate argument 1 is invalid
[4.168s]    55 |     [01;31m[KRCLCPP_INFO[m[K(this->get_logger(), "Publishing: '%s'", message_.heading.c_str());
[4.168s]       |     [01;31m[K^~~~~~~~~~~[m[K
[4.168s] In file included from [01m[K/opt/ros/humble/include/rclcpp/rclcpp/logging.hpp:24[m[K,
[4.168s]                  from [01m[K/opt/ros/humble/include/rclcpp/rclcpp/client.hpp:40[m[K,
[4.168s]                  from [01m[K/opt/ros/humble/include/rclcpp/rclcpp/callback_group.hpp:24[m[K,
[4.169s]                  from [01m[K/opt/ros/humble/include/rclcpp/rclcpp/any_executable.hpp:20[m[K,
[4.169s]                  from [01m[K/opt/ros/humble/include/rclcpp/rclcpp/memory_strategy.hpp:25[m[K,
[4.169s]                  from [01m[K/opt/ros/humble/include/rclcpp/rclcpp/memory_strategies.hpp:18[m[K,
[4.169s]                  from [01m[K/opt/ros/humble/include/rclcpp/rclcpp/executor_options.hpp:20[m[K,
[4.169s]                  from [01m[K/opt/ros/humble/include/rclcpp/rclcpp/executor.hpp:37[m[K,
[4.169s]                  from [01m[K/opt/ros/humble/include/rclcpp/rclcpp/executors/multi_threaded_executor.hpp:25[m[K,
[4.169s]                  from [01m[K/opt/ros/humble/include/rclcpp/rclcpp/executors.hpp:21[m[K,
[4.169s]                  from [01m[K/opt/ros/humble/include/rclcpp/rclcpp/rclcpp.hpp:155[m[K,
[4.170s]                  from [01m[K/home/kargla/robot_movement/src/movement_info/include/movement_info/movement.hpp:4[m[K,
[4.170s]                  from [01m[K/home/kargla/robot_movement/src/movement_info/src/movement.cpp:1[m[K:
[4.170s] [01m[K/home/kargla/robot_movement/src/movement_info/src/movement.cpp:55:23:[m[K [01;31m[Kerror: [m[K‘[01m[Kclass Movement[m[K’ has no member named ‘[01m[Kget_logger[m[K’
[4.170s]    55 |     RCLCPP_INFO(this->[01;31m[Kget_logger[m[K(), "Publishing: '%s'", message_.heading.c_str());
[4.170s]       |                       [01;31m[K^~~~~~~~~~[m[K
[4.170s] [01m[K/home/kargla/robot_movement/src/movement_info/src/movement.cpp:55:23:[m[K [01;31m[Kerror: [m[K‘[01m[Kclass Movement[m[K’ has no member named ‘[01m[Kget_logger[m[K’
[4.170s]    55 |     RCLCPP_INFO(this->[01;31m[Kget_logger[m[K(), "Publishing: '%s'", message_.heading.c_str());
[4.171s]       |                       [01;31m[K^~~~~~~~~~[m[K
[4.739s] gmake[2]: *** [CMakeFiles/movement.dir/build.make:90: CMakeFiles/movement.dir/src/main.cpp.o] Error 1
[4.740s] gmake[2]: *** Waiting for unfinished jobs....
[4.877s] gmake[2]: *** [CMakeFiles/movement.dir/build.make:76: CMakeFiles/movement.dir/src/movement.cpp.o] Error 1
[4.939s] gmake[1]: *** [CMakeFiles/Makefile2:180: CMakeFiles/movement.dir/all] Error 2
[4.939s] gmake[1]: *** Waiting for unfinished jobs....
[4.942s] gmake[2]: *** [CMakeFiles/movement_info_library.dir/build.make:76: CMakeFiles/movement_info_library.dir/src/movement.cpp.o] Error 1
[4.942s] gmake[1]: *** [CMakeFiles/Makefile2:206: CMakeFiles/movement_info_library.dir/all] Error 2
[4.943s] gmake: *** [Makefile:146: all] Error 2
[4.947s] Invoked command in '/home/kargla/robot_movement/build/movement_info' returned '2': CMAKE_PREFIX_PATH=/opt/ros/humble /usr/bin/cmake --build /home/kargla/robot_movement/build/movement_info -- -j12 -l12
