[0.020s] Invoking command in '/home/kargla/robot_movement/build/movement_info': CMAKE_PREFIX_PATH=/opt/ros/humble /usr/bin/cmake --build /home/kargla/robot_movement/build/movement_info -- -j12 -l12
[0.097s] [35m[1mConsolidate compiler generated dependencies of target movement[0m
[0.097s] [35m[1mConsolidate compiler generated dependencies of target movement_info_library[0m
[0.115s] [ 36%] Built target gmock_main
[0.115s] [ 36%] Built target gtest_main
[0.115s] [ 36%] Built target gmock
[0.122s] [ 47%] Built target gtest
[0.141s] [ 52%] [32mBuilding CXX object CMakeFiles/movement.dir/src/movement.cpp.o[0m
[0.143s] [ 57%] [32mBuilding CXX object CMakeFiles/movement_info_library.dir/src/movement.cpp.o[0m
[0.143s] [ 63%] [32mBuilding CXX object CMakeFiles/movement.dir/src/main.cpp.o[0m
[4.059s] [01m[K/home/kargla/robot_movement/src/movement_info/src/movement.cpp:[m[K In constructor ‘[01m[KMovement::Movement()[m[K’:
[4.059s] [01m[K/home/kargla/robot_movement/src/movement_info/src/movement.cpp:3:20:[m[K [01;31m[Kerror: [m[Kno matching function for call to ‘[01m[Krclcpp::Node::Node()[m[K’
[4.059s]     3 | Movement::Movement([01;31m[K)[m[K
[4.059s]       |                    [01;31m[K^[m[K
[4.060s] In file included from [01m[K/opt/ros/humble/include/rclcpp/rclcpp/executors/single_threaded_executor.hpp:28[m[K,
[4.060s]                  from [01m[K/opt/ros/humble/include/rclcpp/rclcpp/executors.hpp:22[m[K,
[4.060s]                  from [01m[K/opt/ros/humble/include/rclcpp/rclcpp/rclcpp.hpp:155[m[K,
[4.060s]                  from [01m[K/home/kargla/robot_movement/src/movement_info/include/movement_info/movement.hpp:4[m[K,
[4.060s]                  from [01m[K/home/kargla/robot_movement/src/movement_info/src/movement.cpp:1[m[K:
[4.061s] [01m[K/opt/ros/humble/include/rclcpp/rclcpp/node.hpp:1294:3:[m[K [01;36m[Knote: [m[Kcandidate: ‘[01m[Krclcpp::Node::Node(const rclcpp::Node&, const string&)[m[K’
[4.061s]  1294 |   [01;36m[KNode[m[K(
[4.061s]       |   [01;36m[K^~~~[m[K
[4.061s] [01m[K/opt/ros/humble/include/rclcpp/rclcpp/node.hpp:1294:3:[m[K [01;36m[Knote: [m[K  candidate expects 2 arguments, 0 provided
[4.061s] [01m[K/opt/ros/humble/include/rclcpp/rclcpp/node.hpp:101:12:[m[K [01;36m[Knote: [m[Kcandidate: ‘[01m[Krclcpp::Node::Node(const string&, const string&, const rclcpp::NodeOptions&)[m[K’
[4.061s]   101 |   explicit [01;36m[KNode[m[K(
[4.061s]       |            [01;36m[K^~~~[m[K
[4.062s] [01m[K/opt/ros/humble/include/rclcpp/rclcpp/node.hpp:101:12:[m[K [01;36m[Knote: [m[K  candidate expects 3 arguments, 0 provided
[4.062s] [01m[K/opt/ros/humble/include/rclcpp/rclcpp/node.hpp:89:12:[m[K [01;36m[Knote: [m[Kcandidate: ‘[01m[Krclcpp::Node::Node(const string&, const rclcpp::NodeOptions&)[m[K’
[4.062s]    89 |   explicit [01;36m[KNode[m[K(
[4.062s]       |            [01;36m[K^~~~[m[K
[4.062s] [01m[K/opt/ros/humble/include/rclcpp/rclcpp/node.hpp:89:12:[m[K [01;36m[Knote: [m[K  candidate expects 2 arguments, 0 provided
[4.109s] [01m[K/home/kargla/robot_movement/src/movement_info/src/movement.cpp:[m[K In constructor ‘[01m[KMovement::Movement()[m[K’:
[4.109s] [01m[K/home/kargla/robot_movement/src/movement_info/src/movement.cpp:3:20:[m[K [01;31m[Kerror: [m[Kno matching function for call to ‘[01m[Krclcpp::Node::Node()[m[K’
[4.109s]     3 | Movement::Movement([01;31m[K)[m[K
[4.109s]       |                    [01;31m[K^[m[K
[4.109s] In file included from [01m[K/opt/ros/humble/include/rclcpp/rclcpp/executors/single_threaded_executor.hpp:28[m[K,
[4.109s]                  from [01m[K/opt/ros/humble/include/rclcpp/rclcpp/executors.hpp:22[m[K,
[4.109s]                  from [01m[K/opt/ros/humble/include/rclcpp/rclcpp/rclcpp.hpp:155[m[K,
[4.109s]                  from [01m[K/home/kargla/robot_movement/src/movement_info/include/movement_info/movement.hpp:4[m[K,
[4.109s]                  from [01m[K/home/kargla/robot_movement/src/movement_info/src/movement.cpp:1[m[K:
[4.110s] [01m[K/opt/ros/humble/include/rclcpp/rclcpp/node.hpp:1294:3:[m[K [01;36m[Knote: [m[Kcandidate: ‘[01m[Krclcpp::Node::Node(const rclcpp::Node&, const string&)[m[K’
[4.110s]  1294 |   [01;36m[KNode[m[K(
[4.110s]       |   [01;36m[K^~~~[m[K
[4.110s] [01m[K/opt/ros/humble/include/rclcpp/rclcpp/node.hpp:1294:3:[m[K [01;36m[Knote: [m[K  candidate expects 2 arguments, 0 provided
[4.110s] [01m[K/opt/ros/humble/include/rclcpp/rclcpp/node.hpp:101:12:[m[K [01;36m[Knote: [m[Kcandidate: ‘[01m[Krclcpp::Node::Node(const string&, const string&, const rclcpp::NodeOptions&)[m[K’
[4.110s]   101 |   explicit [01;36m[KNode[m[K(
[4.110s]       |            [01;36m[K^~~~[m[K
[4.110s] [01m[K/opt/ros/humble/include/rclcpp/rclcpp/node.hpp:101:12:[m[K [01;36m[Knote: [m[K  candidate expects 3 arguments, 0 provided
[4.110s] [01m[K/opt/ros/humble/include/rclcpp/rclcpp/node.hpp:89:12:[m[K [01;36m[Knote: [m[Kcandidate: ‘[01m[Krclcpp::Node::Node(const string&, const rclcpp::NodeOptions&)[m[K’
[4.110s]    89 |   explicit [01;36m[KNode[m[K(
[4.110s]       |            [01;36m[K^~~~[m[K
[4.110s] [01m[K/opt/ros/humble/include/rclcpp/rclcpp/node.hpp:89:12:[m[K [01;36m[Knote: [m[K  candidate expects 2 arguments, 0 provided
[7.395s] gmake[2]: *** [CMakeFiles/movement.dir/build.make:76: CMakeFiles/movement.dir/src/movement.cpp.o] Error 1
[7.395s] gmake[1]: *** [CMakeFiles/Makefile2:180: CMakeFiles/movement.dir/all] Error 2
[7.395s] gmake[1]: *** Waiting for unfinished jobs....
[7.449s] gmake[2]: *** [CMakeFiles/movement_info_library.dir/build.make:76: CMakeFiles/movement_info_library.dir/src/movement.cpp.o] Error 1
[7.450s] gmake[1]: *** [CMakeFiles/Makefile2:206: CMakeFiles/movement_info_library.dir/all] Error 2
[7.450s] gmake: *** [Makefile:146: all] Error 2
[7.453s] Invoked command in '/home/kargla/robot_movement/build/movement_info' returned '2': CMAKE_PREFIX_PATH=/opt/ros/humble /usr/bin/cmake --build /home/kargla/robot_movement/build/movement_info -- -j12 -l12
