[0.018s] Invoking command in '/home/kargla/robot_movement/build/movement_info': CMAKE_PREFIX_PATH=${CMAKE_PREFIX_PATH}:/opt/ros/humble /usr/bin/cmake --build /home/kargla/robot_movement/build/movement_info -- -j12 -l12
[0.112s] [ 66%] Built target movement
[0.112s] [ 66%] Built target gtest_main
[0.112s] [ 66%] Built target gtest
[0.112s] [ 66%] Built target gmock
[0.113s] [ 66%] Built target gmock_main
[0.121s] [ 77%] Built target movement_info_library
[0.148s] [35m[1mConsolidate compiler generated dependencies of target movement_info_movement_gtest[0m
[0.152s] [35m[1mConsolidate compiler generated dependencies of target movement_info_movement_gmock[0m
[0.182s] [ 83%] [32mBuilding CXX object CMakeFiles/movement_info_movement_gtest.dir/test/movement_test.cpp.o[0m
[0.189s] [ 88%] [32mBuilding CXX object CMakeFiles/movement_info_movement_gmock.dir/test/movement_test.cpp.o[0m
[5.627s] [ 94%] [32m[1mLinking CXX executable movement_info_movement_gtest[0m
[5.634s] [100%] [32m[1mLinking CXX executable movement_info_movement_gmock[0m
[6.758s] [100%] Built target movement_info_movement_gtest
[6.801s] [100%] Built target movement_info_movement_gmock
[6.820s] Invoked command in '/home/kargla/robot_movement/build/movement_info' returned '0': CMAKE_PREFIX_PATH=${CMAKE_PREFIX_PATH}:/opt/ros/humble /usr/bin/cmake --build /home/kargla/robot_movement/build/movement_info -- -j12 -l12
[6.823s] Invoking command in '/home/kargla/robot_movement/build/movement_info': CMAKE_PREFIX_PATH=${CMAKE_PREFIX_PATH}:/opt/ros/humble /usr/bin/cmake --install /home/kargla/robot_movement/build/movement_info
[6.833s] -- Install configuration: ""
[6.833s] -- Up-to-date: /home/kargla/robot_movement/install/movement_info/share/movement_info/config
[6.833s] -- Up-to-date: /home/kargla/robot_movement/install/movement_info/share/movement_info/config/params.yaml
[6.834s] -- Up-to-date: /home/kargla/robot_movement/install/movement_info/include
[6.834s] -- Up-to-date: /home/kargla/robot_movement/install/movement_info/include/movement_info
[6.834s] -- Up-to-date: /home/kargla/robot_movement/install/movement_info/include/movement_info/movement.hpp
[6.834s] -- Up-to-date: /home/kargla/robot_movement/install/movement_info/lib/movement_info/movement
[6.834s] -- Up-to-date: /home/kargla/robot_movement/install/movement_info/share/ament_index/resource_index/package_run_dependencies/movement_info
[6.834s] -- Up-to-date: /home/kargla/robot_movement/install/movement_info/share/ament_index/resource_index/parent_prefix_path/movement_info
[6.834s] -- Up-to-date: /home/kargla/robot_movement/install/movement_info/share/movement_info/environment/ament_prefix_path.sh
[6.834s] -- Up-to-date: /home/kargla/robot_movement/install/movement_info/share/movement_info/environment/ament_prefix_path.dsv
[6.834s] -- Up-to-date: /home/kargla/robot_movement/install/movement_info/share/movement_info/environment/path.sh
[6.834s] -- Up-to-date: /home/kargla/robot_movement/install/movement_info/share/movement_info/environment/path.dsv
[6.835s] -- Up-to-date: /home/kargla/robot_movement/install/movement_info/share/movement_info/local_setup.bash
[6.835s] -- Up-to-date: /home/kargla/robot_movement/install/movement_info/share/movement_info/local_setup.sh
[6.835s] -- Up-to-date: /home/kargla/robot_movement/install/movement_info/share/movement_info/local_setup.zsh
[6.835s] -- Up-to-date: /home/kargla/robot_movement/install/movement_info/share/movement_info/local_setup.dsv
[6.835s] -- Installing: /home/kargla/robot_movement/install/movement_info/share/movement_info/package.dsv
[6.835s] -- Up-to-date: /home/kargla/robot_movement/install/movement_info/share/ament_index/resource_index/packages/movement_info
[6.835s] -- Up-to-date: /home/kargla/robot_movement/install/movement_info/share/movement_info/cmake/movement_infoConfig.cmake
[6.835s] -- Up-to-date: /home/kargla/robot_movement/install/movement_info/share/movement_info/cmake/movement_infoConfig-version.cmake
[6.835s] -- Up-to-date: /home/kargla/robot_movement/install/movement_info/share/movement_info/package.xml
[6.838s] Invoked command in '/home/kargla/robot_movement/build/movement_info' returned '0': CMAKE_PREFIX_PATH=${CMAKE_PREFIX_PATH}:/opt/ros/humble /usr/bin/cmake --install /home/kargla/robot_movement/build/movement_info
