[0.020s] Invoking command in '/home/kargla/robot_movement/build/movement_info_msgs': CMAKE_PREFIX_PATH=${CMAKE_PREFIX_PATH}:/opt/ros/humble /usr/bin/cmake --build /home/kargla/robot_movement/build/movement_info_msgs -- -j12 -l12
[0.092s] [  3%] Built target movement_info_msgs__cpp
[0.098s] [ 12%] Built target movement_info_msgs__rosidl_generator_c
[0.117s] [ 12%] Built target ament_cmake_python_copy_movement_info_msgs
[0.143s] [ 32%] Built target movement_info_msgs__rosidl_typesupport_fastrtps_cpp
[0.144s] [ 32%] Built target movement_info_msgs__rosidl_typesupport_cpp
[0.144s] [ 41%] Built target movement_info_msgs__rosidl_typesupport_introspection_cpp
[0.147s] [ 51%] Built target movement_info_msgs__rosidl_typesupport_introspection_c
[0.148s] [ 61%] Built target movement_info_msgs__rosidl_typesupport_fastrtps_c
[0.150s] [ 70%] Built target movement_info_msgs__rosidl_typesupport_c
[0.182s] [ 70%] Built target movement_info_msgs
[0.210s] [ 74%] Built target movement_info_msgs__py
[0.245s] [ 80%] Built target movement_info_msgs__rosidl_generator_py
[0.286s] [ 93%] Built target movement_info_msgs__rosidl_typesupport_fastrtps_c__pyext
[0.286s] [ 93%] Built target movement_info_msgs__rosidl_typesupport_c__pyext
[0.291s] [100%] Built target movement_info_msgs__rosidl_typesupport_introspection_c__pyext
[0.436s] running egg_info
[0.437s] writing movement_info_msgs.egg-info/PKG-INFO
[0.437s] writing dependency_links to movement_info_msgs.egg-info/dependency_links.txt
[0.437s] writing top-level names to movement_info_msgs.egg-info/top_level.txt
[0.440s] reading manifest file 'movement_info_msgs.egg-info/SOURCES.txt'
[0.441s] writing manifest file 'movement_info_msgs.egg-info/SOURCES.txt'
[0.509s] [100%] Built target ament_cmake_python_build_movement_info_msgs_egg
[0.529s] Invoked command in '/home/kargla/robot_movement/build/movement_info_msgs' returned '0': CMAKE_PREFIX_PATH=${CMAKE_PREFIX_PATH}:/opt/ros/humble /usr/bin/cmake --build /home/kargla/robot_movement/build/movement_info_msgs -- -j12 -l12
[0.545s] Invoking command in '/home/kargla/robot_movement/build/movement_info_msgs': CMAKE_PREFIX_PATH=${CMAKE_PREFIX_PATH}:/opt/ros/humble /usr/bin/cmake --install /home/kargla/robot_movement/build/movement_info_msgs
[0.557s] -- Install configuration: ""
[0.557s] -- Up-to-date: /home/kargla/robot_movement/install/movement_info_msgs/share/ament_index/resource_index/rosidl_interfaces/movement_info_msgs
[0.557s] -- Up-to-date: /home/kargla/robot_movement/install/movement_info_msgs/include/movement_info_msgs/movement_info_msgs
[0.557s] -- Up-to-date: /home/kargla/robot_movement/install/movement_info_msgs/include/movement_info_msgs/movement_info_msgs/msg
[0.557s] -- Up-to-date: /home/kargla/robot_movement/install/movement_info_msgs/include/movement_info_msgs/movement_info_msgs/msg/rosidl_generator_c__visibility_control.h
[0.557s] -- Up-to-date: /home/kargla/robot_movement/install/movement_info_msgs/include/movement_info_msgs/movement_info_msgs/msg/detail
[0.558s] -- Up-to-date: /home/kargla/robot_movement/install/movement_info_msgs/include/movement_info_msgs/movement_info_msgs/msg/detail/movement_info__struct.h
[0.558s] -- Up-to-date: /home/kargla/robot_movement/install/movement_info_msgs/include/movement_info_msgs/movement_info_msgs/msg/detail/movement_info__type_support.h
[0.558s] -- Up-to-date: /home/kargla/robot_movement/install/movement_info_msgs/include/movement_info_msgs/movement_info_msgs/msg/detail/movement_info__functions.c
[0.558s] -- Up-to-date: /home/kargla/robot_movement/install/movement_info_msgs/include/movement_info_msgs/movement_info_msgs/msg/detail/movement_info__functions.h
[0.558s] -- Up-to-date: /home/kargla/robot_movement/install/movement_info_msgs/include/movement_info_msgs/movement_info_msgs/msg/movement_info.h
[0.558s] -- Up-to-date: /home/kargla/robot_movement/install/movement_info_msgs/share/movement_info_msgs/environment/library_path.sh
[0.558s] -- Up-to-date: /home/kargla/robot_movement/install/movement_info_msgs/share/movement_info_msgs/environment/library_path.dsv
[0.558s] -- Up-to-date: /home/kargla/robot_movement/install/movement_info_msgs/lib/libmovement_info_msgs__rosidl_generator_c.so
[0.558s] -- Up-to-date: /home/kargla/robot_movement/install/movement_info_msgs/include/movement_info_msgs/movement_info_msgs
[0.559s] -- Up-to-date: /home/kargla/robot_movement/install/movement_info_msgs/include/movement_info_msgs/movement_info_msgs/msg
[0.559s] -- Up-to-date: /home/kargla/robot_movement/install/movement_info_msgs/include/movement_info_msgs/movement_info_msgs/msg/rosidl_typesupport_fastrtps_c__visibility_control.h
[0.559s] -- Up-to-date: /home/kargla/robot_movement/install/movement_info_msgs/include/movement_info_msgs/movement_info_msgs/msg/detail
[0.559s] -- Up-to-date: /home/kargla/robot_movement/install/movement_info_msgs/include/movement_info_msgs/movement_info_msgs/msg/detail/movement_info__rosidl_typesupport_fastrtps_c.h
[0.559s] -- Up-to-date: /home/kargla/robot_movement/install/movement_info_msgs/lib/libmovement_info_msgs__rosidl_typesupport_fastrtps_c.so
[0.559s] -- Up-to-date: /home/kargla/robot_movement/install/movement_info_msgs/include/movement_info_msgs/movement_info_msgs
[0.559s] -- Up-to-date: /home/kargla/robot_movement/install/movement_info_msgs/include/movement_info_msgs/movement_info_msgs/msg
[0.559s] -- Up-to-date: /home/kargla/robot_movement/install/movement_info_msgs/include/movement_info_msgs/movement_info_msgs/msg/rosidl_typesupport_introspection_c__visibility_control.h
[0.560s] -- Up-to-date: /home/kargla/robot_movement/install/movement_info_msgs/include/movement_info_msgs/movement_info_msgs/msg/detail
[0.560s] -- Up-to-date: /home/kargla/robot_movement/install/movement_info_msgs/include/movement_info_msgs/movement_info_msgs/msg/detail/movement_info__rosidl_typesupport_introspection_c.h
[0.560s] -- Up-to-date: /home/kargla/robot_movement/install/movement_info_msgs/include/movement_info_msgs/movement_info_msgs/msg/detail/movement_info__type_support.c
[0.560s] -- Up-to-date: /home/kargla/robot_movement/install/movement_info_msgs/lib/libmovement_info_msgs__rosidl_typesupport_introspection_c.so
[0.560s] -- Up-to-date: /home/kargla/robot_movement/install/movement_info_msgs/lib/libmovement_info_msgs__rosidl_typesupport_c.so
[0.560s] -- Up-to-date: /home/kargla/robot_movement/install/movement_info_msgs/include/movement_info_msgs/movement_info_msgs
[0.560s] -- Up-to-date: /home/kargla/robot_movement/install/movement_info_msgs/include/movement_info_msgs/movement_info_msgs/msg
[0.561s] -- Up-to-date: /home/kargla/robot_movement/install/movement_info_msgs/include/movement_info_msgs/movement_info_msgs/msg/rosidl_generator_cpp__visibility_control.hpp
[0.561s] -- Up-to-date: /home/kargla/robot_movement/install/movement_info_msgs/include/movement_info_msgs/movement_info_msgs/msg/detail
[0.561s] -- Up-to-date: /home/kargla/robot_movement/install/movement_info_msgs/include/movement_info_msgs/movement_info_msgs/msg/detail/movement_info__traits.hpp
[0.561s] -- Up-to-date: /home/kargla/robot_movement/install/movement_info_msgs/include/movement_info_msgs/movement_info_msgs/msg/detail/movement_info__struct.hpp
[0.561s] -- Up-to-date: /home/kargla/robot_movement/install/movement_info_msgs/include/movement_info_msgs/movement_info_msgs/msg/detail/movement_info__type_support.hpp
[0.561s] -- Up-to-date: /home/kargla/robot_movement/install/movement_info_msgs/include/movement_info_msgs/movement_info_msgs/msg/detail/movement_info__builder.hpp
[0.561s] -- Up-to-date: /home/kargla/robot_movement/install/movement_info_msgs/include/movement_info_msgs/movement_info_msgs/msg/movement_info.hpp
[0.561s] -- Up-to-date: /home/kargla/robot_movement/install/movement_info_msgs/include/movement_info_msgs/movement_info_msgs
[0.562s] -- Up-to-date: /home/kargla/robot_movement/install/movement_info_msgs/include/movement_info_msgs/movement_info_msgs/msg
[0.562s] -- Up-to-date: /home/kargla/robot_movement/install/movement_info_msgs/include/movement_info_msgs/movement_info_msgs/msg/detail
[0.562s] -- Up-to-date: /home/kargla/robot_movement/install/movement_info_msgs/include/movement_info_msgs/movement_info_msgs/msg/detail/movement_info__rosidl_typesupport_fastrtps_cpp.hpp
[0.562s] -- Up-to-date: /home/kargla/robot_movement/install/movement_info_msgs/include/movement_info_msgs/movement_info_msgs/msg/detail/dds_fastrtps
[0.562s] -- Up-to-date: /home/kargla/robot_movement/install/movement_info_msgs/include/movement_info_msgs/movement_info_msgs/msg/rosidl_typesupport_fastrtps_cpp__visibility_control.h
[0.562s] -- Up-to-date: /home/kargla/robot_movement/install/movement_info_msgs/lib/libmovement_info_msgs__rosidl_typesupport_fastrtps_cpp.so
[0.562s] -- Up-to-date: /home/kargla/robot_movement/install/movement_info_msgs/include/movement_info_msgs/movement_info_msgs
[0.562s] -- Up-to-date: /home/kargla/robot_movement/install/movement_info_msgs/include/movement_info_msgs/movement_info_msgs/msg
[0.562s] -- Up-to-date: /home/kargla/robot_movement/install/movement_info_msgs/include/movement_info_msgs/movement_info_msgs/msg/detail
[0.563s] -- Up-to-date: /home/kargla/robot_movement/install/movement_info_msgs/include/movement_info_msgs/movement_info_msgs/msg/detail/movement_info__rosidl_typesupport_introspection_cpp.hpp
[0.563s] -- Up-to-date: /home/kargla/robot_movement/install/movement_info_msgs/include/movement_info_msgs/movement_info_msgs/msg/detail/movement_info__type_support.cpp
[0.563s] -- Up-to-date: /home/kargla/robot_movement/install/movement_info_msgs/lib/libmovement_info_msgs__rosidl_typesupport_introspection_cpp.so
[0.563s] -- Up-to-date: /home/kargla/robot_movement/install/movement_info_msgs/lib/libmovement_info_msgs__rosidl_typesupport_cpp.so
[0.564s] -- Up-to-date: /home/kargla/robot_movement/install/movement_info_msgs/share/movement_info_msgs/environment/pythonpath.sh
[0.564s] -- Up-to-date: /home/kargla/robot_movement/install/movement_info_msgs/share/movement_info_msgs/environment/pythonpath.dsv
[0.564s] -- Up-to-date: /home/kargla/robot_movement/install/movement_info_msgs/local/lib/python3.10/dist-packages/movement_info_msgs-0.0.0-py3.10.egg-info
[0.564s] -- Installing: /home/kargla/robot_movement/install/movement_info_msgs/local/lib/python3.10/dist-packages/movement_info_msgs-0.0.0-py3.10.egg-info/SOURCES.txt
[0.564s] -- Installing: /home/kargla/robot_movement/install/movement_info_msgs/local/lib/python3.10/dist-packages/movement_info_msgs-0.0.0-py3.10.egg-info/top_level.txt
[0.565s] -- Installing: /home/kargla/robot_movement/install/movement_info_msgs/local/lib/python3.10/dist-packages/movement_info_msgs-0.0.0-py3.10.egg-info/dependency_links.txt
[0.565s] -- Installing: /home/kargla/robot_movement/install/movement_info_msgs/local/lib/python3.10/dist-packages/movement_info_msgs-0.0.0-py3.10.egg-info/PKG-INFO
[0.565s] -- Up-to-date: /home/kargla/robot_movement/install/movement_info_msgs/local/lib/python3.10/dist-packages/movement_info_msgs
[0.565s] -- Up-to-date: /home/kargla/robot_movement/install/movement_info_msgs/local/lib/python3.10/dist-packages/movement_info_msgs/movement_info_msgs_s__rosidl_typesupport_c.cpython-310-x86_64-linux-gnu.so
[0.566s] -- Up-to-date: /home/kargla/robot_movement/install/movement_info_msgs/local/lib/python3.10/dist-packages/movement_info_msgs/msg
[0.566s] -- Up-to-date: /home/kargla/robot_movement/install/movement_info_msgs/local/lib/python3.10/dist-packages/movement_info_msgs/msg/_movement_info_s.c
[0.566s] -- Up-to-date: /home/kargla/robot_movement/install/movement_info_msgs/local/lib/python3.10/dist-packages/movement_info_msgs/msg/_movement_info.py
[0.566s] -- Up-to-date: /home/kargla/robot_movement/install/movement_info_msgs/local/lib/python3.10/dist-packages/movement_info_msgs/msg/__init__.py
[0.566s] -- Up-to-date: /home/kargla/robot_movement/install/movement_info_msgs/local/lib/python3.10/dist-packages/movement_info_msgs/__init__.py
[0.566s] -- Up-to-date: /home/kargla/robot_movement/install/movement_info_msgs/local/lib/python3.10/dist-packages/movement_info_msgs/movement_info_msgs_s__rosidl_typesupport_fastrtps_c.cpython-310-x86_64-linux-gnu.so
[0.566s] -- Up-to-date: /home/kargla/robot_movement/install/movement_info_msgs/local/lib/python3.10/dist-packages/movement_info_msgs/_movement_info_msgs_s.ep.rosidl_typesupport_introspection_c.c
[0.566s] -- Up-to-date: /home/kargla/robot_movement/install/movement_info_msgs/local/lib/python3.10/dist-packages/movement_info_msgs/_movement_info_msgs_s.ep.rosidl_typesupport_fastrtps_c.c
[0.566s] -- Up-to-date: /home/kargla/robot_movement/install/movement_info_msgs/local/lib/python3.10/dist-packages/movement_info_msgs/movement_info_msgs_s__rosidl_typesupport_introspection_c.cpython-310-x86_64-linux-gnu.so
[0.566s] -- Up-to-date: /home/kargla/robot_movement/install/movement_info_msgs/local/lib/python3.10/dist-packages/movement_info_msgs/libmovement_info_msgs__rosidl_generator_py.so
[0.566s] -- Up-to-date: /home/kargla/robot_movement/install/movement_info_msgs/local/lib/python3.10/dist-packages/movement_info_msgs/_movement_info_msgs_s.ep.rosidl_typesupport_c.c
[0.610s] Listing '/home/kargla/robot_movement/install/movement_info_msgs/local/lib/python3.10/dist-packages/movement_info_msgs'...
[0.610s] Listing '/home/kargla/robot_movement/install/movement_info_msgs/local/lib/python3.10/dist-packages/movement_info_msgs/msg'...
[0.621s] -- Up-to-date: /home/kargla/robot_movement/install/movement_info_msgs/local/lib/python3.10/dist-packages/movement_info_msgs/movement_info_msgs_s__rosidl_typesupport_fastrtps_c.cpython-310-x86_64-linux-gnu.so
[0.621s] -- Up-to-date: /home/kargla/robot_movement/install/movement_info_msgs/local/lib/python3.10/dist-packages/movement_info_msgs/movement_info_msgs_s__rosidl_typesupport_introspection_c.cpython-310-x86_64-linux-gnu.so
[0.622s] -- Up-to-date: /home/kargla/robot_movement/install/movement_info_msgs/local/lib/python3.10/dist-packages/movement_info_msgs/movement_info_msgs_s__rosidl_typesupport_c.cpython-310-x86_64-linux-gnu.so
[0.622s] -- Up-to-date: /home/kargla/robot_movement/install/movement_info_msgs/lib/libmovement_info_msgs__rosidl_generator_py.so
[0.622s] -- Up-to-date: /home/kargla/robot_movement/install/movement_info_msgs/share/movement_info_msgs/msg/MovementInfo.idl
[0.623s] -- Up-to-date: /home/kargla/robot_movement/install/movement_info_msgs/share/movement_info_msgs/msg/MovementInfo.msg
[0.623s] -- Up-to-date: /home/kargla/robot_movement/install/movement_info_msgs/share/ament_index/resource_index/package_run_dependencies/movement_info_msgs
[0.623s] -- Up-to-date: /home/kargla/robot_movement/install/movement_info_msgs/share/ament_index/resource_index/parent_prefix_path/movement_info_msgs
[0.623s] -- Up-to-date: /home/kargla/robot_movement/install/movement_info_msgs/share/movement_info_msgs/environment/ament_prefix_path.sh
[0.623s] -- Up-to-date: /home/kargla/robot_movement/install/movement_info_msgs/share/movement_info_msgs/environment/ament_prefix_path.dsv
[0.623s] -- Up-to-date: /home/kargla/robot_movement/install/movement_info_msgs/share/movement_info_msgs/environment/path.sh
[0.623s] -- Up-to-date: /home/kargla/robot_movement/install/movement_info_msgs/share/movement_info_msgs/environment/path.dsv
[0.623s] -- Up-to-date: /home/kargla/robot_movement/install/movement_info_msgs/share/movement_info_msgs/local_setup.bash
[0.623s] -- Up-to-date: /home/kargla/robot_movement/install/movement_info_msgs/share/movement_info_msgs/local_setup.sh
[0.623s] -- Up-to-date: /home/kargla/robot_movement/install/movement_info_msgs/share/movement_info_msgs/local_setup.zsh
[0.623s] -- Up-to-date: /home/kargla/robot_movement/install/movement_info_msgs/share/movement_info_msgs/local_setup.dsv
[0.624s] -- Installing: /home/kargla/robot_movement/install/movement_info_msgs/share/movement_info_msgs/package.dsv
[0.624s] -- Up-to-date: /home/kargla/robot_movement/install/movement_info_msgs/share/ament_index/resource_index/packages/movement_info_msgs
[0.624s] -- Up-to-date: /home/kargla/robot_movement/install/movement_info_msgs/share/movement_info_msgs/cmake/export_movement_info_msgs__rosidl_generator_cExport.cmake
[0.624s] -- Up-to-date: /home/kargla/robot_movement/install/movement_info_msgs/share/movement_info_msgs/cmake/export_movement_info_msgs__rosidl_generator_cExport-noconfig.cmake
[0.624s] -- Up-to-date: /home/kargla/robot_movement/install/movement_info_msgs/share/movement_info_msgs/cmake/export_movement_info_msgs__rosidl_typesupport_fastrtps_cExport.cmake
[0.624s] -- Up-to-date: /home/kargla/robot_movement/install/movement_info_msgs/share/movement_info_msgs/cmake/export_movement_info_msgs__rosidl_typesupport_fastrtps_cExport-noconfig.cmake
[0.624s] -- Up-to-date: /home/kargla/robot_movement/install/movement_info_msgs/share/movement_info_msgs/cmake/movement_info_msgs__rosidl_typesupport_introspection_cExport.cmake
[0.624s] -- Up-to-date: /home/kargla/robot_movement/install/movement_info_msgs/share/movement_info_msgs/cmake/movement_info_msgs__rosidl_typesupport_introspection_cExport-noconfig.cmake
[0.624s] -- Up-to-date: /home/kargla/robot_movement/install/movement_info_msgs/share/movement_info_msgs/cmake/movement_info_msgs__rosidl_typesupport_cExport.cmake
[0.625s] -- Up-to-date: /home/kargla/robot_movement/install/movement_info_msgs/share/movement_info_msgs/cmake/movement_info_msgs__rosidl_typesupport_cExport-noconfig.cmake
[0.625s] -- Up-to-date: /home/kargla/robot_movement/install/movement_info_msgs/share/movement_info_msgs/cmake/export_movement_info_msgs__rosidl_generator_cppExport.cmake
[0.625s] -- Up-to-date: /home/kargla/robot_movement/install/movement_info_msgs/share/movement_info_msgs/cmake/export_movement_info_msgs__rosidl_typesupport_fastrtps_cppExport.cmake
[0.625s] -- Up-to-date: /home/kargla/robot_movement/install/movement_info_msgs/share/movement_info_msgs/cmake/export_movement_info_msgs__rosidl_typesupport_fastrtps_cppExport-noconfig.cmake
[0.625s] -- Up-to-date: /home/kargla/robot_movement/install/movement_info_msgs/share/movement_info_msgs/cmake/movement_info_msgs__rosidl_typesupport_introspection_cppExport.cmake
[0.625s] -- Up-to-date: /home/kargla/robot_movement/install/movement_info_msgs/share/movement_info_msgs/cmake/movement_info_msgs__rosidl_typesupport_introspection_cppExport-noconfig.cmake
[0.625s] -- Up-to-date: /home/kargla/robot_movement/install/movement_info_msgs/share/movement_info_msgs/cmake/movement_info_msgs__rosidl_typesupport_cppExport.cmake
[0.625s] -- Up-to-date: /home/kargla/robot_movement/install/movement_info_msgs/share/movement_info_msgs/cmake/movement_info_msgs__rosidl_typesupport_cppExport-noconfig.cmake
[0.625s] -- Up-to-date: /home/kargla/robot_movement/install/movement_info_msgs/share/movement_info_msgs/cmake/export_movement_info_msgs__rosidl_generator_pyExport.cmake
[0.626s] -- Up-to-date: /home/kargla/robot_movement/install/movement_info_msgs/share/movement_info_msgs/cmake/export_movement_info_msgs__rosidl_generator_pyExport-noconfig.cmake
[0.626s] -- Up-to-date: /home/kargla/robot_movement/install/movement_info_msgs/share/movement_info_msgs/cmake/rosidl_cmake-extras.cmake
[0.626s] -- Up-to-date: /home/kargla/robot_movement/install/movement_info_msgs/share/movement_info_msgs/cmake/ament_cmake_export_include_directories-extras.cmake
[0.626s] -- Up-to-date: /home/kargla/robot_movement/install/movement_info_msgs/share/movement_info_msgs/cmake/ament_cmake_export_libraries-extras.cmake
[0.626s] -- Up-to-date: /home/kargla/robot_movement/install/movement_info_msgs/share/movement_info_msgs/cmake/ament_cmake_export_targets-extras.cmake
[0.626s] -- Up-to-date: /home/kargla/robot_movement/install/movement_info_msgs/share/movement_info_msgs/cmake/rosidl_cmake_export_typesupport_targets-extras.cmake
[0.626s] -- Up-to-date: /home/kargla/robot_movement/install/movement_info_msgs/share/movement_info_msgs/cmake/ament_cmake_export_dependencies-extras.cmake
[0.626s] -- Up-to-date: /home/kargla/robot_movement/install/movement_info_msgs/share/movement_info_msgs/cmake/rosidl_cmake_export_typesupport_libraries-extras.cmake
[0.626s] -- Up-to-date: /home/kargla/robot_movement/install/movement_info_msgs/share/movement_info_msgs/cmake/movement_info_msgsConfig.cmake
[0.626s] -- Up-to-date: /home/kargla/robot_movement/install/movement_info_msgs/share/movement_info_msgs/cmake/movement_info_msgsConfig-version.cmake
[0.626s] -- Up-to-date: /home/kargla/robot_movement/install/movement_info_msgs/share/movement_info_msgs/package.xml
[0.631s] Invoked command in '/home/kargla/robot_movement/build/movement_info_msgs' returned '0': CMAKE_PREFIX_PATH=${CMAKE_PREFIX_PATH}:/opt/ros/humble /usr/bin/cmake --install /home/kargla/robot_movement/build/movement_info_msgs
