[0.015s] Invoking command in '/home/kargla/robot_movement/build/movement_info': CMAKE_PREFIX_PATH=/opt/ros/humble /usr/bin/cmake --build /home/kargla/robot_movement/build/movement_info -- -j12 -l12
[0.075s] [35m[1mConsolidate compiler generated dependencies of target movement[0m
[0.102s] [ 50%] [32mBuilding CXX object CMakeFiles/movement.dir/src/movement.cpp.o[0m
[2.789s] [01m[K/home/kargla/robot_movement/src/movement_info/src/movement.cpp:19:26:[m[K [01;31m[Kerror: [m[K‘[01m[Kibp3[m[K’ was not declared in this scope
[2.789s]    19 |     rclcpp::Subscription<[01;31m[Kibp3[m[K::diff_drive::odom>::SharedPtr odom_subscriber;
[2.790s]       |                          [01;31m[K^~~~[m[K
[2.790s] [01m[K/home/kargla/robot_movement/src/movement_info/src/movement.cpp:19:48:[m[K [01;31m[Kerror: [m[Ktemplate argument 1 is invalid
[2.790s]    19 |     rclcpp::Subscription<ibp3::diff_drive::odom[01;31m[K>[m[K::SharedPtr odom_subscriber;
[2.790s]       |                                                [01;31m[K^[m[K
[2.790s] [01m[K/home/kargla/robot_movement/src/movement_info/src/movement.cpp:19:48:[m[K [01;31m[Kerror: [m[Ktemplate argument 3 is invalid
[2.790s] [01m[K/home/kargla/robot_movement/src/movement_info/src/movement.cpp:19:48:[m[K [01;31m[Kerror: [m[Ktemplate argument 4 is invalid
[2.790s] [01m[K/home/kargla/robot_movement/src/movement_info/src/movement.cpp:19:48:[m[K [01;31m[Kerror: [m[Ktemplate argument 5 is invalid
[2.790s] [01m[K/home/kargla/robot_movement/src/movement_info/src/movement.cpp:19:51:[m[K [01;31m[Kerror: [m[Kexpected ‘[01m[K;[m[K’ at end of member declaration
[2.790s]    19 |     rclcpp::Subscription<ibp3::diff_drive::odom>::[01;31m[KSharedPtr[m[K odom_subscriber;
[2.790s]       |                                                   [01;31m[K^~~~~~~~~[m[K
[2.790s]       |                                                            [32m[K;[m[K
[2.791s] [01m[K/home/kargla/robot_movement/src/movement_info/src/movement.cpp:19:61:[m[K [01;31m[Kerror: [m[K‘[01m[Kodom_subscriber[m[K’ does not name a type
[2.791s]    19 |     rclcpp::Subscription<ibp3::diff_drive::odom>::SharedPtr [01;31m[Kodom_subscriber[m[K;
[2.791s]       |                                                             [01;31m[K^~~~~~~~~~~~~~~[m[K
[2.795s] [01m[K/home/kargla/robot_movement/src/movement_info/src/movement.cpp:20:26:[m[K [01;31m[Kerror: [m[K‘[01m[Kibp3[m[K’ was not declared in this scope
[2.795s]    20 |     rclcpp::Subscription<[01;31m[Kibp3[m[K::diff_drive::cmd_vel>::SharedPtr vel_subscriber;
[2.795s]       |                          [01;31m[K^~~~[m[K
[2.795s] [01m[K/home/kargla/robot_movement/src/movement_info/src/movement.cpp:20:51:[m[K [01;31m[Kerror: [m[Ktemplate argument 1 is invalid
[2.796s]    20 |     rclcpp::Subscription<ibp3::diff_drive::cmd_vel[01;31m[K>[m[K::SharedPtr vel_subscriber;
[2.796s]       |                                                   [01;31m[K^[m[K
[2.796s] [01m[K/home/kargla/robot_movement/src/movement_info/src/movement.cpp:20:51:[m[K [01;31m[Kerror: [m[Ktemplate argument 3 is invalid
[2.796s] [01m[K/home/kargla/robot_movement/src/movement_info/src/movement.cpp:20:51:[m[K [01;31m[Kerror: [m[Ktemplate argument 4 is invalid
[2.796s] [01m[K/home/kargla/robot_movement/src/movement_info/src/movement.cpp:20:51:[m[K [01;31m[Kerror: [m[Ktemplate argument 5 is invalid
[2.796s] [01m[K/home/kargla/robot_movement/src/movement_info/src/movement.cpp:20:54:[m[K [01;31m[Kerror: [m[Kexpected ‘[01m[K;[m[K’ at end of member declaration
[2.796s]    20 |     rclcpp::Subscription<ibp3::diff_drive::cmd_vel>::[01;31m[KSharedPtr[m[K vel_subscriber;
[2.796s]       |                                                      [01;31m[K^~~~~~~~~[m[K
[2.797s]       |                                                               [32m[K;[m[K
[2.797s] [01m[K/home/kargla/robot_movement/src/movement_info/src/movement.cpp:20:54:[m[K [01;31m[Kerror: [m[Kredeclaration of ‘[01m[Kint Movement::SharedPtr[m[K’
[2.797s] [01m[K/home/kargla/robot_movement/src/movement_info/src/movement.cpp:19:51:[m[K [01;36m[Knote: [m[Kprevious declaration ‘[01m[Kint Movement::SharedPtr[m[K’
[2.797s]    19 |     rclcpp::Subscription<ibp3::diff_drive::odom>::[01;36m[KSharedPtr[m[K odom_subscriber;
[2.797s]       |                                                   [01;36m[K^~~~~~~~~[m[K
[2.797s] [01m[K/home/kargla/robot_movement/src/movement_info/src/movement.cpp:20:64:[m[K [01;31m[Kerror: [m[K‘[01m[Kvel_subscriber[m[K’ does not name a type
[2.797s]    20 |     rclcpp::Subscription<ibp3::diff_drive::cmd_vel>::SharedPtr [01;31m[Kvel_subscriber[m[K;
[2.797s]       |                                                                [01;31m[K^~~~~~~~~~~~~~[m[K
[2.798s] [01m[K/home/kargla/robot_movement/src/movement_info/src/movement.cpp:31:5:[m[K [01;31m[Kerror: [m[K‘[01m[KString[m[K’ does not name a type
[2.798s]    31 |     [01;31m[KString[m[K getMovement()
[2.798s]       |     [01;31m[K^~~~~~[m[K
[2.807s] [01m[K/home/kargla/robot_movement/src/movement_info/src/movement.cpp:[m[K In constructor ‘[01m[KMovement::Movement()[m[K’:
[2.807s] [01m[K/home/kargla/robot_movement/src/movement_info/src/movement.cpp:10:9:[m[K [01;31m[Kerror: [m[K‘[01m[Kodom_subscriber[m[K’ was not declared in this scope; did you mean ‘[01m[Kcount_subscribers[m[K’?
[2.808s]    10 |         [01;31m[Kodom_subscriber[m[K = this->create_subscription<ibp3::diff_drive::odom>("/ibp3/diff_drive/odom", 10, std::bind(&Movement::movement_callback, this, std::placeholders::_1));
[2.808s]       |         [01;31m[K^~~~~~~~~~~~~~~[m[K
[2.808s]       |         [32m[Kcount_subscribers[m[K
[2.811s] [01m[K/home/kargla/robot_movement/src/movement_info/src/movement.cpp:10:53:[m[K [01;31m[Kerror: [m[K‘[01m[Kibp3[m[K’ was not declared in this scope
[2.811s]    10 |         odom_subscriber = this->create_subscription<[01;31m[Kibp3[m[K::diff_drive::odom>("/ibp3/diff_drive/odom", 10, std::bind(&Movement::movement_callback, this, std::placeholders::_1));
[2.811s]       |                                                     [01;31m[K^~~~[m[K
[2.811s] [01m[K/home/kargla/robot_movement/src/movement_info/src/movement.cpp:10:33:[m[K [01;31m[Kerror: [m[Kparse error in template argument list
[2.811s]    10 |         odom_subscriber = this->[01;31m[Kcreate_subscription<ibp3::diff_drive::odom>[m[K("/ibp3/diff_drive/odom", 10, std::bind(&Movement::movement_callback, this, std::placeholders::_1));
[2.811s]       |                                 [01;31m[K^~~~~~~~~~~~~~~~~~~~~~~~~~~~~~~~~~~~~~~~~~~[m[K
[2.811s] [01m[K/home/kargla/robot_movement/src/movement_info/src/movement.cpp:10:127:[m[K [01;31m[Kerror: [m[K‘[01m[Kmovement_callback[m[K’ is not a member of ‘[01m[KMovement[m[K’
[2.811s]    10 | bscription<ibp3::diff_drive::odom>("/ibp3/diff_drive/odom", 10, std::bind(&Movement::[01;31m[Kmovement_callback[m[K, this, std::placeholders::_1));
[2.812s]       |                                                                                      [01;31m[K^~~~~~~~~~~~~~~~~[m[K
[2.812s] 
[2.818s] [01m[K/home/kargla/robot_movement/src/movement_info/src/movement.cpp:11:9:[m[K [01;31m[Kerror: [m[K‘[01m[Kvel_subscriber[m[K’ was not declared in this scope; did you mean ‘[01m[Kcount_subscribers[m[K’?
[2.818s]    11 |         [01;31m[Kvel_subscriber[m[K = this->create_subscription<ibp3::diff_drive::cmd_vel>("/ibp3/diff_drive/cmd_vel", 10, std::bind(&Movement::movement_callback, this, std::placeholders::_1));
[2.818s]       |         [01;31m[K^~~~~~~~~~~~~~[m[K
[2.818s]       |         [32m[Kcount_subscribers[m[K
[2.818s] [01m[K/home/kargla/robot_movement/src/movement_info/src/movement.cpp:11:32:[m[K [01;31m[Kerror: [m[Kparse error in template argument list
[2.818s]    11 |         vel_subscriber = this->[01;31m[Kcreate_subscription<ibp3::diff_drive::cmd_vel>[m[K("/ibp3/diff_drive/cmd_vel", 10, std::bind(&Movement::movement_callback, this, std::placeholders::_1));
[2.819s]       |                                [01;31m[K^~~~~~~~~~~~~~~~~~~~~~~~~~~~~~~~~~~~~~~~~~~~~~[m[K
[2.819s] [01m[K/home/kargla/robot_movement/src/movement_info/src/movement.cpp:11:132:[m[K [01;31m[Kerror: [m[K‘[01m[Kmovement_callback[m[K’ is not a member of ‘[01m[KMovement[m[K’
[2.819s]    11 | tion<ibp3::diff_drive::cmd_vel>("/ibp3/diff_drive/cmd_vel", 10, std::bind(&Movement::[01;31m[Kmovement_callback[m[K, this, std::placeholders::_1));
[2.819s]       |                                                                                      [01;31m[K^~~~~~~~~~~~~~~~~[m[K
[2.819s] 
[3.578s] gmake[2]: *** [CMakeFiles/movement.dir/build.make:76: CMakeFiles/movement.dir/src/movement.cpp.o] Error 1
[3.578s] gmake[1]: *** [CMakeFiles/Makefile2:137: CMakeFiles/movement.dir/all] Error 2
[3.579s] gmake: *** [Makefile:146: all] Error 2
[3.582s] Invoked command in '/home/kargla/robot_movement/build/movement_info' returned '2': CMAKE_PREFIX_PATH=/opt/ros/humble /usr/bin/cmake --build /home/kargla/robot_movement/build/movement_info -- -j12 -l12
