[0.017s] Invoking command in '/home/kargla/robot_movement/build/movement_info': CMAKE_PREFIX_PATH=${CMAKE_PREFIX_PATH}:/opt/ros/humble /usr/bin/cmake --build /home/kargla/robot_movement/build/movement_info -- -j12 -l12
[0.092s] [ 20%] Built target gtest
[0.095s] [ 20%] Built target gtest_main
[0.095s] [ 30%] Built target gmock_main
[0.095s] [ 60%] Built target gmock
[0.095s] [ 55%] Built target movement_info_library
[0.106s] [ 80%] Built target movement
[0.117s] [35m[1mConsolidate compiler generated dependencies of target movement_info_movement_gtest[0m
[0.117s] [35m[1mConsolidate compiler generated dependencies of target movement_info_movement_gmock[0m
[0.147s] [ 85%] [32mBuilding CXX object CMakeFiles/movement_info_movement_gmock.dir/test/movement_test.cpp.o[0m
[0.151s] [ 90%] [32mBuilding CXX object CMakeFiles/movement_info_movement_gtest.dir/test/movement_test.cpp.o[0m
[9.684s] [ 95%] [32m[1mLinking CXX executable movement_info_movement_gmock[0m
[9.710s] [100%] [32m[1mLinking CXX executable movement_info_movement_gtest[0m
[11.242s] [100%] Built target movement_info_movement_gmock
[11.284s] [100%] Built target movement_info_movement_gtest
[11.300s] Invoked command in '/home/kargla/robot_movement/build/movement_info' returned '0': CMAKE_PREFIX_PATH=${CMAKE_PREFIX_PATH}:/opt/ros/humble /usr/bin/cmake --build /home/kargla/robot_movement/build/movement_info -- -j12 -l12
[11.302s] Invoking command in '/home/kargla/robot_movement/build/movement_info': CMAKE_PREFIX_PATH=${CMAKE_PREFIX_PATH}:/opt/ros/humble /usr/bin/cmake --install /home/kargla/robot_movement/build/movement_info
[11.310s] -- Install configuration: ""
[11.310s] -- Up-to-date: /home/kargla/robot_movement/install/movement_info/share/movement_info/config
[11.310s] -- Up-to-date: /home/kargla/robot_movement/install/movement_info/share/movement_info/config/params.yaml
[11.310s] -- Up-to-date: /home/kargla/robot_movement/install/movement_info/include
[11.310s] -- Up-to-date: /home/kargla/robot_movement/install/movement_info/include/movement_info
[11.310s] -- Up-to-date: /home/kargla/robot_movement/install/movement_info/include/movement_info/MockPublisher.hpp
[11.310s] -- Up-to-date: /home/kargla/robot_movement/install/movement_info/include/movement_info/movement.hpp
[11.310s] -- Up-to-date: /home/kargla/robot_movement/install/movement_info/include/movement_info/movement_interface.hpp
[11.311s] -- Up-to-date: /home/kargla/robot_movement/install/movement_info/lib/movement_info/movement
[11.311s] -- Up-to-date: /home/kargla/robot_movement/install/movement_info/share/ament_index/resource_index/package_run_dependencies/movement_info
[11.311s] -- Up-to-date: /home/kargla/robot_movement/install/movement_info/share/ament_index/resource_index/parent_prefix_path/movement_info
[11.311s] -- Up-to-date: /home/kargla/robot_movement/install/movement_info/share/movement_info/environment/ament_prefix_path.sh
[11.311s] -- Up-to-date: /home/kargla/robot_movement/install/movement_info/share/movement_info/environment/ament_prefix_path.dsv
[11.311s] -- Up-to-date: /home/kargla/robot_movement/install/movement_info/share/movement_info/environment/path.sh
[11.311s] -- Up-to-date: /home/kargla/robot_movement/install/movement_info/share/movement_info/environment/path.dsv
[11.311s] -- Up-to-date: /home/kargla/robot_movement/install/movement_info/share/movement_info/local_setup.bash
[11.311s] -- Up-to-date: /home/kargla/robot_movement/install/movement_info/share/movement_info/local_setup.sh
[11.311s] -- Up-to-date: /home/kargla/robot_movement/install/movement_info/share/movement_info/local_setup.zsh
[11.312s] -- Up-to-date: /home/kargla/robot_movement/install/movement_info/share/movement_info/local_setup.dsv
[11.312s] -- Installing: /home/kargla/robot_movement/install/movement_info/share/movement_info/package.dsv
[11.312s] -- Up-to-date: /home/kargla/robot_movement/install/movement_info/share/ament_index/resource_index/packages/movement_info
[11.312s] -- Up-to-date: /home/kargla/robot_movement/install/movement_info/share/movement_info/cmake/movement_infoConfig.cmake
[11.312s] -- Up-to-date: /home/kargla/robot_movement/install/movement_info/share/movement_info/cmake/movement_infoConfig-version.cmake
[11.312s] -- Up-to-date: /home/kargla/robot_movement/install/movement_info/share/movement_info/package.xml
[11.315s] Invoked command in '/home/kargla/robot_movement/build/movement_info' returned '0': CMAKE_PREFIX_PATH=${CMAKE_PREFIX_PATH}:/opt/ros/humble /usr/bin/cmake --install /home/kargla/robot_movement/build/movement_info
