[01m[K/home/kargla/robot_movement/src/movement_info/src/movement_interface.cpp:[m[K In constructor ‘[01m[KMovementInterface::MovementInterface(const string&)[m[K’:
[01m[K/home/kargla/robot_movement/src/movement_info/src/movement_interface.cpp:9:26:[m[K [01;31m[Kerror: [m[Kbase operand of ‘[01m[K->[m[K’ has non-pointer type ‘[01m[Kconst string[m[K’ {aka ‘[01m[Kconst std::__cxx11::basic_string<char>[m[K’}
    9 |         publisher_ = node[01;31m[K->[m[Kcreate_publisher<movement_info_msgs::msg::MovementInfo>("/movement_info", 10);
      |                          [01;31m[K^~[m[K
[01m[K/home/kargla/robot_movement/src/movement_info/src/movement_interface.cpp:9:82:[m[K [01;31m[Kerror: [m[Kexpected primary-expression before ‘[01m[K>[m[K’ token
    9 |         publisher_ = node->create_publisher<movement_info_msgs::msg::MovementInfo[01;31m[K>[m[K("/movement_info", 10);
      |                                                                                  [01;31m[K^[m[K
[01m[K/home/kargla/robot_movement/src/movement_info/src/movement_interface.cpp:9:84:[m[K [01;35m[Kwarning: [m[Kleft operand of comma operator has no effect [[01;35m[K]8;;https://gcc.gnu.org/onlinedocs/gcc/Warning-Options.html#index-Wunused-value-Wunused-value]8;;[m[K]
    9 |         publisher_ = node->create_publisher<movement_info_msgs::msg::MovementInfo>([01;35m[K"/movement_info"[m[K, 10);
      |                                                                                    [01;35m[K^~~~~~~~~~~~~~~~[m[K
In file included from [01m[K/home/kargla/robot_movement/src/movement_info/src/main.cpp:1[m[K:
[01m[K/home/kargla/robot_movement/src/movement_info/include/movement_info/movement.hpp:11:1:[m[K [01;31m[Kerror: [m[Kexpected class-name before ‘[01m[K{[m[K’ token
   11 | [01;31m[K{[m[K
      | [01;31m[K^[m[K
[01m[K/home/kargla/robot_movement/src/movement_info/include/movement_info/movement.hpp:13:20:[m[K [01;31m[Kerror: [m[Kexpected ‘[01m[K)[m[K’ before ‘[01m[Knode[m[K’
   13 |     Movement[34m[K([m[KString[01;31m[K [m[K[32m[Knode[m[K);
      |             [34m[K~[m[K      [01;31m[K^[m[K[32m[K~~~~[m[K
      |                    [32m[K)[m[K
In file included from [01m[K/home/kargla/robot_movement/src/movement_info/src/movement.cpp:1[m[K:
[01m[K/home/kargla/robot_movement/src/movement_info/include/movement_info/movement.hpp:11:1:[m[K [01;31m[Kerror: [m[Kexpected class-name before ‘[01m[K{[m[K’ token
   11 | [01;31m[K{[m[K
      | [01;31m[K^[m[K
[01m[K/home/kargla/robot_movement/src/movement_info/include/movement_info/movement.hpp:13:20:[m[K [01;31m[Kerror: [m[Kexpected ‘[01m[K)[m[K’ before ‘[01m[Knode[m[K’
   13 |     Movement[34m[K([m[KString[01;31m[K [m[K[32m[Knode[m[K);
      |             [34m[K~[m[K      [01;31m[K^[m[K[32m[K~~~~[m[K
      |                    [32m[K)[m[K
In file included from [01m[K/home/kargla/robot_movement/src/movement_info/src/movement.cpp:1[m[K:
[01m[K/home/kargla/robot_movement/src/movement_info/include/movement_info/movement.hpp:11:1:[m[K [01;31m[Kerror: [m[Kexpected class-name before ‘[01m[K{[m[K’ token
   11 | [01;31m[K{[m[K
      | [01;31m[K^[m[K
[01m[K/home/kargla/robot_movement/src/movement_info/include/movement_info/movement.hpp:13:20:[m[K [01;31m[Kerror: [m[Kexpected ‘[01m[K)[m[K’ before ‘[01m[Knode[m[K’
   13 |     Movement[34m[K([m[KString[01;31m[K [m[K[32m[Knode[m[K);
      |             [34m[K~[m[K      [01;31m[K^[m[K[32m[K~~~~[m[K
      |                    [32m[K)[m[K
[01m[K/home/kargla/robot_movement/src/movement_info/include/movement_info/movement.hpp:14:10:[m[K [01;31m[Kerror: [m[K‘[01m[Kvoid Movement::publish_movement_info()[m[K’ marked ‘[01m[Koverride[m[K’, but does not override
   14 |     void [01;31m[Kpublish_movement_info[m[K() override;
      |          [01;31m[K^~~~~~~~~~~~~~~~~~~~~[m[K
[01m[K/home/kargla/robot_movement/src/movement_info/src/main.cpp:[m[K In function ‘[01m[Kint main(int, char**)[m[K’:
[01m[K/home/kargla/robot_movement/src/movement_info/src/main.cpp:6:17:[m[K [01;31m[Kerror: [m[Kno matching function for call to ‘[01m[Kspin(std::shared_ptr<Movement>)[m[K’
    6 |     [01;31m[Krclcpp::spin(std::make_shared<Movement>())[m[K;
      |     [01;31m[K~~~~~~~~~~~~^~~~~~~~~~~~~~~~~~~~~~~~~~~~~~[m[K
In file included from [01m[K/opt/ros/humble/include/rclcpp/rclcpp/rclcpp.hpp:155[m[K,
                 from [01m[K/home/kargla/robot_movement/src/movement_info/include/movement_info/movement.hpp:4[m[K,
                 from [01m[K/home/kargla/robot_movement/src/movement_info/src/main.cpp:1[m[K:
[01m[K/opt/ros/humble/include/rclcpp/rclcpp/executors.hpp:45:1:[m[K [01;36m[Knote: [m[Kcandidate: ‘[01m[Kvoid rclcpp::spin(rclcpp::node_interfaces::NodeBaseInterface::SharedPtr)[m[K’
   45 | [01;36m[Kspin[m[K(rclcpp::node_interfaces::NodeBaseInterface::SharedPtr node_ptr);
      | [01;36m[K^~~~[m[K
[01m[K/opt/ros/humble/include/rclcpp/rclcpp/executors.hpp:45:60:[m[K [01;36m[Knote: [m[K  no known conversion for argument 1 from ‘[01m[Kshared_ptr<[01;32m[KMovement[m[K>[m[K’ to ‘[01m[Kshared_ptr<[01;32m[Krclcpp::node_interfaces::NodeBaseInterface[m[K>[m[K’
   45 | spin([01;36m[Krclcpp::node_interfaces::NodeBaseInterface::SharedPtr node_ptr[m[K);
      |      [01;36m[K~~~~~~~~~~~~~~~~~~~~~~~~~~~~~~~~~~~~~~~~~~~~~~~~~~~~~~^~~~~~~~[m[K
[01m[K/opt/ros/humble/include/rclcpp/rclcpp/executors.hpp:49:1:[m[K [01;36m[Knote: [m[Kcandidate: ‘[01m[Kvoid rclcpp::spin(rclcpp::Node::SharedPtr)[m[K’
   49 | [01;36m[Kspin[m[K(rclcpp::Node::SharedPtr node_ptr);
      | [01;36m[K^~~~[m[K
[01m[K/opt/ros/humble/include/rclcpp/rclcpp/executors.hpp:49:30:[m[K [01;36m[Knote: [m[K  no known conversion for argument 1 from ‘[01m[Kshared_ptr<[01;32m[KMovement[m[K>[m[K’ to ‘[01m[Kshared_ptr<[01;32m[Krclcpp::Node[m[K>[m[K’
   49 | spin([01;36m[Krclcpp::Node::SharedPtr node_ptr[m[K);
      |      [01;36m[K~~~~~~~~~~~~~~~~~~~~~~~~^~~~~~~~[m[K
[01m[K/home/kargla/robot_movement/src/movement_info/include/movement_info/movement.hpp:14:10:[m[K [01;31m[Kerror: [m[K‘[01m[Kvoid Movement::publish_movement_info()[m[K’ marked ‘[01m[Koverride[m[K’, but does not override
   14 |     void [01;31m[Kpublish_movement_info[m[K() override;
      |          [01;31m[K^~~~~~~~~~~~~~~~~~~~~[m[K
[01m[K/home/kargla/robot_movement/src/movement_info/src/movement.cpp:3:19:[m[K [01;31m[Kerror: [m[Kexpected constructor, destructor, or type conversion before ‘[01m[K([m[K’ token
    3 | Movement::Movement[01;31m[K([m[KString node) : MovementInterface(node)
      |                   [01;31m[K^[m[K
[01m[K/home/kargla/robot_movement/src/movement_info/include/movement_info/movement.hpp:14:10:[m[K [01;31m[Kerror: [m[K‘[01m[Kvoid Movement::publish_movement_info()[m[K’ marked ‘[01m[Koverride[m[K’, but does not override
   14 |     void [01;31m[Kpublish_movement_info[m[K() override;
      |          [01;31m[K^~~~~~~~~~~~~~~~~~~~~[m[K
[01m[K/home/kargla/robot_movement/src/movement_info/src/movement.cpp:3:19:[m[K [01;31m[Kerror: [m[Kexpected constructor, destructor, or type conversion before ‘[01m[K([m[K’ token
    3 | Movement::Movement[01;31m[K([m[KString node) : MovementInterface(node)
      |                   [01;31m[K^[m[K
In file included from [01m[K/opt/ros/humble/include/rclcpp/rclcpp/client.hpp:40[m[K,
                 from [01m[K/opt/ros/humble/include/rclcpp/rclcpp/callback_group.hpp:24[m[K,
                 from [01m[K/opt/ros/humble/include/rclcpp/rclcpp/any_executable.hpp:20[m[K,
                 from [01m[K/opt/ros/humble/include/rclcpp/rclcpp/memory_strategy.hpp:25[m[K,
                 from [01m[K/opt/ros/humble/include/rclcpp/rclcpp/memory_strategies.hpp:18[m[K,
                 from [01m[K/opt/ros/humble/include/rclcpp/rclcpp/executor_options.hpp:20[m[K,
                 from [01m[K/opt/ros/humble/include/rclcpp/rclcpp/executor.hpp:37[m[K,
                 from [01m[K/opt/ros/humble/include/rclcpp/rclcpp/executors/multi_threaded_executor.hpp:25[m[K,
                 from [01m[K/opt/ros/humble/include/rclcpp/rclcpp/executors.hpp:21[m[K,
                 from [01m[K/opt/ros/humble/include/rclcpp/rclcpp/rclcpp.hpp:155[m[K,
                 from [01m[K/home/kargla/robot_movement/src/movement_info/include/movement_info/movement.hpp:4[m[K,
                 from [01m[K/home/kargla/robot_movement/src/movement_info/src/movement.cpp:1[m[K:
[01m[K/home/kargla/robot_movement/src/movement_info/src/movement.cpp:[m[K In member function ‘[01m[Kvoid Movement::publish_movement_info()[m[K’:
[01m[K/home/kargla/robot_movement/src/movement_info/src/movement.cpp:54:23:[m[K [01;31m[Kerror: [m[K‘[01m[Kclass Movement[m[K’ has no member named ‘[01m[Kget_logger[m[K’
   54 |     RCLCPP_INFO(this->[01;31m[Kget_logger[m[K(), "Publishing: '%s'", message_.movement.c_str());
      |                       [01;31m[K^~~~~~~~~~[m[K
[01m[K/home/kargla/robot_movement/src/movement_info/src/movement.cpp:54:23:[m[K [01;31m[Kerror: [m[K‘[01m[Kclass Movement[m[K’ has no member named ‘[01m[Kget_logger[m[K’
[01m[K/home/kargla/robot_movement/src/movement_info/src/movement.cpp:54:5:[m[K [01;31m[Kerror: [m[Ktemplate argument 1 is invalid
   54 |     [01;31m[KRCLCPP_INFO[m[K(this->get_logger(), "Publishing: '%s'", message_.movement.c_str());
      |     [01;31m[K^~~~~~~~~~~[m[K
[01m[K/home/kargla/robot_movement/src/movement_info/src/movement.cpp:54:5:[m[K [01;31m[Kerror: [m[Ktemplate argument 1 is invalid
   54 |     [01;31m[KRCLCPP_INFO[m[K(this->get_logger(), "Publishing: '%s'", message_.movement.c_str());
      |     [01;31m[K^~~~~~~~~~~[m[K
[01m[K/home/kargla/robot_movement/src/movement_info/src/movement.cpp:54:5:[m[K [01;31m[Kerror: [m[Ktemplate argument 1 is invalid
   54 |     [01;31m[KRCLCPP_INFO[m[K(this->get_logger(), "Publishing: '%s'", message_.movement.c_str());
      |     [01;31m[K^~~~~~~~~~~[m[K
In file included from [01m[K/opt/ros/humble/include/rclcpp/rclcpp/client.hpp:40[m[K,
                 from [01m[K/opt/ros/humble/include/rclcpp/rclcpp/callback_group.hpp:24[m[K,
                 from [01m[K/opt/ros/humble/include/rclcpp/rclcpp/any_executable.hpp:20[m[K,
                 from [01m[K/opt/ros/humble/include/rclcpp/rclcpp/memory_strategy.hpp:25[m[K,
                 from [01m[K/opt/ros/humble/include/rclcpp/rclcpp/memory_strategies.hpp:18[m[K,
                 from [01m[K/opt/ros/humble/include/rclcpp/rclcpp/executor_options.hpp:20[m[K,
                 from [01m[K/opt/ros/humble/include/rclcpp/rclcpp/executor.hpp:37[m[K,
                 from [01m[K/opt/ros/humble/include/rclcpp/rclcpp/executors/multi_threaded_executor.hpp:25[m[K,
                 from [01m[K/opt/ros/humble/include/rclcpp/rclcpp/executors.hpp:21[m[K,
                 from [01m[K/opt/ros/humble/include/rclcpp/rclcpp/rclcpp.hpp:155[m[K,
                 from [01m[K/home/kargla/robot_movement/src/movement_info/include/movement_info/movement.hpp:4[m[K,
                 from [01m[K/home/kargla/robot_movement/src/movement_info/src/movement.cpp:1[m[K:
[01m[K/home/kargla/robot_movement/src/movement_info/src/movement.cpp:[m[K In member function ‘[01m[Kvoid Movement::publish_movement_info()[m[K’:
[01m[K/home/kargla/robot_movement/src/movement_info/src/movement.cpp:54:23:[m[K [01;31m[Kerror: [m[K‘[01m[Kclass Movement[m[K’ has no member named ‘[01m[Kget_logger[m[K’
   54 |     RCLCPP_INFO(this->[01;31m[Kget_logger[m[K(), "Publishing: '%s'", message_.movement.c_str());
      |                       [01;31m[K^~~~~~~~~~[m[K
[01m[K/home/kargla/robot_movement/src/movement_info/src/movement.cpp:54:23:[m[K [01;31m[Kerror: [m[K‘[01m[Kclass Movement[m[K’ has no member named ‘[01m[Kget_logger[m[K’
[01m[K/home/kargla/robot_movement/src/movement_info/src/movement.cpp:54:5:[m[K [01;31m[Kerror: [m[Ktemplate argument 1 is invalid
   54 |     [01;31m[KRCLCPP_INFO[m[K(this->get_logger(), "Publishing: '%s'", message_.movement.c_str());
      |     [01;31m[K^~~~~~~~~~~[m[K
[01m[K/home/kargla/robot_movement/src/movement_info/src/movement.cpp:54:5:[m[K [01;31m[Kerror: [m[Ktemplate argument 1 is invalid
   54 |     [01;31m[KRCLCPP_INFO[m[K(this->get_logger(), "Publishing: '%s'", message_.movement.c_str());
      |     [01;31m[K^~~~~~~~~~~[m[K
[01m[K/home/kargla/robot_movement/src/movement_info/src/movement.cpp:54:5:[m[K [01;31m[Kerror: [m[Ktemplate argument 1 is invalid
   54 |     [01;31m[KRCLCPP_INFO[m[K(this->get_logger(), "Publishing: '%s'", message_.movement.c_str());
      |     [01;31m[K^~~~~~~~~~~[m[K
In file included from [01m[K/opt/ros/humble/include/rclcpp/rclcpp/logging.hpp:24[m[K,
                 from [01m[K/opt/ros/humble/include/rclcpp/rclcpp/client.hpp:40[m[K,
                 from [01m[K/opt/ros/humble/include/rclcpp/rclcpp/callback_group.hpp:24[m[K,
                 from [01m[K/opt/ros/humble/include/rclcpp/rclcpp/any_executable.hpp:20[m[K,
                 from [01m[K/opt/ros/humble/include/rclcpp/rclcpp/memory_strategy.hpp:25[m[K,
                 from [01m[K/opt/ros/humble/include/rclcpp/rclcpp/memory_strategies.hpp:18[m[K,
                 from [01m[K/opt/ros/humble/include/rclcpp/rclcpp/executor_options.hpp:20[m[K,
                 from [01m[K/opt/ros/humble/include/rclcpp/rclcpp/executor.hpp:37[m[K,
                 from [01m[K/opt/ros/humble/include/rclcpp/rclcpp/executors/multi_threaded_executor.hpp:25[m[K,
                 from [01m[K/opt/ros/humble/include/rclcpp/rclcpp/executors.hpp:21[m[K,
                 from [01m[K/opt/ros/humble/include/rclcpp/rclcpp/rclcpp.hpp:155[m[K,
                 from [01m[K/home/kargla/robot_movement/src/movement_info/include/movement_info/movement.hpp:4[m[K,
                 from [01m[K/home/kargla/robot_movement/src/movement_info/src/movement.cpp:1[m[K:
[01m[K/home/kargla/robot_movement/src/movement_info/src/movement.cpp:54:23:[m[K [01;31m[Kerror: [m[K‘[01m[Kclass Movement[m[K’ has no member named ‘[01m[Kget_logger[m[K’
   54 |     RCLCPP_INFO(this->[01;31m[Kget_logger[m[K(), "Publishing: '%s'", message_.movement.c_str());
      |                       [01;31m[K^~~~~~~~~~[m[K
In file included from [01m[K/opt/ros/humble/include/rclcpp/rclcpp/logging.hpp:24[m[K,
                 from [01m[K/opt/ros/humble/include/rclcpp/rclcpp/client.hpp:40[m[K,
                 from [01m[K/opt/ros/humble/include/rclcpp/rclcpp/callback_group.hpp:24[m[K,
                 from [01m[K/opt/ros/humble/include/rclcpp/rclcpp/any_executable.hpp:20[m[K,
                 from [01m[K/opt/ros/humble/include/rclcpp/rclcpp/memory_strategy.hpp:25[m[K,
                 from [01m[K/opt/ros/humble/include/rclcpp/rclcpp/memory_strategies.hpp:18[m[K,
                 from [01m[K/opt/ros/humble/include/rclcpp/rclcpp/executor_options.hpp:20[m[K,
                 from [01m[K/opt/ros/humble/include/rclcpp/rclcpp/executor.hpp:37[m[K,
                 from [01m[K/opt/ros/humble/include/rclcpp/rclcpp/executors/multi_threaded_executor.hpp:25[m[K,
                 from [01m[K/opt/ros/humble/include/rclcpp/rclcpp/executors.hpp:21[m[K,
                 from [01m[K/opt/ros/humble/include/rclcpp/rclcpp/rclcpp.hpp:155[m[K,
                 from [01m[K/home/kargla/robot_movement/src/movement_info/include/movement_info/movement.hpp:4[m[K,
                 from [01m[K/home/kargla/robot_movement/src/movement_info/src/movement.cpp:1[m[K:
[01m[K/home/kargla/robot_movement/src/movement_info/src/movement.cpp:54:23:[m[K [01;31m[Kerror: [m[K‘[01m[Kclass Movement[m[K’ has no member named ‘[01m[Kget_logger[m[K’
   54 |     RCLCPP_INFO(this->[01;31m[Kget_logger[m[K(), "Publishing: '%s'", message_.movement.c_str());
      |                       [01;31m[K^~~~~~~~~~[m[K
[01m[K/home/kargla/robot_movement/src/movement_info/src/movement.cpp:54:23:[m[K [01;31m[Kerror: [m[K‘[01m[Kclass Movement[m[K’ has no member named ‘[01m[Kget_logger[m[K’
   54 |     RCLCPP_INFO(this->[01;31m[Kget_logger[m[K(), "Publishing: '%s'", message_.movement.c_str());
      |                       [01;31m[K^~~~~~~~~~[m[K
[01m[K/home/kargla/robot_movement/src/movement_info/src/movement.cpp:54:23:[m[K [01;31m[Kerror: [m[K‘[01m[Kclass Movement[m[K’ has no member named ‘[01m[Kget_logger[m[K’
   54 |     RCLCPP_INFO(this->[01;31m[Kget_logger[m[K(), "Publishing: '%s'", message_.movement.c_str());
      |                       [01;31m[K^~~~~~~~~~[m[K
In file included from [01m[K/opt/ros/humble/include/rclcpp/rclcpp/client.hpp:40[m[K,
                 from [01m[K/opt/ros/humble/include/rclcpp/rclcpp/callback_group.hpp:24[m[K,
                 from [01m[K/opt/ros/humble/include/rclcpp/rclcpp/any_executable.hpp:20[m[K,
                 from [01m[K/opt/ros/humble/include/rclcpp/rclcpp/memory_strategy.hpp:25[m[K,
                 from [01m[K/opt/ros/humble/include/rclcpp/rclcpp/memory_strategies.hpp:18[m[K,
                 from [01m[K/opt/ros/humble/include/rclcpp/rclcpp/executor_options.hpp:20[m[K,
                 from [01m[K/opt/ros/humble/include/rclcpp/rclcpp/executor.hpp:37[m[K,
                 from [01m[K/opt/ros/humble/include/rclcpp/rclcpp/executors/multi_threaded_executor.hpp:25[m[K,
                 from [01m[K/opt/ros/humble/include/rclcpp/rclcpp/executors.hpp:21[m[K,
                 from [01m[K/opt/ros/humble/include/rclcpp/rclcpp/rclcpp.hpp:155[m[K,
                 from [01m[K/home/kargla/robot_movement/src/movement_info/include/movement_info/movement.hpp:4[m[K,
                 from [01m[K/home/kargla/robot_movement/src/movement_info/src/movement.cpp:1[m[K:
[01m[K/home/kargla/robot_movement/src/movement_info/src/movement.cpp:55:23:[m[K [01;31m[Kerror: [m[K‘[01m[Kclass Movement[m[K’ has no member named ‘[01m[Kget_logger[m[K’
   55 |     RCLCPP_INFO(this->[01;31m[Kget_logger[m[K(), "Publishing: '%s'", message_.heading.c_str());
      |                       [01;31m[K^~~~~~~~~~[m[K
In file included from [01m[K/opt/ros/humble/include/rclcpp/rclcpp/client.hpp:40[m[K,
                 from [01m[K/opt/ros/humble/include/rclcpp/rclcpp/callback_group.hpp:24[m[K,
                 from [01m[K/opt/ros/humble/include/rclcpp/rclcpp/any_executable.hpp:20[m[K,
                 from [01m[K/opt/ros/humble/include/rclcpp/rclcpp/memory_strategy.hpp:25[m[K,
                 from [01m[K/opt/ros/humble/include/rclcpp/rclcpp/memory_strategies.hpp:18[m[K,
                 from [01m[K/opt/ros/humble/include/rclcpp/rclcpp/executor_options.hpp:20[m[K,
                 from [01m[K/opt/ros/humble/include/rclcpp/rclcpp/executor.hpp:37[m[K,
                 from [01m[K/opt/ros/humble/include/rclcpp/rclcpp/executors/multi_threaded_executor.hpp:25[m[K,
                 from [01m[K/opt/ros/humble/include/rclcpp/rclcpp/executors.hpp:21[m[K,
                 from [01m[K/opt/ros/humble/include/rclcpp/rclcpp/rclcpp.hpp:155[m[K,
                 from [01m[K/home/kargla/robot_movement/src/movement_info/include/movement_info/movement.hpp:4[m[K,
                 from [01m[K/home/kargla/robot_movement/src/movement_info/src/movement.cpp:1[m[K:
[01m[K/home/kargla/robot_movement/src/movement_info/src/movement.cpp:55:23:[m[K [01;31m[Kerror: [m[K‘[01m[Kclass Movement[m[K’ has no member named ‘[01m[Kget_logger[m[K’
   55 |     RCLCPP_INFO(this->[01;31m[Kget_logger[m[K(), "Publishing: '%s'", message_.heading.c_str());
      |                       [01;31m[K^~~~~~~~~~[m[K
[01m[K/home/kargla/robot_movement/src/movement_info/src/movement.cpp:55:23:[m[K [01;31m[Kerror: [m[K‘[01m[Kclass Movement[m[K’ has no member named ‘[01m[Kget_logger[m[K’
[01m[K/home/kargla/robot_movement/src/movement_info/src/movement.cpp:55:5:[m[K [01;31m[Kerror: [m[Ktemplate argument 1 is invalid
   55 |     [01;31m[KRCLCPP_INFO[m[K(this->get_logger(), "Publishing: '%s'", message_.heading.c_str());
      |     [01;31m[K^~~~~~~~~~~[m[K
[01m[K/home/kargla/robot_movement/src/movement_info/src/movement.cpp:55:23:[m[K [01;31m[Kerror: [m[K‘[01m[Kclass Movement[m[K’ has no member named ‘[01m[Kget_logger[m[K’
[01m[K/home/kargla/robot_movement/src/movement_info/src/movement.cpp:55:5:[m[K [01;31m[Kerror: [m[Ktemplate argument 1 is invalid
   55 |     [01;31m[KRCLCPP_INFO[m[K(this->get_logger(), "Publishing: '%s'", message_.heading.c_str());
      |     [01;31m[K^~~~~~~~~~~[m[K
[01m[K/home/kargla/robot_movement/src/movement_info/src/movement.cpp:55:5:[m[K [01;31m[Kerror: [m[Ktemplate argument 1 is invalid
   55 |     [01;31m[KRCLCPP_INFO[m[K(this->get_logger(), "Publishing: '%s'", message_.heading.c_str());
      |     [01;31m[K^~~~~~~~~~~[m[K
[01m[K/home/kargla/robot_movement/src/movement_info/src/movement.cpp:55:5:[m[K [01;31m[Kerror: [m[Ktemplate argument 1 is invalid
   55 |     [01;31m[KRCLCPP_INFO[m[K(this->get_logger(), "Publishing: '%s'", message_.heading.c_str());
      |     [01;31m[K^~~~~~~~~~~[m[K
[01m[K/home/kargla/robot_movement/src/movement_info/src/movement.cpp:55:5:[m[K [01;31m[Kerror: [m[Ktemplate argument 1 is invalid
   55 |     [01;31m[KRCLCPP_INFO[m[K(this->get_logger(), "Publishing: '%s'", message_.heading.c_str());
      |     [01;31m[K^~~~~~~~~~~[m[K
[01m[K/home/kargla/robot_movement/src/movement_info/src/movement.cpp:55:5:[m[K [01;31m[Kerror: [m[Ktemplate argument 1 is invalid
   55 |     [01;31m[KRCLCPP_INFO[m[K(this->get_logger(), "Publishing: '%s'", message_.heading.c_str());
      |     [01;31m[K^~~~~~~~~~~[m[K
In file included from [01m[K/opt/ros/humble/include/rclcpp/rclcpp/logging.hpp:24[m[K,
                 from [01m[K/opt/ros/humble/include/rclcpp/rclcpp/client.hpp:40[m[K,
                 from [01m[K/opt/ros/humble/include/rclcpp/rclcpp/callback_group.hpp:24[m[K,
                 from [01m[K/opt/ros/humble/include/rclcpp/rclcpp/any_executable.hpp:20[m[K,
                 from [01m[K/opt/ros/humble/include/rclcpp/rclcpp/memory_strategy.hpp:25[m[K,
                 from [01m[K/opt/ros/humble/include/rclcpp/rclcpp/memory_strategies.hpp:18[m[K,
                 from [01m[K/opt/ros/humble/include/rclcpp/rclcpp/executor_options.hpp:20[m[K,
                 from [01m[K/opt/ros/humble/include/rclcpp/rclcpp/executor.hpp:37[m[K,
                 from [01m[K/opt/ros/humble/include/rclcpp/rclcpp/executors/multi_threaded_executor.hpp:25[m[K,
                 from [01m[K/opt/ros/humble/include/rclcpp/rclcpp/executors.hpp:21[m[K,
                 from [01m[K/opt/ros/humble/include/rclcpp/rclcpp/rclcpp.hpp:155[m[K,
                 from [01m[K/home/kargla/robot_movement/src/movement_info/include/movement_info/movement.hpp:4[m[K,
                 from [01m[K/home/kargla/robot_movement/src/movement_info/src/movement.cpp:1[m[K:
[01m[K/home/kargla/robot_movement/src/movement_info/src/movement.cpp:55:23:[m[K [01;31m[Kerror: [m[K‘[01m[Kclass Movement[m[K’ has no member named ‘[01m[Kget_logger[m[K’
   55 |     RCLCPP_INFO(this->[01;31m[Kget_logger[m[K(), "Publishing: '%s'", message_.heading.c_str());
      |                       [01;31m[K^~~~~~~~~~[m[K
In file included from [01m[K/opt/ros/humble/include/rclcpp/rclcpp/logging.hpp:24[m[K,
                 from [01m[K/opt/ros/humble/include/rclcpp/rclcpp/client.hpp:40[m[K,
                 from [01m[K/opt/ros/humble/include/rclcpp/rclcpp/callback_group.hpp:24[m[K,
                 from [01m[K/opt/ros/humble/include/rclcpp/rclcpp/any_executable.hpp:20[m[K,
                 from [01m[K/opt/ros/humble/include/rclcpp/rclcpp/memory_strategy.hpp:25[m[K,
                 from [01m[K/opt/ros/humble/include/rclcpp/rclcpp/memory_strategies.hpp:18[m[K,
                 from [01m[K/opt/ros/humble/include/rclcpp/rclcpp/executor_options.hpp:20[m[K,
                 from [01m[K/opt/ros/humble/include/rclcpp/rclcpp/executor.hpp:37[m[K,
                 from [01m[K/opt/ros/humble/include/rclcpp/rclcpp/executors/multi_threaded_executor.hpp:25[m[K,
                 from [01m[K/opt/ros/humble/include/rclcpp/rclcpp/executors.hpp:21[m[K,
                 from [01m[K/opt/ros/humble/include/rclcpp/rclcpp/rclcpp.hpp:155[m[K,
                 from [01m[K/home/kargla/robot_movement/src/movement_info/include/movement_info/movement.hpp:4[m[K,
                 from [01m[K/home/kargla/robot_movement/src/movement_info/src/movement.cpp:1[m[K:
[01m[K/home/kargla/robot_movement/src/movement_info/src/movement.cpp:55:23:[m[K [01;31m[Kerror: [m[K‘[01m[Kclass Movement[m[K’ has no member named ‘[01m[Kget_logger[m[K’
   55 |     RCLCPP_INFO(this->[01;31m[Kget_logger[m[K(), "Publishing: '%s'", message_.heading.c_str());
      |                       [01;31m[K^~~~~~~~~~[m[K
[01m[K/home/kargla/robot_movement/src/movement_info/src/movement.cpp:55:23:[m[K [01;31m[Kerror: [m[K‘[01m[Kclass Movement[m[K’ has no member named ‘[01m[Kget_logger[m[K’
   55 |     RCLCPP_INFO(this->[01;31m[Kget_logger[m[K(), "Publishing: '%s'", message_.heading.c_str());
      |                       [01;31m[K^~~~~~~~~~[m[K
[01m[K/home/kargla/robot_movement/src/movement_info/src/movement.cpp:55:23:[m[K [01;31m[Kerror: [m[K‘[01m[Kclass Movement[m[K’ has no member named ‘[01m[Kget_logger[m[K’
   55 |     RCLCPP_INFO(this->[01;31m[Kget_logger[m[K(), "Publishing: '%s'", message_.heading.c_str());
      |                       [01;31m[K^~~~~~~~~~[m[K
gmake[2]: *** [CMakeFiles/movement.dir/build.make:104: CMakeFiles/movement.dir/src/movement_interface.cpp.o] Error 1
gmake[2]: *** Waiting for unfinished jobs....
gmake[2]: *** [CMakeFiles/movement.dir/build.make:90: CMakeFiles/movement.dir/src/main.cpp.o] Error 1
gmake[2]: *** [CMakeFiles/movement_info_library.dir/build.make:76: CMakeFiles/movement_info_library.dir/src/movement.cpp.o] Error 1
gmake[1]: *** [CMakeFiles/Makefile2:206: CMakeFiles/movement_info_library.dir/all] Error 2
gmake[1]: *** Waiting for unfinished jobs....
gmake[2]: *** [CMakeFiles/movement.dir/build.make:76: CMakeFiles/movement.dir/src/movement.cpp.o] Error 1
gmake[1]: *** [CMakeFiles/Makefile2:180: CMakeFiles/movement.dir/all] Error 2
gmake: *** [Makefile:146: all] Error 2
