[0.017s] Invoking command in '/home/kargla/robot_movement/build/movement_info': CMAKE_PREFIX_PATH=/opt/ros/humble /usr/bin/cmake --build /home/kargla/robot_movement/build/movement_info -- -j12 -l12
[0.048s] -- Found ament_cmake: 1.3.11 (/opt/ros/humble/share/ament_cmake/cmake)
[0.221s] -- Found rosidl_default_generators: 1.2.0 (/opt/ros/humble/share/rosidl_default_generators/cmake)
[0.226s] -- Using all available rosidl_typesupport_c: rosidl_typesupport_fastrtps_c;rosidl_typesupport_introspection_c
[0.233s] -- Found rosidl_adapter: 3.1.6 (/opt/ros/humble/share/rosidl_adapter/cmake)
[0.278s] -- Using all available rosidl_typesupport_cpp: rosidl_typesupport_fastrtps_cpp;rosidl_typesupport_introspection_cpp
[0.315s] -- Found movement_info_msgs: 0.0.0 (/home/kargla/robot_movement/install/movement_info_msgs/share/movement_info_msgs/cmake)
[0.323s] -- Found rclcpp: 16.0.11 (/opt/ros/humble/share/rclcpp/cmake)
[0.384s] -- Found rmw_implementation_cmake: 6.1.2 (/opt/ros/humble/share/rmw_implementation_cmake/cmake)
[0.387s] -- Found rmw_fastrtps_cpp: 6.2.7 (/opt/ros/humble/share/rmw_fastrtps_cpp/cmake)
[0.536s] -- Using RMW implementation 'rmw_fastrtps_cpp' as default
[0.606s] -- Found geometry_msgs: 4.2.4 (/opt/ros/humble/share/geometry_msgs/cmake)
[0.622s] -- Found nav_msgs: 4.2.4 (/opt/ros/humble/share/nav_msgs/cmake)
[0.645s] -- Found ament_cmake_gtest: 1.3.11 (/opt/ros/humble/share/ament_cmake_gtest/cmake)
[0.651s] -- Found ament_cmake_gmock: 1.3.11 (/opt/ros/humble/share/ament_cmake_gmock/cmake)
[0.652s] -- Found gtest sources under '/opt/ros/humble/src/gtest_vendor': C++ tests using 'Google Test' will be built
[0.657s] -- Found gmock sources under '/opt/ros/humble/src/gmock_vendor': C++ tests using 'Google Mock' will be built
[0.773s] -- Configuring done
[0.806s] -- Generating done
[0.818s] -- Build files have been written to: /home/kargla/robot_movement/build/movement_info
[0.862s] [35m[1mConsolidate compiler generated dependencies of target gmock_main[0m
[0.862s] [35m[1mConsolidate compiler generated dependencies of target gmock[0m
[0.865s] [35m[1mConsolidate compiler generated dependencies of target movement_info_library[0m
[0.865s] [35m[1mConsolidate compiler generated dependencies of target movement[0m
[0.865s] [35m[1mConsolidate compiler generated dependencies of target gtest_main[0m
[0.865s] [35m[1mConsolidate compiler generated dependencies of target gtest[0m
[0.888s] [ 21%] Built target gmock_main
[0.889s] [ 26%] Built target gmock
[0.892s] [ 47%] Built target gtest_main
[0.893s] [ 42%] Built target gtest
[0.897s] [ 52%] [32mBuilding CXX object CMakeFiles/movement_info_library.dir/src/movement.cpp.o[0m
[0.904s] [ 57%] [32mBuilding CXX object CMakeFiles/movement.dir/src/movement.cpp.o[0m
[0.906s] [ 63%] [32mBuilding CXX object CMakeFiles/movement.dir/src/main.cpp.o[0m
[0.906s] [ 68%] [32mBuilding CXX object CMakeFiles/movement.dir/src/movement_interface.cpp.o[0m
[3.848s] [01m[K/home/kargla/robot_movement/src/movement_info/src/movement_interface.cpp:[m[K In constructor ‘[01m[KMovementInterface::MovementInterface(const string&)[m[K’:
[3.848s] [01m[K/home/kargla/robot_movement/src/movement_info/src/movement_interface.cpp:9:26:[m[K [01;31m[Kerror: [m[Kbase operand of ‘[01m[K->[m[K’ has non-pointer type ‘[01m[Kconst string[m[K’ {aka ‘[01m[Kconst std::__cxx11::basic_string<char>[m[K’}
[3.848s]     9 |         publisher_ = node[01;31m[K->[m[Kcreate_publisher<movement_info_msgs::msg::MovementInfo>("/movement_info", 10);
[3.848s]       |                          [01;31m[K^~[m[K
[3.848s] [01m[K/home/kargla/robot_movement/src/movement_info/src/movement_interface.cpp:9:82:[m[K [01;31m[Kerror: [m[Kexpected primary-expression before ‘[01m[K>[m[K’ token
[3.849s]     9 |         publisher_ = node->create_publisher<movement_info_msgs::msg::MovementInfo[01;31m[K>[m[K("/movement_info", 10);
[3.849s]       |                                                                                  [01;31m[K^[m[K
[3.849s] [01m[K/home/kargla/robot_movement/src/movement_info/src/movement_interface.cpp:9:84:[m[K [01;35m[Kwarning: [m[Kleft operand of comma operator has no effect [[01;35m[K]8;;https://gcc.gnu.org/onlinedocs/gcc/Warning-Options.html#index-Wunused-value-Wunused-value]8;;[m[K]
[3.849s]     9 |         publisher_ = node->create_publisher<movement_info_msgs::msg::MovementInfo>([01;35m[K"/movement_info"[m[K, 10);
[3.849s]       |                                                                                    [01;35m[K^~~~~~~~~~~~~~~~[m[K
[4.041s] In file included from [01m[K/home/kargla/robot_movement/src/movement_info/src/main.cpp:1[m[K:
[4.041s] [01m[K/home/kargla/robot_movement/src/movement_info/include/movement_info/movement.hpp:11:1:[m[K [01;31m[Kerror: [m[Kexpected class-name before ‘[01m[K{[m[K’ token
[4.041s]    11 | [01;31m[K{[m[K
[4.041s]       | [01;31m[K^[m[K
[4.041s] [01m[K/home/kargla/robot_movement/src/movement_info/include/movement_info/movement.hpp:13:20:[m[K [01;31m[Kerror: [m[Kexpected ‘[01m[K)[m[K’ before ‘[01m[Knode[m[K’
[4.041s]    13 |     Movement[34m[K([m[KString[01;31m[K [m[K[32m[Knode[m[K);
[4.041s]       |             [34m[K~[m[K      [01;31m[K^[m[K[32m[K~~~~[m[K
[4.042s]       |                    [32m[K)[m[K
[4.078s] In file included from [01m[K/home/kargla/robot_movement/src/movement_info/src/movement.cpp:1[m[K:
[4.079s] [01m[K/home/kargla/robot_movement/src/movement_info/include/movement_info/movement.hpp:11:1:[m[K [01;31m[Kerror: [m[Kexpected class-name before ‘[01m[K{[m[K’ token
[4.079s]    11 | [01;31m[K{[m[K
[4.079s]       | [01;31m[K^[m[K
[4.079s] [01m[K/home/kargla/robot_movement/src/movement_info/include/movement_info/movement.hpp:13:20:[m[K [01;31m[Kerror: [m[Kexpected ‘[01m[K)[m[K’ before ‘[01m[Knode[m[K’
[4.079s]    13 |     Movement[34m[K([m[KString[01;31m[K [m[K[32m[Knode[m[K);
[4.079s]       |             [34m[K~[m[K      [01;31m[K^[m[K[32m[K~~~~[m[K
[4.079s]       |                    [32m[K)[m[K
[4.081s] In file included from [01m[K/home/kargla/robot_movement/src/movement_info/src/movement.cpp:1[m[K:
[4.082s] [01m[K/home/kargla/robot_movement/src/movement_info/include/movement_info/movement.hpp:11:1:[m[K [01;31m[Kerror: [m[Kexpected class-name before ‘[01m[K{[m[K’ token
[4.082s]    11 | [01;31m[K{[m[K
[4.082s]       | [01;31m[K^[m[K
[4.082s] [01m[K/home/kargla/robot_movement/src/movement_info/include/movement_info/movement.hpp:13:20:[m[K [01;31m[Kerror: [m[Kexpected ‘[01m[K)[m[K’ before ‘[01m[Knode[m[K’
[4.082s]    13 |     Movement[34m[K([m[KString[01;31m[K [m[K[32m[Knode[m[K);
[4.082s]       |             [34m[K~[m[K      [01;31m[K^[m[K[32m[K~~~~[m[K
[4.082s]       |                    [32m[K)[m[K
[4.163s] [01m[K/home/kargla/robot_movement/src/movement_info/include/movement_info/movement.hpp:14:10:[m[K [01;31m[Kerror: [m[K‘[01m[Kvoid Movement::publish_movement_info()[m[K’ marked ‘[01m[Koverride[m[K’, but does not override
[4.163s]    14 |     void [01;31m[Kpublish_movement_info[m[K() override;
[4.163s]       |          [01;31m[K^~~~~~~~~~~~~~~~~~~~~[m[K
[4.167s] [01m[K/home/kargla/robot_movement/src/movement_info/src/main.cpp:[m[K In function ‘[01m[Kint main(int, char**)[m[K’:
[4.168s] [01m[K/home/kargla/robot_movement/src/movement_info/src/main.cpp:6:17:[m[K [01;31m[Kerror: [m[Kno matching function for call to ‘[01m[Kspin(std::shared_ptr<Movement>)[m[K’
[4.168s]     6 |     [01;31m[Krclcpp::spin(std::make_shared<Movement>())[m[K;
[4.168s]       |     [01;31m[K~~~~~~~~~~~~^~~~~~~~~~~~~~~~~~~~~~~~~~~~~~[m[K
[4.168s] In file included from [01m[K/opt/ros/humble/include/rclcpp/rclcpp/rclcpp.hpp:155[m[K,
[4.168s]                  from [01m[K/home/kargla/robot_movement/src/movement_info/include/movement_info/movement.hpp:4[m[K,
[4.168s]                  from [01m[K/home/kargla/robot_movement/src/movement_info/src/main.cpp:1[m[K:
[4.168s] [01m[K/opt/ros/humble/include/rclcpp/rclcpp/executors.hpp:45:1:[m[K [01;36m[Knote: [m[Kcandidate: ‘[01m[Kvoid rclcpp::spin(rclcpp::node_interfaces::NodeBaseInterface::SharedPtr)[m[K’
[4.168s]    45 | [01;36m[Kspin[m[K(rclcpp::node_interfaces::NodeBaseInterface::SharedPtr node_ptr);
[4.169s]       | [01;36m[K^~~~[m[K
[4.169s] [01m[K/opt/ros/humble/include/rclcpp/rclcpp/executors.hpp:45:60:[m[K [01;36m[Knote: [m[K  no known conversion for argument 1 from ‘[01m[Kshared_ptr<[01;32m[KMovement[m[K>[m[K’ to ‘[01m[Kshared_ptr<[01;32m[Krclcpp::node_interfaces::NodeBaseInterface[m[K>[m[K’
[4.169s]    45 | spin([01;36m[Krclcpp::node_interfaces::NodeBaseInterface::SharedPtr node_ptr[m[K);
[4.169s]       |      [01;36m[K~~~~~~~~~~~~~~~~~~~~~~~~~~~~~~~~~~~~~~~~~~~~~~~~~~~~~~^~~~~~~~[m[K
[4.169s] [01m[K/opt/ros/humble/include/rclcpp/rclcpp/executors.hpp:49:1:[m[K [01;36m[Knote: [m[Kcandidate: ‘[01m[Kvoid rclcpp::spin(rclcpp::Node::SharedPtr)[m[K’
[4.169s]    49 | [01;36m[Kspin[m[K(rclcpp::Node::SharedPtr node_ptr);
[4.169s]       | [01;36m[K^~~~[m[K
[4.170s] [01m[K/opt/ros/humble/include/rclcpp/rclcpp/executors.hpp:49:30:[m[K [01;36m[Knote: [m[K  no known conversion for argument 1 from ‘[01m[Kshared_ptr<[01;32m[KMovement[m[K>[m[K’ to ‘[01m[Kshared_ptr<[01;32m[Krclcpp::Node[m[K>[m[K’
[4.170s]    49 | spin([01;36m[Krclcpp::Node::SharedPtr node_ptr[m[K);
[4.170s]       |      [01;36m[K~~~~~~~~~~~~~~~~~~~~~~~~^~~~~~~~[m[K
[4.194s] [01m[K/home/kargla/robot_movement/src/movement_info/include/movement_info/movement.hpp:14:10:[m[K [01;31m[Kerror: [m[K‘[01m[Kvoid Movement::publish_movement_info()[m[K’ marked ‘[01m[Koverride[m[K’, but does not override
[4.194s]    14 |     void [01;31m[Kpublish_movement_info[m[K() override;
[4.194s]       |          [01;31m[K^~~~~~~~~~~~~~~~~~~~~[m[K
[4.195s] [01m[K/home/kargla/robot_movement/src/movement_info/src/movement.cpp:3:19:[m[K [01;31m[Kerror: [m[Kexpected constructor, destructor, or type conversion before ‘[01m[K([m[K’ token
[4.195s]     3 | Movement::Movement[01;31m[K([m[KString node) : MovementInterface(node)
[4.195s]       |                   [01;31m[K^[m[K
[4.195s] [01m[K/home/kargla/robot_movement/src/movement_info/include/movement_info/movement.hpp:14:10:[m[K [01;31m[Kerror: [m[K‘[01m[Kvoid Movement::publish_movement_info()[m[K’ marked ‘[01m[Koverride[m[K’, but does not override
[4.195s]    14 |     void [01;31m[Kpublish_movement_info[m[K() override;
[4.196s]       |          [01;31m[K^~~~~~~~~~~~~~~~~~~~~[m[K
[4.196s] [01m[K/home/kargla/robot_movement/src/movement_info/src/movement.cpp:3:19:[m[K [01;31m[Kerror: [m[Kexpected constructor, destructor, or type conversion before ‘[01m[K([m[K’ token
[4.196s]     3 | Movement::Movement[01;31m[K([m[KString node) : MovementInterface(node)
[4.196s]       |                   [01;31m[K^[m[K
[4.196s] In file included from [01m[K/opt/ros/humble/include/rclcpp/rclcpp/client.hpp:40[m[K,
[4.196s]                  from [01m[K/opt/ros/humble/include/rclcpp/rclcpp/callback_group.hpp:24[m[K,
[4.196s]                  from [01m[K/opt/ros/humble/include/rclcpp/rclcpp/any_executable.hpp:20[m[K,
[4.196s]                  from [01m[K/opt/ros/humble/include/rclcpp/rclcpp/memory_strategy.hpp:25[m[K,
[4.196s]                  from [01m[K/opt/ros/humble/include/rclcpp/rclcpp/memory_strategies.hpp:18[m[K,
[4.196s]                  from [01m[K/opt/ros/humble/include/rclcpp/rclcpp/executor_options.hpp:20[m[K,
[4.196s]                  from [01m[K/opt/ros/humble/include/rclcpp/rclcpp/executor.hpp:37[m[K,
[4.196s]                  from [01m[K/opt/ros/humble/include/rclcpp/rclcpp/executors/multi_threaded_executor.hpp:25[m[K,
[4.197s]                  from [01m[K/opt/ros/humble/include/rclcpp/rclcpp/executors.hpp:21[m[K,
[4.197s]                  from [01m[K/opt/ros/humble/include/rclcpp/rclcpp/rclcpp.hpp:155[m[K,
[4.197s]                  from [01m[K/home/kargla/robot_movement/src/movement_info/include/movement_info/movement.hpp:4[m[K,
[4.197s]                  from [01m[K/home/kargla/robot_movement/src/movement_info/src/movement.cpp:1[m[K:
[4.197s] [01m[K/home/kargla/robot_movement/src/movement_info/src/movement.cpp:[m[K In member function ‘[01m[Kvoid Movement::publish_movement_info()[m[K’:
[4.197s] [01m[K/home/kargla/robot_movement/src/movement_info/src/movement.cpp:54:23:[m[K [01;31m[Kerror: [m[K‘[01m[Kclass Movement[m[K’ has no member named ‘[01m[Kget_logger[m[K’
[4.197s]    54 |     RCLCPP_INFO(this->[01;31m[Kget_logger[m[K(), "Publishing: '%s'", message_.movement.c_str());
[4.197s]       |                       [01;31m[K^~~~~~~~~~[m[K
[4.197s] [01m[K/home/kargla/robot_movement/src/movement_info/src/movement.cpp:54:23:[m[K [01;31m[Kerror: [m[K‘[01m[Kclass Movement[m[K’ has no member named ‘[01m[Kget_logger[m[K’
[4.197s] [01m[K/home/kargla/robot_movement/src/movement_info/src/movement.cpp:54:5:[m[K [01;31m[Kerror: [m[Ktemplate argument 1 is invalid
[4.197s]    54 |     [01;31m[KRCLCPP_INFO[m[K(this->get_logger(), "Publishing: '%s'", message_.movement.c_str());
[4.197s]       |     [01;31m[K^~~~~~~~~~~[m[K
[4.197s] [01m[K/home/kargla/robot_movement/src/movement_info/src/movement.cpp:54:5:[m[K [01;31m[Kerror: [m[Ktemplate argument 1 is invalid
[4.198s]    54 |     [01;31m[KRCLCPP_INFO[m[K(this->get_logger(), "Publishing: '%s'", message_.movement.c_str());
[4.198s]       |     [01;31m[K^~~~~~~~~~~[m[K
[4.198s] [01m[K/home/kargla/robot_movement/src/movement_info/src/movement.cpp:54:5:[m[K [01;31m[Kerror: [m[Ktemplate argument 1 is invalid
[4.198s]    54 |     [01;31m[KRCLCPP_INFO[m[K(this->get_logger(), "Publishing: '%s'", message_.movement.c_str());
[4.198s]       |     [01;31m[K^~~~~~~~~~~[m[K
[4.198s] In file included from [01m[K/opt/ros/humble/include/rclcpp/rclcpp/client.hpp:40[m[K,
[4.198s]                  from [01m[K/opt/ros/humble/include/rclcpp/rclcpp/callback_group.hpp:24[m[K,
[4.198s]                  from [01m[K/opt/ros/humble/include/rclcpp/rclcpp/any_executable.hpp:20[m[K,
[4.198s]                  from [01m[K/opt/ros/humble/include/rclcpp/rclcpp/memory_strategy.hpp:25[m[K,
[4.198s]                  from [01m[K/opt/ros/humble/include/rclcpp/rclcpp/memory_strategies.hpp:18[m[K,
[4.198s]                  from [01m[K/opt/ros/humble/include/rclcpp/rclcpp/executor_options.hpp:20[m[K,
[4.198s]                  from [01m[K/opt/ros/humble/include/rclcpp/rclcpp/executor.hpp:37[m[K,
[4.199s]                  from [01m[K/opt/ros/humble/include/rclcpp/rclcpp/executors/multi_threaded_executor.hpp:25[m[K,
[4.199s]                  from [01m[K/opt/ros/humble/include/rclcpp/rclcpp/executors.hpp:21[m[K,
[4.199s]                  from [01m[K/opt/ros/humble/include/rclcpp/rclcpp/rclcpp.hpp:155[m[K,
[4.199s]                  from [01m[K/home/kargla/robot_movement/src/movement_info/include/movement_info/movement.hpp:4[m[K,
[4.199s]                  from [01m[K/home/kargla/robot_movement/src/movement_info/src/movement.cpp:1[m[K:
[4.199s] [01m[K/home/kargla/robot_movement/src/movement_info/src/movement.cpp:[m[K In member function ‘[01m[Kvoid Movement::publish_movement_info()[m[K’:
[4.199s] [01m[K/home/kargla/robot_movement/src/movement_info/src/movement.cpp:54:23:[m[K [01;31m[Kerror: [m[K‘[01m[Kclass Movement[m[K’ has no member named ‘[01m[Kget_logger[m[K’
[4.199s]    54 |     RCLCPP_INFO(this->[01;31m[Kget_logger[m[K(), "Publishing: '%s'", message_.movement.c_str());
[4.199s]       |                       [01;31m[K^~~~~~~~~~[m[K
[4.199s] [01m[K/home/kargla/robot_movement/src/movement_info/src/movement.cpp:54:23:[m[K [01;31m[Kerror: [m[K‘[01m[Kclass Movement[m[K’ has no member named ‘[01m[Kget_logger[m[K’
[4.199s] [01m[K/home/kargla/robot_movement/src/movement_info/src/movement.cpp:54:5:[m[K [01;31m[Kerror: [m[Ktemplate argument 1 is invalid
[4.199s]    54 |     [01;31m[KRCLCPP_INFO[m[K(this->get_logger(), "Publishing: '%s'", message_.movement.c_str());
[4.199s]       |     [01;31m[K^~~~~~~~~~~[m[K
[4.200s] [01m[K/home/kargla/robot_movement/src/movement_info/src/movement.cpp:54:5:[m[K [01;31m[Kerror: [m[Ktemplate argument 1 is invalid
[4.200s]    54 |     [01;31m[KRCLCPP_INFO[m[K(this->get_logger(), "Publishing: '%s'", message_.movement.c_str());
[4.200s]       |     [01;31m[K^~~~~~~~~~~[m[K
[4.200s] [01m[K/home/kargla/robot_movement/src/movement_info/src/movement.cpp:54:5:[m[K [01;31m[Kerror: [m[Ktemplate argument 1 is invalid
[4.200s]    54 |     [01;31m[KRCLCPP_INFO[m[K(this->get_logger(), "Publishing: '%s'", message_.movement.c_str());
[4.200s]       |     [01;31m[K^~~~~~~~~~~[m[K
[4.200s] In file included from [01m[K/opt/ros/humble/include/rclcpp/rclcpp/logging.hpp:24[m[K,
[4.200s]                  from [01m[K/opt/ros/humble/include/rclcpp/rclcpp/client.hpp:40[m[K,
[4.200s]                  from [01m[K/opt/ros/humble/include/rclcpp/rclcpp/callback_group.hpp:24[m[K,
[4.200s]                  from [01m[K/opt/ros/humble/include/rclcpp/rclcpp/any_executable.hpp:20[m[K,
[4.200s]                  from [01m[K/opt/ros/humble/include/rclcpp/rclcpp/memory_strategy.hpp:25[m[K,
[4.200s]                  from [01m[K/opt/ros/humble/include/rclcpp/rclcpp/memory_strategies.hpp:18[m[K,
[4.201s]                  from [01m[K/opt/ros/humble/include/rclcpp/rclcpp/executor_options.hpp:20[m[K,
[4.201s]                  from [01m[K/opt/ros/humble/include/rclcpp/rclcpp/executor.hpp:37[m[K,
[4.201s]                  from [01m[K/opt/ros/humble/include/rclcpp/rclcpp/executors/multi_threaded_executor.hpp:25[m[K,
[4.201s]                  from [01m[K/opt/ros/humble/include/rclcpp/rclcpp/executors.hpp:21[m[K,
[4.201s]                  from [01m[K/opt/ros/humble/include/rclcpp/rclcpp/rclcpp.hpp:155[m[K,
[4.201s]                  from [01m[K/home/kargla/robot_movement/src/movement_info/include/movement_info/movement.hpp:4[m[K,
[4.201s]                  from [01m[K/home/kargla/robot_movement/src/movement_info/src/movement.cpp:1[m[K:
[4.201s] [01m[K/home/kargla/robot_movement/src/movement_info/src/movement.cpp:54:23:[m[K [01;31m[Kerror: [m[K‘[01m[Kclass Movement[m[K’ has no member named ‘[01m[Kget_logger[m[K’
[4.201s]    54 |     RCLCPP_INFO(this->[01;31m[Kget_logger[m[K(), "Publishing: '%s'", message_.movement.c_str());
[4.201s]       |                       [01;31m[K^~~~~~~~~~[m[K
[4.201s] In file included from [01m[K/opt/ros/humble/include/rclcpp/rclcpp/logging.hpp:24[m[K,
[4.201s]                  from [01m[K/opt/ros/humble/include/rclcpp/rclcpp/client.hpp:40[m[K,
[4.201s]                  from [01m[K/opt/ros/humble/include/rclcpp/rclcpp/callback_group.hpp:24[m[K,
[4.202s]                  from [01m[K/opt/ros/humble/include/rclcpp/rclcpp/any_executable.hpp:20[m[K,
[4.202s]                  from [01m[K/opt/ros/humble/include/rclcpp/rclcpp/memory_strategy.hpp:25[m[K,
[4.202s]                  from [01m[K/opt/ros/humble/include/rclcpp/rclcpp/memory_strategies.hpp:18[m[K,
[4.202s]                  from [01m[K/opt/ros/humble/include/rclcpp/rclcpp/executor_options.hpp:20[m[K,
[4.202s]                  from [01m[K/opt/ros/humble/include/rclcpp/rclcpp/executor.hpp:37[m[K,
[4.202s]                  from [01m[K/opt/ros/humble/include/rclcpp/rclcpp/executors/multi_threaded_executor.hpp:25[m[K,
[4.202s]                  from [01m[K/opt/ros/humble/include/rclcpp/rclcpp/executors.hpp:21[m[K,
[4.202s]                  from [01m[K/opt/ros/humble/include/rclcpp/rclcpp/rclcpp.hpp:155[m[K,
[4.202s]                  from [01m[K/home/kargla/robot_movement/src/movement_info/include/movement_info/movement.hpp:4[m[K,
[4.202s]                  from [01m[K/home/kargla/robot_movement/src/movement_info/src/movement.cpp:1[m[K:
[4.202s] [01m[K/home/kargla/robot_movement/src/movement_info/src/movement.cpp:54:23:[m[K [01;31m[Kerror: [m[K‘[01m[Kclass Movement[m[K’ has no member named ‘[01m[Kget_logger[m[K’
[4.202s]    54 |     RCLCPP_INFO(this->[01;31m[Kget_logger[m[K(), "Publishing: '%s'", message_.movement.c_str());
[4.203s]       |                       [01;31m[K^~~~~~~~~~[m[K
[4.203s] [01m[K/home/kargla/robot_movement/src/movement_info/src/movement.cpp:54:23:[m[K [01;31m[Kerror: [m[K‘[01m[Kclass Movement[m[K’ has no member named ‘[01m[Kget_logger[m[K’
[4.203s]    54 |     RCLCPP_INFO(this->[01;31m[Kget_logger[m[K(), "Publishing: '%s'", message_.movement.c_str());
[4.203s]       |                       [01;31m[K^~~~~~~~~~[m[K
[4.203s] [01m[K/home/kargla/robot_movement/src/movement_info/src/movement.cpp:54:23:[m[K [01;31m[Kerror: [m[K‘[01m[Kclass Movement[m[K’ has no member named ‘[01m[Kget_logger[m[K’
[4.203s]    54 |     RCLCPP_INFO(this->[01;31m[Kget_logger[m[K(), "Publishing: '%s'", message_.movement.c_str());
[4.203s]       |                       [01;31m[K^~~~~~~~~~[m[K
[4.203s] In file included from [01m[K/opt/ros/humble/include/rclcpp/rclcpp/client.hpp:40[m[K,
[4.203s]                  from [01m[K/opt/ros/humble/include/rclcpp/rclcpp/callback_group.hpp:24[m[K,
[4.203s]                  from [01m[K/opt/ros/humble/include/rclcpp/rclcpp/any_executable.hpp:20[m[K,
[4.203s]                  from [01m[K/opt/ros/humble/include/rclcpp/rclcpp/memory_strategy.hpp:25[m[K,
[4.203s]                  from [01m[K/opt/ros/humble/include/rclcpp/rclcpp/memory_strategies.hpp:18[m[K,
[4.204s]                  from [01m[K/opt/ros/humble/include/rclcpp/rclcpp/executor_options.hpp:20[m[K,
[4.204s]                  from [01m[K/opt/ros/humble/include/rclcpp/rclcpp/executor.hpp:37[m[K,
[4.204s]                  from [01m[K/opt/ros/humble/include/rclcpp/rclcpp/executors/multi_threaded_executor.hpp:25[m[K,
[4.204s]                  from [01m[K/opt/ros/humble/include/rclcpp/rclcpp/executors.hpp:21[m[K,
[4.204s]                  from [01m[K/opt/ros/humble/include/rclcpp/rclcpp/rclcpp.hpp:155[m[K,
[4.204s]                  from [01m[K/home/kargla/robot_movement/src/movement_info/include/movement_info/movement.hpp:4[m[K,
[4.204s]                  from [01m[K/home/kargla/robot_movement/src/movement_info/src/movement.cpp:1[m[K:
[4.204s] [01m[K/home/kargla/robot_movement/src/movement_info/src/movement.cpp:55:23:[m[K [01;31m[Kerror: [m[K‘[01m[Kclass Movement[m[K’ has no member named ‘[01m[Kget_logger[m[K’
[4.204s]    55 |     RCLCPP_INFO(this->[01;31m[Kget_logger[m[K(), "Publishing: '%s'", message_.heading.c_str());
[4.204s]       |                       [01;31m[K^~~~~~~~~~[m[K
[4.204s] In file included from [01m[K/opt/ros/humble/include/rclcpp/rclcpp/client.hpp:40[m[K,
[4.204s]                  from [01m[K/opt/ros/humble/include/rclcpp/rclcpp/callback_group.hpp:24[m[K,
[4.205s]                  from [01m[K/opt/ros/humble/include/rclcpp/rclcpp/any_executable.hpp:20[m[K,
[4.205s]                  from [01m[K/opt/ros/humble/include/rclcpp/rclcpp/memory_strategy.hpp:25[m[K,
[4.205s]                  from [01m[K/opt/ros/humble/include/rclcpp/rclcpp/memory_strategies.hpp:18[m[K,
[4.205s]                  from [01m[K/opt/ros/humble/include/rclcpp/rclcpp/executor_options.hpp:20[m[K,
[4.205s]                  from [01m[K/opt/ros/humble/include/rclcpp/rclcpp/executor.hpp:37[m[K,
[4.205s]                  from [01m[K/opt/ros/humble/include/rclcpp/rclcpp/executors/multi_threaded_executor.hpp:25[m[K,
[4.205s]                  from [01m[K/opt/ros/humble/include/rclcpp/rclcpp/executors.hpp:21[m[K,
[4.205s]                  from [01m[K/opt/ros/humble/include/rclcpp/rclcpp/rclcpp.hpp:155[m[K,
[4.205s]                  from [01m[K/home/kargla/robot_movement/src/movement_info/include/movement_info/movement.hpp:4[m[K,
[4.205s]                  from [01m[K/home/kargla/robot_movement/src/movement_info/src/movement.cpp:1[m[K:
[4.205s] [01m[K/home/kargla/robot_movement/src/movement_info/src/movement.cpp:55:23:[m[K [01;31m[Kerror: [m[K‘[01m[Kclass Movement[m[K’ has no member named ‘[01m[Kget_logger[m[K’
[4.205s]    55 |     RCLCPP_INFO(this->[01;31m[Kget_logger[m[K(), "Publishing: '%s'", message_.heading.c_str());
[4.205s]       |                       [01;31m[K^~~~~~~~~~[m[K
[4.206s] [01m[K/home/kargla/robot_movement/src/movement_info/src/movement.cpp:55:23:[m[K [01;31m[Kerror: [m[K‘[01m[Kclass Movement[m[K’ has no member named ‘[01m[Kget_logger[m[K’
[4.206s] [01m[K/home/kargla/robot_movement/src/movement_info/src/movement.cpp:55:5:[m[K [01;31m[Kerror: [m[Ktemplate argument 1 is invalid
[4.206s]    55 |     [01;31m[KRCLCPP_INFO[m[K(this->get_logger(), "Publishing: '%s'", message_.heading.c_str());
[4.206s]       |     [01;31m[K^~~~~~~~~~~[m[K
[4.206s] [01m[K/home/kargla/robot_movement/src/movement_info/src/movement.cpp:55:23:[m[K [01;31m[Kerror: [m[K‘[01m[Kclass Movement[m[K’ has no member named ‘[01m[Kget_logger[m[K’
[4.206s] [01m[K/home/kargla/robot_movement/src/movement_info/src/movement.cpp:55:5:[m[K [01;31m[Kerror: [m[Ktemplate argument 1 is invalid
[4.206s]    55 |     [01;31m[KRCLCPP_INFO[m[K(this->get_logger(), "Publishing: '%s'", message_.heading.c_str());
[4.206s]       |     [01;31m[K^~~~~~~~~~~[m[K
[4.206s] [01m[K/home/kargla/robot_movement/src/movement_info/src/movement.cpp:55:5:[m[K [01;31m[Kerror: [m[Ktemplate argument 1 is invalid
[4.206s]    55 |     [01;31m[KRCLCPP_INFO[m[K(this->get_logger(), "Publishing: '%s'", message_.heading.c_str());
[4.206s]       |     [01;31m[K^~~~~~~~~~~[m[K
[4.206s] [01m[K/home/kargla/robot_movement/src/movement_info/src/movement.cpp:55:5:[m[K [01;31m[Kerror: [m[Ktemplate argument 1 is invalid
[4.207s]    55 |     [01;31m[KRCLCPP_INFO[m[K(this->get_logger(), "Publishing: '%s'", message_.heading.c_str());
[4.207s]       |     [01;31m[K^~~~~~~~~~~[m[K
[4.207s] [01m[K/home/kargla/robot_movement/src/movement_info/src/movement.cpp:55:5:[m[K [01;31m[Kerror: [m[Ktemplate argument 1 is invalid
[4.207s]    55 |     [01;31m[KRCLCPP_INFO[m[K(this->get_logger(), "Publishing: '%s'", message_.heading.c_str());
[4.207s]       |     [01;31m[K^~~~~~~~~~~[m[K
[4.207s] [01m[K/home/kargla/robot_movement/src/movement_info/src/movement.cpp:55:5:[m[K [01;31m[Kerror: [m[Ktemplate argument 1 is invalid
[4.207s]    55 |     [01;31m[KRCLCPP_INFO[m[K(this->get_logger(), "Publishing: '%s'", message_.heading.c_str());
[4.207s]       |     [01;31m[K^~~~~~~~~~~[m[K
[4.207s] In file included from [01m[K/opt/ros/humble/include/rclcpp/rclcpp/logging.hpp:24[m[K,
[4.207s]                  from [01m[K/opt/ros/humble/include/rclcpp/rclcpp/client.hpp:40[m[K,
[4.207s]                  from [01m[K/opt/ros/humble/include/rclcpp/rclcpp/callback_group.hpp:24[m[K,
[4.207s]                  from [01m[K/opt/ros/humble/include/rclcpp/rclcpp/any_executable.hpp:20[m[K,
[4.208s]                  from [01m[K/opt/ros/humble/include/rclcpp/rclcpp/memory_strategy.hpp:25[m[K,
[4.208s]                  from [01m[K/opt/ros/humble/include/rclcpp/rclcpp/memory_strategies.hpp:18[m[K,
[4.208s]                  from [01m[K/opt/ros/humble/include/rclcpp/rclcpp/executor_options.hpp:20[m[K,
[4.208s]                  from [01m[K/opt/ros/humble/include/rclcpp/rclcpp/executor.hpp:37[m[K,
[4.208s]                  from [01m[K/opt/ros/humble/include/rclcpp/rclcpp/executors/multi_threaded_executor.hpp:25[m[K,
[4.208s]                  from [01m[K/opt/ros/humble/include/rclcpp/rclcpp/executors.hpp:21[m[K,
[4.208s]                  from [01m[K/opt/ros/humble/include/rclcpp/rclcpp/rclcpp.hpp:155[m[K,
[4.208s]                  from [01m[K/home/kargla/robot_movement/src/movement_info/include/movement_info/movement.hpp:4[m[K,
[4.208s]                  from [01m[K/home/kargla/robot_movement/src/movement_info/src/movement.cpp:1[m[K:
[4.208s] [01m[K/home/kargla/robot_movement/src/movement_info/src/movement.cpp:55:23:[m[K [01;31m[Kerror: [m[K‘[01m[Kclass Movement[m[K’ has no member named ‘[01m[Kget_logger[m[K’
[4.208s]    55 |     RCLCPP_INFO(this->[01;31m[Kget_logger[m[K(), "Publishing: '%s'", message_.heading.c_str());
[4.208s]       |                       [01;31m[K^~~~~~~~~~[m[K
[4.209s] In file included from [01m[K/opt/ros/humble/include/rclcpp/rclcpp/logging.hpp:24[m[K,
[4.209s]                  from [01m[K/opt/ros/humble/include/rclcpp/rclcpp/client.hpp:40[m[K,
[4.209s]                  from [01m[K/opt/ros/humble/include/rclcpp/rclcpp/callback_group.hpp:24[m[K,
[4.209s]                  from [01m[K/opt/ros/humble/include/rclcpp/rclcpp/any_executable.hpp:20[m[K,
[4.209s]                  from [01m[K/opt/ros/humble/include/rclcpp/rclcpp/memory_strategy.hpp:25[m[K,
[4.209s]                  from [01m[K/opt/ros/humble/include/rclcpp/rclcpp/memory_strategies.hpp:18[m[K,
[4.209s]                  from [01m[K/opt/ros/humble/include/rclcpp/rclcpp/executor_options.hpp:20[m[K,
[4.209s]                  from [01m[K/opt/ros/humble/include/rclcpp/rclcpp/executor.hpp:37[m[K,
[4.209s]                  from [01m[K/opt/ros/humble/include/rclcpp/rclcpp/executors/multi_threaded_executor.hpp:25[m[K,
[4.209s]                  from [01m[K/opt/ros/humble/include/rclcpp/rclcpp/executors.hpp:21[m[K,
[4.209s]                  from [01m[K/opt/ros/humble/include/rclcpp/rclcpp/rclcpp.hpp:155[m[K,
[4.209s]                  from [01m[K/home/kargla/robot_movement/src/movement_info/include/movement_info/movement.hpp:4[m[K,
[4.209s]                  from [01m[K/home/kargla/robot_movement/src/movement_info/src/movement.cpp:1[m[K:
[4.210s] [01m[K/home/kargla/robot_movement/src/movement_info/src/movement.cpp:55:23:[m[K [01;31m[Kerror: [m[K‘[01m[Kclass Movement[m[K’ has no member named ‘[01m[Kget_logger[m[K’
[4.210s]    55 |     RCLCPP_INFO(this->[01;31m[Kget_logger[m[K(), "Publishing: '%s'", message_.heading.c_str());
[4.210s]       |                       [01;31m[K^~~~~~~~~~[m[K
[4.210s] [01m[K/home/kargla/robot_movement/src/movement_info/src/movement.cpp:55:23:[m[K [01;31m[Kerror: [m[K‘[01m[Kclass Movement[m[K’ has no member named ‘[01m[Kget_logger[m[K’
[4.210s]    55 |     RCLCPP_INFO(this->[01;31m[Kget_logger[m[K(), "Publishing: '%s'", message_.heading.c_str());
[4.210s]       |                       [01;31m[K^~~~~~~~~~[m[K
[4.210s] [01m[K/home/kargla/robot_movement/src/movement_info/src/movement.cpp:55:23:[m[K [01;31m[Kerror: [m[K‘[01m[Kclass Movement[m[K’ has no member named ‘[01m[Kget_logger[m[K’
[4.210s]    55 |     RCLCPP_INFO(this->[01;31m[Kget_logger[m[K(), "Publishing: '%s'", message_.heading.c_str());
[4.210s]       |                       [01;31m[K^~~~~~~~~~[m[K
[4.494s] gmake[2]: *** [CMakeFiles/movement.dir/build.make:104: CMakeFiles/movement.dir/src/movement_interface.cpp.o] Error 1
[4.494s] gmake[2]: *** Waiting for unfinished jobs....
[4.727s] gmake[2]: *** [CMakeFiles/movement.dir/build.make:90: CMakeFiles/movement.dir/src/main.cpp.o] Error 1
[4.843s] gmake[2]: *** [CMakeFiles/movement_info_library.dir/build.make:76: CMakeFiles/movement_info_library.dir/src/movement.cpp.o] Error 1
[4.843s] gmake[1]: *** [CMakeFiles/Makefile2:206: CMakeFiles/movement_info_library.dir/all] Error 2
[4.843s] gmake[1]: *** Waiting for unfinished jobs....
[4.850s] gmake[2]: *** [CMakeFiles/movement.dir/build.make:76: CMakeFiles/movement.dir/src/movement.cpp.o] Error 1
[4.850s] gmake[1]: *** [CMakeFiles/Makefile2:180: CMakeFiles/movement.dir/all] Error 2
[4.851s] gmake: *** [Makefile:146: all] Error 2
[4.855s] Invoked command in '/home/kargla/robot_movement/build/movement_info' returned '2': CMAKE_PREFIX_PATH=/opt/ros/humble /usr/bin/cmake --build /home/kargla/robot_movement/build/movement_info -- -j12 -l12
