[0.014s] Invoking command in '/home/kargla/robot_movement/build/movement_info': CMAKE_PREFIX_PATH=${CMAKE_PREFIX_PATH}:/opt/ros/humble /usr/bin/cmake --build /home/kargla/robot_movement/build/movement_info -- -j12 -l12
[0.039s] -- Found ament_cmake: 1.3.11 (/opt/ros/humble/share/ament_cmake/cmake)
[0.165s] -- Found rosidl_default_generators: 1.2.0 (/opt/ros/humble/share/rosidl_default_generators/cmake)
[0.167s] -- Using all available rosidl_typesupport_c: rosidl_typesupport_fastrtps_c;rosidl_typesupport_introspection_c
[0.169s] -- Found rosidl_adapter: 3.1.6 (/opt/ros/humble/share/rosidl_adapter/cmake)
[0.197s] -- Using all available rosidl_typesupport_cpp: rosidl_typesupport_fastrtps_cpp;rosidl_typesupport_introspection_cpp
[0.220s] -- Found movement_info_msgs: 0.0.0 (/home/kargla/robot_movement/install/movement_info_msgs/share/movement_info_msgs/cmake)
[0.227s] -- Found rclcpp: 16.0.11 (/opt/ros/humble/share/rclcpp/cmake)
[0.260s] -- Found rmw_implementation_cmake: 6.1.2 (/opt/ros/humble/share/rmw_implementation_cmake/cmake)
[0.261s] -- Found rmw_fastrtps_cpp: 6.2.7 (/opt/ros/humble/share/rmw_fastrtps_cpp/cmake)
[0.365s] -- Using RMW implementation 'rmw_fastrtps_cpp' as default
[0.415s] -- Found geometry_msgs: 4.2.4 (/opt/ros/humble/share/geometry_msgs/cmake)
[0.426s] -- Found nav_msgs: 4.2.4 (/opt/ros/humble/share/nav_msgs/cmake)
[0.442s] -- Found ament_cmake_gtest: 1.3.11 (/opt/ros/humble/share/ament_cmake_gtest/cmake)
[0.446s] -- Found ament_cmake_gmock: 1.3.11 (/opt/ros/humble/share/ament_cmake_gmock/cmake)
[0.446s] -- Found gtest sources under '/opt/ros/humble/src/gtest_vendor': C++ tests using 'Google Test' will be built
[0.449s] -- Found gmock sources under '/opt/ros/humble/src/gmock_vendor': C++ tests using 'Google Mock' will be built
[0.523s] -- Configuring done
[0.555s] -- Generating done
[0.563s] -- Build files have been written to: /home/kargla/robot_movement/build/movement_info
[0.592s] [35m[1mConsolidate compiler generated dependencies of target gtest_main[0m
[0.592s] [35m[1mConsolidate compiler generated dependencies of target gmock[0m
[0.593s] [35m[1mConsolidate compiler generated dependencies of target movement_info_library[0m
[0.595s] [35m[1mConsolidate compiler generated dependencies of target movement[0m
[0.595s] [35m[1mConsolidate compiler generated dependencies of target gtest[0m
[0.595s] [35m[1mConsolidate compiler generated dependencies of target gmock_main[0m
[0.610s] [ 10%] Built target gtest_main
[0.612s] [ 25%] Built target gmock
[0.613s] [ 35%] Built target gtest
[0.615s] [ 45%] Built target gmock_main
[0.615s] [ 55%] [32mBuilding CXX object CMakeFiles/movement_info_library.dir/src/movement_interface.cpp.o[0m
[0.615s] [ 55%] [32mBuilding CXX object CMakeFiles/movement_info_library.dir/src/movement.cpp.o[0m
[0.625s] [ 60%] [32mBuilding CXX object CMakeFiles/movement.dir/src/movement.cpp.o[0m
[0.628s] [ 65%] [32mBuilding CXX object CMakeFiles/movement.dir/src/main.cpp.o[0m
[0.628s] [ 70%] [32mBuilding CXX object CMakeFiles/movement.dir/src/movement_interface.cpp.o[0m
[11.716s] [ 75%] [32m[1mLinking CXX executable movement[0m
[11.747s] [ 80%] [32m[1mLinking CXX static library libmovement_info_library.a[0m
[12.069s] [ 80%] Built target movement_info_library
[12.083s] [35m[1mConsolidate compiler generated dependencies of target movement_info_movement_gtest[0m
[12.083s] [35m[1mConsolidate compiler generated dependencies of target movement_info_movement_gmock[0m
[12.107s] [ 85%] [32mBuilding CXX object CMakeFiles/movement_info_movement_gmock.dir/test/movement_test.cpp.o[0m
[12.108s] [ 90%] [32mBuilding CXX object CMakeFiles/movement_info_movement_gtest.dir/test/movement_test.cpp.o[0m
[12.590s] [ 90%] Built target movement
[16.220s] [ 95%] [32m[1mLinking CXX executable movement_info_movement_gmock[0m
[16.305s] [100%] [32m[1mLinking CXX executable movement_info_movement_gtest[0m
[17.237s] [100%] Built target movement_info_movement_gmock
[17.317s] [100%] Built target movement_info_movement_gtest
[17.331s] Invoked command in '/home/kargla/robot_movement/build/movement_info' returned '0': CMAKE_PREFIX_PATH=${CMAKE_PREFIX_PATH}:/opt/ros/humble /usr/bin/cmake --build /home/kargla/robot_movement/build/movement_info -- -j12 -l12
[17.333s] Invoking command in '/home/kargla/robot_movement/build/movement_info': CMAKE_PREFIX_PATH=${CMAKE_PREFIX_PATH}:/opt/ros/humble /usr/bin/cmake --install /home/kargla/robot_movement/build/movement_info
[17.340s] -- Install configuration: ""
[17.340s] -- Up-to-date: /home/kargla/robot_movement/install/movement_info/share/movement_info/config
[17.340s] -- Up-to-date: /home/kargla/robot_movement/install/movement_info/share/movement_info/config/params.yaml
[17.340s] -- Up-to-date: /home/kargla/robot_movement/install/movement_info/include
[17.340s] -- Up-to-date: /home/kargla/robot_movement/install/movement_info/include/movement_info
[17.340s] -- Up-to-date: /home/kargla/robot_movement/install/movement_info/include/movement_info/MockPublisher.hpp
[17.341s] -- Up-to-date: /home/kargla/robot_movement/install/movement_info/include/movement_info/movement.hpp
[17.341s] -- Up-to-date: /home/kargla/robot_movement/install/movement_info/include/movement_info/movement_interface.hpp
[17.341s] -- Installing: /home/kargla/robot_movement/install/movement_info/lib/movement_info/movement
[17.348s] -- Set runtime path of "/home/kargla/robot_movement/install/movement_info/lib/movement_info/movement" to ""
[17.348s] -- Installing: /home/kargla/robot_movement/install/movement_info/share/ament_index/resource_index/package_run_dependencies/movement_info
[17.348s] -- Up-to-date: /home/kargla/robot_movement/install/movement_info/share/ament_index/resource_index/parent_prefix_path/movement_info
[17.348s] -- Up-to-date: /home/kargla/robot_movement/install/movement_info/share/movement_info/environment/ament_prefix_path.sh
[17.348s] -- Installing: /home/kargla/robot_movement/install/movement_info/share/movement_info/environment/ament_prefix_path.dsv
[17.348s] -- Up-to-date: /home/kargla/robot_movement/install/movement_info/share/movement_info/environment/path.sh
[17.349s] -- Installing: /home/kargla/robot_movement/install/movement_info/share/movement_info/environment/path.dsv
[17.349s] -- Up-to-date: /home/kargla/robot_movement/install/movement_info/share/movement_info/local_setup.bash
[17.349s] -- Up-to-date: /home/kargla/robot_movement/install/movement_info/share/movement_info/local_setup.sh
[17.349s] -- Up-to-date: /home/kargla/robot_movement/install/movement_info/share/movement_info/local_setup.zsh
[17.349s] -- Installing: /home/kargla/robot_movement/install/movement_info/share/movement_info/local_setup.dsv
[17.349s] -- Installing: /home/kargla/robot_movement/install/movement_info/share/movement_info/package.dsv
[17.349s] -- Up-to-date: /home/kargla/robot_movement/install/movement_info/share/ament_index/resource_index/packages/movement_info
[17.349s] -- Up-to-date: /home/kargla/robot_movement/install/movement_info/share/movement_info/cmake/movement_infoConfig.cmake
[17.349s] -- Up-to-date: /home/kargla/robot_movement/install/movement_info/share/movement_info/cmake/movement_infoConfig-version.cmake
[17.349s] -- Installing: /home/kargla/robot_movement/install/movement_info/share/movement_info/package.xml
[17.352s] Invoked command in '/home/kargla/robot_movement/build/movement_info' returned '0': CMAKE_PREFIX_PATH=${CMAKE_PREFIX_PATH}:/opt/ros/humble /usr/bin/cmake --install /home/kargla/robot_movement/build/movement_info
