[0.015s] Invoking command in '/home/kargla/robot_movement/build/movement_info': CMAKE_PREFIX_PATH=${CMAKE_PREFIX_PATH}:/opt/ros/humble /usr/bin/cmake --build /home/kargla/robot_movement/build/movement_info -- -j12 -l12
[0.077s] [ 36%] Built target gtest_main
[0.078s] [ 36%] Built target gtest
[0.085s] [ 63%] Built target movement
[0.086s] [ 81%] Built target movement_info_library
[0.104s] [35m[1mConsolidate compiler generated dependencies of target movement_info_movement_test[0m
[0.124s] [ 90%] [32mBuilding CXX object CMakeFiles/movement_info_movement_test.dir/test/movement_test.cpp.o[0m
[1.198s] [100%] [32m[1mLinking CXX executable movement_info_movement_test[0m
[1.427s] [100%] Built target movement_info_movement_test
[1.444s] Invoked command in '/home/kargla/robot_movement/build/movement_info' returned '0': CMAKE_PREFIX_PATH=${CMAKE_PREFIX_PATH}:/opt/ros/humble /usr/bin/cmake --build /home/kargla/robot_movement/build/movement_info -- -j12 -l12
[1.445s] Invoking command in '/home/kargla/robot_movement/build/movement_info': CMAKE_PREFIX_PATH=${CMAKE_PREFIX_PATH}:/opt/ros/humble /usr/bin/cmake --install /home/kargla/robot_movement/build/movement_info
[1.454s] -- Install configuration: ""
[1.455s] -- Up-to-date: /home/kargla/robot_movement/install/movement_info/share/movement_info/config
[1.455s] -- Up-to-date: /home/kargla/robot_movement/install/movement_info/share/movement_info/config/params.yaml
[1.455s] -- Up-to-date: /home/kargla/robot_movement/install/movement_info/include
[1.455s] -- Up-to-date: /home/kargla/robot_movement/install/movement_info/include/movement_info
[1.456s] -- Up-to-date: /home/kargla/robot_movement/install/movement_info/include/movement_info/movement.hpp
[1.456s] -- Up-to-date: /home/kargla/robot_movement/install/movement_info/lib/movement_info/movement
[1.456s] -- Up-to-date: /home/kargla/robot_movement/install/movement_info/share/ament_index/resource_index/package_run_dependencies/movement_info
[1.456s] -- Up-to-date: /home/kargla/robot_movement/install/movement_info/share/ament_index/resource_index/parent_prefix_path/movement_info
[1.456s] -- Up-to-date: /home/kargla/robot_movement/install/movement_info/share/movement_info/environment/ament_prefix_path.sh
[1.456s] -- Up-to-date: /home/kargla/robot_movement/install/movement_info/share/movement_info/environment/ament_prefix_path.dsv
[1.456s] -- Up-to-date: /home/kargla/robot_movement/install/movement_info/share/movement_info/environment/path.sh
[1.457s] -- Up-to-date: /home/kargla/robot_movement/install/movement_info/share/movement_info/environment/path.dsv
[1.457s] -- Up-to-date: /home/kargla/robot_movement/install/movement_info/share/movement_info/local_setup.bash
[1.457s] -- Up-to-date: /home/kargla/robot_movement/install/movement_info/share/movement_info/local_setup.sh
[1.457s] -- Up-to-date: /home/kargla/robot_movement/install/movement_info/share/movement_info/local_setup.zsh
[1.457s] -- Up-to-date: /home/kargla/robot_movement/install/movement_info/share/movement_info/local_setup.dsv
[1.457s] -- Installing: /home/kargla/robot_movement/install/movement_info/share/movement_info/package.dsv
[1.457s] -- Up-to-date: /home/kargla/robot_movement/install/movement_info/share/ament_index/resource_index/packages/movement_info
[1.457s] -- Up-to-date: /home/kargla/robot_movement/install/movement_info/share/movement_info/cmake/movement_infoConfig.cmake
[1.457s] -- Up-to-date: /home/kargla/robot_movement/install/movement_info/share/movement_info/cmake/movement_infoConfig-version.cmake
[1.457s] -- Up-to-date: /home/kargla/robot_movement/install/movement_info/share/movement_info/package.xml
[1.459s] Invoked command in '/home/kargla/robot_movement/build/movement_info' returned '0': CMAKE_PREFIX_PATH=${CMAKE_PREFIX_PATH}:/opt/ros/humble /usr/bin/cmake --install /home/kargla/robot_movement/build/movement_info
