[0.018s] Invoking command in '/home/kargla/robot_movement/build/movement_info': CMAKE_PREFIX_PATH=${CMAKE_PREFIX_PATH}:/opt/ros/humble /usr/bin/cmake --build /home/kargla/robot_movement/build/movement_info -- -j12 -l12
[0.042s] -- Found ament_cmake: 1.3.11 (/opt/ros/humble/share/ament_cmake/cmake)
[0.177s] -- Found rosidl_default_generators: 1.2.0 (/opt/ros/humble/share/rosidl_default_generators/cmake)
[0.179s] -- Using all available rosidl_typesupport_c: rosidl_typesupport_fastrtps_c;rosidl_typesupport_introspection_c
[0.182s] -- Found rosidl_adapter: 3.1.6 (/opt/ros/humble/share/rosidl_adapter/cmake)
[0.211s] -- Using all available rosidl_typesupport_cpp: rosidl_typesupport_fastrtps_cpp;rosidl_typesupport_introspection_cpp
[0.237s] -- Found movement_info_msgs: 0.0.0 (/home/kargla/robot_movement/install/movement_info_msgs/share/movement_info_msgs/cmake)
[0.245s] -- Found rclcpp: 16.0.11 (/opt/ros/humble/share/rclcpp/cmake)
[0.278s] -- Found rmw_implementation_cmake: 6.1.2 (/opt/ros/humble/share/rmw_implementation_cmake/cmake)
[0.280s] -- Found rmw_fastrtps_cpp: 6.2.7 (/opt/ros/humble/share/rmw_fastrtps_cpp/cmake)
[0.384s] -- Using RMW implementation 'rmw_fastrtps_cpp' as default
[0.438s] -- Found geometry_msgs: 4.2.4 (/opt/ros/humble/share/geometry_msgs/cmake)
[0.454s] -- Found nav_msgs: 4.2.4 (/opt/ros/humble/share/nav_msgs/cmake)
[0.478s] -- Found ament_cmake_gtest: 1.3.11 (/opt/ros/humble/share/ament_cmake_gtest/cmake)
[0.491s] [31mCMake Error at CMakeLists.txt:67 (find_package):
[0.492s]   By not providing "Findgmock.cmake" in CMAKE_MODULE_PATH this project has
[0.492s]   asked CMake to find a package configuration file provided by "gmock", but
[0.492s]   CMake did not find one.
[0.492s] 
[0.492s]   Could not find a package configuration file provided by "gmock" with any of
[0.492s]   the following names:
[0.493s] 
[0.493s]     gmockConfig.cmake
[0.493s]     gmock-config.cmake
[0.493s] 
[0.493s]   Add the installation prefix of "gmock" to CMAKE_PREFIX_PATH or set
[0.493s]   "gmock_DIR" to a directory containing one of the above files.  If "gmock"
[0.493s]   provides a separate development package or SDK, be sure it has been
[0.493s]   installed.
[0.493s] 
[0.493s] [0m
[0.494s] -- Configuring incomplete, errors occurred!
[0.494s] See also "/home/kargla/robot_movement/build/movement_info/CMakeFiles/CMakeOutput.log".
[0.500s] gmake: *** [Makefile:380: cmake_check_build_system] Error 1
[0.503s] Invoked command in '/home/kargla/robot_movement/build/movement_info' returned '2': CMAKE_PREFIX_PATH=${CMAKE_PREFIX_PATH}:/opt/ros/humble /usr/bin/cmake --build /home/kargla/robot_movement/build/movement_info -- -j12 -l12
