[0.014s] Invoking command in '/home/kargla/robot_movement/build/movement_info': CMAKE_PREFIX_PATH=${CMAKE_PREFIX_PATH}:/opt/ros/humble /usr/bin/cmake --build /home/kargla/robot_movement/build/movement_info -- -j12 -l12
[0.041s] -- Found ament_cmake: 1.3.11 (/opt/ros/humble/share/ament_cmake/cmake)
[0.167s] -- Found rosidl_default_generators: 1.2.0 (/opt/ros/humble/share/rosidl_default_generators/cmake)
[0.168s] -- Using all available rosidl_typesupport_c: rosidl_typesupport_fastrtps_c;rosidl_typesupport_introspection_c
[0.171s] -- Found rosidl_adapter: 3.1.6 (/opt/ros/humble/share/rosidl_adapter/cmake)
[0.198s] -- Using all available rosidl_typesupport_cpp: rosidl_typesupport_fastrtps_cpp;rosidl_typesupport_introspection_cpp
[0.221s] -- Found movement_info_msgs: 0.0.0 (/home/kargla/robot_movement/install/movement_info_msgs/share/movement_info_msgs/cmake)
[0.228s] -- Found rclcpp: 16.0.11 (/opt/ros/humble/share/rclcpp/cmake)
[0.265s] -- Found rmw_implementation_cmake: 6.1.2 (/opt/ros/humble/share/rmw_implementation_cmake/cmake)
[0.265s] -- Found rmw_fastrtps_cpp: 6.2.7 (/opt/ros/humble/share/rmw_fastrtps_cpp/cmake)
[0.364s] -- Using RMW implementation 'rmw_fastrtps_cpp' as default
[0.417s] -- Found geometry_msgs: 4.2.4 (/opt/ros/humble/share/geometry_msgs/cmake)
[0.436s] -- Found nav_msgs: 4.2.4 (/opt/ros/humble/share/nav_msgs/cmake)
[0.455s] -- Found ament_lint_auto: 0.12.11 (/opt/ros/humble/share/ament_lint_auto/cmake)
[0.525s] -- Added test 'cppcheck' to perform static code analysis on C / C++ code
[0.525s] -- Configured cppcheck include dirs: 
[0.525s] -- Configured cppcheck exclude dirs and/or files: 
[0.526s] -- Added test 'lint_cmake' to check CMake code style
[0.526s] -- Added test 'uncrustify' to check C / C++ code style
[0.526s] -- Configured uncrustify additional arguments: 
[0.527s] -- Added test 'xmllint' to check XML markup files
[0.527s] -- Configuring done
[0.538s] -- Generating done
[0.542s] -- Build files have been written to: /home/kargla/robot_movement/build/movement_info
[0.573s] [35m[1mConsolidate compiler generated dependencies of target movement[0m
[0.594s] [ 50%] [32mBuilding CXX object CMakeFiles/movement.dir/src/movement.cpp.o[0m
[2.794s] [01m[K/home/kargla/robot_movement/src/movement_info/src/movement.cpp:[m[K In member function ‘[01m[Kvoid Movement::velocity_callback(geometry_msgs::msg::TwistStamped_<std::allocator<void> >::SharedPtr)[m[K’:
[2.794s] [01m[K/home/kargla/robot_movement/src/movement_info/src/movement.cpp:49:24:[m[K [01;31m[Kerror: [m[K‘[01m[Kusing element_type = struct geometry_msgs::msg::TwistStamped_<std::allocator<void> >[m[K’ {aka ‘[01m[Kstruct geometry_msgs::msg::TwistStamped_<std::allocator<void> >[m[K’} has no member named ‘[01m[Klinear[m[K’
[2.794s]    49 |         float x = msg->[01;31m[Klinear[m[K.x;
[2.794s]       |                        [01;31m[K^~~~~~[m[K
[2.794s] [01m[K/home/kargla/robot_movement/src/movement_info/src/movement.cpp:52:18:[m[K [01;31m[Kerror: [m[K‘[01m[Kusing element_type = struct geometry_msgs::msg::TwistStamped_<std::allocator<void> >[m[K’ {aka ‘[01m[Kstruct geometry_msgs::msg::TwistStamped_<std::allocator<void> >[m[K’} has no member named ‘[01m[Klinear[m[K’
[2.794s]    52 |         if (msg->[01;31m[Klinear[m[K.x == 0)
[2.795s]       |                  [01;31m[K^~~~~~[m[K
[2.795s] [01m[K/home/kargla/robot_movement/src/movement_info/src/movement.cpp:56:23:[m[K [01;31m[Kerror: [m[K‘[01m[Kusing element_type = struct geometry_msgs::msg::TwistStamped_<std::allocator<void> >[m[K’ {aka ‘[01m[Kstruct geometry_msgs::msg::TwistStamped_<std::allocator<void> >[m[K’} has no member named ‘[01m[Klinear[m[K’
[2.795s]    56 |         else if (msg->[01;31m[Klinear[m[K.x > 0)
[2.795s]       |                       [01;31m[K^~~~~~[m[K
[2.795s] [01m[K/home/kargla/robot_movement/src/movement_info/src/movement.cpp:60:22:[m[K [01;31m[Kerror: [m[K‘[01m[Kusing element_type = struct geometry_msgs::msg::TwistStamped_<std::allocator<void> >[m[K’ {aka ‘[01m[Kstruct geometry_msgs::msg::TwistStamped_<std::allocator<void> >[m[K’} has no member named ‘[01m[Klinear[m[K’
[2.795s]    60 |         else if(msg->[01;31m[Klinear[m[K.x < 0)
[2.795s]       |                      [01;31m[K^~~~~~[m[K
[5.733s] gmake[2]: *** [CMakeFiles/movement.dir/build.make:76: CMakeFiles/movement.dir/src/movement.cpp.o] Error 1
[5.734s] gmake[1]: *** [CMakeFiles/Makefile2:137: CMakeFiles/movement.dir/all] Error 2
[5.734s] gmake: *** [Makefile:146: all] Error 2
[5.738s] Invoked command in '/home/kargla/robot_movement/build/movement_info' returned '2': CMAKE_PREFIX_PATH=${CMAKE_PREFIX_PATH}:/opt/ros/humble /usr/bin/cmake --build /home/kargla/robot_movement/build/movement_info -- -j12 -l12
