[01m[K/home/kargla/robot_movement/src/movement_info/test/movement_test.cpp:[m[K In member function ‘[01m[Kvirtual void MovementTest_HeadingDeterminationTest1_Test::TestBody()[m[K’:
[01m[K/home/kargla/robot_movement/src/movement_info/test/movement_test.cpp:20:38:[m[K [01;31m[Kerror: [m[Kexpected ‘[01m[K;[m[K’ before ‘[01m[Kmovement[m[K’
   20 |     msg->twist.twist.angular.z = 0.11
      |                                      [01;31m[K^[m[K
      |                                      [32m[K;[m[K
   21 |     [32m[Kmovement[m[K.odometry_callback(msg);
      |     [32m[K~~~~~~~~[m[K                          
[01m[K/home/kargla/robot_movement/src/movement_info/test/movement_test.cpp:[m[K In member function ‘[01m[Kvirtual void MovementTest_HeadingDeterminationTest1_Test::TestBody()[m[K’:
[01m[K/home/kargla/robot_movement/src/movement_info/test/movement_test.cpp:20:38:[m[K [01;31m[Kerror: [m[Kexpected ‘[01m[K;[m[K’ before ‘[01m[Kmovement[m[K’
   20 |     msg->twist.twist.angular.z = 0.11
      |                                      [01;31m[K^[m[K
      |                                      [32m[K;[m[K
   21 |     [32m[Kmovement[m[K.odometry_callback(msg);
      |     [32m[K~~~~~~~~[m[K                          
gmake[2]: *** [CMakeFiles/movement_info_movement_gmock.dir/build.make:76: CMakeFiles/movement_info_movement_gmock.dir/test/movement_test.cpp.o] Error 1
gmake[1]: *** [CMakeFiles/Makefile2:264: CMakeFiles/movement_info_movement_gmock.dir/all] Error 2
gmake[1]: *** Waiting for unfinished jobs....
gmake[2]: *** [CMakeFiles/movement_info_movement_gtest.dir/build.make:76: CMakeFiles/movement_info_movement_gtest.dir/test/movement_test.cpp.o] Error 1
gmake[1]: *** [CMakeFiles/Makefile2:235: CMakeFiles/movement_info_movement_gtest.dir/all] Error 2
gmake: *** [Makefile:146: all] Error 2
