-- Found ament_cmake: 1.3.11 (/opt/ros/humble/share/ament_cmake/cmake)
-- Found rosidl_default_generators: 1.2.0 (/opt/ros/humble/share/rosidl_default_generators/cmake)
-- Using all available rosidl_typesupport_c: rosidl_typesupport_fastrtps_c;rosidl_typesupport_introspection_c
-- Found rosidl_adapter: 3.1.6 (/opt/ros/humble/share/rosidl_adapter/cmake)
-- Using all available rosidl_typesupport_cpp: rosidl_typesupport_fastrtps_cpp;rosidl_typesupport_introspection_cpp
-- Found movement_info_msgs: 0.0.0 (/home/kargla/robot_movement/install/movement_info_msgs/share/movement_info_msgs/cmake)
-- Found rclcpp: 16.0.11 (/opt/ros/humble/share/rclcpp/cmake)
-- Found rmw_implementation_cmake: 6.1.2 (/opt/ros/humble/share/rmw_implementation_cmake/cmake)
-- Found rmw_fastrtps_cpp: 6.2.7 (/opt/ros/humble/share/rmw_fastrtps_cpp/cmake)
-- Using RMW implementation 'rmw_fastrtps_cpp' as default
-- Found geometry_msgs: 4.2.4 (/opt/ros/humble/share/geometry_msgs/cmake)
-- Found nav_msgs: 4.2.4 (/opt/ros/humble/share/nav_msgs/cmake)
-- Found ament_lint_auto: 0.12.11 (/opt/ros/humble/share/ament_lint_auto/cmake)
-- Added test 'cppcheck' to perform static code analysis on C / C++ code
-- Configured cppcheck include dirs: $<BUILD_INTERFACE:/home/kargla/robot_movement/src/movement_info/include>
-- Configured cppcheck exclude dirs and/or files: 
-- Added test 'lint_cmake' to check CMake code style
-- Added test 'uncrustify' to check C / C++ code style
-- Configured uncrustify additional arguments: 
-- Added test 'xmllint' to check XML markup files
-- Configuring done
-- Generating done
-- Build files have been written to: /home/kargla/robot_movement/build/movement_info
[35m[1mConsolidate compiler generated dependencies of target movement[0m
[35m[1mConsolidate compiler generated dependencies of target movement_info_library[0m
[ 25%] [32mBuilding CXX object CMakeFiles/movement.dir/src/movement.cpp.o[0m
[ 75%] Built target movement_info_library
[100%] [32m[1mLinking CXX executable movement[0m
[100%] Built target movement
-- Install configuration: ""
-- Up-to-date: /home/kargla/robot_movement/install/movement_info/share/movement_info/config
-- Up-to-date: /home/kargla/robot_movement/install/movement_info/share/movement_info/config/params.yaml
-- Up-to-date: /home/kargla/robot_movement/install/movement_info/include
-- Up-to-date: /home/kargla/robot_movement/install/movement_info/include/movement_info
-- Up-to-date: /home/kargla/robot_movement/install/movement_info/include/movement_info/movement.hpp
-- Installing: /home/kargla/robot_movement/install/movement_info/lib/movement_info/movement
-- Set runtime path of "/home/kargla/robot_movement/install/movement_info/lib/movement_info/movement" to ""
-- Up-to-date: /home/kargla/robot_movement/install/movement_info/share/ament_index/resource_index/package_run_dependencies/movement_info
-- Up-to-date: /home/kargla/robot_movement/install/movement_info/share/ament_index/resource_index/parent_prefix_path/movement_info
-- Up-to-date: /home/kargla/robot_movement/install/movement_info/share/movement_info/environment/ament_prefix_path.sh
-- Installing: /home/kargla/robot_movement/install/movement_info/share/movement_info/environment/ament_prefix_path.dsv
-- Up-to-date: /home/kargla/robot_movement/install/movement_info/share/movement_info/environment/path.sh
-- Installing: /home/kargla/robot_movement/install/movement_info/share/movement_info/environment/path.dsv
-- Up-to-date: /home/kargla/robot_movement/install/movement_info/share/movement_info/local_setup.bash
-- Up-to-date: /home/kargla/robot_movement/install/movement_info/share/movement_info/local_setup.sh
-- Up-to-date: /home/kargla/robot_movement/install/movement_info/share/movement_info/local_setup.zsh
-- Installing: /home/kargla/robot_movement/install/movement_info/share/movement_info/local_setup.dsv
-- Installing: /home/kargla/robot_movement/install/movement_info/share/movement_info/package.dsv
-- Up-to-date: /home/kargla/robot_movement/install/movement_info/share/ament_index/resource_index/packages/movement_info
-- Up-to-date: /home/kargla/robot_movement/install/movement_info/share/movement_info/cmake/movement_infoConfig.cmake
-- Up-to-date: /home/kargla/robot_movement/install/movement_info/share/movement_info/cmake/movement_infoConfig-version.cmake
-- Up-to-date: /home/kargla/robot_movement/install/movement_info/share/movement_info/package.xml
