[0.032s] Invoking command in '/home/kargla/robot_movement/build/movement_info': CMAKE_PREFIX_PATH=${CMAKE_PREFIX_PATH}:/opt/ros/humble /usr/bin/cmake --build /home/kargla/robot_movement/build/movement_info -- -j12 -l12
[0.154s] [ 27%] Built target gtest_main
[0.154s] [ 27%] Built target gmock
[0.160s] [ 61%] Built target gtest
[0.161s] [ 61%] Built target gmock_main
[0.161s] [ 66%] Built target movement
[0.163s] [ 77%] Built target movement_info_library
[0.192s] [35m[1mConsolidate compiler generated dependencies of target movement_info_movement_gmock[0m
[0.192s] [35m[1mConsolidate compiler generated dependencies of target movement_info_movement_gtest[0m
[0.253s] [ 83%] [32mBuilding CXX object CMakeFiles/movement_info_movement_gtest.dir/test/movement_test.cpp.o[0m
[0.256s] [ 88%] [32mBuilding CXX object CMakeFiles/movement_info_movement_gmock.dir/test/movement_test.cpp.o[0m
[5.979s] [ 94%] [32m[1mLinking CXX executable movement_info_movement_gmock[0m
[5.989s] [100%] [32m[1mLinking CXX executable movement_info_movement_gtest[0m
[7.445s] [100%] Built target movement_info_movement_gtest
[7.507s] [100%] Built target movement_info_movement_gmock
[7.526s] Invoked command in '/home/kargla/robot_movement/build/movement_info' returned '0': CMAKE_PREFIX_PATH=${CMAKE_PREFIX_PATH}:/opt/ros/humble /usr/bin/cmake --build /home/kargla/robot_movement/build/movement_info -- -j12 -l12
[7.528s] Invoking command in '/home/kargla/robot_movement/build/movement_info': CMAKE_PREFIX_PATH=${CMAKE_PREFIX_PATH}:/opt/ros/humble /usr/bin/cmake --install /home/kargla/robot_movement/build/movement_info
[7.538s] -- Install configuration: ""
[7.538s] -- Up-to-date: /home/kargla/robot_movement/install/movement_info/share/movement_info/config
[7.538s] -- Up-to-date: /home/kargla/robot_movement/install/movement_info/share/movement_info/config/params.yaml
[7.538s] -- Up-to-date: /home/kargla/robot_movement/install/movement_info/include
[7.538s] -- Up-to-date: /home/kargla/robot_movement/install/movement_info/include/movement_info
[7.538s] -- Up-to-date: /home/kargla/robot_movement/install/movement_info/include/movement_info/movement.hpp
[7.539s] -- Up-to-date: /home/kargla/robot_movement/install/movement_info/lib/movement_info/movement
[7.539s] -- Up-to-date: /home/kargla/robot_movement/install/movement_info/share/ament_index/resource_index/package_run_dependencies/movement_info
[7.539s] -- Up-to-date: /home/kargla/robot_movement/install/movement_info/share/ament_index/resource_index/parent_prefix_path/movement_info
[7.539s] -- Up-to-date: /home/kargla/robot_movement/install/movement_info/share/movement_info/environment/ament_prefix_path.sh
[7.540s] -- Up-to-date: /home/kargla/robot_movement/install/movement_info/share/movement_info/environment/ament_prefix_path.dsv
[7.540s] -- Up-to-date: /home/kargla/robot_movement/install/movement_info/share/movement_info/environment/path.sh
[7.540s] -- Up-to-date: /home/kargla/robot_movement/install/movement_info/share/movement_info/environment/path.dsv
[7.540s] -- Up-to-date: /home/kargla/robot_movement/install/movement_info/share/movement_info/local_setup.bash
[7.540s] -- Up-to-date: /home/kargla/robot_movement/install/movement_info/share/movement_info/local_setup.sh
[7.540s] -- Up-to-date: /home/kargla/robot_movement/install/movement_info/share/movement_info/local_setup.zsh
[7.540s] -- Up-to-date: /home/kargla/robot_movement/install/movement_info/share/movement_info/local_setup.dsv
[7.540s] -- Installing: /home/kargla/robot_movement/install/movement_info/share/movement_info/package.dsv
[7.540s] -- Up-to-date: /home/kargla/robot_movement/install/movement_info/share/ament_index/resource_index/packages/movement_info
[7.540s] -- Up-to-date: /home/kargla/robot_movement/install/movement_info/share/movement_info/cmake/movement_infoConfig.cmake
[7.540s] -- Up-to-date: /home/kargla/robot_movement/install/movement_info/share/movement_info/cmake/movement_infoConfig-version.cmake
[7.540s] -- Up-to-date: /home/kargla/robot_movement/install/movement_info/share/movement_info/package.xml
[7.542s] Invoked command in '/home/kargla/robot_movement/build/movement_info' returned '0': CMAKE_PREFIX_PATH=${CMAKE_PREFIX_PATH}:/opt/ros/humble /usr/bin/cmake --install /home/kargla/robot_movement/build/movement_info
