[0.013s] Invoking command in '/home/kargla/robot_movement/build/movement_info': CMAKE_PREFIX_PATH=${CMAKE_PREFIX_PATH}:/opt/ros/humble /usr/bin/cmake --build /home/kargla/robot_movement/build/movement_info -- -j12 -l12
[0.069s] [35m[1mConsolidate compiler generated dependencies of target movement[0m
[0.070s] [35m[1mConsolidate compiler generated dependencies of target movement_info_library[0m
[0.082s] [ 10%] Built target gtest
[0.085s] [ 25%] Built target gmock
[0.085s] [ 45%] Built target gtest_main
[0.085s] [ 45%] Built target gmock_main
[0.103s] [ 50%] [32mBuilding CXX object CMakeFiles/movement.dir/src/movement.cpp.o[0m
[0.109s] [ 55%] [32mBuilding CXX object CMakeFiles/movement_info_library.dir/src/movement.cpp.o[0m
[10.860s] [ 60%] [32m[1mLinking CXX executable movement[0m
[10.897s] [ 65%] [32m[1mLinking CXX static library libmovement_info_library.a[0m
[11.179s] [ 70%] Built target movement_info_library
[11.194s] [35m[1mConsolidate compiler generated dependencies of target movement_info_movement_gtest[0m
[11.194s] [35m[1mConsolidate compiler generated dependencies of target movement_info_movement_gmock[0m
[11.216s] [ 75%] [32m[1mLinking CXX executable movement_info_movement_gtest[0m
[11.216s] [ 80%] [32m[1mLinking CXX executable movement_info_movement_gmock[0m
[11.852s] [ 90%] Built target movement
[12.548s] [ 95%] Built target movement_info_movement_gtest
[12.567s] [100%] Built target movement_info_movement_gmock
[12.583s] Invoked command in '/home/kargla/robot_movement/build/movement_info' returned '0': CMAKE_PREFIX_PATH=${CMAKE_PREFIX_PATH}:/opt/ros/humble /usr/bin/cmake --build /home/kargla/robot_movement/build/movement_info -- -j12 -l12
[12.585s] Invoking command in '/home/kargla/robot_movement/build/movement_info': CMAKE_PREFIX_PATH=${CMAKE_PREFIX_PATH}:/opt/ros/humble /usr/bin/cmake --install /home/kargla/robot_movement/build/movement_info
[12.593s] -- Install configuration: ""
[12.593s] -- Up-to-date: /home/kargla/robot_movement/install/movement_info/share/movement_info/config
[12.593s] -- Up-to-date: /home/kargla/robot_movement/install/movement_info/share/movement_info/config/params.yaml
[12.593s] -- Up-to-date: /home/kargla/robot_movement/install/movement_info/include
[12.593s] -- Up-to-date: /home/kargla/robot_movement/install/movement_info/include/movement_info
[12.593s] -- Up-to-date: /home/kargla/robot_movement/install/movement_info/include/movement_info/MockPublisher.hpp
[12.594s] -- Up-to-date: /home/kargla/robot_movement/install/movement_info/include/movement_info/movement.hpp
[12.594s] -- Up-to-date: /home/kargla/robot_movement/install/movement_info/include/movement_info/movement_interface.hpp
[12.594s] -- Installing: /home/kargla/robot_movement/install/movement_info/lib/movement_info/movement
[12.603s] -- Set runtime path of "/home/kargla/robot_movement/install/movement_info/lib/movement_info/movement" to ""
[12.604s] -- Up-to-date: /home/kargla/robot_movement/install/movement_info/share/ament_index/resource_index/package_run_dependencies/movement_info
[12.604s] -- Up-to-date: /home/kargla/robot_movement/install/movement_info/share/ament_index/resource_index/parent_prefix_path/movement_info
[12.604s] -- Up-to-date: /home/kargla/robot_movement/install/movement_info/share/movement_info/environment/ament_prefix_path.sh
[12.604s] -- Up-to-date: /home/kargla/robot_movement/install/movement_info/share/movement_info/environment/ament_prefix_path.dsv
[12.604s] -- Up-to-date: /home/kargla/robot_movement/install/movement_info/share/movement_info/environment/path.sh
[12.604s] -- Up-to-date: /home/kargla/robot_movement/install/movement_info/share/movement_info/environment/path.dsv
[12.604s] -- Up-to-date: /home/kargla/robot_movement/install/movement_info/share/movement_info/local_setup.bash
[12.604s] -- Up-to-date: /home/kargla/robot_movement/install/movement_info/share/movement_info/local_setup.sh
[12.604s] -- Up-to-date: /home/kargla/robot_movement/install/movement_info/share/movement_info/local_setup.zsh
[12.604s] -- Up-to-date: /home/kargla/robot_movement/install/movement_info/share/movement_info/local_setup.dsv
[12.605s] -- Installing: /home/kargla/robot_movement/install/movement_info/share/movement_info/package.dsv
[12.605s] -- Up-to-date: /home/kargla/robot_movement/install/movement_info/share/ament_index/resource_index/packages/movement_info
[12.605s] -- Up-to-date: /home/kargla/robot_movement/install/movement_info/share/movement_info/cmake/movement_infoConfig.cmake
[12.605s] -- Up-to-date: /home/kargla/robot_movement/install/movement_info/share/movement_info/cmake/movement_infoConfig-version.cmake
[12.605s] -- Up-to-date: /home/kargla/robot_movement/install/movement_info/share/movement_info/package.xml
[12.607s] Invoked command in '/home/kargla/robot_movement/build/movement_info' returned '0': CMAKE_PREFIX_PATH=${CMAKE_PREFIX_PATH}:/opt/ros/humble /usr/bin/cmake --install /home/kargla/robot_movement/build/movement_info
