[0.014s] Invoking command in '/home/kargla/robot_movement/build/movement_info': CMAKE_PREFIX_PATH=${CMAKE_PREFIX_PATH}:/opt/ros/humble /usr/bin/cmake --build /home/kargla/robot_movement/build/movement_info -- -j12 -l12
[0.064s] [35m[1mConsolidate compiler generated dependencies of target movement[0m
[0.079s] [ 20%] [32mBuilding CXX object CMakeFiles/movement_info_library.dir/src/movement.cpp.o[0m
[0.098s] [ 60%] [32mBuilding CXX object CMakeFiles/movement.dir/src/movement.cpp.o[0m
[0.098s] [ 60%] [32mBuilding CXX object CMakeFiles/movement.dir/src/main.cpp.o[0m
[11.697s] [ 80%] [32m[1mLinking CXX static library libmovement_info_library.a[0m
[11.748s] [100%] [32m[1mLinking CXX executable movement[0m
[12.046s] [100%] Built target movement_info_library
[12.513s] [100%] Built target movement
[12.527s] Invoked command in '/home/kargla/robot_movement/build/movement_info' returned '0': CMAKE_PREFIX_PATH=${CMAKE_PREFIX_PATH}:/opt/ros/humble /usr/bin/cmake --build /home/kargla/robot_movement/build/movement_info -- -j12 -l12
[12.529s] Invoking command in '/home/kargla/robot_movement/build/movement_info': CMAKE_PREFIX_PATH=${CMAKE_PREFIX_PATH}:/opt/ros/humble /usr/bin/cmake --install /home/kargla/robot_movement/build/movement_info
[12.537s] -- Install configuration: ""
[12.537s] -- Up-to-date: /home/kargla/robot_movement/install/movement_info/share/movement_info/config
[12.537s] -- Installing: /home/kargla/robot_movement/install/movement_info/share/movement_info/config/params.yaml
[12.537s] -- Up-to-date: /home/kargla/robot_movement/install/movement_info/include
[12.537s] -- Up-to-date: /home/kargla/robot_movement/install/movement_info/include/movement_info
[12.537s] -- Installing: /home/kargla/robot_movement/install/movement_info/include/movement_info/movement.hpp
[12.537s] -- Installing: /home/kargla/robot_movement/install/movement_info/lib/movement_info/movement
[12.547s] -- Set runtime path of "/home/kargla/robot_movement/install/movement_info/lib/movement_info/movement" to ""
[12.547s] -- Up-to-date: /home/kargla/robot_movement/install/movement_info/share/ament_index/resource_index/package_run_dependencies/movement_info
[12.548s] -- Up-to-date: /home/kargla/robot_movement/install/movement_info/share/ament_index/resource_index/parent_prefix_path/movement_info
[12.548s] -- Up-to-date: /home/kargla/robot_movement/install/movement_info/share/movement_info/environment/ament_prefix_path.sh
[12.548s] -- Up-to-date: /home/kargla/robot_movement/install/movement_info/share/movement_info/environment/ament_prefix_path.dsv
[12.548s] -- Up-to-date: /home/kargla/robot_movement/install/movement_info/share/movement_info/environment/path.sh
[12.548s] -- Up-to-date: /home/kargla/robot_movement/install/movement_info/share/movement_info/environment/path.dsv
[12.548s] -- Up-to-date: /home/kargla/robot_movement/install/movement_info/share/movement_info/local_setup.bash
[12.548s] -- Up-to-date: /home/kargla/robot_movement/install/movement_info/share/movement_info/local_setup.sh
[12.548s] -- Up-to-date: /home/kargla/robot_movement/install/movement_info/share/movement_info/local_setup.zsh
[12.549s] -- Up-to-date: /home/kargla/robot_movement/install/movement_info/share/movement_info/local_setup.dsv
[12.549s] -- Installing: /home/kargla/robot_movement/install/movement_info/share/movement_info/package.dsv
[12.549s] -- Up-to-date: /home/kargla/robot_movement/install/movement_info/share/ament_index/resource_index/packages/movement_info
[12.549s] -- Up-to-date: /home/kargla/robot_movement/install/movement_info/share/movement_info/cmake/movement_infoConfig.cmake
[12.549s] -- Up-to-date: /home/kargla/robot_movement/install/movement_info/share/movement_info/cmake/movement_infoConfig-version.cmake
[12.549s] -- Up-to-date: /home/kargla/robot_movement/install/movement_info/share/movement_info/package.xml
[12.550s] Invoked command in '/home/kargla/robot_movement/build/movement_info' returned '0': CMAKE_PREFIX_PATH=${CMAKE_PREFIX_PATH}:/opt/ros/humble /usr/bin/cmake --install /home/kargla/robot_movement/build/movement_info
