In file included from [01m[K/home/kargla/robot_movement/src/movement_info/src/main.cpp:1[m[K:
[01m[K/home/kargla/robot_movement/src/movement_info/include/movement_info/movement.hpp:9:10:[m[K [01;31m[Kfatal error: [m[K../test/movement_interface.hpp: No such file or directory
    9 | #include [01;31m[K"../test/movement_interface.hpp"[m[K
      |          [01;31m[K^~~~~~~~~~~~~~~~~~~~~~~~~~~~~~~~[m[K
compilation terminated.
In file included from [01m[K/home/kargla/robot_movement/src/movement_info/src/movement.cpp:1[m[K:
[01m[K/home/kargla/robot_movement/src/movement_info/include/movement_info/movement.hpp:9:10:[m[K [01;31m[Kfatal error: [m[K../test/movement_interface.hpp: No such file or directory
    9 | #include [01;31m[K"../test/movement_interface.hpp"[m[K
      |          [01;31m[K^~~~~~~~~~~~~~~~~~~~~~~~~~~~~~~~[m[K
In file included from [01m[K/home/kargla/robot_movement/src/movement_info/src/movement.cpp:1[m[K:
[01m[K/home/kargla/robot_movement/src/movement_info/include/movement_info/movement.hpp:9:10:[m[K [01;31m[Kfatal error: [m[K../test/movement_interface.hpp: No such file or directory
    9 | #include [01;31m[K"../test/movement_interface.hpp"[m[K
      |          [01;31m[K^~~~~~~~~~~~~~~~~~~~~~~~~~~~~~~~[m[K
compilation terminated.
compilation terminated.
gmake[2]: *** [CMakeFiles/movement_info_library.dir/build.make:76: CMakeFiles/movement_info_library.dir/src/movement.cpp.o] Error 1
gmake[2]: *** [CMakeFiles/movement.dir/build.make:90: CMakeFiles/movement.dir/src/main.cpp.o] Error 1
gmake[2]: *** Waiting for unfinished jobs....
gmake[2]: *** [CMakeFiles/movement.dir/build.make:76: CMakeFiles/movement.dir/src/movement.cpp.o] Error 1
gmake[1]: *** [CMakeFiles/Makefile2:206: CMakeFiles/movement_info_library.dir/all] Error 2
gmake[1]: *** Waiting for unfinished jobs....
[01m[K/home/kargla/robot_movement/src/movement_info/test/movement_interface.cpp:[m[K In constructor ‘[01m[KMovementInterface::MovementInterface(const string&)[m[K’:
[01m[K/home/kargla/robot_movement/src/movement_info/test/movement_interface.cpp:9:26:[m[K [01;31m[Kerror: [m[Kbase operand of ‘[01m[K->[m[K’ has non-pointer type ‘[01m[Kconst string[m[K’ {aka ‘[01m[Kconst std::__cxx11::basic_string<char>[m[K’}
    9 |         publisher_ = node[01;31m[K->[m[Kcreate_publisher<movement_info_msgs::msg::MovementInfo>("/movement_info", 10);
      |                          [01;31m[K^~[m[K
[01m[K/home/kargla/robot_movement/src/movement_info/test/movement_interface.cpp:9:82:[m[K [01;31m[Kerror: [m[Kexpected primary-expression before ‘[01m[K>[m[K’ token
    9 |         publisher_ = node->create_publisher<movement_info_msgs::msg::MovementInfo[01;31m[K>[m[K("/movement_info", 10);
      |                                                                                  [01;31m[K^[m[K
[01m[K/home/kargla/robot_movement/src/movement_info/test/movement_interface.cpp:9:84:[m[K [01;35m[Kwarning: [m[Kleft operand of comma operator has no effect [[01;35m[K]8;;https://gcc.gnu.org/onlinedocs/gcc/Warning-Options.html#index-Wunused-value-Wunused-value]8;;[m[K]
    9 |         publisher_ = node->create_publisher<movement_info_msgs::msg::MovementInfo>([01;35m[K"/movement_info"[m[K, 10);
      |                                                                                    [01;35m[K^~~~~~~~~~~~~~~~[m[K
gmake[2]: *** [CMakeFiles/movement.dir/build.make:104: CMakeFiles/movement.dir/test/movement_interface.cpp.o] Error 1
gmake[1]: *** [CMakeFiles/Makefile2:180: CMakeFiles/movement.dir/all] Error 2
gmake: *** [Makefile:146: all] Error 2
